 ------------------------------------------------------------------- 
|                  Interactive Markov Chain Analyzer                |
|                        IMCA Version 1.6 beta                      |
|             Binary build date: Jan 31 2017 @ 07:43:28             |
|                using SoPlex "http://soplex.zib.de/"               |
|                                                                   |
|                  Copyright (C) RWTH Aachen, 2012.                 |
|          Copyright (C) University of Twente, 2013-2014.           |
|                         Author: Dennis Guck                       |
|           IMCA is distributed under the GPL conditions            |
|            (GPL stands for GNU General Public License)            |
|          This program comes with ABSOLUTELY NO WARRANTY.          |
|   This is free software, and you are welcome to redistribute it   |
 ------------------------------------------------------------------- 

Loading the 'models/ma/jobs/imca/jobs10_2-1.ma' file, please wait.
Maximum State Reward: 0
#States: 12554    #MS: 11531    #PS: 1023    #ND: 968
#Initials: 1    #Goals: 1    #Transitions: 34581
The occupied space is 2343872 Bytes (~2.235291 MB).


Compute minimal expected time, please wait.
LP solved to optimality.

Minimal expected time: 3.052025694

Computation Time: 13.829556 seconds

real	0m13.929s
user	0m13.828s
sys	0m0.084s
