Storm 1.0.0

Command line arguments: --prism models/ma/mutex/mutex.ma -const N=2 --prop models/ma/mutex/singleobjective/mutex1_single.csl --precision 0.01 -tm -stats 
Current working directory: /home/storm/Desktop

Time for model construction: 0.201s.

-------------------------------------------------------------- 
Model type: 	Markov Automaton (sparse)
States: 	13476
Transitions: 	38592
Choices: 	34224
Markovian St.: 	2688
Max. Rate.: 	2
Reward Models:  none
Labels: 	3
   * deadlock -> 0 state(s)
   * init -> 1 state(s)
   * crit1 -> 896 state(s)
choice labels: 	no
-------------------------------------------------------------- 

Time for model preprocessing: 0.004s.


Model checking property Pmax=? [true U<=1/2 "crit1"] ...
Result (initial states): 1
Time for model checking: 0.201s.

Performance statistics:
  * peak memory usage: 216MB
  * CPU time: 0.388s
  * wallclock time: 0.413s

real	0m0.428s
user	0m0.388s
sys	0m0.036s
