Storm 1.0.0

Command line arguments: --prism models/ma/stream/stream.ma -const N=250 --prop models/ma/stream/singleobjective/stream2.csl --multiobjective:precision 0.01 -tm -stats 
Current working directory: /home/storm/Desktop

Time for model construction: 0.351s.

-------------------------------------------------------------- 
Model type: 	Markov Automaton (sparse)
States: 	94376
Transitions: 	187751
Choices: 	125501
Markovian St.: 	62751
Max. Rate.: 	8
Reward Models:  none
Labels: 	3
   * deadlock -> 0 state(s)
   * init -> 1 state(s)
   * underrun -> 31374 state(s)
choice labels: 	no
-------------------------------------------------------------- 

Time for model preprocessing: 0.000s.


Model checking property multi(Pmin=? [true U<=2 "underrun"]) ...
Preprocessing done in 0.048s seconds.
 Result: 
---------------------------------------------------------------------------------------------------------------------------------------
                                                       Multi-objective Query                                              
---------------------------------------------------------------------------------------------------------------------------------------

Original Formula: 
--------------------------------------------------------------
	multi(Pmin=? [true U<=2 "underrun"])

Objectives:
--------------------------------------------------------------
0Pmin=? [true U<=2 "underrun"] 	(toOrigVal:0-1*x +000, 	intern threshold:   none, 	intern reward model: objective1 (negative), 	time bounds:<=00002)
--------------------------------------------------------------

Original Model Information:
-------------------------------------------------------------- 
Model type: 	Markov Automaton (sparse)
States: 	94376
Transitions: 	187751
Choices: 	125501
Markovian St.: 	62751
Max. Rate.: 	8
Reward Models:  none
Labels: 	3
   * deadlock -> 0 state(s)
   * init -> 1 state(s)
   * underrun -> 31374 state(s)
choice labels: 	no
-------------------------------------------------------------- 

Preprocessed Model Information:
-------------------------------------------------------------- 
Model type: 	Markov Automaton (sparse)
States: 	125502
Transitions: 	249753
Choices: 	156627
Markovian St.: 	93877
Max. Rate.: 	8
Reward Models:  objective1
Labels: 	3
   * underrun -> 31374 state(s)
   * init -> 1 state(s)
   * deadlock -> 0 state(s)
choice labels: 	no
-------------------------------------------------------------- 

---------------------------------------------------------------------------------------------------------------------------------------

Solving multi-objective query took 54.361s seconds (consisting of 0.048s seconds for preprocessing and 54.310s seconds for value iteration-based exploration of achievable points).
Result (initial states): 0.02893145586
Time for model checking: 54.363s.

Performance statistics:
  * peak memory usage: 223MB
  * CPU time: 54.544s
  * wallclock time: 54.717s

real	0m54.732s
user	0m54.548s
sys	0m0.144s
