Storm 1.0.0

Command line arguments: --prism models/ma/polling/polling.ma -const N=3,Q=3 --prop models/ma/polling/singleobjective/polling2.csl --multiobjective:precision 0.01 -tm -stats 
Current working directory: /home/storm/Desktop

Time for model construction: 0.145s.

-------------------------------------------------------------- 
Model type: 	Markov Automaton (sparse)
States: 	9858
Transitions: 	24872
Choices: 	18463
Markovian St.: 	4969
Max. Rate.: 	14
Reward Models:  none
Labels: 	3
   * init -> 1 state(s)
   * deadlock -> 0 state(s)
   * q1full -> 5373 state(s)
choice labels: 	no
-------------------------------------------------------------- 

Time for model preprocessing: 0.003s.


Model checking property multi(Pmin=? [true U<=2 "q1full"]) ...
Preprocessing done in 0.006s seconds.
 Result: 
---------------------------------------------------------------------------------------------------------------------------------------
                                                       Multi-objective Query                                              
---------------------------------------------------------------------------------------------------------------------------------------

Original Formula: 
--------------------------------------------------------------
	multi(Pmin=? [true U<=2 "q1full"])

Objectives:
--------------------------------------------------------------
000Pmin=? [true U<=2 "q1full"] 	(toOrigVal:0-1*x +000, 	intern threshold:   none, 	intern reward model: objective1 (negative), 	time bounds:<=00002)
--------------------------------------------------------------

Original Model Information:
-------------------------------------------------------------- 
Model type: 	Markov Automaton (sparse)
States: 	9858
Transitions: 	24536
Choices: 	18295
Markovian St.: 	4801
Max. Rate.: 	14
Reward Models:  none
Labels: 	3
   * init -> 1 state(s)
   * deadlock -> 0 state(s)
   * q1full -> 5373 state(s)
choice labels: 	no
-------------------------------------------------------------- 

Preprocessed Model Information:
-------------------------------------------------------------- 
Model type: 	Markov Automaton (sparse)
States: 	13671
Transitions: 	35338
Choices: 	26042
Markovian St.: 	6362
Max. Rate.: 	14
Reward Models:  objective1
Labels: 	3
   * init -> 1 state(s)
   * q1full -> 5373 state(s)
   * deadlock -> 0 state(s)
choice labels: 	no
-------------------------------------------------------------- 

---------------------------------------------------------------------------------------------------------------------------------------

Solving multi-objective query took 34.649s seconds (consisting of 0.006s seconds for preprocessing and 34.642s seconds for value iteration-based exploration of achievable points).
Result (initial states): 0.3874829625
Time for model checking: 34.649s.

Performance statistics:
  * peak memory usage: 215MB
  * CPU time: 34.720s
  * wallclock time: 34.803s

real	0m34.821s
user	0m34.720s
sys	0m0.064s
