Storm 1.0.0

Command line arguments: --prism models/ma/stream/stream.ma -const N=250 --prop models/ma/stream/singleobjective/stream1.csl -tm -stats 
Current working directory: /home/storm/Desktop

Time for model construction: 0.367s.

-------------------------------------------------------------- 
Model type: 	Markov Automaton (sparse)
States: 	94376
Transitions: 	187751
Choices: 	125501
Markovian St.: 	62751
Max. Rate.: 	8
Reward Models:  buffering
Labels: 	3
   * deadlock -> 0 state(s)
   * init -> 1 state(s)
   * done -> 1 state(s)
choice labels: 	no
-------------------------------------------------------------- 

Time for model preprocessing: 0.000s.


Model checking property multi(R[exp]{"buffering"}min=? [F "done"]) ...
Preprocessing done in 0.090s seconds.
 Result: 
---------------------------------------------------------------------------------------------------------------------------------------
                                                       Multi-objective Query                                              
---------------------------------------------------------------------------------------------------------------------------------------

Original Formula: 
--------------------------------------------------------------
	multi(R[exp]{"buffering"}min=? [F "done"])

Objectives:
--------------------------------------------------------------
R[exp]{"buffering"}min=? [F "done"] 	(toOrigVal:0-1*x +000, 	intern threshold:   none, 	intern reward model: objective1 (negative), 	time bounds: none)
--------------------------------------------------------------

Original Model Information:
-------------------------------------------------------------- 
Model type: 	Markov Automaton (sparse)
States: 	94376
Transitions: 	187751
Choices: 	125501
Markovian St.: 	62751
Max. Rate.: 	8
Reward Models:  buffering
Labels: 	3
   * deadlock -> 0 state(s)
   * init -> 1 state(s)
   * done -> 1 state(s)
choice labels: 	no
-------------------------------------------------------------- 

Preprocessed Model Information:
-------------------------------------------------------------- 
Model type: 	Markov Automaton (sparse)
States: 	94376
Transitions: 	187751
Choices: 	125501
Markovian St.: 	62751
Max. Rate.: 	8
Reward Models:  objective1
Labels: 	3
   * init -> 1 state(s)
   * done -> 1 state(s)
   * deadlock -> 0 state(s)
choice labels: 	no
-------------------------------------------------------------- 

---------------------------------------------------------------------------------------------------------------------------------------

Solving multi-objective query took 0.665s seconds (consisting of 0.090s seconds for preprocessing and 0.573s seconds for value iteration-based exploration of achievable points).
Result (initial states): 4.458061639
Time for model checking: 0.667s.

Performance statistics:
  * peak memory usage: 225MB
  * CPU time: 0.988s
  * wallclock time: 1.039s

real	0m1.053s
user	0m0.992s
sys	0m0.060s
