Storm 1.0.0

Command line arguments: --prism models/ma/jobs/jobs12_3.ma --prop models/ma/jobs/singleobjective/jobs1_single.csl -tm -stats 
Current working directory: /home/storm/Desktop

Time for model construction: 11.362s.

-------------------------------------------------------------- 
Model type: 	Markov Automaton (sparse)
States: 	116814
Transitions: 	450783
Choices: 	225437
Markovian St.: 	112719
Max. Rate.: 	8.5
Reward Models:  none
Labels: 	3
   * deadlock -> 1 state(s)
   * init -> 1 state(s)
   * all_jobs_finished -> 1 state(s)
choice labels: 	no
-------------------------------------------------------------- 

Time for model preprocessing: 0.000s.


Model checking property T[exp]min=? [F "all_jobs_finished"] ...
Result (initial states): 2.712648718
Time for model checking: 0.131s.

Performance statistics:
  * peak memory usage: 236MB
  * CPU time: 11.452s
  * wallclock time: 11.534s

real	0m11.549s
user	0m11.452s
sys	0m0.076s
