Storm 1.0.0

Command line arguments: --prism models/ma/polling/polling.ma -const N=3,Q=3 --prop models/ma/polling/singleobjective/polling2_single.csl --precision 0.01 -tm -stats 
Current working directory: /home/storm/Desktop

Time for model construction: 0.113s.

-------------------------------------------------------------- 
Model type: 	Markov Automaton (sparse)
States: 	9858
Transitions: 	24872
Choices: 	18463
Markovian St.: 	4969
Max. Rate.: 	14
Reward Models:  none
Labels: 	3
   * init -> 1 state(s)
   * deadlock -> 0 state(s)
   * q1full -> 5373 state(s)
choice labels: 	no
-------------------------------------------------------------- 

Time for model preprocessing: 0.002s.


Model checking property Pmin=? [true U<=2 "q1full"] ...
Result (initial states): 0.3774576126
Time for model checking: 6.399s.

Performance statistics:
  * peak memory usage: 215MB
  * CPU time: 6.472s
  * wallclock time: 6.519s

real	0m6.534s
user	0m6.476s
sys	0m0.056s
