Storm 1.0.0

Command line arguments: --prism models/ma/jobs/jobs12_3.ma --prop models/ma/jobs/singleobjective/jobs2_single.csl --precision 0.01 -tm -stats 
Current working directory: /home/storm/Desktop

Time for model construction: 11.378s.

-------------------------------------------------------------- 
Model type: 	Markov Automaton (sparse)
States: 	116814
Transitions: 	450783
Choices: 	225437
Markovian St.: 	112719
Max. Rate.: 	8.5
Reward Models:  none
Labels: 	3
   * init -> 1 state(s)
   * deadlock -> 1 state(s)
   * half_of_jobs_finished -> 19404 state(s)
choice labels: 	no
-------------------------------------------------------------- 

Time for model preprocessing: 0.000s.


Model checking property Pmax=? [true U<=(12 / (4 * 3)) "half_of_jobs_finished"] ...
Result (initial states): 0.7191169974
Time for model checking: 15.203s.

Performance statistics:
  * peak memory usage: 236MB
  * CPU time: 26.532s
  * wallclock time: 26.623s

real	0m26.637s
user	0m26.532s
sys	0m0.088s
