Storm 1.0.0

Command line arguments: --prism models/ma/mutex/mutex.ma -const N=2 --prop models/ma/mutex/singleobjective/mutex1.csl --multiobjective:precision 0.01 -tm -stats 
Current working directory: /home/storm/Desktop

Time for model construction: 0.220s.

-------------------------------------------------------------- 
Model type: 	Markov Automaton (sparse)
States: 	13476
Transitions: 	38592
Choices: 	34224
Markovian St.: 	2688
Max. Rate.: 	2
Reward Models:  none
Labels: 	3
   * deadlock -> 0 state(s)
   * init -> 1 state(s)
   * crit1 -> 896 state(s)
choice labels: 	no
-------------------------------------------------------------- 

Time for model preprocessing: 0.005s.


Model checking property multi(Pmax=? [true U<=1/2 "crit1"]) ...
Preprocessing done in 0.007s seconds.
 Result: 
---------------------------------------------------------------------------------------------------------------------------------------
                                                       Multi-objective Query                                              
---------------------------------------------------------------------------------------------------------------------------------------

Original Formula: 
--------------------------------------------------------------
	multi(Pmax=? [true U<=1/2 "crit1"])

Objectives:
--------------------------------------------------------------
00Pmax=? [true U<=1/2 "crit1"] 	(toOrigVal:001*x +000, 	intern threshold:   none, 	intern reward model: objective1 (positive), 	time bounds:<=1/20000)
--------------------------------------------------------------

Original Model Information:
-------------------------------------------------------------- 
Model type: 	Markov Automaton (sparse)
States: 	13476
Transitions: 	36120
Choices: 	31752
Markovian St.: 	216
Max. Rate.: 	2
Reward Models:  none
Labels: 	3
   * deadlock -> 0 state(s)
   * init -> 1 state(s)
   * crit1 -> 896 state(s)
choice labels: 	no
-------------------------------------------------------------- 

Preprocessed Model Information:
-------------------------------------------------------------- 
Model type: 	Markov Automaton (sparse)
States: 	13920
Transitions: 	34500
Choices: 	30796
Markovian St.: 	296
Max. Rate.: 	2
Reward Models:  objective1
Labels: 	3
   * deadlock -> 0 state(s)
   * init -> 1 state(s)
   * crit1 -> 896 state(s)
choice labels: 	no
-------------------------------------------------------------- 

---------------------------------------------------------------------------------------------------------------------------------------

Solving multi-objective query took 0.715s seconds (consisting of 0.007s seconds for preprocessing and 0.707s seconds for value iteration-based exploration of achievable points).
Result (initial states): 1
Time for model checking: 0.717s.

Performance statistics:
  * peak memory usage: 216MB
  * CPU time: 0.880s
  * wallclock time: 0.949s

real	0m0.970s
user	0m0.884s
sys	0m0.080s
