Storm 1.0.0

Command line arguments: --prism models/ma/jobs/jobs10_2.ma --prop models/ma/jobs/singleobjective/jobs2.csl --multiobjective:precision 0.01 -tm -stats 
Current working directory: /home/storm/Desktop

Time for model construction: 0.533s.

-------------------------------------------------------------- 
Model type: 	Markov Automaton (sparse)
States: 	12554
Transitions: 	34581
Choices: 	23061
Markovian St.: 	11531
Max. Rate.: 	5.7
Reward Models:  none
Labels: 	3
   * init -> 1 state(s)
   * deadlock -> 1 state(s)
   * half_of_jobs_finished -> 2772 state(s)
choice labels: 	no
-------------------------------------------------------------- 

Time for model preprocessing: 0.000s.


Model checking property multi(Pmax=? [true U<=(10 / (4 * 2)) "half_of_jobs_finished"]) ...
Preprocessing done in 0.008s seconds.
 Result: 
---------------------------------------------------------------------------------------------------------------------------------------
                                                       Multi-objective Query                                              
---------------------------------------------------------------------------------------------------------------------------------------

Original Formula: 
--------------------------------------------------------------
	multi(Pmax=? [true U<=(10 / (4 * 2)) "half_of_jobs_finished"])

Objectives:
--------------------------------------------------------------
Pmax=? [true U<=(10 / (4 * 2)) "half_of_jobs_finished"] 	(toOrigVal:001*x +000, 	intern threshold:   none, 	intern reward model: objective1 (positive), 	time bounds:<=0000(10 / (4 * 2)))
--------------------------------------------------------------

Original Model Information:
-------------------------------------------------------------- 
Model type: 	Markov Automaton (sparse)
States: 	12554
Transitions: 	34581
Choices: 	23061
Markovian St.: 	11531
Max. Rate.: 	5.7
Reward Models:  none
Labels: 	3
   * init -> 1 state(s)
   * deadlock -> 1 state(s)
   * half_of_jobs_finished -> 2772 state(s)
choice labels: 	no
-------------------------------------------------------------- 

Preprocessed Model Information:
-------------------------------------------------------------- 
Model type: 	Markov Automaton (sparse)
States: 	12554
Transitions: 	34581
Choices: 	23061
Markovian St.: 	11531
Max. Rate.: 	5.7
Reward Models:  objective1
Labels: 	3
   * init -> 1 state(s)
   * half_of_jobs_finished -> 2772 state(s)
   * deadlock -> 1 state(s)
choice labels: 	no
-------------------------------------------------------------- 

---------------------------------------------------------------------------------------------------------------------------------------

Solving multi-objective query took 1.970s seconds (consisting of 0.008s seconds for preprocessing and 1.960s seconds for value iteration-based exploration of achievable points).
Result (initial states): 0.7086616382
Time for model checking: 1.970s.

Performance statistics:
  * peak memory usage: 216MB
  * CPU time: 2.448s
  * wallclock time: 2.528s

real	0m2.562s
user	0m2.452s
sys	0m0.096s
