Storm 1.0.0

Command line arguments: --prism models/ma/polling/polling.ma -const N=4,Q=4 --prop models/ma/polling/singleobjective/polling1.csl -tm -stats 
Current working directory: /home/storm/Desktop

Time for model construction: 5.361s.

-------------------------------------------------------------- 
Model type: 	Markov Automaton (sparse)
States: 	827735
Transitions: 	2160534
Choices: 	1689549
Markovian St.: 	472349
Max. Rate.: 	16
Reward Models:  processedjobs1
Labels: 	3
   * init -> 1 state(s)
   * deadlock -> 0 state(s)
   * q1full -> 523520 state(s)
choice labels: 	no
-------------------------------------------------------------- 

Time for model preprocessing: 0.320s.


Model checking property multi(R[exp]{"processedjobs1"}max=? [F "q1full"]) ...
Preprocessing done in 7.375s seconds.
 Result: 
---------------------------------------------------------------------------------------------------------------------------------------
                                                       Multi-objective Query                                              
---------------------------------------------------------------------------------------------------------------------------------------

Original Formula: 
--------------------------------------------------------------
	multi(R[exp]{"processedjobs1"}max=? [F "q1full"])

Objectives:
--------------------------------------------------------------
R[exp]{"processedjobs1"}max=? [F "q1full"] 	(toOrigVal:001*x +000, 	intern threshold:   none, 	intern reward model: objective1 (positive), 	time bounds: none)
--------------------------------------------------------------

Original Model Information:
-------------------------------------------------------------- 
Model type: 	Markov Automaton (sparse)
States: 	827735
Transitions: 	2146086
Choices: 	1682325
Markovian St.: 	465125
Max. Rate.: 	16
Reward Models:  processedjobs1
Labels: 	3
   * init -> 1 state(s)
   * deadlock -> 0 state(s)
   * q1full -> 523520 state(s)
choice labels: 	no
-------------------------------------------------------------- 

Preprocessed Model Information:
-------------------------------------------------------------- 
Model type: 	Markov Automaton (sparse)
States: 	1103054
Transitions: 	3043532
Choices: 	2377386
Markovian St.: 	581066
Max. Rate.: 	16
Reward Models:  objective1
Labels: 	3
   * init -> 1 state(s)
   * q1full -> 523520 state(s)
   * deadlock -> 0 state(s)
choice labels: 	no
-------------------------------------------------------------- 

---------------------------------------------------------------------------------------------------------------------------------------

Solving multi-objective query took 29.152s seconds (consisting of 7.375s seconds for preprocessing and 21.755s seconds for value iteration-based exploration of achievable points).
Result (initial states): 4.158824044
Time for model checking: 29.158s.

Performance statistics:
  * peak memory usage: 436MB
  * CPU time: 34.524s
  * wallclock time: 34.865s

real	0m34.885s
user	0m34.524s
sys	0m0.352s
