Storm 1.0.0

Command line arguments: --prism models/ma/polling/polling.ma -const N=4,Q=4 --prop models/ma/polling/singleobjective/polling2.csl --multiobjective:precision 0.01 -tm -stats 
Current working directory: /home/storm/Desktop

Time for model construction: 5.228s.

-------------------------------------------------------------- 
Model type: 	Markov Automaton (sparse)
States: 	827735
Transitions: 	2160534
Choices: 	1689549
Markovian St.: 	472349
Max. Rate.: 	16
Reward Models:  none
Labels: 	3
   * init -> 1 state(s)
   * deadlock -> 0 state(s)
   * q1full -> 523520 state(s)
choice labels: 	no
-------------------------------------------------------------- 

Time for model preprocessing: 0.352s.


Model checking property multi(Pmin=? [true U<=2 "q1full"]) ...
Preprocessing done in 0.670s seconds.
 Result: 
---------------------------------------------------------------------------------------------------------------------------------------
                                                       Multi-objective Query                                              
---------------------------------------------------------------------------------------------------------------------------------------

Original Formula: 
--------------------------------------------------------------
	multi(Pmin=? [true U<=2 "q1full"])

Objectives:
--------------------------------------------------------------
000Pmin=? [true U<=2 "q1full"] 	(toOrigVal:0-1*x +000, 	intern threshold:   none, 	intern reward model: objective1 (negative), 	time bounds:<=00002)
--------------------------------------------------------------

Original Model Information:
-------------------------------------------------------------- 
Model type: 	Markov Automaton (sparse)
States: 	827735
Transitions: 	2146086
Choices: 	1682325
Markovian St.: 	465125
Max. Rate.: 	16
Reward Models:  none
Labels: 	3
   * init -> 1 state(s)
   * deadlock -> 0 state(s)
   * q1full -> 523520 state(s)
choice labels: 	no
-------------------------------------------------------------- 

Preprocessed Model Information:
-------------------------------------------------------------- 
Model type: 	Markov Automaton (sparse)
States: 	1103054
Transitions: 	3043532
Choices: 	2377386
Markovian St.: 	581066
Max. Rate.: 	16
Reward Models:  objective1
Labels: 	3
   * init -> 1 state(s)
   * q1full -> 523520 state(s)
   * deadlock -> 0 state(s)
choice labels: 	no
-------------------------------------------------------------- 

---------------------------------------------------------------------------------------------------------------------------------------

Solving multi-objective query took 4265.106s seconds (consisting of 0.670s seconds for preprocessing and 4264.419s seconds for value iteration-based exploration of achievable points).
Result (initial states): 0.1118645277
Time for model checking: 4265.111s.

Performance statistics:
  * peak memory usage: 504MB
  * CPU time: 4257.156s
  * wallclock time: 4270.713s

real	71m10.732s
user	70m57.156s
sys	0m4.212s
