Storm 1.0.0

Command line arguments: --prism models/ma/stream/stream.ma -const N=30 --prop models/ma/stream/singleobjective/stream1_single.csl -tm -stats 
Current working directory: /home/storm/Desktop

Time for model construction: 0.074s.

-------------------------------------------------------------- 
Model type: 	Markov Automaton (sparse)
States: 	1426
Transitions: 	2731
Choices: 	1861
Markovian St.: 	931
Max. Rate.: 	8
Reward Models:  buffering
Labels: 	3
   * deadlock -> 0 state(s)
   * init -> 1 state(s)
   * done -> 1 state(s)
choice labels: 	no
-------------------------------------------------------------- 

Time for model preprocessing: 0.000s.


Model checking property R[exp]{"buffering"}min=? [F "done"] ...
Result (initial states): 1.538671301
Time for model checking: 0.002s.

Performance statistics:
  * peak memory usage: 214MB
  * CPU time: 0.040s
  * wallclock time: 0.079s

real	0m0.093s
user	0m0.044s
sys	0m0.048s
