Storm 1.0.0

Command line arguments: --prism models/ma/jobs/jobs12_3.ma --prop models/ma/jobs/singleobjective/jobs2.csl --multiobjective:precision 0.01 -tm -stats 
Current working directory: /home/storm/Desktop

Time for model construction: 17.676s.

-------------------------------------------------------------- 
Model type: 	Markov Automaton (sparse)
States: 	116814
Transitions: 	450783
Choices: 	225437
Markovian St.: 	112719
Max. Rate.: 	8.5
Reward Models:  none
Labels: 	3
   * init -> 1 state(s)
   * deadlock -> 1 state(s)
   * half_of_jobs_finished -> 19404 state(s)
choice labels: 	no
-------------------------------------------------------------- 

Time for model preprocessing: 0.000s.


Model checking property multi(Pmax=? [true U<=(12 / (4 * 3)) "half_of_jobs_finished"]) ...
Preprocessing done in 0.094s seconds.
 Result: 
---------------------------------------------------------------------------------------------------------------------------------------
                                                       Multi-objective Query                                              
---------------------------------------------------------------------------------------------------------------------------------------

Original Formula: 
--------------------------------------------------------------
	multi(Pmax=? [true U<=(12 / (4 * 3)) "half_of_jobs_finished"])

Objectives:
--------------------------------------------------------------
Pmax=? [true U<=(12 / (4 * 3)) "half_of_jobs_finished"] 	(toOrigVal:001*x +000, 	intern threshold:   none, 	intern reward model: objective1 (positive), 	time bounds:<=0000(12 / (4 * 3)))
--------------------------------------------------------------

Original Model Information:
-------------------------------------------------------------- 
Model type: 	Markov Automaton (sparse)
States: 	116814
Transitions: 	450783
Choices: 	225437
Markovian St.: 	112719
Max. Rate.: 	8.5
Reward Models:  none
Labels: 	3
   * init -> 1 state(s)
   * deadlock -> 1 state(s)
   * half_of_jobs_finished -> 19404 state(s)
choice labels: 	no
-------------------------------------------------------------- 

Preprocessed Model Information:
-------------------------------------------------------------- 
Model type: 	Markov Automaton (sparse)
States: 	116814
Transitions: 	450783
Choices: 	225437
Markovian St.: 	112719
Max. Rate.: 	8.5
Reward Models:  objective1
Labels: 	3
   * init -> 1 state(s)
   * half_of_jobs_finished -> 19404 state(s)
   * deadlock -> 1 state(s)
choice labels: 	no
-------------------------------------------------------------- 

---------------------------------------------------------------------------------------------------------------------------------------

Solving multi-objective query took 30.931s seconds (consisting of 0.094s seconds for preprocessing and 30.827s seconds for value iteration-based exploration of achievable points).
Result (initial states): 0.7189937691
Time for model checking: 30.934s.

Performance statistics:
  * peak memory usage: 236MB
  * CPU time: 48.528s
  * wallclock time: 48.662s

real	0m48.680s
user	0m48.528s
sys	0m0.116s
