Storm 1.0.0

Command line arguments: --prism models/ma/stream/stream.ma -const N=250 --prop models/ma/stream/singleobjective/stream2_single.csl --precision 0.01 -tm -stats 
Current working directory: /home/storm/Desktop

Time for model construction: 0.339s.

-------------------------------------------------------------- 
Model type: 	Markov Automaton (sparse)
States: 	94376
Transitions: 	187751
Choices: 	125501
Markovian St.: 	62751
Max. Rate.: 	8
Reward Models:  none
Labels: 	3
   * deadlock -> 0 state(s)
   * init -> 1 state(s)
   * underrun -> 31374 state(s)
choice labels: 	no
-------------------------------------------------------------- 

Time for model preprocessing: 0.000s.


Model checking property Pmin=? [true U<=2 "underrun"] ...
Result (initial states): 0.01893209983
Time for model checking: 18.685s.

Performance statistics:
  * peak memory usage: 223MB
  * CPU time: 18.924s
  * wallclock time: 19.028s

real	0m19.044s
user	0m18.928s
sys	0m0.080s
