Storm 1.0.0

Command line arguments: --prism models/ma/jobs/jobs10_2.ma --prop models/ma/jobs/singleobjective/jobs1_single.csl -tm -stats 
Current working directory: /home/storm/Desktop

Time for model construction: 0.285s.

-------------------------------------------------------------- 
Model type: 	Markov Automaton (sparse)
States: 	12554
Transitions: 	34581
Choices: 	23061
Markovian St.: 	11531
Max. Rate.: 	5.7
Reward Models:  none
Labels: 	3
   * deadlock -> 1 state(s)
   * init -> 1 state(s)
   * all_jobs_finished -> 1 state(s)
choice labels: 	no
-------------------------------------------------------------- 

Time for model preprocessing: 0.000s.


Model checking property T[exp]min=? [F "all_jobs_finished"] ...
Result (initial states): 3.052025694
Time for model checking: 0.010s.

Performance statistics:
  * peak memory usage: 216MB
  * CPU time: 0.244s
  * wallclock time: 0.304s

real	0m0.318s
user	0m0.244s
sys	0m0.064s
