Storm 1.0.0

Command line arguments: --prism models/ma/stream/stream.ma -const N=30 --prop models/ma/stream/singleobjective/stream2.csl --multiobjective:precision 0.01 -tm -stats 
Current working directory: /home/storm/Desktop

Time for model construction: 0.080s.

-------------------------------------------------------------- 
Model type: 	Markov Automaton (sparse)
States: 	1426
Transitions: 	2731
Choices: 	1861
Markovian St.: 	931
Max. Rate.: 	8
Reward Models:  none
Labels: 	3
   * deadlock -> 0 state(s)
   * init -> 1 state(s)
   * underrun -> 464 state(s)
choice labels: 	no
-------------------------------------------------------------- 

Time for model preprocessing: 0.000s.


Model checking property multi(Pmin=? [true U<=2 "underrun"]) ...
Preprocessing done in 0.000s seconds.
 Result: 
---------------------------------------------------------------------------------------------------------------------------------------
                                                       Multi-objective Query                                              
---------------------------------------------------------------------------------------------------------------------------------------

Original Formula: 
--------------------------------------------------------------
	multi(Pmin=? [true U<=2 "underrun"])

Objectives:
--------------------------------------------------------------
0Pmin=? [true U<=2 "underrun"] 	(toOrigVal:0-1*x +000, 	intern threshold:   none, 	intern reward model: objective1 (negative), 	time bounds:<=00002)
--------------------------------------------------------------

Original Model Information:
-------------------------------------------------------------- 
Model type: 	Markov Automaton (sparse)
States: 	1426
Transitions: 	2731
Choices: 	1861
Markovian St.: 	931
Max. Rate.: 	8
Reward Models:  none
Labels: 	3
   * deadlock -> 0 state(s)
   * init -> 1 state(s)
   * underrun -> 464 state(s)
choice labels: 	no
-------------------------------------------------------------- 

Preprocessed Model Information:
-------------------------------------------------------------- 
Model type: 	Markov Automaton (sparse)
States: 	1862
Transitions: 	3573
Choices: 	2297
Markovian St.: 	1367
Max. Rate.: 	8
Reward Models:  objective1
Labels: 	3
   * underrun -> 464 state(s)
   * init -> 1 state(s)
   * deadlock -> 0 state(s)
choice labels: 	no
-------------------------------------------------------------- 

---------------------------------------------------------------------------------------------------------------------------------------

Solving multi-objective query took 0.742s seconds (consisting of 0.000s seconds for preprocessing and 0.741s seconds for value iteration-based exploration of achievable points).
Result (initial states): 0.02893145586
Time for model checking: 0.742s.

Performance statistics:
  * peak memory usage: 214MB
  * CPU time: 0.760s
  * wallclock time: 0.825s

real	0m0.840s
user	0m0.760s
sys	0m0.076s
