Storm 1.0.0

Command line arguments: --prism models/ma/polling/polling.ma -const N=3,Q=3 --prop models/ma/polling/singleobjective/polling1.csl -tm -stats 
Current working directory: /home/storm/Desktop

Time for model construction: 0.141s.

-------------------------------------------------------------- 
Model type: 	Markov Automaton (sparse)
States: 	9858
Transitions: 	24872
Choices: 	18463
Markovian St.: 	4969
Max. Rate.: 	14
Reward Models:  processedjobs1
Labels: 	3
   * init -> 1 state(s)
   * deadlock -> 0 state(s)
   * q1full -> 5373 state(s)
choice labels: 	no
-------------------------------------------------------------- 

Time for model preprocessing: 0.002s.


Model checking property multi(R[exp]{"processedjobs1"}max=? [F "q1full"]) ...
Preprocessing done in 0.031s seconds.
 Result: 
---------------------------------------------------------------------------------------------------------------------------------------
                                                       Multi-objective Query                                              
---------------------------------------------------------------------------------------------------------------------------------------

Original Formula: 
--------------------------------------------------------------
	multi(R[exp]{"processedjobs1"}max=? [F "q1full"])

Objectives:
--------------------------------------------------------------
R[exp]{"processedjobs1"}max=? [F "q1full"] 	(toOrigVal:001*x +000, 	intern threshold:   none, 	intern reward model: objective1 (positive), 	time bounds: none)
--------------------------------------------------------------

Original Model Information:
-------------------------------------------------------------- 
Model type: 	Markov Automaton (sparse)
States: 	9858
Transitions: 	24536
Choices: 	18295
Markovian St.: 	4801
Max. Rate.: 	14
Reward Models:  processedjobs1
Labels: 	3
   * init -> 1 state(s)
   * deadlock -> 0 state(s)
   * q1full -> 5373 state(s)
choice labels: 	no
-------------------------------------------------------------- 

Preprocessed Model Information:
-------------------------------------------------------------- 
Model type: 	Markov Automaton (sparse)
States: 	13671
Transitions: 	35338
Choices: 	26042
Markovian St.: 	6362
Max. Rate.: 	14
Reward Models:  objective1
Labels: 	3
   * init -> 1 state(s)
   * q1full -> 5373 state(s)
   * deadlock -> 0 state(s)
choice labels: 	no
-------------------------------------------------------------- 

---------------------------------------------------------------------------------------------------------------------------------------

Solving multi-objective query took 0.071s seconds (consisting of 0.031s seconds for preprocessing and 0.039s seconds for value iteration-based exploration of achievable points).
Result (initial states): 0.9028238636
Time for model checking: 0.071s.

Performance statistics:
  * peak memory usage: 215MB
  * CPU time: 0.156s
  * wallclock time: 0.222s

real	0m0.243s
user	0m0.160s
sys	0m0.080s
