Storm 1.6.3

Date: Fri Nov 27 02:43:24 2020
Command line arguments: --prism /home/tq429871/git/multiobjective-ma/slurm/../models/ma/mutex/mutex.ma --prop /home/tq429871/git/multiobjective-ma/slurm/../models/ma/mutex/mutex2.csl -const N=2 '--multiobjective:precision' 0.001 -stats -tm
Current working directory: /rwthfs/rz/cluster/home/tq429871/git/multiobjective-ma/slurm

Time for model input parsing: 0.005s.

Time for model construction: 0.066s.

-------------------------------------------------------------- 
Model type: 	Markov Automaton (sparse)
States: 	10560
Transitions: 	26820
Choices: 	23964
Markovian St.: 	216
Max. Rate: 	2
Reward Models:  none
State Labels: 	5 labels
   * deadlock -> 0 item(s)
   * init -> 1 item(s)
   * crit3 -> 896 item(s)
   * crit2 -> 896 item(s)
   * crit1 -> 896 item(s)
Choice Labels: 	none
-------------------------------------------------------------- 

Time for model preprocessing: 0.000s.

-------------------------------------------------------------- 
Model type: 	Markov Automaton (sparse)
States: 	10560
Transitions: 	26820
Choices: 	23964
Markovian St.: 	216
Max. Rate: 	2
Reward Models:  none
State Labels: 	5 labels
   * deadlock -> 0 item(s)
   * init -> 1 item(s)
   * crit3 -> 896 item(s)
   * crit2 -> 896 item(s)
   * crit1 -> 896 item(s)
Choice Labels: 	none
-------------------------------------------------------------- 

Model checking property "1": multi(Pmax=? [true U<=1 "crit1"], Pmax=? [true U<=1 "crit2"], Pmax=? [true U<=1 "crit3"]) ...
Preprocessing done in 0.050s seconds.
 Result: 
---------------------------------------------------------------------------------------------------------------------------------------
                                                       Multi-objective Query                                              
---------------------------------------------------------------------------------------------------------------------------------------

Original Formula: 
--------------------------------------------------------------
	multi(Pmax=? [true U<=1 "crit1"], Pmax=? [true U<=1 "crit2"], Pmax=? [true U<=1 "crit3"])

The query considers 3 objectives:
--------------------------------------------------------------
Original: Pmax=? [true U<=1 "crit1"] 	Preprocessed: R[exp]{"obj1"}max=? [C<=1] 	result bounds: [0, 1]
Original: Pmax=? [true U<=1 "crit2"] 	Preprocessed: R[exp]{"obj2"}max=? [C<=1] 	result bounds: [0, 1]
Original: Pmax=? [true U<=1 "crit3"] 	Preprocessed: R[exp]{"obj3"}max=? [C<=1] 	result bounds: [0, 1]
Number of Long-Run-Average Reward Objectives (after preprocessing): 0.
Number of Total Reward Objectives (after preprocessing): 0.
--------------------------------------------------------------

Original Model Information:
-------------------------------------------------------------- 
Model type: 	Markov Automaton (sparse)
States: 	10560
Transitions: 	26820
Choices: 	23964
Markovian St.: 	216
Max. Rate: 	2
Reward Models:  none
State Labels: 	5 labels
   * deadlock -> 0 item(s)
   * init -> 1 item(s)
   * crit3 -> 896 item(s)
   * crit2 -> 896 item(s)
   * crit1 -> 896 item(s)
Choice Labels: 	none
-------------------------------------------------------------- 

Preprocessed Model Information:
-------------------------------------------------------------- 
Model type: 	Markov Automaton (sparse)
States: 	19872
Transitions: 	47724
Choices: 	42540
Markovian St.: 	480
Max. Rate: 	2
Reward Models:  obj3, obj2, obj1
State Labels: 	6 labels
   * deadl -> 696 item(s)
   * crit1 -> 1416 item(s)
   * crit2 -> 1416 item(s)
   * crit3 -> 1416 item(s)
   * deadlock -> 0 item(s)
   * init -> 1 item(s)
Choice Labels: 	none
-------------------------------------------------------------- 

---------------------------------------------------------------------------------------------------------------------------------------

Final preprocessed model has 361 Markovian states.
Weight Vector Checker Statistics:
Final preprocessed model has 19177 states.
Final preprocessed model has 41845 actions.

ERROR: The program received signal 15 and will be aborted in 3s.
Received signal 15
Command exited with non-zero status 124
	Command being timed: "timeout 7200 /home/tq429871/storm/build/bin/storm --prism /home/tq429871/git/multiobjective-ma/slurm/../models/ma/mutex/mutex.ma --prop /home/tq429871/git/multiobjective-ma/slurm/../models/ma/mutex/mutex2.csl -const N=2 --multiobjective:precision 0.001 -stats -tm"
	User time (seconds): 7182.67
	System time (seconds): 0.20
	Percent of CPU this job got: 99%
	Elapsed (wall clock) time (h:mm:ss or m:ss): 2:00:00
	Average shared text size (kbytes): 0
	Average unshared data size (kbytes): 0
	Average stack size (kbytes): 0
	Average total size (kbytes): 0
	Maximum resident set size (kbytes): 44152
	Average resident set size (kbytes): 0
	Major (requiring I/O) page faults: 0
	Minor (reclaiming a frame) page faults: 209607
	Voluntary context switches: 116
	Involuntary context switches: 4022
	Swaps: 0
	File system inputs: 8
	File system outputs: 0
	Socket messages sent: 0
	Socket messages received: 0
	Signals delivered: 0
	Page size (bytes): 4096
	Exit status: 124
