Storm 1.6.3

Date: Fri Nov 27 07:53:02 2020
Command line arguments: --prism /home/tq429871/git/multiobjective-ma/slurm/../models/ma/mutex/mutex.ma --prop /home/tq429871/git/multiobjective-ma/slurm/../models/ma/mutex/mutex1.csl -const N=2 '--multiobjective:precision' 0.01 -stats -tm
Current working directory: /rwthfs/rz/cluster/home/tq429871/git/multiobjective-ma/slurm

Time for model input parsing: 0.005s.

Time for model construction: 0.067s.

-------------------------------------------------------------- 
Model type: 	Markov Automaton (sparse)
States: 	10560
Transitions: 	26820
Choices: 	23964
Markovian St.: 	216
Max. Rate: 	2
Reward Models:  none
State Labels: 	5 labels
   * deadlock -> 0 item(s)
   * init -> 1 item(s)
   * crit3 -> 896 item(s)
   * crit2 -> 896 item(s)
   * crit1 -> 896 item(s)
Choice Labels: 	none
-------------------------------------------------------------- 

Time for model preprocessing: 0.000s.

-------------------------------------------------------------- 
Model type: 	Markov Automaton (sparse)
States: 	10560
Transitions: 	26820
Choices: 	23964
Markovian St.: 	216
Max. Rate: 	2
Reward Models:  none
State Labels: 	5 labels
   * deadlock -> 0 item(s)
   * init -> 1 item(s)
   * crit3 -> 896 item(s)
   * crit2 -> 896 item(s)
   * crit1 -> 896 item(s)
Choice Labels: 	none
-------------------------------------------------------------- 

Model checking property "1": multi(Pmax=? [true U<=1/2 "crit1"], Pmax=? [true U<=1/2 "crit2"], Pmax=? [true U<=1/2 "crit3"]) ...
Preprocessing done in 0.049s seconds.
 Result: 
---------------------------------------------------------------------------------------------------------------------------------------
                                                       Multi-objective Query                                              
---------------------------------------------------------------------------------------------------------------------------------------

Original Formula: 
--------------------------------------------------------------
	multi(Pmax=? [true U<=1/2 "crit1"], Pmax=? [true U<=1/2 "crit2"], Pmax=? [true U<=1/2 "crit3"])

The query considers 3 objectives:
--------------------------------------------------------------
Original: Pmax=? [true U<=1/2 "crit1"] 	Preprocessed: R[exp]{"obj1"}max=? [C<=1/2] 	result bounds: [0, 1]
Original: Pmax=? [true U<=1/2 "crit2"] 	Preprocessed: R[exp]{"obj2"}max=? [C<=1/2] 	result bounds: [0, 1]
Original: Pmax=? [true U<=1/2 "crit3"] 	Preprocessed: R[exp]{"obj3"}max=? [C<=1/2] 	result bounds: [0, 1]
Number of Long-Run-Average Reward Objectives (after preprocessing): 0.
Number of Total Reward Objectives (after preprocessing): 0.
--------------------------------------------------------------

Original Model Information:
-------------------------------------------------------------- 
Model type: 	Markov Automaton (sparse)
States: 	10560
Transitions: 	26820
Choices: 	23964
Markovian St.: 	216
Max. Rate: 	2
Reward Models:  none
State Labels: 	5 labels
   * deadlock -> 0 item(s)
   * init -> 1 item(s)
   * crit3 -> 896 item(s)
   * crit2 -> 896 item(s)
   * crit1 -> 896 item(s)
Choice Labels: 	none
-------------------------------------------------------------- 

Preprocessed Model Information:
-------------------------------------------------------------- 
Model type: 	Markov Automaton (sparse)
States: 	19872
Transitions: 	47724
Choices: 	42540
Markovian St.: 	480
Max. Rate: 	2
Reward Models:  obj3, obj2, obj1
State Labels: 	6 labels
   * deadl -> 696 item(s)
   * crit1 -> 1416 item(s)
   * crit2 -> 1416 item(s)
   * crit3 -> 1416 item(s)
   * deadlock -> 0 item(s)
   * init -> 1 item(s)
Choice Labels: 	none
-------------------------------------------------------------- 

---------------------------------------------------------------------------------------------------------------------------------------

Final preprocessed model has 361 Markovian states.
Weight Vector Checker Statistics:
Final preprocessed model has 19177 states.
Final preprocessed model has 41845 actions.

Pareto Curve Approximation Algorithm terminated after 26 refinement steps.
Solving multi-objective query took 220.384s seconds (consisting of 0.049s seconds for preprocessing and 220.334s seconds for analyzing the preprocessed model).
Result (for initial states): 
Underapproximation of achievable values: Polytope with 22 Halfspaces:
   (         1,          1,          1) * x <= 1.89525
   (         1,   0.999803,   0.999951) * x <= 1.89514
   (1.02814e-14,          1,          1) * x <= 1.63212
   (         1,   0.667395,   0.999965) * x <= 1.79236
   (         1,          1, 1.91695e-14) * x <= 1.63212
   (  0.667459,   0.999953,          1) * x <= 1.79236
   (         1,          1,          0) * x <= 1.63212
   (         1,          1,          1) * x <= 1.89525
   (         1,          1,   0.667208) * x <= 1.79233
   (  0.999839,   0.666245,          1) * x <= 1.79194
   (         0,          0,          1) * x <= 1
   (         1,   0.999962,   0.666981) * x <= 1.79224
   (         1,          0,          0) * x <= 1
   (         0,          1,          0) * x <= 1
   (  0.666069,          1,    0.99981) * x <= 1.79187
   (         1,          1, 1.02814e-14) * x <= 1.63212
   (         1,          0,          1) * x <= 1.63212
   (  0.999834,   0.999934,          1) * x <= 1.89513
   (1.40992e-14,          1,          1) * x <= 1.63212
   (         1, 5.14203e-15,          1) * x <= 1.63212
   (         1,          1,          1) * x <= 1.89525
   (         0,          1,          1) * x <= 1.63212

Overapproximation of achievable values: Polytope with 26 Halfspaces:
   (         1,          0,          0) * x <= 1.00516
   (         0,          1,          0) * x <= 1.00516
   (         0,          0,          1) * x <= 1.00516
   (  0.326949,   0.343782,   0.329268) * x <= 0.640839
   (  0.536995,          0,   0.463005) * x <= 0.833349
   (  0.555684,   0.444316,          0) * x <= 0.840224
   (         0,   0.324179,   0.675821) * x <= 0.88462
   (  0.315221,    0.16326,   0.521519) * x <= 0.763235
   (   0.35429,   0.589867,  0.0558429) * x <= 0.830793
   (         0,   0.529495,   0.470505) * x <= 0.83059
   (  0.434355,   0.272706,   0.292939) * x <= 0.693397
   (  0.241278,   0.333922,     0.4248) * x <= 0.698156
   (  0.434081,   0.342907,   0.223012) * x <= 0.707474
   (       0.5,        0.5,          0) * x <= 0.819712
   ( 0.0940085,   0.447847,   0.458144) * x <= 0.767158
   (   0.48118,  0.0781819,   0.440638) * x <= 0.781882
   (       0.5,          0,        0.5) * x <= 0.819712
   (  0.335806,   0.313415,   0.350779) * x <= 0.647481
   (         0,        0.5,        0.5) * x <= 0.819712
   (  0.110108,   0.461441,   0.428451) * x <= 0.762015
   (  0.340898,   0.340888,   0.318214) * x <= 0.642062
   (  0.333333,   0.333333,   0.333333) * x <= 0.634746
   (  0.335822,   0.350876,   0.313302) * x <= 0.647552
   (  0.375104,   0.249827,    0.37507) * x <= 0.675214
   (   0.24987,   0.375059,    0.37507) * x <= 0.675185
   (  0.375152,   0.375275,   0.249573) * x <= 0.675377

18 Pareto optimal points found:
   (0.6321205588, 0.2400362815,           1 )
   (0.6321205588,           1, 0.1537384754 )
   (          1, 0.4476256887, 0.4476256887 )
   (0.5859968413,           1, 0.3092545362 )
   (          1, 0.5859968413, 0.3092545362 )
   (0.3092304988, 0.5859934074,           1 )
   (0.5859968413, 0.3092545362,           1 )
   (0.2400200863,           1, 0.6321205588 )
   (0.129778782,           1, 0.6321205588 )
   (          1, 0.06739593578, 0.6321205588 )
   (          1, 0.6321205588, 0.2401041722 )
   (          1, 0.309236619, 0.5859942817 )
   (          1, 0.2401251437, 0.6321205588 )
   (0.2401251437, 0.6321205588,           1 )
   (0.1537384754, 0.6321205588,           1 )
   (          1, 0.6321205588, 0.08952243606 )
   (0.3092545362,           1, 0.5859968413 )
   (0.6321205588,           1, 0.2401251437 )


Time for model checking: 220.384s.

Performance statistics:
  * peak memory usage: 42MB
  * CPU time: 219.888s
  * wallclock time: 220.474s
	Command being timed: "timeout 7200 /home/tq429871/storm/build/bin/storm --prism /home/tq429871/git/multiobjective-ma/slurm/../models/ma/mutex/mutex.ma --prop /home/tq429871/git/multiobjective-ma/slurm/../models/ma/mutex/mutex1.csl -const N=2 --multiobjective:precision 0.01 -stats -tm"
	User time (seconds): 219.89
	System time (seconds): 0.08
	Percent of CPU this job got: 99%
	Elapsed (wall clock) time (h:mm:ss or m:ss): 3:40.65
	Average shared text size (kbytes): 0
	Average unshared data size (kbytes): 0
	Average stack size (kbytes): 0
	Average total size (kbytes): 0
	Maximum resident set size (kbytes): 43828
	Average resident set size (kbytes): 0
	Major (requiring I/O) page faults: 0
	Minor (reclaiming a frame) page faults: 67301
	Voluntary context switches: 91
	Involuntary context switches: 111
	Swaps: 0
	File system inputs: 0
	File system outputs: 0
	Socket messages sent: 0
	Socket messages received: 0
	Signals delivered: 0
	Page size (bytes): 4096
	Exit status: 0
