Storm 1.6.3

Date: Fri Nov 27 09:17:27 2020
Command line arguments: --prism /home/tq429871/git/multiobjective-ma/slurm/../models/ma/polling/polling.ma --prop /home/tq429871/git/multiobjective-ma/slurm/../models/ma/polling/polling4.csl -const 'N=3,Q=2' '--multiobjective:precision' 0.001 -stats -tm
Current working directory: /rwthfs/rz/cluster/home/tq429871/git/multiobjective-ma/slurm

Time for model input parsing: 0.003s.

Time for model construction: 0.020s.

-------------------------------------------------------------- 
Model type: 	Markov Automaton (sparse)
States: 	990
Transitions: 	2387
Choices: 	1762
Markovian St.: 	508
Max. Rate: 	14
Reward Models:  processedjobs2, processedjobs1
State Labels: 	4 labels
   * deadlock -> 0 item(s)
   * init -> 1 item(s)
   * q2full -> 576 item(s)
   * q1full -> 576 item(s)
Choice Labels: 	none
-------------------------------------------------------------- 

Time for model preprocessing: 0.000s.

-------------------------------------------------------------- 
Model type: 	Markov Automaton (sparse)
States: 	990
Transitions: 	2387
Choices: 	1762
Markovian St.: 	508
Max. Rate: 	14
Reward Models:  processedjobs2, processedjobs1
State Labels: 	4 labels
   * deadlock -> 0 item(s)
   * init -> 1 item(s)
   * q2full -> 576 item(s)
   * q1full -> 576 item(s)
Choice Labels: 	none
-------------------------------------------------------------- 

Model checking property "1": multi(R[exp]{"processedjobs1"}max=? [F "q1full"], R[exp]{"processedjobs2"}max=? [F "q2full"], Pmin=? [true U<=2 "q1full"], Pmin=? [true U<=2 "q2full"]) ...
Preprocessing done in 0.005s seconds.
 Result: 
---------------------------------------------------------------------------------------------------------------------------------------
                                                       Multi-objective Query                                              
---------------------------------------------------------------------------------------------------------------------------------------

Original Formula: 
--------------------------------------------------------------
	multi(R[exp]{"processedjobs1"}max=? [F "q1full"], R[exp]{"processedjobs2"}max=? [F "q2full"], Pmin=? [true U<=2 "q1full"], Pmin=? [true U<=2 "q2full"])

The query considers 4 objectives:
--------------------------------------------------------------
Original: R[exp]{"processedjobs1"}max=? [F "q1full"] 	Preprocessed: R[exp]{"obj1"}max=? [C] 	result bounds: >=0
Original: R[exp]{"processedjobs2"}max=? [F "q2full"] 	Preprocessed: R[exp]{"obj2"}max=? [C] 	result bounds: >=0
Original: Pmin=? [true U<=2 "q1full"] 	Preprocessed: R[exp]{"obj3"}min=? [C<=2] 	result bounds: [0, 1]
Original: Pmin=? [true U<=2 "q2full"] 	Preprocessed: R[exp]{"obj4"}min=? [C<=2] 	result bounds: [0, 1]
Number of Long-Run-Average Reward Objectives (after preprocessing): 0.
Number of Total Reward Objectives (after preprocessing): 2.
--------------------------------------------------------------

Original Model Information:
-------------------------------------------------------------- 
Model type: 	Markov Automaton (sparse)
States: 	990
Transitions: 	2387
Choices: 	1762
Markovian St.: 	508
Max. Rate: 	14
Reward Models:  processedjobs2, processedjobs1
State Labels: 	4 labels
   * deadlock -> 0 item(s)
   * init -> 1 item(s)
   * q2full -> 576 item(s)
   * q1full -> 576 item(s)
Choice Labels: 	none
-------------------------------------------------------------- 

Preprocessed Model Information:
-------------------------------------------------------------- 
Model type: 	Markov Automaton (sparse)
States: 	1449
Transitions: 	3255
Choices: 	2550
Markovian St.: 	822
Max. Rate: 	14
Reward Models:  obj2, obj1, obj4, obj3
State Labels: 	5 labels
   * deadl -> 459 item(s)
   * deadlock -> 0 item(s)
   * q1full -> 603 item(s)
   * q2full -> 603 item(s)
   * init -> 1 item(s)
Choice Labels: 	none
-------------------------------------------------------------- 

---------------------------------------------------------------------------------------------------------------------------------------

Final preprocessed model has 364 Markovian states.
Weight Vector Checker Statistics:
Final preprocessed model has 991 states.
Final preprocessed model has 2092 actions.

 WARN (SparsePcaaQuery.cpp:119): Numerical issues: The overapproximation would not contain the underapproximation. Hence, a halfspace is shifted by 5.21071e-09.
Pareto Curve Approximation Algorithm terminated after 40 refinement steps.
Solving multi-objective query took 6906.558s seconds (consisting of 0.005s seconds for preprocessing and 6906.552s seconds for analyzing the preprocessed model).
Result (for initial states): 
Underapproximation of achievable values: Polytope with 153 Halfspaces:
   (0.00173347,    0.67571,         -1,  -0.256824) * x <= -0.796517
   (  0.634513, 0.00835591,  -0.164707,         -1) * x <= -0.852881
   (  0.815481, 0.00789197,          0,         -1) * x <= -0.677377
   (         0,   0.847986,         -1,          0) * x <= -0.513824
   (         0,   0.683988,         -1,  -0.314354) * x <= -0.848753
   (         0,   0.758094,         -1,          0) * x <= -0.536326
   (0.00137057, 0.00394639,  -0.944733,         -1) * x <= -1.61497
   (0.00177404,  0.0231471,         -1,  -0.896005) * x <= -1.55291
   (  0.808713,          0,          0,         -1) * x <= -0.681364
   (0.00349537,   0.714056,         -1,          0) * x <= -0.546289
   (0.00339587,   0.713164,         -1,          0) * x <= -0.546535
   (         0,          0,         -1,          0) * x <= -0.720003
   (0.00276108,   0.756189,         -1,  -0.686259) * x <= -1.17624
   ( 0.0019868,          1,  -0.744801, -0.0925517) * x <= -0.372061
   (0.00138733,          1,  -0.747937,  -0.100524) * x <= -0.381935
   (0.00168256,          1,  -0.966304,          0) * x <= -0.44973
   (         0,          1,  -0.967772,          0) * x <= -0.451235
   (0.00529513,          1,  -0.939038,          0) * x <= -0.428691
   (         0,   0.700218,         -1,  -0.406356) * x <= -0.930699
   (         0,   0.782834,         -1,   -0.22015) * x <= -0.735943
   (  0.926606,          1, -4.38955e-06,          0) * x <= 0.531566
   (0.00479065,   0.671149,         -1,   -0.21227) * x <= -0.755079
   (  0.926605,          1, -6.54779e-06, -7.5949e-07) * x <= 0.531563
   (  0.897661,          0,          0,         -1) * x <= -0.653771
   (  0.402797,  0.0302027,  -0.350334,         -1) * x <= -1.05409
   (  0.475842,  0.0992216,  -0.201567,         -1) * x <= -0.90668
   (  0.926608,          1, -8.19777e-06, -1.27244e-05) * x <= 0.531552
   (  0.926606,          1, -5.52112e-06,          0) * x <= 0.531565
   (         0,          0,  -0.912596,         -1) * x <= -1.59311
   (         0,          0,         -1,  -0.750017) * x <= -1.4223
   ( 0.0124247,   0.574166,         -1,  -0.955304) * x <= -1.47091
   (         0,          1,  -0.642588,          0) * x <= -0.210792
   (         0,   0.397443,  -0.841428,         -1) * x <= -1.44472
   (  0.418409,          0,          0,         -1) * x <= -0.801471
   (  0.320903,  0.0389706,          0,         -1) * x <= -0.821133
   (  0.926608,          1, -2.85112e-06, -1.87647e-06) * x <= 0.531565
   (         0,          1,          0,          0) * x <= 0.269025
   (0.00777016,   0.308196,         -1,   -0.75439) * x <= -1.34971
   (  0.926606,          1, -8.79745e-06, -1.00392e-05) * x <= 0.531553
   (  0.926609,          1, -2.79436e-07,          0) * x <= 0.53157
   (         0,          0,  -0.529214,         -1) * x <= -1.31564
   (0.00259832,          0,  -0.335318,         -1) * x <= -1.17296
   (         0,          1,  -0.714034,          0) * x <= -0.263839
   (  0.926608,          1, -8.68341e-07,          0) * x <= 0.531569
   (   0.92661,          1,          0, -2.3422e-08) * x <= 0.53157
   (   0.92661,          1,          0,          0) * x <= 0.53157
   ( 0.0123358,   0.918207,         -1,  -0.475015) * x <= -0.934876
   (  0.243307,          0,  -0.191524,         -1) * x <= -0.994924
   ( 0.0104945,   0.433973,         -1,  -0.850579) * x <= -1.4083
   ( 0.0100901,  0.0343953,  -0.410917,         -1) * x <= -1.2179
   (         0,          1,          0, -0.000190242) * x <= 0.26885
   (         0,          1, -0.000191075,          0) * x <= 0.268882
   (         1,          0,          0, -4.30969e-06) * x <= 0.313565
   (         0,  0.0152189,  -0.356542,         -1) * x <= -1.18548
   (0.00232299,  0.0648903,  -0.416747,         -1) * x <= -1.2165
   ( 0.0446573,          0,          0,         -1) * x <= -0.910757
   (         0,          0,  -0.325222,         -1) * x <= -1.16619
   (  0.371341,  0.0479404,          0,         -1) * x <= -0.803869
   (  0.359035,  0.0415429,          0,         -1) * x <= -0.809162
   (  0.926603,          1, -1.23113e-05, -1.17048e-05) * x <= 0.531548
   (0.00558119,          0,         -1,   -0.87074) * x <= -1.53372
   (0.00440016,  0.0127574,         -1,  -0.835863) * x <= -1.49841
   (0.00214492,          0,  -0.307797,         -1) * x <= -1.15265
   (0.00756888,   0.467039,         -1,  -0.674171) * x <= -1.23621
   ( 0.0100264,  0.0334577,  -0.410753,         -1) * x <= -1.21803
   ( 0.0539867,          0,  -0.213583,         -1) * x <= -1.06761
   (  0.926621,          1, -4.30143e-06,          0) * x <= 0.53157
   (  0.926578,          1, -6.09216e-05, -5.80441e-05) * x <= 0.531462
   (0.000629366,          0,  -0.324509,         -1) * x <= -1.1655
   (  0.249376,          0,          0,         -1) * x <= -0.852155
   ( 0.0122325,   0.148134,  -0.538918,         -1) * x <= -1.28253
   (         1,    0.18604,  -0.174055,          0) * x <= 0.232254
   (0.00514105,          0,    -0.4242,         -1) * x <= -1.23763
   ( 0.0124372,   0.575825,         -1,  -0.951988) * x <= -1.4674
   (  0.192247,  0.0223783,          0,         -1) * x <= -0.862919
   (  0.926607,          1, -6.58491e-06, -7.3925e-06) * x <= 0.531557
   (0.00044006,          1,  -0.713757,          0) * x <= -0.263524
   (         1,          0,          0,   -0.70089) * x <= -0.3425
   (         1,          0,          0,          0) * x <= 0.31357
   (0.00484531,          0,  -0.380967,         -1) * x <= -1.20598
   (0.00347276,   0.711643,         -1, -0.0114435) * x <= -0.557598
   (  0.413456,  0.0431464,  -0.372175,         -1) * x <= -1.06346
   (         1,          0,          0,  -0.542113) * x <= -0.194128
   (         0,   0.537491,         -1,   -0.63584) * x <= -1.18531
   (         0,          0,  -0.884156,         -1) * x <= -1.57258
   (0.00164179,          0,          0,         -1) * x <= -0.922945
   (         0,    0.62523,         -1,  -0.703243) * x <= -1.22661
   (  0.926609,          1,          0,          0) * x <= 0.53157
   (         0,   0.722446,         -1,  -0.716096) * x <= -1.21354
   (0.00182398,  0.0234297,         -1,          0) * x <= -0.713889
   (0.00726251,  0.0379513,         -1,  -0.769803) * x <= -1.42968
   (         0,          0,  -0.384785,         -1) * x <= -1.21005
   (         0,   0.405375,  -0.850273,         -1) * x <= -1.44919
   (         0,   0.688728,         -1,  -0.762699) * x <= -1.26565
   (         0,   0.517038,         -1,  -0.938245) * x <= -1.47286
   (         0,    0.52771,         -1,  -0.906753) * x <= -1.44084
   (0.00634678,  0.0397221,  -0.491323,         -1) * x <= -1.27653
   (0.000878998,          0,  -0.562413,         -1) * x <= -1.33953
   (0.00104922,          1,   -0.64206,          0) * x <= -0.210141
   (  0.926608,          1, -1.7312e-06,          0) * x <= 0.531568
   (  0.190826,          0,          0,         -1) * x <= -0.869194
   (  0.195648,          0,  -0.485034,         -1) * x <= -1.22321
   (         1,   0.185438, -0.0687442,  -0.104114) * x <= 0.210431
   (0.00506407,   0.885975,         -1,          0) * x <= -0.502778
   (  0.926606,          1, -6.02644e-06, -1.19895e-06) * x <= 0.531563
   (9.32568e-05,  0.0152101,  -0.356418,         -1) * x <= -1.18537
   (0.00290776,  0.0104644,  -0.360995,         -1) * x <= -1.18919
   (  0.926603,          1, -1.27523e-05, -1.20029e-05) * x <= 0.531547
   (  0.321829,          0,          0,         -1) * x <= -0.830635
   (         0,          0,   -0.46496,         -1) * x <= -1.26887
   (  0.457024,          0,          0,         -1) * x <= -0.789703
   (  0.926609,          1,          0,          0) * x <= 0.53157
   ( 0.0105181,   0.437491,         -1,   -0.74717) * x <= -1.31081
   (  0.926609,          1, -1.01241e-06, -1.17891e-06) * x <= 0.531568
   (  0.174512,  0.0489479,  -0.223796,         -1) * x <= -1.0273
   (  0.257963,  0.0459182,  -0.126183,         -1) * x <= -0.931222
   (   0.92661,          1,          0, -2.023e-07) * x <= 0.53157
   (   0.92661,          1, -3.52006e-08,          0) * x <= 0.53157
   ( 0.0039653,          1,  -0.666558,          0) * x <= -0.227609
   (  0.698023,   0.098105,          0,         -1) * x <= -0.691812
   (         0,   0.986148,         -1, -0.0845397) * x <= -0.557238
   (         0,          1,  -0.748897,  -0.100773) * x <= -0.383221
   (         1,   0.150021,          0,  -0.139509) * x <= 0.218402
   (  0.926609,          1, -9.96461e-07,          0) * x <= 0.531569
   (  0.926608,          1, -2.13718e-06, -1.05337e-06) * x <= 0.531567
   (         0,   0.666284,         -1,  -0.312263) * x <= -0.851174
   (  0.926608,          1, -2.35274e-06, -1.26664e-06) * x <= 0.531566
   (0.00256368,          0,  -0.973209,         -1) * x <= -1.63611
   ( 0.0125447,   0.177066,  -0.575983,         -1) * x <= -1.30234
   (  0.902754, 0.00610472,          0,         -1) * x <= -0.65073
   (0.00448933,          0,  -0.378037,         -1) * x <= -1.20393
   (         0,          0,          0,         -1) * x <= -0.923347
   (0.00175179,  0.0292735,  -0.756481,         -1) * x <= -1.47285
   (         0,  0.0181819,  -0.730246,         -1) * x <= -1.45708
   (  0.626948,          0,   -0.16507,         -1) * x <= -0.85749
   (0.00732867,  0.0142387,  -0.434343,         -1) * x <= -1.2409
   (0.00240907,          0,         -1,  -0.753808) * x <= -1.4252
   (0.000420808,          0,  -0.913011,         -1) * x <= -1.59329
   (         0,          0,         -1,   -0.24011) * x <= -0.94487
   (0.00308047,   0.440494,  -0.880215,         -1) * x <= -1.46134
   (0.000560562,   0.521921,         -1,  -0.925397) * x <= -1.45952
   (0.00296747,   0.666158,         -1,  -0.811953) * x <= -1.31647
   (         0, 0.00894322,         -1,          0) * x <= -0.717888
   (         1,          0, -4.33591e-06,          0) * x <= 0.313566
   (0.00294047,   0.363292,  -0.794551,         -1) * x <= -1.41818
   (         1,  0.0369649,          0,  -0.982309) * x <= -0.596528
   (         0,  0.0266821,  -0.516469,         -1) * x <= -1.29993
   (         0,  0.0234668,         -1,  -0.895191) * x <= -1.55255
   (         0,   0.709853,         -1,          0) * x <= -0.548254
   (   0.92661,          1,          0, -1.15433e-06) * x <= 0.531569
   (         0,          0,  -0.592623,         -1) * x <= -1.36171
   (         0,          0,  -0.684315,         -1) * x <= -1.42822
   (         0, 0.00927863,  -0.546664,         -1) * x <= -1.3261

Overapproximation of achievable values: Polytope with 40 Halfspaces:
   (         1,          0,          0,          0) * x <= 0.313569
   (         0,          1,          0,          0) * x <= 0.269025
   (         0,          0,         -1,          0) * x <= -0.719583
   (         0,          0,          0,         -1) * x <= -0.923001
   (  0.337588,   0.587492, -0.0749206,          0) * x <= 0.197788
   (  0.676469,          0,  -0.323531,          0) * x <= -0.020685
   (  0.666485,   0.271758,          0, -0.0617577) * x <= 0.216677
   (         0,   0.477618,  -0.522382,          0) * x <= -0.259202
   (  0.480953,   0.519047,          0,          0) * x <= 0.275909
   ( 0.0605475,          0,  -0.290143,   -0.64931) * x <= -0.79636
   (         0,   0.156478,  -0.278485,  -0.565037) * x <= -0.68728
   (         0,          0,  -0.273989,  -0.726011) * x <= -0.874205
   (  0.662877,          0,          0,  -0.337123) * x <= -0.107709
   (  0.121469,          0,          0,  -0.878531) * x <= -0.776345
   ( 0.0616428,   0.335229,  -0.378208,   -0.22492) * x <= -0.381751
   (         0,   0.233639,    -0.5293,  -0.237061) * x <= -0.54626
   (  0.350562,   0.262675,          0,  -0.386763) * x <= -0.186587
   ( 0.0591708,   0.363255,  -0.577575,          0) * x <= -0.309244
   ( 0.0589753,   0.336074,  -0.261751,    -0.3432) * x <= -0.405009
   (  0.267145,          0,          0,  -0.732855) * x <= -0.598935
   (0.00467206,          0,  -0.441222,  -0.554106) * x <= -0.834424
   (0.00416185,   0.169356,  -0.386105,  -0.440377) * x <= -0.647336
   (         0,   0.224686,  -0.400005,  -0.375309) * x <= -0.584317
   (         0,          0,  -0.510725,  -0.489275) * x <= -0.825436
   (0.000726529,   0.554706,  -0.444567,          0) * x <= -0.181684
   (         0,   0.596969,  -0.403031,          0) * x <= -0.139935
   (  0.459227,  0.0530432,          0,  -0.487729) * x <= -0.298987
   (0.00198991,   0.438337,  -0.559673,          0) * x <= -0.295725
   (         0,   0.421192,  -0.578808,          0) * x <= -0.314459
   (  0.452282,          0,          0,  -0.547718) * x <= -0.36998
   (  0.338809,  0.0973667,          0,  -0.563824) * x <= -0.395969
   (         0,          0,  -0.360107,  -0.639893) * x <= -0.857134
   (  0.193953,  0.0241134,          0,  -0.781934) * x <= -0.659954
   (0.00351444,   0.249986,  -0.437432,  -0.309067) * x <= -0.542373
   (         0,   0.385155,  -0.422595,   -0.19225) * x <= -0.388974
   (  0.377664,          0,  -0.300413,  -0.321923) * x <= -0.399099
   (  0.228214,  0.0893231,  -0.273235,  -0.409228) * x <= -0.486451
   (         0,  0.0891566,  -0.330531,  -0.580313) * x <= -0.758066
   (  0.219989,          0,          0,  -0.780011) * x <= -0.65676
   (         0,    0.19249,  -0.432358,  -0.375152) * x <= -0.615572

32 Pareto optimal points found:
   (0.3135695458, 0.2410132866, 0.7247940717, 0.9413373329 )
   (0.2569374469, 0.2477040932, 0.7363347757, 0.9267169084 )
   (0.3124555539, 0.242045522, 0.7217860379, 0.9344622412 )
   (0.3102215399, 0.2392136231, 0.7253789107, 0.9322444432 )
   (0.2497856075, 0.2635056461, 0.7385424115, 0.9291641878 )
   (0.2559580346, 0.2566588737, 0.7314676318, 0.9329830496 )
   (0.3120540958, 0.2376848392, 0.7223735314, 0.9338894578 )
   (0.3035283091, 0.2503175827, 0.7260903042, 0.9348597333 )
   (0.3080533917, 0.2410730677, 0.727766343, 0.930491034 )
   (0.2957269715, 0.2575463796, 0.7324553328, 0.9316524496 )
   (0.3125881313, 0.2419226659, 0.7201275342, 0.9366118865 )
   (0.301964918, 0.2464481372, 0.7339984849, 0.9278160608 )
   (0.3103200566, 0.2440242936, 0.7252842187, 0.9323627473 )
   (0.2699762857, 0.2420197773, 0.7200520863, 0.936312673 )
   (0.3070036101, 0.2470973367, 0.724066274, 0.9342916532 )
   (0.2843518361, 0.2623454098, 0.746801925, 0.9234552965 )
   (0.2648769374, 0.2472498174, 0.7237646485, 0.9355829384 )
   (0.2683681838, 0.2356986716, 0.7208184405, 0.9352908901 )
   (0.2569571488, 0.2560159212, 0.7326479024, 0.9300179394 )
   (0.2833390193, 0.2690251761, 0.7467576846, 0.9234100668 )
   (0.245186021, 0.2690251642, 0.7466953186, 0.9233474278 )
   (0.3090076465, 0.2452403777, 0.7253644261, 0.9318427422 )
   (0.3047515705, 0.2491841065, 0.7314507705, 0.9289820215 )
   (0.288668697, 0.2640866455, 0.7393803861, 0.9295329265 )
   (0.260871461, 0.2525614408, 0.7337173718, 0.9277240453 )
   (0.2910038399, 0.2619228852, 0.7425400883, 0.9247246717 )
   (0.2966306766, 0.256709005, 0.7386269831, 0.9263271502 )
   (0.313569525, 0.2365309733, 0.7200029987, 0.9365171107 )
   (0.2473120015, 0.2663095506, 0.7424692603, 0.9278056737 )
   (0.2970243732, 0.2508728151, 0.7381092667, 0.9262260485 )
   (0.2692875453, 0.2429641904, 0.7217498596, 0.9344408807 )
   (0.2653322164, 0.2389458528, 0.7266352212, 0.9310896399 )


Time for model checking: 6906.558s.

Performance statistics:
  * peak memory usage: 34MB
  * CPU time: 6890.191s
  * wallclock time: 6906.587s
	Command being timed: "timeout 7200 /home/tq429871/storm/build/bin/storm --prism /home/tq429871/git/multiobjective-ma/slurm/../models/ma/polling/polling.ma --prop /home/tq429871/git/multiobjective-ma/slurm/../models/ma/polling/polling4.csl -const N=3,Q=2 --multiobjective:precision 0.001 -stats -tm"
	User time (seconds): 6890.19
	System time (seconds): 0.06
	Percent of CPU this job got: 99%
	Elapsed (wall clock) time (h:mm:ss or m:ss): 1:55:06
	Average shared text size (kbytes): 0
	Average unshared data size (kbytes): 0
	Average stack size (kbytes): 0
	Average total size (kbytes): 0
	Maximum resident set size (kbytes): 35640
	Average resident set size (kbytes): 0
	Major (requiring I/O) page faults: 0
	Minor (reclaiming a frame) page faults: 28824
	Voluntary context switches: 91
	Involuntary context switches: 6202
	Swaps: 0
	File system inputs: 0
	File system outputs: 8
	Socket messages sent: 0
	Socket messages received: 0
	Signals delivered: 0
	Page size (bytes): 4096
	Exit status: 0
