Storm 1.6.3

Date: Thu Nov 26 18:16:16 2020
Command line arguments: --prism /home/tq429871/git/multiobjective-ma/slurm/../models/ma/polling/polling.ma --prop /home/tq429871/git/multiobjective-ma/slurm/../models/ma/polling/polling3.csl -const 'N=3,Q=2' '--multiobjective:precision' 0.01 -stats -tm
Current working directory: /rwthfs/rz/cluster/home/tq429871/git/multiobjective-ma/slurm

Time for model input parsing: 0.016s.

Time for model construction: 0.020s.

-------------------------------------------------------------- 
Model type: 	Markov Automaton (sparse)
States: 	990
Transitions: 	2387
Choices: 	1762
Markovian St.: 	508
Max. Rate: 	14
Reward Models:  none
State Labels: 	4 labels
   * deadlock -> 0 item(s)
   * init -> 1 item(s)
   * q2full -> 576 item(s)
   * q1full -> 576 item(s)
Choice Labels: 	none
-------------------------------------------------------------- 

Time for model preprocessing: 0.000s.

-------------------------------------------------------------- 
Model type: 	Markov Automaton (sparse)
States: 	990
Transitions: 	2387
Choices: 	1762
Markovian St.: 	508
Max. Rate: 	14
Reward Models:  none
State Labels: 	4 labels
   * deadlock -> 0 item(s)
   * init -> 1 item(s)
   * q2full -> 576 item(s)
   * q1full -> 576 item(s)
Choice Labels: 	none
-------------------------------------------------------------- 

Model checking property "1": multi(Pmin=? [true U<=2 "q1full"], Pmin=? [true U<=2 "q2full"]) ...
Preprocessing done in 0.003s seconds.
 Result: 
---------------------------------------------------------------------------------------------------------------------------------------
                                                       Multi-objective Query                                              
---------------------------------------------------------------------------------------------------------------------------------------

Original Formula: 
--------------------------------------------------------------
	multi(Pmin=? [true U<=2 "q1full"], Pmin=? [true U<=2 "q2full"])

The query considers 2 objectives:
--------------------------------------------------------------
Original: Pmin=? [true U<=2 "q1full"] 	Preprocessed: R[exp]{"obj1"}min=? [C<=2] 	result bounds: [0, 1]
Original: Pmin=? [true U<=2 "q2full"] 	Preprocessed: R[exp]{"obj2"}min=? [C<=2] 	result bounds: [0, 1]
Number of Long-Run-Average Reward Objectives (after preprocessing): 0.
Number of Total Reward Objectives (after preprocessing): 0.
--------------------------------------------------------------

Original Model Information:
-------------------------------------------------------------- 
Model type: 	Markov Automaton (sparse)
States: 	990
Transitions: 	2387
Choices: 	1762
Markovian St.: 	508
Max. Rate: 	14
Reward Models:  none
State Labels: 	4 labels
   * deadlock -> 0 item(s)
   * init -> 1 item(s)
   * q2full -> 576 item(s)
   * q1full -> 576 item(s)
Choice Labels: 	none
-------------------------------------------------------------- 

Preprocessed Model Information:
-------------------------------------------------------------- 
Model type: 	Markov Automaton (sparse)
States: 	1449
Transitions: 	3255
Choices: 	2550
Markovian St.: 	822
Max. Rate: 	14
Reward Models:  obj2, obj1
State Labels: 	5 labels
   * deadl -> 459 item(s)
   * deadlock -> 0 item(s)
   * q1full -> 603 item(s)
   * q2full -> 603 item(s)
   * init -> 1 item(s)
Choice Labels: 	none
-------------------------------------------------------------- 

---------------------------------------------------------------------------------------------------------------------------------------

Final preprocessed model has 364 Markovian states.
Weight Vector Checker Statistics:
Final preprocessed model has 991 states.
Final preprocessed model has 2092 actions.

Pareto Curve Approximation Algorithm terminated after 4 refinement steps.
Solving multi-objective query took 18.834s seconds (consisting of 0.003s seconds for preprocessing and 18.831s seconds for analyzing the preprocessed model).
Result (for initial states): 
Underapproximation of achievable values: Polytope with 4 Halfspaces:
   (  -0.55063,         -1) * x <= -1.33969
   (-0.0136746,         -1) * x <= -0.940712
   (        -1,          0) * x <= -0.72432
   (         0,         -1) * x <= -0.92933

Overapproximation of achievable values: Polytope with 4 Halfspaces:
   (        -1,          0) * x <= -0.719518
   (         0,         -1) * x <= -0.922966
   ( -0.261756,  -0.738244) * x <= -0.876485
   ( -0.680423,  -0.319577) * x <= -0.788737

3 Pareto optimal points found:
   (0.8323624509, 0.9293300904 )
   (0.7243195543, 0.9408599217 )
   (0.7430406269, 0.9305515333 )


Time for model checking: 18.835s.

Performance statistics:
  * peak memory usage: 32MB
  * CPU time: 18.841s
  * wallclock time: 19.053s
	Command being timed: "timeout 7200 /home/tq429871/storm/build/bin/storm --prism /home/tq429871/git/multiobjective-ma/slurm/../models/ma/polling/polling.ma --prop /home/tq429871/git/multiobjective-ma/slurm/../models/ma/polling/polling3.csl -const N=3,Q=2 --multiobjective:precision 0.01 -stats -tm"
	User time (seconds): 18.84
	System time (seconds): 0.01
	Percent of CPU this job got: 92%
	Elapsed (wall clock) time (h:mm:ss or m:ss): 0:20.39
	Average shared text size (kbytes): 0
	Average unshared data size (kbytes): 0
	Average stack size (kbytes): 0
	Average total size (kbytes): 0
	Maximum resident set size (kbytes): 32964
	Average resident set size (kbytes): 0
	Major (requiring I/O) page faults: 0
	Minor (reclaiming a frame) page faults: 11458
	Voluntary context switches: 92
	Involuntary context switches: 9
	Swaps: 0
	File system inputs: 8
	File system outputs: 8
	Socket messages sent: 0
	Socket messages received: 0
	Signals delivered: 0
	Page size (bytes): 4096
	Exit status: 0
