Storm 1.6.3

Date: Fri Nov 27 00:06:12 2020
Command line arguments: --prism /home/tq429871/git/multiobjective-ma/slurm/../models/ma/mutex/mutex.ma --prop /home/tq429871/git/multiobjective-ma/slurm/../models/ma/mutex/mutex1.csl -const N=2 '--multiobjective:precision' 0.001 -stats -tm
Current working directory: /rwthfs/rz/cluster/home/tq429871/git/multiobjective-ma/slurm

Time for model input parsing: 0.016s.

Time for model construction: 0.068s.

-------------------------------------------------------------- 
Model type: 	Markov Automaton (sparse)
States: 	10560
Transitions: 	26820
Choices: 	23964
Markovian St.: 	216
Max. Rate: 	2
Reward Models:  none
State Labels: 	5 labels
   * deadlock -> 0 item(s)
   * init -> 1 item(s)
   * crit3 -> 896 item(s)
   * crit2 -> 896 item(s)
   * crit1 -> 896 item(s)
Choice Labels: 	none
-------------------------------------------------------------- 

Time for model preprocessing: 0.000s.

-------------------------------------------------------------- 
Model type: 	Markov Automaton (sparse)
States: 	10560
Transitions: 	26820
Choices: 	23964
Markovian St.: 	216
Max. Rate: 	2
Reward Models:  none
State Labels: 	5 labels
   * deadlock -> 0 item(s)
   * init -> 1 item(s)
   * crit3 -> 896 item(s)
   * crit2 -> 896 item(s)
   * crit1 -> 896 item(s)
Choice Labels: 	none
-------------------------------------------------------------- 

Model checking property "1": multi(Pmax=? [true U<=1/2 "crit1"], Pmax=? [true U<=1/2 "crit2"], Pmax=? [true U<=1/2 "crit3"]) ...
Preprocessing done in 0.050s seconds.
 Result: 
---------------------------------------------------------------------------------------------------------------------------------------
                                                       Multi-objective Query                                              
---------------------------------------------------------------------------------------------------------------------------------------

Original Formula: 
--------------------------------------------------------------
	multi(Pmax=? [true U<=1/2 "crit1"], Pmax=? [true U<=1/2 "crit2"], Pmax=? [true U<=1/2 "crit3"])

The query considers 3 objectives:
--------------------------------------------------------------
Original: Pmax=? [true U<=1/2 "crit1"] 	Preprocessed: R[exp]{"obj1"}max=? [C<=1/2] 	result bounds: [0, 1]
Original: Pmax=? [true U<=1/2 "crit2"] 	Preprocessed: R[exp]{"obj2"}max=? [C<=1/2] 	result bounds: [0, 1]
Original: Pmax=? [true U<=1/2 "crit3"] 	Preprocessed: R[exp]{"obj3"}max=? [C<=1/2] 	result bounds: [0, 1]
Number of Long-Run-Average Reward Objectives (after preprocessing): 0.
Number of Total Reward Objectives (after preprocessing): 0.
--------------------------------------------------------------

Original Model Information:
-------------------------------------------------------------- 
Model type: 	Markov Automaton (sparse)
States: 	10560
Transitions: 	26820
Choices: 	23964
Markovian St.: 	216
Max. Rate: 	2
Reward Models:  none
State Labels: 	5 labels
   * deadlock -> 0 item(s)
   * init -> 1 item(s)
   * crit3 -> 896 item(s)
   * crit2 -> 896 item(s)
   * crit1 -> 896 item(s)
Choice Labels: 	none
-------------------------------------------------------------- 

Preprocessed Model Information:
-------------------------------------------------------------- 
Model type: 	Markov Automaton (sparse)
States: 	19872
Transitions: 	47724
Choices: 	42540
Markovian St.: 	480
Max. Rate: 	2
Reward Models:  obj3, obj2, obj1
State Labels: 	6 labels
   * deadl -> 696 item(s)
   * crit1 -> 1416 item(s)
   * crit2 -> 1416 item(s)
   * crit3 -> 1416 item(s)
   * deadlock -> 0 item(s)
   * init -> 1 item(s)
Choice Labels: 	none
-------------------------------------------------------------- 

---------------------------------------------------------------------------------------------------------------------------------------

Final preprocessed model has 361 Markovian states.
Weight Vector Checker Statistics:
Final preprocessed model has 19177 states.
Final preprocessed model has 41845 actions.

Pareto Curve Approximation Algorithm terminated after 26 refinement steps.
Solving multi-objective query took 2231.112s seconds (consisting of 0.050s seconds for preprocessing and 2231.062s seconds for analyzing the preprocessed model).
Result (for initial states): 
Underapproximation of achievable values: Polytope with 20 Halfspaces:
   (         0,          1,          1) * x <= 1.63212
   (1.25355e-09,          1,          1) * x <= 1.63212
   (         1,          1,          0) * x <= 1.63212
   (  0.666742,   0.999995,          1) * x <= 1.79289
   (         0,          1,          0) * x <= 1
   (  0.999999,   0.999999,          1) * x <= 1.89625
   (         0,          0,          1) * x <= 1
   (         1,          0,          0) * x <= 1
   (         1,          1, 1.59611e-09) * x <= 1.63212
   (  0.666639,          1,   0.999987) * x <= 1.79286
   (         1,   0.999996,   0.666697) * x <= 1.79288
   (  0.999983,   0.999993,          1) * x <= 1.89624
   (         1,          0,          1) * x <= 1.63212
   (         1, 1.38653e-13,          1) * x <= 1.63212
   (         1, 2.31249e-14,          1) * x <= 1.63212
   (  0.999999,   0.666715,          1) * x <= 1.79289
   (         1,          1,   0.999999) * x <= 1.89625
   (  0.999985,   0.666626,          1) * x <= 1.79285
   (         1,          1,   0.999999) * x <= 1.89625
   (         1,          1,   0.666718) * x <= 1.79289

Overapproximation of achievable values: Polytope with 26 Halfspaces:
   (         1,          0,          0) * x <= 1.00052
   (         0,          1,          0) * x <= 1.00052
   (         0,          0,          1) * x <= 1.00052
   (  0.326918,   0.343837,   0.329245) * x <= 0.638501
   (  0.536921,          0,   0.463079) * x <= 0.830011
   (  0.555568,   0.444432,          0) * x <= 0.836872
   (         0,   0.324266,   0.675734) * x <= 0.881099
   (  0.315299,   0.163158,   0.521543) * x <= 0.760519
   (  0.354496,   0.590167,  0.0553371) * x <= 0.827952
   (         0,    0.52942,    0.47058) * x <= 0.827251
   (  0.434614,   0.272542,   0.292843) * x <= 0.691085
   (  0.240972,   0.334032,   0.424996) * x <= 0.695819
   (   0.43436,   0.342978,   0.222661) * x <= 0.705165
   (       0.5,        0.5,          0) * x <= 0.816428
   ( 0.0936775,   0.448021,   0.458302) * x <= 0.764429
   (  0.481316,  0.0778785,   0.440805) * x <= 0.779078
   (       0.5,          0,        0.5) * x <= 0.816428
   (  0.335819,   0.313431,   0.350749) * x <= 0.645085
   (         0,        0.5,        0.5) * x <= 0.816428
   (  0.340908,   0.340907,   0.318185) * x <= 0.6397
   (  0.143427,   0.440827,   0.415746) * x <= 0.738536
   (  0.333333,   0.333333,   0.333333) * x <= 0.632383
   (  0.335821,   0.350759,   0.313419) * x <= 0.645092
   (  0.375014,   0.249976,    0.37501) * x <= 0.672648
   (  0.249989,   0.375004,   0.375007) * x <= 0.672641
   (  0.375015,   0.375027,   0.249957) * x <= 0.672661

16 Pareto optimal points found:
   (          1, 0.2411365434, 0.6321205588 )
   (          1, 0.5861218166, 0.3101293634 )
   (0.2411295761,           1, 0.6321205588 )
   (0.241124764, 0.6321205588,           1 )
   (0.6321205588,           1, 0.2411365434 )
   (0.6321205588, 0.1547102567,           1 )
   (0.5861218083,           1, 0.3101293053 )
   (0.2411365434, 0.6321205588,           1 )
   (          1, 0.6321205588, 0.2411345969 )
   (          1, 0.3101295952, 0.5861218497 )
   (0.3101295952,           1, 0.5861218497 )
   (0.310126983, 0.5861214766,           1 )
   (0.5861218083, 0.3101293053,           1 )
   (          1, 0.04976502084, 0.6321205588 )
   (0.6321205588,           1, 0.2411165802 )
   (0.6321205588, 0.2411280141,           1 )


Time for model checking: 2231.113s.

Performance statistics:
  * peak memory usage: 42MB
  * CPU time: 2225.640s
  * wallclock time: 2231.362s
	Command being timed: "timeout 7200 /home/tq429871/storm/build/bin/storm --prism /home/tq429871/git/multiobjective-ma/slurm/../models/ma/mutex/mutex.ma --prop /home/tq429871/git/multiobjective-ma/slurm/../models/ma/mutex/mutex1.csl -const N=2 --multiobjective:precision 0.001 -stats -tm"
	User time (seconds): 2225.64
	System time (seconds): 0.29
	Percent of CPU this job got: 99%
	Elapsed (wall clock) time (h:mm:ss or m:ss): 37:11.78
	Average shared text size (kbytes): 0
	Average unshared data size (kbytes): 0
	Average stack size (kbytes): 0
	Average total size (kbytes): 0
	Maximum resident set size (kbytes): 44012
	Average resident set size (kbytes): 0
	Major (requiring I/O) page faults: 0
	Minor (reclaiming a frame) page faults: 103555
	Voluntary context switches: 108
	Involuntary context switches: 812
	Swaps: 0
	File system inputs: 8
	File system outputs: 0
	Socket messages sent: 0
	Socket messages received: 0
	Signals delivered: 0
	Page size (bytes): 4096
	Exit status: 0
