Storm 1.6.3

Date: Thu Nov 26 10:56:52 2020
Command line arguments: --prism /home/tq429871/git/multiobjective-ma/slurm/../models/ma/jobs/jobs12_3.ma --prop /home/tq429871/git/multiobjective-ma/slurm/../models/ma/jobs/jobs1.csl '--multiobjective:precision' 0.001 -stats -tm
Current working directory: /rwthfs/rz/cluster/home/tq429871/git/multiobjective-ma/slurm

Time for model input parsing: 0.040s.

Time for model construction: 3.430s.

-------------------------------------------------------------- 
Model type: 	Markov Automaton (sparse)
States: 	116814
Transitions: 	450783
Choices: 	225437
Markovian St.: 	112719
Max. Rate: 	8.5
Reward Models:  avg_waiting_time
State Labels: 	4 labels
   * deadlock -> 1 item(s)
   * init -> 1 item(s)
   * half_of_jobs_finished -> 19404 item(s)
   * all_jobs_finished -> 1 item(s)
Choice Labels: 	none
-------------------------------------------------------------- 

Time for model preprocessing: 0.000s.

-------------------------------------------------------------- 
Model type: 	Markov Automaton (sparse)
States: 	116814
Transitions: 	450783
Choices: 	225437
Markovian St.: 	112719
Max. Rate: 	8.5
Reward Models:  avg_waiting_time
State Labels: 	4 labels
   * deadlock -> 1 item(s)
   * init -> 1 item(s)
   * half_of_jobs_finished -> 19404 item(s)
   * all_jobs_finished -> 1 item(s)
Choice Labels: 	none
-------------------------------------------------------------- 

Model checking property "1": multi(T[exp]min=? [F "all_jobs_finished"], T[exp]min=? [F "half_of_jobs_finished"], R[exp]{"avg_waiting_time"}min=? [F "all_jobs_finished"]) ...
Preprocessing done in 0.380s seconds.
 Result: 
---------------------------------------------------------------------------------------------------------------------------------------
                                                       Multi-objective Query                                              
---------------------------------------------------------------------------------------------------------------------------------------

Original Formula: 
--------------------------------------------------------------
	multi(T[exp]min=? [F "all_jobs_finished"], T[exp]min=? [F "half_of_jobs_finished"], R[exp]{"avg_waiting_time"}min=? [F "all_jobs_finished"])

The query considers 3 objectives:
--------------------------------------------------------------
Original: T[exp]min=? [F "all_jobs_finished"] 	Preprocessed: R[exp]{"obj1"}min=? [C] 	result bounds: >=0
Original: T[exp]min=? [F "half_of_jobs_finished"] 	Preprocessed: R[exp]{"obj2"}min=? [C] 	result bounds: >=0
Original: R[exp]{"avg_waiting_time"}min=? [F "all_jobs_finished"] 	Preprocessed: R[exp]{"obj3"}min=? [C] 	result bounds: >=0
Number of Long-Run-Average Reward Objectives (after preprocessing): 0.
Number of Total Reward Objectives (after preprocessing): 3.
--------------------------------------------------------------

Original Model Information:
-------------------------------------------------------------- 
Model type: 	Markov Automaton (sparse)
States: 	116814
Transitions: 	450783
Choices: 	225437
Markovian St.: 	112719
Max. Rate: 	8.5
Reward Models:  avg_waiting_time
State Labels: 	4 labels
   * deadlock -> 1 item(s)
   * init -> 1 item(s)
   * half_of_jobs_finished -> 19404 item(s)
   * all_jobs_finished -> 1 item(s)
Choice Labels: 	none
-------------------------------------------------------------- 

Preprocessed Model Information:
-------------------------------------------------------------- 
Model type: 	Markov Automaton (sparse)
States: 	116814
Transitions: 	450783
Choices: 	225437
Markovian St.: 	112719
Max. Rate: 	8.5
Reward Models:  obj3, obj2, obj1
State Labels: 	5 labels
   * deadl -> 1 item(s)
   * all_jobs_finished -> 1 item(s)
   * half_of_jobs_finished -> 19404 item(s)
   * deadlock -> 1 item(s)
   * init -> 1 item(s)
Choice Labels: 	none
-------------------------------------------------------------- 

---------------------------------------------------------------------------------------------------------------------------------------

Final preprocessed model has 112719 Markovian states.
Weight Vector Checker Statistics:
Final preprocessed model has 116814 states.
Final preprocessed model has 225437 actions.

Pareto Curve Approximation Algorithm terminated after 59 refinement steps.
Solving multi-objective query took 62.159s seconds (consisting of 0.380s seconds for preprocessing and 61.776s seconds for analyzing the preprocessed model).
Result (for initial states): 
Underapproximation of achievable values: Polytope with 111 Halfspaces:
   (        -1,   -0.22085,  -0.303247) * x <= -3.44684
   (        -1,  -0.235024,  -0.245598) * x <= -3.39025
   (        -1,  -0.178225,  -0.391334) * x <= -3.50975
   (        -1,  -0.186296,  -0.331839) * x <= -3.44398
   (        -1,  -0.247325,  -0.217892) * x <= -3.36902
   (        -1,  -0.281191,   -0.19863) * x <= -3.3818
   (        -1,  -0.292181,  -0.170049) * x <= -3.35805
   (        -1,  -0.175699,   -0.47465) * x <= -3.60994
   (        -1,  -0.118756,  -0.569706) * x <= -3.66604
   (        -1,  -0.224177,   -0.21395) * x <= -3.33657
   (        -1,  -0.198462,  -0.257529) * x <= -3.36243
   (        -1,  -0.248928,  -0.185238) * x <= -3.32876
   (        -1,  -0.133559,  -0.429411) * x <= -3.5068
   (        -1,  -0.136691,  -0.401814) * x <= -3.47515
   (-0.0794786,          0,         -1) * x <= -1.36345
   (        -1,  -0.155338,  -0.302115) * x <= -3.36788
   (        -1,  -0.330197,  -0.241476) * x <= -3.47823
   (        -1,   -0.36221,  -0.120037) * x <= -3.36423
   (         0,          0,         -1) * x <= -1.12084
   ( -0.615803, -0.0501593,         -1) * x <= -3.00127
   (        -1,  -0.314506,          0) * x <= -3.15656
   (        -1,  -0.207748,  -0.117258) * x <= -3.18086
   ( -0.311112,          0,         -1) * x <= -2.06097
   (        -1,          0,  -0.364987) * x <= -3.24683
   ( -0.522707,          0,         -1) * x <= -2.68629
   (        -1,  -0.154666,  -0.180697) * x <= -3.19867
   (        -1,          0,  -0.492949) * x <= -3.42449
   ( -0.915419,          0,         -1) * x <= -3.8234
   (        -1,   -0.11974,  -0.560642) * x <= -3.65591
   ( -0.654745, -0.0467947,         -1) * x <= -3.11208
   (  -0.64367,  -0.101153,         -1) * x <= -3.12571
   (        -1,  -0.251679, -0.0794381) * x <= -3.18681
   (        -1,  -0.210828, -0.0912399) * x <= -3.14721
   (        -1,  -0.313996,  -0.187693) * x <= -3.40052
   (        -1,  -0.340605,          0) * x <= -3.19023
   (  -0.53531, -0.0143605,         -1) * x <= -2.73544
   ( -0.799879,          0,         -1) * x <= -3.49159
   (        -1,  -0.139606,  -0.189244) * x <= -3.18989
   (        -1, -0.0829457,  -0.375104) * x <= -3.37304
   (        -1,          0,  -0.956617) * x <= -4.0128
   (        -1,  -0.173788,  -0.361837) * x <= -3.46766
   (        -1,          0,  -0.322868) * x <= -3.18647
   (        -1,  -0.327364, -0.0212482) * x <= -3.20329
   ( -0.242259,          0,         -1) * x <= -1.85506
   (        -1,   -0.11408,  -0.248232) * x <= -3.23878
   (        -1,          0,          0) * x <= -2.71265
   (        -1,  -0.121862,  -0.754677) * x <= -3.8931
   (        -1,  -0.462913,          0) * x <= -3.30993
   (        -1,  -0.134404,  -0.260562) * x <= -3.28404
   (        -1,  -0.171449,  -0.337587) * x <= -3.43385
   (        -1,  -0.253682, -0.0977434) * x <= -3.21581
   (        -1,  -0.177973,          0) * x <= -2.96699
   (        -1,  -0.278232,   -0.10357) * x <= -3.2555
   (        -1,  -0.369509,          0) * x <= -3.22542
   ( -0.385112,         -1,  -0.735631) * x <= -2.81625
   (        -1,  -0.204913,  -0.613536) * x <= -3.80311
   ( -0.158215,          0,         -1) * x <= -1.60233
   ( -0.434237,          0,         -1) * x <= -2.42576
   (        -1,  -0.229531,  -0.168034) * x <= -3.28183
   (        -1,          0,  -0.720484) * x <= -3.72056
   (        -1,          0,  -0.434083) * x <= -3.34421
   (        -1,    -0.2948, -0.0470955) * x <= -3.19793
   (        -1,  -0.175907,  -0.475154) * x <= -3.61077
   (        -1,  -0.290953,  -0.151201) * x <= -3.33317
   (        -1, -0.0822431,  -0.335681) * x <= -3.31835
   (        -1,          0,  -0.557574) * x <= -3.5105
   (        -1,  -0.338884, -0.0480695) * x <= -3.25414
   (        -1,  -0.184828,  -0.152029) * x <= -3.19932
   (        -1,  -0.281319,          0) * x <= -3.11221
   (        -1,  -0.326311, -0.0621496) * x <= -3.25817
   (        -1,  -0.297419,  -0.111725) * x <= -3.2897
   (        -1,  -0.357257, -0.0768629) * x <= -3.30906
   (        -1,  -0.269053, -0.0846535) * x <= -3.21753
   (        -1,  -0.128564,  -0.646692) * x <= -3.77007
   (        -1,  -0.231362,  -0.132577) * x <= -3.23518
   (        -1,  -0.215903,  -0.147993) * x <= -3.23611
   (        -1,  -0.146378,  -0.184881) * x <= -3.19309
   (        -1,  -0.161614,  -0.228556) * x <= -3.27593
   (        -1,  -0.340339, -0.0591302) * x <= -3.2701
   (        -1,  -0.404952,          0) * x <= -3.26093
   ( -0.698057,          0,         -1) * x <= -3.1972
   (        -1,  -0.274292,  -0.139008) * x <= -3.2983
   (        -1,  -0.340962, -0.0828992) * x <= -3.30049
   (        -1,          0,   -0.60108) * x <= -3.56742
   (        -1,  -0.115049,  -0.375965) * x <= -3.41498
   ( -0.562806,  -0.357891,         -1) * x <= -3.10442
   (        -1,          0,  -0.907013) * x <= -3.9524
   (        -1,  -0.192982,  -0.540551) * x <= -3.70609
   (         0,         -1,          0) * x <= -0.837508
   (        -1,  -0.269243,  -0.121033) * x <= -3.26805
   (        -1,  -0.216263,  -0.191827) * x <= -3.29724
   (        -1,  -0.108926,  -0.758146) * x <= -3.88452
   (        -1,  -0.231095,  -0.455064) * x <= -3.64038
   (        -1,  -0.380421,          0) * x <= -3.23742
   (        -1,  -0.398097,          0) * x <= -3.25486
   (        -1,  -0.256726,  -0.294227) * x <= -3.47317
   (        -1,  -0.360175, -0.0680697) * x <= -3.30131
   (        -1,  -0.235299,          0) * x <= -3.04821
   (        -1,  -0.300905,  -0.126736) * x <= -3.31307
   ( -0.350578,          0,         -1) * x <= -2.17827
   (        -1,  -0.350031, -0.0499705) * x <= -3.26886
   (        -1,  -0.381323, -0.0286058) * x <= -3.27363
   ( -0.604534,          0,         -1) * x <= -2.92521
   (        -1,  -0.155414,    -0.2964) * x <= -3.36037
   (        -1, -0.0888218,  -0.462071) * x <= -3.49525
   (        -1,  -0.231939,  -0.294451) * x <= -3.44791
   (        -1,  -0.392719,          0) * x <= -3.24966
   (        -1,  -0.216084,   -0.19229) * x <= -3.29764
   (        -1,  -0.311675, -0.0647289) * x <= -3.24389
   (        -1,          0,  -0.768666) * x <= -3.78107
   (        -1,  -0.255483,   -0.29055) * x <= -3.46754

Overapproximation of achievable values: Polytope with 59 Halfspaces:
   (        -1,          0,          0) * x <= -2.71265
   (         0,         -1,          0) * x <= -0.837508
   (         0,          0,         -1) * x <= -1.12084
   ( -0.699545,  -0.300455,          0) * x <= -2.29569
   ( -0.597691,          0,  -0.402309) * x <= -2.18743
   ( -0.246999,          0,  -0.753001) * x <= -1.58975
   ( -0.734468,  -0.252058, -0.0134741) * x <= -2.36393
   ( -0.770855,  -0.229145,          0) * x <= -2.41548
   ( -0.497661,          0,  -0.502339) * x <= -2.02872
   ( -0.688077,          0,  -0.311923) * x <= -2.31913
   ( -0.722321,  -0.277679,          0) * x <= -2.34133
   ( -0.428896,          0,  -0.571104) * x <= -1.91334
   ( -0.674306,   -0.17421,  -0.151484) * x <= -2.28553
   ( -0.709189,  -0.176449,  -0.114362) * x <= -2.33789
   ( -0.152553,  -0.761049, -0.0863974) * x <= -1.18341
   ( -0.161458,          0,  -0.838542) * x <= -1.43019
   ( -0.723981,          0,  -0.276019) * x <= -2.36724
   ( -0.317282,  -0.015573,  -0.667145) * x <= -1.71262
   ( -0.550513,          0,  -0.449487) * x <= -2.11413
   (  -0.35724,          0,   -0.64276) * x <= -1.78873
   (  -0.74438,  -0.158264, -0.0973562) * x <= -2.38717
   ( -0.647113,          0,  -0.352887) * x <= -2.26114
   ( -0.678016,  -0.209441,  -0.112543) * x <= -2.28452
   ( -0.797079,  -0.202921,          0) * x <= -2.45104
   ( -0.710879,  -0.228549,  -0.060572) * x <= -2.33351
   ( -0.751572,  -0.248428,          0) * x <= -2.38793
   (  -0.67807,  -0.142501,  -0.179429) * x <= -2.29554
   ( -0.716529,  -0.140281,   -0.14319) * x <= -2.35114
   ( -0.618108,  -0.111886,  -0.270006) * x <= -2.20599
   (  -0.60449,  -0.121171,  -0.274339) * x <= -2.18182
   ( -0.729785,  -0.192619,  -0.077596) * x <= -2.36515
   (  -0.65041,  -0.204232,  -0.145358) * x <= -2.23909
   ( -0.620789, -0.0795878,  -0.299623) * x <= -2.21471
   ( -0.746249,          0,  -0.253751) * x <= -2.39626
   ( -0.111942,          0,  -0.888058) * x <= -1.33631
   (  -0.69271,  -0.131582,  -0.175708) * x <= -2.31825
   ( -0.727468,  -0.272532,          0) * x <= -2.35049
   (  -0.71846,  -0.214033, -0.0675067) * x <= -2.34681
   ( -0.699102,  -0.190448,   -0.11045) * x <= -2.32145
   (  -0.41653, -0.0220435,  -0.561426) * x <= -1.88584
   ( -0.667598, -0.0970339,  -0.235368) * x <= -2.28417
   ( -0.458685,          0,  -0.541315) * x <= -1.96385
   ( -0.708952,  -0.274989, -0.0160589) * x <= -2.32001
   ( -0.281549,          0,  -0.718451) * x <= -1.65277
   ( -0.756726,  -0.138032,  -0.105242) * x <= -2.40411
   ( -0.577302, -0.0654842,  -0.357214) * x <= -2.14768
   ( -0.696121,   -0.21457, -0.0893083) * x <= -2.31304
   ( -0.700288,  -0.108128,  -0.191584) * x <= -2.33051
   ( -0.733255,  -0.128225,   -0.13852) * x <= -2.37423
   ( -0.825134,  -0.174866,          0) * x <= -2.48786
   ( -0.658285,  -0.134487,  -0.207228) * x <= -2.26633
   ( -0.715997,  -0.284003,          0) * x <= -2.32947
   (  -0.65437,   -0.16423,    -0.1814) * x <= -2.25533
   ( -0.349424, -0.0419739,  -0.608602) * x <= -1.76192
   (  -0.73208,  -0.215984, -0.0519354) * x <= -2.36565
   ( -0.632535,          0,  -0.367465) * x <= -2.23985
   ( -0.610666,  -0.146996,  -0.242337) * x <= -2.18629
   ( -0.218051,          0,  -0.781949) * x <= -1.53614
   ( -0.652458,  -0.103907,  -0.243634) * x <= -2.261

58 Pareto optimal points found:
   (2.870251875, 0.9661060072, 1.222973345 )
   (2.858736797, 0.9954274074,  1.23465436 )
   (2.780911687, 1.235258031, 1.308497798 )
   ( 2.95828772, 0.8375076792,  1.14116117 )
   (2.758257703, 1.269110428, 1.391695992 )
   (2.753029456, 1.306552575,  1.36398742 )
   (2.891282055, 0.9200204652, 1.178916362 )
   ( 2.77560948, 1.217318982,  1.37300733 )
   (2.753744988, 1.288904965, 1.382091354 )
   (2.880249384, 0.9454427283, 1.190250405 )
   (2.922235788, 0.8375076792, 1.160034842 )
   (2.858289172, 1.021317295,  1.20687298 )
   (2.871845649, 0.9832364585, 1.194463129 )
   (2.731267774, 1.367694422, 1.415967278 )
   (2.944804957, 0.8383931575, 1.147015879 )
   (2.867135124, 0.9848406451, 1.200445865 )
   ( 2.73246749, 1.371759919, 1.409265849 )
   (2.990696398, 0.8375076792, 1.130532863 )
   (2.771823534, 1.249278299, 1.330610615 )
   (2.809340334, 1.128973825, 1.294119546 )
   (2.829161529, 1.106168661,  1.23839197 )
   (2.803815777, 1.149324047, 1.289393809 )
   (2.847647867,  1.03602457, 1.222509558 )
   (2.836957122, 1.055295556, 1.251143372 )
   (2.815717444, 1.136554363, 1.255882122 )
   ( 2.79534336,  1.18216043, 1.291005435 )
   (2.728079054, 1.370046797, 1.434081844 )
   (3.033922242, 0.8375076792, 1.122317209 )
   (2.799528526, 1.178149522, 1.280645146 )
   (2.834492693, 1.076647334, 1.235187979 )
   (2.827867832, 1.087630816, 1.249035311 )
   (2.869107796, 0.9722967229, 1.204686407 )
   (2.817278187, 1.123478219, 1.257849121 )
   (2.819119552, 1.099567948, 1.297988172 )
   (2.773954005, 1.234507251, 1.336129955 )
   (2.783874672, 1.222351182, 1.304566423 )
   (2.847884703,  1.04753645, 1.217749293 )
   (2.929050599, 0.8396541251, 1.155431233 )
   ( 3.05246092, 0.8375076792, 1.120843781 )
   (2.720980342, 1.390685462,  1.45805504 )
   (2.796532193, 1.194587004, 1.282510402 )
   ( 2.71486054,  1.41669412, 1.465030623 )
   (2.768423929, 1.270611649, 1.330894398 )
   (2.752205667, 1.317354961, 1.363794881 )
   ( 2.90821041, 0.8727895622,  1.16709941 )
   ( 2.74638727, 1.319792287, 1.383687045 )
   (2.972111873, 0.8375076792, 1.136314729 )
   (2.736274096, 1.336320943, 1.437771021 )
   (2.779263378, 1.211937583, 1.342469946 )
   (3.007076742, 0.8375076792, 1.126564569 )
   (2.723796416, 1.396074339, 1.433023083 )
   (2.898580531, 0.8961909024, 1.174979369 )
   (2.750702092, 1.290445872, 1.418575736 )
   (2.902058777, 0.8862085778, 1.176124439 )
   (2.712648718, 1.429121963,  1.46755022 )
   (2.918597966, 0.8453662247, 1.161581481 )
   (2.919885024, 0.8602628113, 1.160041705 )
   (2.716731718, 1.409855641, 1.460323953 )


Time for model checking: 62.159s.

Performance statistics:
  * peak memory usage: 131MB
  * CPU time: 65.434s
  * wallclock time: 65.649s
	Command being timed: "timeout 7200 /home/tq429871/storm/build/bin/storm --prism /home/tq429871/git/multiobjective-ma/slurm/../models/ma/jobs/jobs12_3.ma --prop /home/tq429871/git/multiobjective-ma/slurm/../models/ma/jobs/jobs1.csl --multiobjective:precision 0.001 -stats -tm"
	User time (seconds): 65.43
	System time (seconds): 0.10
	Percent of CPU this job got: 99%
	Elapsed (wall clock) time (h:mm:ss or m:ss): 1:05.70
	Average shared text size (kbytes): 0
	Average unshared data size (kbytes): 0
	Average stack size (kbytes): 0
	Average total size (kbytes): 0
	Maximum resident set size (kbytes): 134572
	Average resident set size (kbytes): 0
	Major (requiring I/O) page faults: 0
	Minor (reclaiming a frame) page faults: 99834
	Voluntary context switches: 34
	Involuntary context switches: 325
	Swaps: 0
	File system inputs: 0
	File system outputs: 8
	Socket messages sent: 0
	Socket messages received: 0
	Signals delivered: 0
	Page size (bytes): 4096
	Exit status: 0
