Storm 1.6.3

Date: Thu Nov 26 10:56:52 2020
Command line arguments: --prism /home/tq429871/git/multiobjective-ma/slurm/../models/ma/stream/stream.ma --prop /home/tq429871/git/multiobjective-ma/slurm/../models/ma/stream/stream1.csl -const N=1000 '--multiobjective:precision' 0.001 -stats -tm
Current working directory: /rwthfs/rz/cluster/home/tq429871/git/multiobjective-ma/slurm

Time for model input parsing: 0.002s.

Time for model construction: 4.294s.

-------------------------------------------------------------- 
Model type: 	Markov Automaton (sparse)
States: 	1502501
Transitions: 	3001001
Choices: 	2002001
Markovian St.: 	1001001
Max. Rate: 	8
Reward Models:  numrestarts, buffering
State Labels: 	3 labels
   * deadlock -> 0 item(s)
   * init -> 1 item(s)
   * done -> 1 item(s)
Choice Labels: 	none
-------------------------------------------------------------- 

Time for model preprocessing: 0.000s.

-------------------------------------------------------------- 
Model type: 	Markov Automaton (sparse)
States: 	1502501
Transitions: 	3001001
Choices: 	2002001
Markovian St.: 	1001001
Max. Rate: 	8
Reward Models:  numrestarts, buffering
State Labels: 	3 labels
   * deadlock -> 0 item(s)
   * init -> 1 item(s)
   * done -> 1 item(s)
Choice Labels: 	none
-------------------------------------------------------------- 

Model checking property "1": multi(R[exp]{"buffering"}min=? [F "done"], R[exp]{"numrestarts"}min=? [F "done"]) ...
Preprocessing done in 82.096s seconds.
 Result: 
---------------------------------------------------------------------------------------------------------------------------------------
                                                       Multi-objective Query                                              
---------------------------------------------------------------------------------------------------------------------------------------

Original Formula: 
--------------------------------------------------------------
	multi(R[exp]{"buffering"}min=? [F "done"], R[exp]{"numrestarts"}min=? [F "done"])

The query considers 2 objectives:
--------------------------------------------------------------
Original: R[exp]{"buffering"}min=? [F "done"] 	Preprocessed: R[exp]{"obj1"}min=? [C] 	result bounds: >=0
Original: R[exp]{"numrestarts"}min=? [F "done"] 	Preprocessed: R[exp]{"obj2"}min=? [C] 	result bounds: >=0
Number of Long-Run-Average Reward Objectives (after preprocessing): 0.
Number of Total Reward Objectives (after preprocessing): 2.
--------------------------------------------------------------

Original Model Information:
-------------------------------------------------------------- 
Model type: 	Markov Automaton (sparse)
States: 	1502501
Transitions: 	3001001
Choices: 	2002001
Markovian St.: 	1001001
Max. Rate: 	8
Reward Models:  numrestarts, buffering
State Labels: 	3 labels
   * deadlock -> 0 item(s)
   * init -> 1 item(s)
   * done -> 1 item(s)
Choice Labels: 	none
-------------------------------------------------------------- 

Preprocessed Model Information:
-------------------------------------------------------------- 
Model type: 	Markov Automaton (sparse)
States: 	1502500
Transitions: 	3001000
Choices: 	2002000
Markovian St.: 	1001000
Max. Rate: 	8
Reward Models:  obj2, obj1
State Labels: 	4 labels
   * deadl -> 1001 item(s)
   * deadlock -> 0 item(s)
   * done -> 0 item(s)
   * init -> 1 item(s)
Choice Labels: 	none
-------------------------------------------------------------- 

---------------------------------------------------------------------------------------------------------------------------------------

Final preprocessed model has 1000001 Markovian states.
Weight Vector Checker Statistics:
Final preprocessed model has 1501500 states.
Final preprocessed model has 2001000 actions.

Pareto Curve Approximation Algorithm terminated after 118 refinement steps.
Solving multi-objective query took 484.001s seconds (consisting of 82.096s seconds for preprocessing and 401.873s seconds for analyzing the preprocessed model).
Result (for initial states): 
Underapproximation of achievable values: Polytope with 119 Halfspaces:
   (        -1,  -0.977798) * x <= -12.2681
   ( -0.977723,         -1) * x <= -12.0636
   (        -1,  -0.797643) * x <= -11.9653
   (        -1,  -0.938996) * x <= -12.2062
   (        -1,  -0.901127) * x <= -12.1436
   ( -0.397366,         -1) * x <= -5.58452
   ( -0.649811,         -1) * x <= -8.47413
   ( -0.672747,         -1) * x <= -8.72977
   ( -0.616858,         -1) * x <= -8.10466
   ( -0.585795,         -1) * x <= -7.75493
   (        -1,  -0.413119) * x <= -11.1452
   (        -1,  -0.345462) * x <= -10.9593
   (        -1,   -0.61217) * x <= -11.6083
   (        -1,  -0.297044) * x <= -10.8134
   (        -1,  -0.329056) * x <= -10.911
   (        -1,  -0.646667) * x <= -11.6786
   (        -1,  -0.314261) * x <= -10.8664
   ( -0.431525,         -1) * x <= -5.98536
   (  -0.22727,         -1) * x <= -3.51681
   ( -0.902595,         -1) * x <= -11.2526
   ( -0.248234,         -1) * x <= -3.78026
   ( -0.323117,         -1) * x <= -4.69941
   ( -0.353419,         -1) * x <= -5.06348
   ( -0.858838,         -1) * x <= -10.7774
   ( -0.270781,         -1) * x <= -4.0603
   ( -0.107261,         -1) * x <= -1.92562
   ( -0.118336,         -1) * x <= -2.08107
   (  -0.17448,         -1) * x <= -2.83766
   ( -0.158467,         -1) * x <= -2.62639
   (        -1,  -0.715094) * x <= -11.8135
   ( -0.515527,         -1) * x <= -6.95636
   (        -1,    -0.3613) * x <= -11.0048
   (        -1,  -0.835027) * x <= -12.0319
   ( -0.721524,         -1) * x <= -9.27177
   (-0.0646165,         -1) * x <= -1.298
   ( -0.080967,         -1) * x <= -1.54539
   (        -1, -0.0295233) * x <= -9.47083
   (        -1,  -0.027968) * x <= -9.45356
   (        -1,  -0.267311) * x <= -10.7168
   (-0.0418983,         -1) * x <= -0.929243
   (-0.0240668,         -1) * x <= -0.550718
   (-0.0404597,         -1) * x <= -0.903533
   (  -0.45805,         -1) * x <= -6.29377
   ( -0.476098,         -1) * x <= -6.50281
   (-0.0496612,         -1) * x <= -1.06052
   (-0.00923143,         -1) * x <= -0.230985
   (-0.00465562,         -1) * x <= -0.13043
   (        -1, -0.0164312) * x <= -9.30589
   (        -1, -0.0467238) * x <= -9.63661
   (-0.0447812,         -1) * x <= -0.978945
   (        -1, -0.0193894) * x <= -9.3465
   (-0.00161206,         -1) * x <= -0.0602408
   (        -1,  -0.285539) * x <= -10.7765
   (-0.00281165,         -1) * x <= -0.0885856
   ( -0.143167,         -1) * x <= -2.42112
   ( -0.775836,         -1) * x <= -9.87022
   (        -1, -0.0144696) * x <= -9.27664
   (        -1,  -0.241223) * x <= -10.6272
   (        -1,  -0.113062) * x <= -10.0772
   (        -1, -0.0239517) * x <= -9.40486
   ( -0.936145,         -1) * x <= -11.6158
   (-0.0888488,         -1) * x <= -1.66148
   (         0,         -1) * x <= -0.0189205
   (        -1, -0.0739147) * x <= -9.84299
   (-1.92019e-05,         -1) * x <= -0.019558
   (        -1, -0.00602143) * x <= -9.11536
   (-0.0549449,         -1) * x <= -1.14584
   ( -0.190336,         -1) * x <= -3.04441
   (        -1, -0.0634396) * x <= -9.76812
   (        -1,  -0.516941) * x <= -11.3998
   (-0.0750561,         -1) * x <= -1.45712
   (        -1,  -0.159289) * x <= -10.3027
   (        -1, -0.0382349) * x <= -9.5582
   (        -1, -0.0100489) * x <= -9.19704
   (        -1, -0.0984825) * x <= -9.99599
   (        -1, -0.00687802) * x <= -9.1342
   (        -1,   -0.59129) * x <= -11.564
   (        -1, -0.0133982) * x <= -9.25868
   (        -1,          0) * x <= -8.91951
   (-0.000556442,         -1) * x <= -0.0341085
   (        -1,  -0.188211) * x <= -10.4263
   (        -1, -0.00519298) * x <= -9.09569
   (        -1, -0.00454132) * x <= -9.07699
   (        -1,  -0.561441) * x <= -11.4992
   (-0.0697453,         -1) * x <= -1.37672
   (        -1, -0.00812384) * x <= -9.1598
   (        -1, -0.0487573) * x <= -9.65416
   (        -1, -0.00470865) * x <= -9.08211
   (        -1,   -0.46008) * x <= -11.2647
   (        -1, -0.0429912) * x <= -9.60273
   (        -1, -0.0885415) * x <= -9.93612
   ( -0.295625,         -1) * x <= -4.36551
   (        -1, -0.0346129) * x <= -9.52308
   (        -1,  -0.175467) * x <= -10.3732
   (        -1,   -0.43418) * x <= -11.1998
   (        -1,   -0.53567) * x <= -11.4422
   (        -1,  -0.225728) * x <= -10.5712
   (        -1,  -0.208066) * x <= -10.5044
   (        -1,  -0.385437) * x <= -11.0717
   (        -1,  -0.070278) * x <= -9.81781
   (        -1, -0.0797977) * x <= -9.88142
   ( -0.824794,         -1) * x <= -10.4065
   (        -1,  -0.762751) * x <= -11.9019
   (        -1,  -0.493601) * x <= -11.345
   (-0.0979639,         -1) * x <= -1.79323
   ( -0.554162,         -1) * x <= -7.39672
   (        -1,   -0.12491) * x <= -10.1388
   (        -1, -0.0318479) * x <= -9.49523
   (        -1,  -0.144404) * x <= -10.235
   (        -1, -0.0571579) * x <= -9.72088
   (        -1, -0.0523994) * x <= -9.68375
   ( -0.416746,         -1) * x <= -5.81228
   (  -0.20848,         -1) * x <= -3.27788
   ( -0.130799,         -1) * x <= -2.25291
   (        -1,  -0.135798) * x <= -10.1938
   ( -0.383521,         -1) * x <= -5.42123
   (        -1,  -0.104628) * x <= -10.0314
   (        -1,  -0.683741) * x <= -11.7525
   (-0.0594472,         -1) * x <= -1.21739

Overapproximation of achievable values: Polytope with 118 Halfspaces:
   (        -1,          0) * x <= -8.91951
   (         0,         -1) * x <= -0.0189205
   ( -0.588043,  -0.411957) * x <= -6.93021
   (-0.0780446,  -0.921955) * x <= -1.47481
   ( -0.956136, -0.0438643) * x <= -9.20655
   ( -0.270109,  -0.729891) * x <= -3.84021
   ( -0.855049,  -0.144951) * x <= -8.84746
   ( -0.425524,  -0.574476) * x <= -5.4479
   (-0.0177542,  -0.982246) * x <= -0.4141
   ( -0.748098,  -0.251902) * x <= -8.17939
   ( -0.988684, -0.0113158) * x <= -9.11837
   ( -0.152143,  -0.847857) * x <= -2.46081
   ( -0.922643, -0.0773571) * x <= -9.14037
   (-0.0449021,  -0.955098) * x <= -0.970623
   ( -0.675302,  -0.324698) * x <= -7.64063
   ( -0.511452,  -0.488548) * x <= -6.2561
   ( -0.346083,  -0.653917) * x <= -4.65114
   ( -0.978964, -0.0210357) * x <= -9.17616
   ( -0.809044,  -0.190956) * x <= -8.58268
   ( -0.206607,  -0.793393) * x <= -3.11921
   ( -0.994343, -0.00565737) * x <= -9.05595
   (  -0.89356,   -0.10644) * x <= -9.03273
   ( -0.110414,  -0.889586) * x <= -1.92222
   ( -0.943251, -0.0567486) * x <= -9.19055
   (-0.0393988,  -0.960601) * x <= -0.877463
   ( -0.970217, -0.0297833) * x <= -9.20072
   ( -0.634493,  -0.365507) * x <= -7.3163
   ( -0.713431,  -0.286569) * x <= -7.92967
   ( -0.468537,  -0.531463) * x <= -5.85914
   ( -0.058035,  -0.941965) * x <= -1.17852
   ( -0.308568,  -0.691432) * x <= -4.25703
   ( -0.550705,  -0.449295) * x <= -6.60723
   ( -0.388625,  -0.611375) * x <= -5.08385
   ( -0.781841,  -0.218159) * x <= -8.40885
   ( -0.236719,  -0.763281) * x <= -3.46661
   ( -0.984843, -0.0151571) * x <= -9.14955
   (-0.00112401,  -0.998876) * x <= -0.048136
   ( -0.178571,  -0.821429) * x <= -2.78561
   ( -0.835307,  -0.164693) * x <= -8.73857
   ( -0.876172,  -0.123828) * x <= -8.95472
   (  -0.13127,   -0.86873) * x <= -2.19584
   ( -0.908006, -0.0919935) * x <= -9.09124
   (-0.0931231,  -0.906877) * x <= -1.68721
   ( -0.995187, -0.00481286) * x <= -9.04196
   ( -0.932739,  -0.067261) * x <= -9.16929
   (-0.00363736,  -0.996363) * x <= -0.107233
   ( -0.992617, -0.00738269) * x <= -9.07818
   ( -0.613616,  -0.386384) * x <= -7.14494
   ( -0.964946, -0.0350535) * x <= -9.2053
   ( -0.973505, -0.0264954) * x <= -9.19421
   (-0.0673484,  -0.932652) * x <= -1.31882
   ( -0.531881,  -0.468119) * x <= -6.44006
   ( -0.951971, -0.0480289) * x <= -9.20359
   ( -0.655949,  -0.344051) * x <= -7.48893
   ( -0.694666,  -0.305334) * x <= -7.78945
   (   -0.7662,    -0.2338) * x <= -8.30432
   ( -0.289175,  -0.710825) * x <= -4.04856
   ( -0.488383,  -0.511617) * x <= -6.04445
   ( -0.448122,  -0.551878) * x <= -5.66573
   (   -0.7313,    -0.2687) * x <= -8.06023
   ( -0.367453,  -0.632547) * x <= -4.87037
   ( -0.329167,  -0.670833) * x <= -4.47486
   ( -0.407684,  -0.592316) * x <= -5.27307
   (-0.0507565,  -0.949243) * x <= -1.06508
   (  -0.25277,   -0.74723) * x <= -3.64763
   ( -0.573433,  -0.426567) * x <= -6.80486
   ( -0.797849,  -0.202151) * x <= -8.51219
   ( -0.220832,  -0.779168) * x <= -3.28465
   ( -0.986226, -0.0137741) * x <= -9.14054
   (  -0.19206,   -0.80794) * x <= -2.94743
   ( -0.982572, -0.0174281) * x <= -9.16132
   ( -0.165836,  -0.834164) * x <= -2.63044
   (   -0.8214,    -0.1786) * x <= -8.6574
   ( -0.845762,  -0.154238) * x <= -8.79759
   ( -0.869049,  -0.130951) * x <= -8.91953
   ( -0.141629,  -0.858371) * x <= -2.32838
   (-0.00631266,  -0.993687) * x <= -0.166667
   ( -0.120439,  -0.879561) * x <= -2.05492
   ( -0.038764,  -0.961236) * x <= -0.865768
   (  -0.10182,   -0.89818) * x <= -1.80647
   ( -0.902537, -0.0974634) * x <= -9.07017
   ( -0.883772,  -0.116228) * x <= -8.98986
   (-0.0849495,   -0.91505) * x <= -1.57307
   ( -0.914267, -0.0857327) * x <= -9.11307
   ( -0.991109, -0.00889112) * x <= -9.0946
   ( -0.929064,  -0.070936) * x <= -9.15956
   (  -0.93688, -0.0631204) * x <= -9.17833
   (-0.0414166,  -0.958583) * x <= -0.912369
   ( -0.622951,  -0.377049) * x <= -7.22228
   ( -0.995414, -0.00458563) * x <= -9.03736
   ( -0.961154, -0.0388462) * x <= -9.20653
   ( -0.948212, -0.0517881) * x <= -9.19865
   (  -0.99363, -0.00637036) * x <= -9.06581
   ( -0.972245,  -0.027755) * x <= -9.19743
   ( -0.600487,  -0.399513) * x <= -7.03515
   (-0.0723544,  -0.927646) * x <= -1.39244
   ( -0.519714,  -0.480286) * x <= -6.33095
   (-0.00215177,  -0.997848) * x <= -0.0729458
   ( -0.701543,  -0.298457) * x <= -7.84124
   ( -0.319592,  -0.680408) * x <= -4.37419
   ( -0.663124,  -0.336876) * x <= -7.54559
   ( -0.773468,  -0.226532) * x <= -8.35347
   (-0.0001673,  -0.999833) * x <= -0.0235659
   (-0.0627938,  -0.937206) * x <= -1.25079
   ( -0.480174,  -0.519826) * x <= -5.96826
   ( -0.738006,  -0.261994) * x <= -8.10825
   ( -0.455759,  -0.544241) * x <= -5.7385
   (  -0.37446,   -0.62554) * x <= -4.94133
   ( -0.299088,  -0.700912) * x <= -4.15571
   (  -0.27952,   -0.72048) * x <= -3.94364
   (-0.0542708,  -0.945729) * x <= -1.12033
   ( -0.967921,  -0.032079) * x <= -9.20325
   ( -0.396719,  -0.603281) * x <= -5.16467
   (  -0.64605,   -0.35395) * x <= -7.40968
   ( -0.954379, -0.0456208) * x <= -9.20585
   ( -0.756276,  -0.243724) * x <= -8.23626
   ( -0.561596,  -0.438404) * x <= -6.70232
   (  -0.49995,   -0.50005) * x <= -6.15093

118 Pareto optimal points found:
   (10.16131507, 2.398140958 )
   (9.257973361,  8.12559097 )
   ( 10.2566203, 2.213265972 )
   (9.686462214, 3.930988101 )
   (9.642475094, 4.164700381 )
   (8.919505573, 34.67802229 )
   (8.992893515, 20.54465372 )
   (9.402906546, 6.022194973 )
   (9.002632634, 19.34582221 )
   (9.578750361, 4.544648349 )
   (9.607733548, 4.362695276 )
   (9.307117428, 7.266773981 )
   (12.86683884, 0.5953942992 )
   (15.89301347, 0.2725969192 )
   (8.972390419, 23.74266382 )
   (9.331259848, 6.923246537 )
   (33.20014338, 0.01892052176 )
   (10.11302273, 2.503105937 )
   (14.45385482, 0.3772724328 )
   (8.950170564, 28.02148786 )
   (10.95322382, 1.372315195 )
   (9.212524156, 9.076379927 )
   (9.233404186, 8.629498236 )
   (9.060881307, 14.91099895 )
   (22.69275669, 0.02478154787 )
   (10.18675513, 2.346601265 )
   (13.60076372, 0.4739361418 )
   ( 21.9751772, 0.02812232177 )
   (16.71655942, 0.2303571514 )
   (21.52238162, 0.03274349323 )
   ( 9.86140685, 3.204774092 )
   (11.79456136, 0.8977650077 )
   (21.55212274, 0.03202772079 )
   (10.82649028,  1.48061975 )
   ( 12.4200756, 0.6971826809 )
   (12.71585203, 0.6268720882 )
   (9.187403432, 9.697929718 )
   (10.22977268, 2.263385707 )
   (10.85986395, 1.450496844 )
   (11.11168953, 1.254412533 )
   (12.56744669, 0.6606002043 )
   (14.23951856, 0.3982696389 )
   (16.14689983, 0.258647147 )
   (11.71132931, 0.9316292439 )
   (9.360147059, 6.532428139 )
   (10.65454067,  1.65242082 )
   (9.463556711, 5.427272979 )
   (10.36128512, 2.037080216 )
   (13.19342645, 0.5356767158 )
   (8.937914496, 30.62437372 )
   (  27.083787, 0.01903796727 )
   (9.943335894,  2.94081461 )
   (9.174471942, 10.07153341 )
   (10.89449526, 1.420754161 )
   (9.200269171, 9.361437605 )
   (10.07425674, 2.592391432 )
   (10.73841285, 1.564375775 )
   (9.542740122, 4.794019725 )
   (9.428470821, 5.762613043 )
   (9.754998996, 3.615780248 )
   (12.14523092, 0.7750793856 )
   (10.54458612, 1.781176053 )
   (10.62127083, 1.689341093 )
   ( 9.89834665, 3.080415989 )
   (10.30756171, 2.124839155 )
   (9.291022532, 7.520478304 )
   (10.70821795, 1.595256286 )
   (14.72952513, 0.3527794459 )
   (9.488668292, 5.205168769 )
   ( 10.3901723, 1.992409368 )
   (11.58291707, 0.9882075524 )
   (11.14583772, 1.231439429 )
   (17.24038306, 0.2068996869 )
   (9.918470356, 3.016380898 )
   (11.32402904,  1.12137292 )
   (10.04803175, 2.655871831 )
   (9.034073626, 16.76368556 )
   ( 11.7521272, 0.9146268935 )
   (9.717262109, 3.782958825 )
   (9.098470623, 12.79177192 )
   (9.966497788,  2.87376849 )
   (12.01485751, 0.8172052215 )
   (11.25837374, 1.159833467 )
   (9.382208022, 6.255966894 )
   (10.76974566, 1.533740971 )
   (11.21221105, 1.188309307 )
   (14.03651321, 0.4200442452 )
   (11.01887827, 1.321378121 )
   (23.62875931, 0.02214983584 )
   (11.88435482, 0.8633273339 )
   (8.982884684,  21.9998442 )
   ( 12.2850662, 0.7337406043 )
   (13.78747887, 0.4495139306 )
   (13.41717842, 0.5002195197 )
   (10.48765924, 1.854099504 )
   (10.51476624, 1.818561052 )
   (10.42108694, 1.947195418 )
   (9.080328553, 13.72744195 )
   ( 17.8713481, 0.1804632987 )
   (11.50280582, 1.026348351 )
   (24.75544146, 0.02033355545 )
   (11.39806241,  1.08034645 )
   (10.00319373, 2.772202044 )
   (9.841248119, 3.275372956 )
   (10.28190854, 2.168224294 )
   (9.012098333, 18.40385855 )
   (15.34959832, 0.3061574223 )
   (15.13847052, 0.3208825895 )
   (9.114394157, 12.12695331 )
   (15.59256929,  0.29045748 )
   (14.93304709, 0.3363008761 )
   (9.274906992, 7.802426215 )
   (11.62684523, 0.9680862423 )
   (9.143017327, 11.10352697 )
   (9.508875848, 5.043391996 )
   (13.03930879, 0.5625671366 )
   (9.160952499, 10.49603418 )
   (9.798879361, 3.433872696 )


Time for model checking: 484.002s.

Performance statistics:
  * peak memory usage: 968MB
  * CPU time: 476.582s
  * wallclock time: 488.335s
	Command being timed: "timeout 7200 /home/tq429871/storm/build/bin/storm --prism /home/tq429871/git/multiobjective-ma/slurm/../models/ma/stream/stream.ma --prop /home/tq429871/git/multiobjective-ma/slurm/../models/ma/stream/stream1.csl -const N=1000 --multiobjective:precision 0.001 -stats -tm"
	User time (seconds): 476.58
	System time (seconds): 10.63
	Percent of CPU this job got: 99%
	Elapsed (wall clock) time (h:mm:ss or m:ss): 8:08.40
	Average shared text size (kbytes): 0
	Average unshared data size (kbytes): 0
	Average stack size (kbytes): 0
	Average total size (kbytes): 0
	Maximum resident set size (kbytes): 991964
	Average resident set size (kbytes): 0
	Major (requiring I/O) page faults: 0
	Minor (reclaiming a frame) page faults: 3577951
	Voluntary context switches: 47
	Involuntary context switches: 1113
	Swaps: 0
	File system inputs: 0
	File system outputs: 8
	Socket messages sent: 0
	Socket messages received: 0
	Signals delivered: 0
	Page size (bytes): 4096
	Exit status: 0
