Storm 1.6.3

Date: Thu Nov 26 22:58:25 2020
Command line arguments: --prism /home/tq429871/git/multiobjective-ma/slurm/../models/ma/jobs/jobs12_3.ma --prop /home/tq429871/git/multiobjective-ma/slurm/../models/ma/jobs/jobs4.csl '--multiobjective:precision' 0.001 -stats -tm
Current working directory: /rwthfs/rz/cluster/home/tq429871/git/multiobjective-ma/slurm

Time for model input parsing: 0.040s.

Time for model construction: 3.331s.

-------------------------------------------------------------- 
Model type: 	Markov Automaton (sparse)
States: 	116814
Transitions: 	450783
Choices: 	225437
Markovian St.: 	112719
Max. Rate: 	8.5
Reward Models:  avg_waiting_time
State Labels: 	5 labels
   * deadlock -> 1 item(s)
   * init -> 1 item(s)
   * slowest_before_fastest -> 27915 item(s)
   * half_of_jobs_finished -> 19404 item(s)
   * all_jobs_finished -> 1 item(s)
Choice Labels: 	none
-------------------------------------------------------------- 

Time for model preprocessing: 0.000s.

-------------------------------------------------------------- 
Model type: 	Markov Automaton (sparse)
States: 	116814
Transitions: 	450783
Choices: 	225437
Markovian St.: 	112719
Max. Rate: 	8.5
Reward Models:  avg_waiting_time
State Labels: 	5 labels
   * deadlock -> 1 item(s)
   * init -> 1 item(s)
   * slowest_before_fastest -> 27915 item(s)
   * half_of_jobs_finished -> 19404 item(s)
   * all_jobs_finished -> 1 item(s)
Choice Labels: 	none
-------------------------------------------------------------- 

Model checking property "1": multi(R[exp]{"avg_waiting_time"}min=? [F "all_jobs_finished"], Pmin=? [F "slowest_before_fastest"], Pmax=? [true U<=(12 / (2 * 3)) "all_jobs_finished"], Pmax=? [true U<=(12 / (4 * 3)) "half_of_jobs_finished"]) ...
Preprocessing done in 0.633s seconds.
 Result: 
---------------------------------------------------------------------------------------------------------------------------------------
                                                       Multi-objective Query                                              
---------------------------------------------------------------------------------------------------------------------------------------

Original Formula: 
--------------------------------------------------------------
	multi(R[exp]{"avg_waiting_time"}min=? [F "all_jobs_finished"], Pmin=? [F "slowest_before_fastest"], Pmax=? [true U<=(12 / (2 * 3)) "all_jobs_finished"], Pmax=? [true U<=(12 / (4 * 3)) "half_of_jobs_finished"])

The query considers 4 objectives:
--------------------------------------------------------------
Original: R[exp]{"avg_waiting_time"}min=? [F "all_jobs_finished"] 	Preprocessed: R[exp]{"obj1"}min=? [C] 	result bounds: >=0
Original: Pmin=? [F "slowest_before_fastest"] 	Preprocessed: R[exp]{"obj2"}min=? [C] 	result bounds: [0, 1]
Original: Pmax=? [true U<=(12 / (2 * 3)) "all_jobs_finished"] 	Preprocessed: R[exp]{"obj3"}max=? [C<=(12 / (2 * 3))] 	result bounds: [0, 1]
Original: Pmax=? [true U<=(12 / (4 * 3)) "half_of_jobs_finished"] 	Preprocessed: R[exp]{"obj4"}max=? [C<=(12 / (4 * 3))] 	result bounds: [0, 1]
Number of Long-Run-Average Reward Objectives (after preprocessing): 0.
Number of Total Reward Objectives (after preprocessing): 2.
--------------------------------------------------------------

Original Model Information:
-------------------------------------------------------------- 
Model type: 	Markov Automaton (sparse)
States: 	116814
Transitions: 	450783
Choices: 	225437
Markovian St.: 	112719
Max. Rate: 	8.5
Reward Models:  avg_waiting_time
State Labels: 	5 labels
   * deadlock -> 1 item(s)
   * init -> 1 item(s)
   * slowest_before_fastest -> 27915 item(s)
   * half_of_jobs_finished -> 19404 item(s)
   * all_jobs_finished -> 1 item(s)
Choice Labels: 	none
-------------------------------------------------------------- 

Preprocessed Model Information:
-------------------------------------------------------------- 
Model type: 	Markov Automaton (sparse)
States: 	133253
Transitions: 	512379
Choices: 	256268
Markovian St.: 	128135
Max. Rate: 	8.5
Reward Models:  obj4, obj3, obj2, obj1
State Labels: 	6 labels
   * deadl -> 2 item(s)
   * all_jobs_finished -> 2 item(s)
   * half_of_jobs_finished -> 23814 item(s)
   * deadlock -> 2 item(s)
   * slowest_before_fastest -> 27915 item(s)
   * init -> 1 item(s)
Choice Labels: 	none
-------------------------------------------------------------- 

---------------------------------------------------------------------------------------------------------------------------------------

Final preprocessed model has 128134 Markovian states.
Weight Vector Checker Statistics:
Final preprocessed model has 133252 states.
Final preprocessed model has 256267 actions.

ERROR: The program received signal 15 and will be aborted in 3s.
 WARN (StandardMaPcaaWeightVectorChecker.cpp:139): Time-bounded reachability computation aborted.
 WARN (SparsePcaaQuery.cpp:119): Numerical issues: The overapproximation would not contain the underapproximation. Hence, a halfspace is shifted by 0.164185.
ERROR (SparsePcaaParetoQuery.cpp:93): Could not reach the desired precision: Termination requested or maximum number of refinement steps exceeded.
Pareto Curve Approximation Algorithm terminated after 4 refinement steps.
Solving multi-objective query took 7196.665s seconds (consisting of 0.633s seconds for preprocessing and 7196.026s seconds for analyzing the preprocessed model).
Result till abort (for initial states): 
Underapproximation of achievable values: Polytope with 15 Halfspaces:
   (         0,         -1,          0,          0) * x <= -0.000963043
   (         0,          0,          1,          0) * x <= 0.217288
   ( -0.638734,          0,          1,          0) * x <= -0.715921
   (-0.00203189,         -1,          0,   0.490581) * x <= -0.00363496
   (         0,  -0.216055,          1,          0) * x <= 0.021684
   (         0,          0,          0,          1) * x <= 0.251694
   ( -0.560955,          0,          0,          1) * x <= -0.569069
   (        -1,          0,          0,          0) * x <= -1.12084
   (         0,  -0.191129,          0,          1) * x <= 0.0786559
   (-0.00203189,         -1,          0,          0) * x <= -0.00363496
   (        -1,          0,          0,   0.560776) * x <= -1.12084
   (-0.00148354,  -0.730127,          1,          0) * x <= -0.00265398
   (         0,         -1,          0,   0.493972) * x <= -0.000963043
   (  -0.63411,          0,          1,          0) * x <= -0.710512
   (         0,  -0.725114,          1,          0) * x <= -0.000698316

Overapproximation of achievable values: Polytope with 4 Halfspaces:
   (        -1,          0,          0,          0) * x <= -1.12084
   (         0,         -1,          0,          0) * x <= -0.000963043
   (         0,          0,          1,          0) * x <= 0.217738
   (         0,          0,          0,          1) * x <= 0.251694

4 Pareto optimal points found:
   (1.120843781, 0.001357528982,           0,           0 )
   (1.169664617, 0.04396801508, 0.03118350756, 0.0870594641 )
   (1.463154835, 0.9053471004, 0.2172884856, 0.2516941801 )
   ( 1.31499109, 0.000963042854,           0,           0 )


Time for model checking: 7196.665s.

Performance statistics:
  * peak memory usage: 150MB
  * CPU time: 7182.890s
  * wallclock time: 7200.057s
Command exited with non-zero status 124
	Command being timed: "timeout 7200 /home/tq429871/storm/build/bin/storm --prism /home/tq429871/git/multiobjective-ma/slurm/../models/ma/jobs/jobs12_3.ma --prop /home/tq429871/git/multiobjective-ma/slurm/../models/ma/jobs/jobs4.csl --multiobjective:precision 0.001 -stats -tm"
	User time (seconds): 7182.89
	System time (seconds): 0.14
	Percent of CPU this job got: 99%
	Elapsed (wall clock) time (h:mm:ss or m:ss): 2:00:00
	Average shared text size (kbytes): 0
	Average unshared data size (kbytes): 0
	Average stack size (kbytes): 0
	Average total size (kbytes): 0
	Maximum resident set size (kbytes): 153752
	Average resident set size (kbytes): 0
	Major (requiring I/O) page faults: 0
	Minor (reclaiming a frame) page faults: 83618
	Voluntary context switches: 99
	Involuntary context switches: 3800
	Swaps: 0
	File system inputs: 0
	File system outputs: 0
	Socket messages sent: 0
	Socket messages received: 0
	Signals delivered: 0
	Page size (bytes): 4096
	Exit status: 124
