Storm 1.6.3

Date: Thu Nov 26 10:56:31 2020
Command line arguments: --prism /home/tq429871/git/multiobjective-ma/slurm/../models/ma/jobs/jobs10_2.ma --prop /home/tq429871/git/multiobjective-ma/slurm/../models/ma/jobs/jobs1.csl '--multiobjective:precision' 0.01 -stats -tm
Current working directory: /rwthfs/rz/cluster/home/tq429871/git/multiobjective-ma/slurm

Time for model input parsing: 0.108s.

Time for model construction: 0.327s.

-------------------------------------------------------------- 
Model type: 	Markov Automaton (sparse)
States: 	12554
Transitions: 	34581
Choices: 	23061
Markovian St.: 	11531
Max. Rate: 	5.7
Reward Models:  avg_waiting_time
State Labels: 	4 labels
   * deadlock -> 1 item(s)
   * init -> 1 item(s)
   * half_of_jobs_finished -> 2772 item(s)
   * all_jobs_finished -> 1 item(s)
Choice Labels: 	none
-------------------------------------------------------------- 

Time for model preprocessing: 0.000s.

-------------------------------------------------------------- 
Model type: 	Markov Automaton (sparse)
States: 	12554
Transitions: 	34581
Choices: 	23061
Markovian St.: 	11531
Max. Rate: 	5.7
Reward Models:  avg_waiting_time
State Labels: 	4 labels
   * deadlock -> 1 item(s)
   * init -> 1 item(s)
   * half_of_jobs_finished -> 2772 item(s)
   * all_jobs_finished -> 1 item(s)
Choice Labels: 	none
-------------------------------------------------------------- 

Model checking property "1": multi(T[exp]min=? [F "all_jobs_finished"], T[exp]min=? [F "half_of_jobs_finished"], R[exp]{"avg_waiting_time"}min=? [F "all_jobs_finished"]) ...
Preprocessing done in 0.033s seconds.
 Result: 
---------------------------------------------------------------------------------------------------------------------------------------
                                                       Multi-objective Query                                              
---------------------------------------------------------------------------------------------------------------------------------------

Original Formula: 
--------------------------------------------------------------
	multi(T[exp]min=? [F "all_jobs_finished"], T[exp]min=? [F "half_of_jobs_finished"], R[exp]{"avg_waiting_time"}min=? [F "all_jobs_finished"])

The query considers 3 objectives:
--------------------------------------------------------------
Original: T[exp]min=? [F "all_jobs_finished"] 	Preprocessed: R[exp]{"obj1"}min=? [C] 	result bounds: >=0
Original: T[exp]min=? [F "half_of_jobs_finished"] 	Preprocessed: R[exp]{"obj2"}min=? [C] 	result bounds: >=0
Original: R[exp]{"avg_waiting_time"}min=? [F "all_jobs_finished"] 	Preprocessed: R[exp]{"obj3"}min=? [C] 	result bounds: >=0
Number of Long-Run-Average Reward Objectives (after preprocessing): 0.
Number of Total Reward Objectives (after preprocessing): 3.
--------------------------------------------------------------

Original Model Information:
-------------------------------------------------------------- 
Model type: 	Markov Automaton (sparse)
States: 	12554
Transitions: 	34581
Choices: 	23061
Markovian St.: 	11531
Max. Rate: 	5.7
Reward Models:  avg_waiting_time
State Labels: 	4 labels
   * deadlock -> 1 item(s)
   * init -> 1 item(s)
   * half_of_jobs_finished -> 2772 item(s)
   * all_jobs_finished -> 1 item(s)
Choice Labels: 	none
-------------------------------------------------------------- 

Preprocessed Model Information:
-------------------------------------------------------------- 
Model type: 	Markov Automaton (sparse)
States: 	12554
Transitions: 	34581
Choices: 	23061
Markovian St.: 	11531
Max. Rate: 	5.7
Reward Models:  obj3, obj2, obj1
State Labels: 	5 labels
   * deadl -> 1 item(s)
   * all_jobs_finished -> 1 item(s)
   * half_of_jobs_finished -> 2772 item(s)
   * deadlock -> 1 item(s)
   * init -> 1 item(s)
Choice Labels: 	none
-------------------------------------------------------------- 

---------------------------------------------------------------------------------------------------------------------------------------

Final preprocessed model has 11531 Markovian states.
Weight Vector Checker Statistics:
Final preprocessed model has 12554 states.
Final preprocessed model has 23061 actions.

Pareto Curve Approximation Algorithm terminated after 11 refinement steps.
Solving multi-objective query took 0.396s seconds (consisting of 0.033s seconds for preprocessing and 0.362s seconds for analyzing the preprocessed model).
Result (for initial states): 
Underapproximation of achievable values: Polytope with 18 Halfspaces:
   (        -1,  -0.138929, -0.0546105) * x <= -3.39195
   ( -0.280061,          0,         -1) * x <= -2.28217
   ( -0.783202,          0,         -1) * x <= -3.90977
   (         0,          0,         -1) * x <= -1.3583
   (        -1,  -0.132666,  -0.109806) * x <= -3.46817
   (        -1,          0,  -0.155945) * x <= -3.33568
   (        -1,  -0.302543,          0) * x <= -3.49219
   (        -1,          0,  -0.294049) * x <= -3.56742
   (        -1,  -0.177419,          0) * x <= -3.35717
   (         0,         -1,          0) * x <= -1.04911
   (        -1,  -0.133895,          0) * x <= -3.28944
   (        -1,          0,          0) * x <= -3.05203
   (        -1,  -0.121426, -0.0316843) * x <= -3.32497
   (        -1,  -0.151379,  -0.043913) * x <= -3.39278
   (        -1,  -0.122783,  -0.236347) * x <= -3.64107
   (        -1,          0,  -0.850866) * x <= -4.38971
   (        -1,          0,  -0.482095) * x <= -3.85674
   (        -1,          0,  -0.702982) * x <= -4.17855

Overapproximation of achievable values: Polytope with 11 Halfspaces:
   (        -1,          0,          0) * x <= -3.05203
   (         0,         -1,          0) * x <= -1.04911
   (         0,          0,         -1) * x <= -1.3583
   ( -0.729342,          0,  -0.270658) * x <= -2.68833
   ( -0.790518,  -0.209482,          0) * x <= -2.72861
   ( -0.340802,          0,  -0.659198) * x <= -2.00965
   ( -0.859271,  -0.140729,          0) * x <= -2.86648
   (   -0.5276,          0,    -0.4724) * x <= -2.34922
   (  -0.81658,          0,   -0.18342) * x <= -2.81795
   ( -0.637318, -0.00198658,  -0.360696) * x <= -2.53814
   ( -0.590369,  -0.409631,          0) * x <= -2.30404

10 Pareto optimal points found:
   (3.174785003, 1.049111451,  1.42786849 )
   (3.052025694,  1.77315689, 1.818947201 )
   (3.165727886, 1.079048054, 1.450637549 )
   (3.298795433, 1.049111451, 1.358303191 )
   (3.234891211, 1.049111451, 1.376200269 )
   (3.081084928, 1.556126559, 1.733539126 )
   (3.154360115, 1.159532887, 1.456923121 )
   (3.074008668, 1.628899799,  1.67798143 )
   (3.186499564, 1.049111451, 1.414100683 )
   (3.115008487, 1.388594115, 1.538549448 )


Time for model checking: 0.396s.

Performance statistics:
  * peak memory usage: 38MB
  * CPU time: 0.565s
  * wallclock time: 0.853s
	Command being timed: "timeout 7200 /home/tq429871/storm/build/bin/storm --prism /home/tq429871/git/multiobjective-ma/slurm/../models/ma/jobs/jobs10_2.ma --prop /home/tq429871/git/multiobjective-ma/slurm/../models/ma/jobs/jobs1.csl --multiobjective:precision 0.01 -stats -tm"
	User time (seconds): 0.56
	System time (seconds): 0.05
	Percent of CPU this job got: 28%
	Elapsed (wall clock) time (h:mm:ss or m:ss): 0:02.19
	Average shared text size (kbytes): 0
	Average unshared data size (kbytes): 0
	Average stack size (kbytes): 0
	Average total size (kbytes): 0
	Maximum resident set size (kbytes): 39976
	Average resident set size (kbytes): 0
	Major (requiring I/O) page faults: 55
	Minor (reclaiming a frame) page faults: 11698
	Voluntary context switches: 509
	Involuntary context switches: 5
	Swaps: 0
	File system inputs: 19096
	File system outputs: 0
	Socket messages sent: 0
	Socket messages received: 0
	Signals delivered: 0
	Page size (bytes): 4096
	Exit status: 0
