Storm 1.6.3

Date: Thu Nov 26 19:11:42 2020
Command line arguments: --prism /home/tq429871/git/multiobjective-ma/slurm/../models/ma/stream/stream.ma --prop /home/tq429871/git/multiobjective-ma/slurm/../models/ma/stream/stream4.csl -const N=30 '--multiobjective:precision' 0.001 -stats -tm
Current working directory: /rwthfs/rz/cluster/home/tq429871/git/multiobjective-ma/slurm

Time for model input parsing: 0.002s.

Time for model construction: 0.020s.

-------------------------------------------------------------- 
Model type: 	Markov Automaton (sparse)
States: 	1426
Transitions: 	2731
Choices: 	1861
Markovian St.: 	931
Max. Rate: 	8
Reward Models:  buffering
State Labels: 	5 labels
   * deadlock -> 0 item(s)
   * init -> 1 item(s)
   * running -> 465 item(s)
   * underrun -> 464 item(s)
   * done -> 1 item(s)
Choice Labels: 	none
-------------------------------------------------------------- 

Time for model preprocessing: 0.000s.

-------------------------------------------------------------- 
Model type: 	Markov Automaton (sparse)
States: 	1426
Transitions: 	2731
Choices: 	1861
Markovian St.: 	931
Max. Rate: 	8
Reward Models:  buffering
State Labels: 	5 labels
   * deadlock -> 0 item(s)
   * init -> 1 item(s)
   * running -> 465 item(s)
   * underrun -> 464 item(s)
   * done -> 1 item(s)
Choice Labels: 	none
-------------------------------------------------------------- 

Model checking property "1": multi(R[exp]{"buffering"}min=? [F "done"], T[exp]min=? [F "running"], Pmin=? [true U<=2 "underrun"]) ...
Preprocessing done in 0.004s seconds.
 Result: 
---------------------------------------------------------------------------------------------------------------------------------------
                                                       Multi-objective Query                                              
---------------------------------------------------------------------------------------------------------------------------------------

Original Formula: 
--------------------------------------------------------------
	multi(R[exp]{"buffering"}min=? [F "done"], T[exp]min=? [F "running"], Pmin=? [true U<=2 "underrun"])

The query considers 3 objectives:
--------------------------------------------------------------
Original: R[exp]{"buffering"}min=? [F "done"] 	Preprocessed: R[exp]{"obj1"}min=? [C] 	result bounds: >=0
Original: T[exp]min=? [F "running"] 	Preprocessed: R[exp]{"obj2"}min=? [C] 	result bounds: >=0
Original: Pmin=? [true U<=2 "underrun"] 	Preprocessed: R[exp]{"obj3"}min=? [C<=2] 	result bounds: [0, 1]
Number of Long-Run-Average Reward Objectives (after preprocessing): 0.
Number of Total Reward Objectives (after preprocessing): 2.
--------------------------------------------------------------

Original Model Information:
-------------------------------------------------------------- 
Model type: 	Markov Automaton (sparse)
States: 	1426
Transitions: 	2731
Choices: 	1861
Markovian St.: 	931
Max. Rate: 	8
Reward Models:  buffering
State Labels: 	5 labels
   * deadlock -> 0 item(s)
   * init -> 1 item(s)
   * running -> 465 item(s)
   * underrun -> 464 item(s)
   * done -> 1 item(s)
Choice Labels: 	none
-------------------------------------------------------------- 

Preprocessed Model Information:
-------------------------------------------------------------- 
Model type: 	Markov Automaton (sparse)
States: 	1858
Transitions: 	3569
Choices: 	2293
Markovian St.: 	1363
Max. Rate: 	8
Reward Models:  obj3, obj2, obj1
State Labels: 	6 labels
   * deadl -> 86 item(s)
   * deadlock -> 0 item(s)
   * done -> 0 item(s)
   * underrun -> 464 item(s)
   * running -> 898 item(s)
   * init -> 1 item(s)
Choice Labels: 	none
-------------------------------------------------------------- 

---------------------------------------------------------------------------------------------------------------------------------------

Final preprocessed model has 1307 Markovian states.
Weight Vector Checker Statistics:
Final preprocessed model has 1772 states.
Final preprocessed model has 2207 actions.

Pareto Curve Approximation Algorithm terminated after 115 refinement steps.
Solving multi-objective query took 3269.053s seconds (consisting of 0.004s seconds for preprocessing and 3269.048s seconds for analyzing the preprocessed model).
Result (for initial states): 
Underapproximation of achievable values: Polytope with 199 Halfspaces:
   (        -1,  -0.580909,  -0.761439) * x <= -2.27406
   ( -0.771468,  -0.806875,         -1) * x <= -2.15984
   ( -0.725172,  -0.892603,         -1) * x <= -2.11963
   (        -1,  -0.660918,   -0.83481) * x <= -2.35241
   (        -1,  -0.584364,  -0.734139) * x <= -2.25669
   (         0,  -0.549738,         -1) * x <= -0.707597
   (-4.56605e-05,  -0.576628,         -1) * x <= -0.733645
   (-4.71387e-05,  -0.912663,         -1) * x <= -0.999826
   ( -0.103448,  -0.957712,         -1) * x <= -1.17824
   ( -0.526219,   -0.84492,         -1) * x <= -1.79321
   ( -0.719665,  -0.903382,         -1) * x <= -2.11441
   (        -1,          0,  -0.106614) * x <= -1.62196
   (        -1,          0,  -0.101117) * x <= -1.61787
   ( -0.319058,  -0.890924,         -1) * x <= -1.48894
   (        -1,  -0.044404,  -0.179885) * x <= -1.68688
   (-8.99157e-05,  -0.516288,         -1) * x <= -0.674807
   (        -1, -0.00515216,  -0.772068) * x <= -1.82662
   ( -0.763886,  -0.204989,         -1) * x <= -1.6614
   (         0,   -0.53771,         -1) * x <= -0.695981
   (        -1,          0,  -0.762174) * x <= -1.8199
   (         0,  -0.527778,         -1) * x <= -0.686093
   (        -1,          0,  -0.931708) * x <= -1.84109
   ( -0.403759,  -0.839147,         -1) * x <= -1.59866
   (        -1,  -0.728346,  -0.963398) * x <= -2.4598
   ( -0.200244,  -0.881982,         -1) * x <= -1.29964
   ( -0.273975,  -0.858604,         -1) * x <= -1.40433
   (         0,  -0.907511,         -1) * x <= -0.997309
   (        -1,          0,  -0.799721) * x <= -1.82563
   ( -0.530016,  -0.811358,         -1) * x <= -1.78297
   ( -0.543702,          0,         -1) * x <= -1.0409
   ( -0.408057,          0,         -1) * x <= -0.794447
   (-1.92404e-05, -0.0599924,         -1) * x <= -0.113867
   (-7.73588e-05, -0.0689815,         -1) * x <= -0.127184
   (         0, -0.0599808,         -1) * x <= -0.113791
   (-0.0533653,          0,         -1) * x <= -0.12725
   (-0.0987026,          0,         -1) * x <= -0.215683
   (        -1, -0.0422036,  -0.162529) * x <= -1.67552
   (-0.000184384,  -0.241863,         -1) * x <= -0.360613
   (         0,  -0.253896,         -1) * x <= -0.375162
   (         0,  -0.181692,         -1) * x <= -0.282722
   (        -1,          0,  -0.227285) * x <= -1.68947
   (        -1,  -0.352488,  -0.529662) * x <= -2.03426
   (         0,  -0.708653,         -1) * x <= -0.858963
   ( -0.553851,          0,         -1) * x <= -1.05919
   (        -1,   -0.72373,  -0.959287) * x <= -2.45524
   (         0,         -1,  -0.876034) * x <= -0.937785
   (        -1,  -0.559597,  -0.751223) * x <= -2.25885
   (         0,  -0.106712,         -1) * x <= -0.181004
   (-9.00233e-06, -0.0083655,         -1) * x <= -0.0339085
   (-2.87902e-05,         -1,  -0.801398) * x <= -0.880058
   ( -0.131106,          0,         -1) * x <= -0.278054
   (         0,         -1,  -0.979075) * x <= -1.01601
   (-6.98687e-05,   -0.66934,         -1) * x <= -0.822487
   ( -0.372029,  -0.164536,         -1) * x <= -0.932647
   ( -0.142846,         -1,  -0.983773) * x <= -1.24028
   (        -1,          0, -0.0591944) * x <= -1.58531
   (-0.0031058,          0,         -1) * x <= -0.0261236
   (        -1,  -0.369205,  -0.546634) * x <= -2.05191
   (         0,   -0.98312,         -1) * x <= -1.02605
   ( -0.421328,  -0.304539,         -1) * x <= -1.17672
   (         0, -0.00230662,         -1) * x <= -0.0236135
   ( -0.719173,          0,         -1) * x <= -1.35416
   (         0,         -1,  -0.136181) * x <= -0.357288
   (         0,  -0.202142,         -1) * x <= -0.309427
   ( -0.400937,  -0.116906,         -1) * x <= -0.927587
   (-0.0002012,  -0.412734,         -1) * x <= -0.562953
   ( -0.508481,  -0.859538,         -1) * x <= -1.77163
   (         0,   -0.33344,         -1) * x <= -0.47159
   (-0.000246997,  -0.295664,         -1) * x <= -0.427268
   ( -0.254392,  -0.841013,         -1) * x <= -1.36402
   (         0,  -0.387166,         -1) * x <= -0.533521
   (        -1,          0,  -0.259399) * x <= -1.70261
   (-0.0126653,          0,         -1) * x <= -0.0458913
   ( -0.232926,  -0.238229,         -1) * x <= -0.772745
   ( -0.233403,          0,         -1) * x <= -0.471705
   (-0.0743554,          0,         -1) * x <= -0.168393
   (         0, -0.000370041,         -1) * x <= -0.0201475
   ( -0.183559,          0,         -1) * x <= -0.37781
   (         0,         -1,  -0.825952) * x <= -0.89902
   (         0,  -0.308953,         -1) * x <= -0.442574
   (-0.00017531,  -0.475005,         -1) * x <= -0.631476
   (        -1,  -0.480035,  -0.667969) * x <= -2.17377
   (-3.73424e-05, -0.0447561,         -1) * x <= -0.0911191
   (         0,         -1,          0) * x <= -0.25
   (         0, -0.0350457,         -1) * x <= -0.0762063
   (        -1,          0,          0) * x <= -1.53867
   ( -0.143762,          0,         -1) * x <= -0.302249
   (-7.54055e-05,  -0.421564,         -1) * x <= -0.572457
   ( -0.855451,          0,         -1) * x <= -1.59449
   ( -0.251323,          0,         -1) * x <= -0.505228
   (-7.0242e-05,  -0.106764,         -1) * x <= -0.181295
   (        -1,  -0.563687,  -0.740745) * x <= -2.25397
   ( -0.998811,  -0.756897,         -1) * x <= -2.49211
   (-0.000146489, -0.0200428,         -1) * x <= -0.0531584
   (         0, -0.0160824,         -1) * x <= -0.0464279
   (-0.000141523,  -0.102313,         -1) * x <= -0.175211
   (         0,  -0.721017,         -1) * x <= -0.869937
   (         0, -0.00848524,         -1) * x <= -0.0340849
   (-2.3386e-05,          0,         -1) * x <= -0.0195323
   (         0,  -0.459558,         -1) * x <= -0.614161
   (         0,  -0.660639,         -1) * x <= -0.814034
   (-6.93351e-05, -0.0909533,         -1) * x <= -0.158904
   (-3.35585e-06,  -0.734273,         -1) * x <= -0.880711
   ( -0.417142,  -0.898118,         -1) * x <= -1.64413
   (         0,  -0.164966,         -1) * x <= -0.260583
   ( -0.642316,          0,         -1) * x <= -1.21772
   (        -1,          0,   -0.14834) * x <= -1.6472
   (-8.75725e-05,         -1,  -0.567454) * x <= -0.697193
   (         0,         -1,  -0.640116) * x <= -0.753884
   (   -0.2571,  -0.839433,         -1) * x <= -1.36737
   (         0,         -1,  -0.764779) * x <= -0.851376
   ( -0.990123,          0,         -1) * x <= -1.83071
   (         0, -0.00215663,         -1) * x <= -0.0233591
   (         0, -0.0244397,         -1) * x <= -0.0597081
   (        -1,          0,  -0.463251) * x <= -1.76677
   (  -0.20244,  -0.319587,         -1) * x <= -0.812077
   (         0, -0.0880928,         -1) * x <= -0.15464
   (         0,         -1,  -0.914881) * x <= -0.967648
   (         0, -0.0434957,         -1) * x <= -0.0891198
   (         0,  -0.595682,         -1) * x <= -0.751819
   (-0.000155343,   -0.19328,         -1) * x <= -0.298347
   ( -0.760946,   -0.79998,         -1) * x <= -2.14016
   (-0.0529475,   -0.27054,         -1) * x <= -0.49116
   (-1.38922e-06,          0,         -1) * x <= -0.0194676
   (        -1,          0,  -0.115714) * x <= -1.62859
   (         0,  -0.144161,         -1) * x <= -0.232669
   (-5.2858e-05,  -0.704923,         -1) * x <= -0.85574
   (        -1,          0,  -0.126176) * x <= -1.63484
   (         0,  -0.441702,         -1) * x <= -0.5945
   (        -1,          0,  -0.890972) * x <= -1.83668
   (-0.000123393,  -0.116234,         -1) * x <= -0.194623
   (         0,  -0.919501,         -1) * x <= -1.00262
   (-0.0326615,          0,         -1) * x <= -0.0862971
   (         0,  -0.937351,         -1) * x <= -1.00985
   (        -1,          0,  -0.423392) * x <= -1.7579
   (        -1,          0,  -0.202935) * x <= -1.67727
   (        -1,          0,  -0.834645) * x <= -1.8302
   (         0,  -0.124017,         -1) * x <= -0.20506
   (         0,  -0.691081,         -1) * x <= -0.842704
   (         0,  -0.699039,         -1) * x <= -0.850148
   (         0,    -0.2806,         -1) * x <= -0.408191
   (         0,  -0.921578,         -1) * x <= -1.00349
   ( -0.194874,  -0.132264,         -1) * x <= -0.57533
   (        -1,          0,  -0.093552) * x <= -1.6121
   (-0.000110401,  -0.972494,         -1) * x <= -1.02298
   (         0,  -0.955288,         -1) * x <= -1.01647
   (        -1,          0,  -0.083599) * x <= -1.60439
   (-4.62087e-05,  -0.932604,         -1) * x <= -1.00817
   (        -1,          0,  -0.242873) * x <= -1.69641
   (         0,         -1,  -0.945145) * x <= -0.990728
   (-7.75803e-05,         -1,  -0.962824) * x <= -1.00433
   (-2.72138e-05,         -1,   -0.89681) * x <= -0.953908
   (-0.000139827,  -0.150309,         -1) * x <= -0.241356
   (-0.0001578,  -0.153669,         -1) * x <= -0.245921
   (-5.14487e-05,  -0.859014,         -1) * x <= -0.970574
   ( -0.183148, -0.0667313,         -1) * x <= -0.468584
   (         0, -0.0740224,         -1) * x <= -0.134317
   (         0,  -0.227497,         -1) * x <= -0.341939
   (-6.33415e-05, -0.0582235,         -1) * x <= -0.111353
   (-0.0435672,  -0.170859,         -1) * x <= -0.348793
   ( -0.168487, -0.0972013,         -1) * x <= -0.481856
   (-0.000218581,  -0.407605,         -1) * x <= -0.557244
   (-0.000176799,  -0.237915,         -1) * x <= -0.35562
   (         0,          0,         -1) * x <= -0.0194583
   (-9.55877e-05,  -0.724421,         -1) * x <= -0.873116
   (        -1,          0,  -0.533461) * x <= -1.77949
   ( -0.686883, -0.0691469,         -1) * x <= -1.37736
   (         0,  -0.421446,         -1) * x <= -0.572069
   (        -1,          0,  -0.251844) * x <= -1.69996
   (         0,  -0.878438,         -1) * x <= -0.982446
   (         0,  -0.871035,         -1) * x <= -0.978022
   (        -1,  -0.224779,  -0.370135) * x <= -1.88157
   ( -0.466859,          0,         -1) * x <= -0.90159
   (         0,  -0.854185,         -1) * x <= -0.967255
   (         0, -1.12728e-06,         -1) * x <= -0.0194656
   (         0,  -0.868976,         -1) * x <= -0.976732
   (         0,  -0.836632,         -1) * x <= -0.955487
   (        -1,          0,  -0.216146) * x <= -1.68401
   (         0,  -0.804363,         -1) * x <= -0.932584
   (         0,  -0.820232,         -1) * x <= -0.944061
   (-8.32997e-07,  -0.804241,         -1) * x <= -0.932498
   (         0,  -0.734092,         -1) * x <= -0.880564
   (-8.25739e-05,  -0.828393,         -1) * x <= -0.950096
   ( -0.308379,          0,         -1) * x <= -0.611209
   (-6.39583e-05,  -0.882835,         -1) * x <= -0.985175
   (-0.000161762,  -0.346898,         -1) * x <= -0.487823
   (         0,  -0.892132,         -1) * x <= -0.990017
   (        -1,          0,  -0.233621) * x <= -1.69241
   ( -0.509092,  -0.811683,         -1) * x <= -1.75013
   ( -0.239732, -0.0839823,         -1) * x <= -0.595256
   ( -0.355527,          0,         -1) * x <= -0.698137
   (        -1,          0,  -0.441144) * x <= -1.76243
   (         0,  -0.357302,         -1) * x <= -0.499419
   (         0,   -0.51245,         -1) * x <= -0.670611
   (        -1,          0,  -0.429361) * x <= -1.75972
   (-1.37423e-05,  -0.891592,         -1) * x <= -0.989783
   (         0,  -0.730249,         -1) * x <= -0.877543
   (        -1,  -0.352229,  -0.545546) * x <= -2.04288
   (         0,  -0.485621,         -1) * x <= -0.642354

Overapproximation of achievable values: Polytope with 115 Halfspaces:
   (        -1,          0,          0) * x <= -1.53867
   (         0,         -1,          0) * x <= -0.25
   (         0,          0,         -1) * x <= -0.0189387
   (         0,  -0.135471,  -0.864529) * x <= -0.215237
   ( -0.375043,          0,  -0.624957) * x <= -0.713374
   (         0,  -0.490809,  -0.509191) * x <= -0.518719
   ( -0.786522,          0,  -0.213478) * x <= -1.34218
   (-0.0204566,  -0.561262,  -0.418281) * x <= -0.500393
   (         0,  -0.362486,  -0.637514) * x <= -0.462292
   ( -0.605836,          0,  -0.394164) * x <= -1.09035
   ( -0.019959,          0,  -0.980041) * x <= -0.059715
   ( -0.168653,          0,  -0.831347) * x <= -0.343889
   ( -0.853521,          0,  -0.146479) * x <= -1.41655
   (-0.000444736,  -0.416039,  -0.583516) * x <= -0.50383
   (         0,  -0.424101,  -0.575899) * x <= -0.507735
   (         0,  -0.303837,  -0.696163) * x <= -0.409422
   (-0.00114207,  -0.473727,  -0.525131) * x <= -0.5238
   ( -0.507173,          0,  -0.492827) * x <= -0.935428
   (         0,   -0.46346,   -0.53654) * x <= -0.521906
   ( -0.703084,          0,  -0.296916) * x <= -1.23547
   ( -0.453763,  -0.236961,  -0.309276) * x <= -0.997489
   (         0,  -0.048956,  -0.951044) * x <= -0.0956205
   (         0,  -0.255493,  -0.744507) * x <= -0.359142
   ( -0.396211,  -0.243332,  -0.360457) * x <= -0.938364
   ( -0.274137,          0,  -0.725863) * x <= -0.535817
   ( -0.903053,          0, -0.0969474) * x <= -1.46511
   (-0.0789051,          0,  -0.921095) * x <= -0.174858
   (         0,  -0.194117,  -0.805883) * x <= -0.2887
   (-0.000467875,  -0.332148,  -0.667384) * x <= -0.437596
   (         0,  -0.509311,  -0.490689) * x <= -0.511163
   (  -0.43119,   -0.23946,   -0.32935) * x <= -0.97589
   ( -0.562231,          0,  -0.437769) * x <= -1.02424
   ( -0.432086,          0,  -0.567914) * x <= -0.810395
   ( -0.827407,          0,  -0.172593) * x <= -1.38996
   (-0.000443279,  -0.501148,  -0.498409) * x <= -0.515115
   (         0,  -0.481418,  -0.518582) * x <= -0.521437
   (         0,   -0.34407,   -0.65593) * x <= -0.447508
   (         0,  -0.407393,  -0.592607) * x <= -0.496997
   (         0,  -0.985162, -0.0148382) * x <= -0.257952
   (-0.000648125,  -0.984522, -0.0148296) * x <= -0.258783
   (         0,  -0.921198, -0.0788021) * x <= -0.292247
   (-0.000402099,  -0.457616,  -0.541982) * x <= -0.520932
   (-9.5977e-05, -0.0732642,   -0.92664) * x <= -0.130912
   (-0.00054083,  -0.920695,  -0.078764) * x <= -0.292923
   (         0,  -0.755847,  -0.244153) * x <= -0.3809
   (         0, -0.0887526,  -0.911247) * x <= -0.152445
   ( -0.220941,          0,  -0.779059) * x <= -0.439889
   ( -0.299142,  -0.315421,  -0.385437) * x <= -0.83681
   ( -0.329774,          0,  -0.670226) * x <= -0.63447
   (-6.99107e-06, -0.0283146,  -0.971678) * x <= -0.0646301
   (         0,   -0.46888,   -0.53112) * x <= -0.522714
   ( -0.683968,          0,  -0.316032) * x <= -1.20797
   ( -0.602622,  -0.150995,  -0.246384) * x <= -1.15445
   (         0,   -0.52659,   -0.47341) * x <= -0.502762
   (-0.000176882,  -0.447751,  -0.552072) * x <= -0.517434
   (-0.000387267,  -0.244173,   -0.75544) * x <= -0.347385
   (         0, -0.0197358,  -0.980264) * x <= -0.051312
   ( -0.266853,  -0.326748,  -0.406399) * x <= -0.80365
   ( -0.807319,          0,  -0.192681) * x <= -1.36794
   (         0,  -0.227152,  -0.772848) * x <= -0.327531
   (         0,  -0.453077,  -0.546923) * x <= -0.519076
   (-0.000193517,  -0.486256,  -0.513551) * x <= -0.520343
   (-0.000260072,  -0.755644,  -0.244096) * x <= -0.381205
   (-0.000209574,  -0.271137,  -0.728653) * x <= -0.376187
   ( -0.534336,          0,  -0.465664) * x <= -0.979839
   (         0,  -0.320295,  -0.679705) * x <= -0.425638
   (-0.000108095,  -0.176402,   -0.82349) * x <= -0.267316
   ( -0.596404,  -0.170257,  -0.233338) * x <= -1.14249
   ( -0.108939,  -0.455424,  -0.435637) * x <= -0.622679
   (         0,  -0.159772,  -0.840228) * x <= -0.246391
   ( -0.488734,  -0.200243,  -0.311024) * x <= -1.03598
   (         0,  -0.637979,  -0.362021) * x <= -0.444096
   (-0.00028575,  -0.380499,  -0.619215) * x <= -0.476793
   (         0,  -0.421114,  -0.578886) * x <= -0.506293
   ( -0.887961,          0,  -0.112039) * x <= -1.45133
   ( -0.141533,          0,  -0.858467) * x <= -0.293419
   ( -0.288052,  -0.330124,  -0.381824) * x <= -0.82269
   (-3.60867e-05,  -0.116451,  -0.883513) * x <= -0.190207
   ( -0.609227,    -0.1407,  -0.250073) * x <= -1.16179
   ( -0.492588,   -0.21103,  -0.296382) * x <= -1.03948
   (-0.000182946,  -0.210395,  -0.789422) * x <= -0.30839
   ( -0.405683,          0,  -0.594317) * x <= -0.765841
   (         0, -0.000172136,  -0.999828) * x <= -0.0192588
   (-0.000906805,          0,  -0.999093) * x <= -0.0208846
   (         0,  -0.287845,  -0.712155) * x <= -0.393182
   ( -0.387196,  -0.280908,  -0.331896) * x <= -0.924794
   (-0.0595658,  -0.310406,  -0.630028) * x <= -0.510991
   (-0.00011338,  -0.466366,   -0.53352) * x <= -0.522593
   (-0.000184954,  -0.422698,  -0.577117) * x <= -0.507364
   ( -0.113574,  -0.408162,  -0.478264) * x <= -0.642439
   (-0.0894455,  -0.430199,  -0.480355) * x <= -0.616154
   (-0.0599888,          0,  -0.940011) * x <= -0.138385
   (         0,  -0.477171,  -0.522829) * x <= -0.522248
   (         0, -0.00470021,    -0.9953) * x <= -0.0270603
   (-0.000174502,  -0.431625,    -0.5682) * x <= -0.510996
   (-4.65204e-05,  -0.538334,   -0.46162) * x <= -0.49682
   (  -0.31666,  -0.296618,  -0.386722) * x <= -0.855817
   ( -0.101151,          0,  -0.898849) * x <= -0.217326
   ( -0.196049,  -0.367913,  -0.436037) * x <= -0.729024
   (         0,   -0.10418,   -0.89582) * x <= -0.173613
   (-0.000222873,  -0.147493,  -0.852284) * x <= -0.231179
   (-0.000235431,  -0.308381,  -0.691384) * x <= -0.414342
   ( -0.483655,          0,  -0.516345) * x <= -0.896518
   ( -0.259793,  -0.340907,    -0.3993) * x <= -0.794477
   (         0,  -0.555125,  -0.444875) * x <= -0.488082
   ( -0.145219,  -0.382531,   -0.47225) * x <= -0.674597
   (         0,  -0.412903,  -0.587097) * x <= -0.501038
   ( -0.357133,  -0.280579,  -0.362288) * x <= -0.898216
   (         0, -0.0645657,  -0.935434) * x <= -0.11832
   ( -0.170764,  -0.249952,  -0.579284) * x <= -0.631181
   ( -0.267581,  -0.353144,  -0.379275) * x <= -0.796371
   ( -0.304886,          0,  -0.695114) * x <= -0.590538
   (-0.00689085,          0,  -0.993109) * x <= -0.0332988
   ( -0.250001,          0,  -0.749999) * x <= -0.492505
   (-0.00015571,  -0.409438,  -0.590406) * x <= -0.498753

99 Pareto optimal points found:
   (4.226017067, 0.6967162111, 0.3725917033 )
   (1.843722111,   1.3227114, 0.04264412432 )
   (1.600575646, 0.6704024158, 0.3946066671 )
   (1.591387589, 0.6263632635, 0.4324373881 )
   (4.381402504, 0.6407721814, 0.4199163833 )
   (3.139630853, 1.341717734, 0.0392455269 )
   (1.754034345, 1.135800148, 0.09400311358 )
   (3.408869798, 1.107368174, 0.105373002 )
   (3.448912683, 1.081729799, 0.1170437652 )
   ( 1.89864829,  1.42354238, 0.02929614791 )
   (1.870671138, 1.370579075, 0.03508485112 )
   ( 5.14664782, 0.4037082602, 0.6314367854 )
   (1.615137194, 0.740199164, 0.3371979294 )
   (1.757178987,  1.14188303, 0.09142250101 )
   ( 3.27242824, 1.212706118, 0.06790544881 )
   (3.326846036, 1.166288111, 0.0827025225 )
   (3.381979106, 1.124506934, 0.09814994265 )
   (5.646886574, 0.2501136015, 0.786998304 )
   (5.338493031, 0.344472985, 0.6873964647 )
   (1.734092487, 1.086737723, 0.1151451869 )
   (2.138363321, 1.797622236, 0.01948230587 )
   (1.538672595,        0.25, 0.7878325008 )
   (1.777268623, 1.184914318, 0.07649179724 )
   (1.763588985, 1.159092768, 0.08582958481 )
   (1.775245663,  1.18368653, 0.07744641123 )
   (5.525902164, 0.2864721738, 0.7451297705 )
   ( 1.57182574, 0.5090114702, 0.5368844006 )
   (1.555215167, 0.3687485088, 0.6642063459 )
   (1.549778216, 0.3401292983, 0.6921777575 )
   (1.747204428, 1.118966528, 0.1007655721 )
   (3.048968926, 1.461800398, 0.02611100355 )
   (1.539684389, 0.2596992452, 0.7740407642 )
   (3.559973514, 1.010103975, 0.1529827997 )
   (1.924832114, 1.469068409, 0.02569660734 )
   (1.720941307,  1.05319304, 0.1309018012 )
   (1.883777033, 1.396882445, 0.03202589813 )
   (1.564480616, 0.4974004613, 0.5576467251 )
   (1.559438181, 0.449062745, 0.5976101607 )
   (3.172162046, 1.305860663, 0.04545815655 )
   (1.540753013, 0.2699432746, 0.7626179864 )
   (1.911818573, 1.444349453, 0.02740276384 )
   (3.220099726, 1.258546373, 0.05562298195 )
   (1.542514226, 0.2868265808, 0.745200467 )
   (5.627150996, 0.2557408058, 0.7788333427 )
   (2.952789462, 1.694773858, 0.01970430861 )
   (5.020733912, 0.4425783207, 0.5956645271 )
   (1.561745786, 0.4187321663, 0.6175910838 )
   (1.570238225, 0.4741469551, 0.567015652 )
   (1.660961353, 0.8875441694, 0.2300021207 )
   (1.559467466, 0.4159675867, 0.6211258275 )
   (6.721724127, 6.507490665, 0.01945828116 )
   (1.554677792, 0.3760745247, 0.6578508794 )
   (1.565516075, 0.5023592918, 0.5506664298 )
   (1.675827806, 0.9353493541, 0.1963023651 )
   (1.566820838, 0.4633690035, 0.5772059278 )
   (3.928128705, 0.8238757309, 0.2759081578 )
   (1.682792674, 0.9578106939, 0.1812675977 )
   (1.857504362, 1.348575832, 0.03839397075 )
   (1.611584189, 0.723168154, 0.3508949756 )
   (1.685249646, 0.9657978328, 0.1766618753 )
   (1.697439031, 0.9955283077, 0.1606755096 )
   (1.629430348, 0.7861747921, 0.303439235 )
   (2.984122477,   1.5890603, 0.02087204674 )
   ( 1.56501927, 0.4661184719, 0.5763773032 )
   (3.634572122, 0.9624878472, 0.1784814995 )
   (1.577589512, 0.5351987579, 0.5125822332 )
   ( 1.54432257, 0.3041617018, 0.7282388213 )
   (1.978042652, 1.555540984, 0.02169124718 )
   (1.549508036, 0.3504803225, 0.6843065082 )
   (1.824272637, 1.282234411, 0.05023401453 )
   (1.740340495, 1.101120504, 0.1081326124 )
   ( 1.54610701, 0.3050732807, 0.7261311171 )
   (1.556633859, 0.4131548209, 0.6269930937 )
   (1.584022587, 0.5910633243, 0.4639628627 )
   (3.028168588, 1.496577088, 0.02402506831 )
   (1.578009637, 0.5622412569, 0.4904184018 )
   (4.104991121, 0.7402889402, 0.3371236536 )
   (1.802012174,  1.23681533, 0.06114039913 )
   (1.812885424, 1.261249787, 0.05522859253 )
   (1.833415628, 1.302879086, 0.04630835625 )
   (1.567518024, 0.4968155732, 0.5505760823 )
   (1.791990686, 1.218260567, 0.06669081369 )
   (1.587856041, 0.5976320919, 0.4574632422 )
   ( 1.96010113, 1.528220807, 0.02264870204 )
   ( 4.66337933, 0.5528932932, 0.4967635158 )
   (1.942306949, 1.498673369, 0.02397179553 )
   (1.845659086, 1.323643396, 0.04222717855 )
   (3.731298471, 0.9168846883, 0.2092098829 )
   (2.941090094, 1.848353223, 0.0194635333 )
   ( 3.67858238, 0.9417857423, 0.1918543011 )
   (1.703592663, 1.012015379, 0.1525951643 )
   (1.573639281, 0.5412947773, 0.5106378844 )
   ( 5.59693953, 0.2643549997, 0.7687261837 )
   ( 3.07993034, 1.416035347, 0.02989703264 )
   (3.099429527, 1.390058999, 0.03266900838 )
   (1.822115373, 1.280230095, 0.05091950755 )
   (2.067859875, 1.696088694, 0.01970127579 )
   (2.020671289, 1.624696542, 0.02029893144 )
   (1.539015036, 0.2532827026, 0.7820474794 )


Time for model checking: 3269.053s.

Performance statistics:
  * peak memory usage: 34MB
  * CPU time: 3261.337s
  * wallclock time: 3269.121s
	Command being timed: "timeout 7200 /home/tq429871/storm/build/bin/storm --prism /home/tq429871/git/multiobjective-ma/slurm/../models/ma/stream/stream.ma --prop /home/tq429871/git/multiobjective-ma/slurm/../models/ma/stream/stream4.csl -const N=30 --multiobjective:precision 0.001 -stats -tm"
	User time (seconds): 3261.34
	System time (seconds): 0.04
	Percent of CPU this job got: 99%
	Elapsed (wall clock) time (h:mm:ss or m:ss): 54:29.19
	Average shared text size (kbytes): 0
	Average unshared data size (kbytes): 0
	Average stack size (kbytes): 0
	Average total size (kbytes): 0
	Maximum resident set size (kbytes): 35664
	Average resident set size (kbytes): 0
	Major (requiring I/O) page faults: 0
	Minor (reclaiming a frame) page faults: 37923
	Voluntary context switches: 114
	Involuntary context switches: 1402
	Swaps: 0
	File system inputs: 8
	File system outputs: 8
	Socket messages sent: 0
	Socket messages received: 0
	Signals delivered: 0
	Page size (bytes): 4096
	Exit status: 0
