Storm 1.6.3

Date: Thu Nov 26 11:19:10 2020
Command line arguments: --prism /home/tq429871/git/multiobjective-ma/slurm/../models/ma/jobs/jobs12_3.ma --prop /home/tq429871/git/multiobjective-ma/slurm/../models/ma/jobs/jobs2.csl '--multiobjective:precision' 0.001 -stats -tm
Current working directory: /rwthfs/rz/cluster/home/tq429871/git/multiobjective-ma/slurm

Time for model input parsing: 0.051s.

Time for model construction: 3.357s.

-------------------------------------------------------------- 
Model type: 	Markov Automaton (sparse)
States: 	116814
Transitions: 	450783
Choices: 	225437
Markovian St.: 	112719
Max. Rate: 	8.5
Reward Models:  none
State Labels: 	4 labels
   * deadlock -> 1 item(s)
   * init -> 1 item(s)
   * half_of_jobs_finished -> 19404 item(s)
   * all_jobs_finished -> 1 item(s)
Choice Labels: 	none
-------------------------------------------------------------- 

Time for model preprocessing: 0.000s.

-------------------------------------------------------------- 
Model type: 	Markov Automaton (sparse)
States: 	116814
Transitions: 	450783
Choices: 	225437
Markovian St.: 	112719
Max. Rate: 	8.5
Reward Models:  none
State Labels: 	4 labels
   * deadlock -> 1 item(s)
   * init -> 1 item(s)
   * half_of_jobs_finished -> 19404 item(s)
   * all_jobs_finished -> 1 item(s)
Choice Labels: 	none
-------------------------------------------------------------- 

Model checking property "1": multi(T[exp]min=? [F "all_jobs_finished"], Pmax=? [true U<=(12 / (4 * 3)) "half_of_jobs_finished"]) ...
Preprocessing done in 0.314s seconds.
 Result: 
---------------------------------------------------------------------------------------------------------------------------------------
                                                       Multi-objective Query                                              
---------------------------------------------------------------------------------------------------------------------------------------

Original Formula: 
--------------------------------------------------------------
	multi(T[exp]min=? [F "all_jobs_finished"], Pmax=? [true U<=(12 / (4 * 3)) "half_of_jobs_finished"])

The query considers 2 objectives:
--------------------------------------------------------------
Original: T[exp]min=? [F "all_jobs_finished"] 	Preprocessed: R[exp]{"obj1"}min=? [C] 	result bounds: >=0
Original: Pmax=? [true U<=(12 / (4 * 3)) "half_of_jobs_finished"] 	Preprocessed: R[exp]{"obj2"}max=? [C<=(12 / (4 * 3))] 	result bounds: [0, 1]
Number of Long-Run-Average Reward Objectives (after preprocessing): 0.
Number of Total Reward Objectives (after preprocessing): 1.
--------------------------------------------------------------

Original Model Information:
-------------------------------------------------------------- 
Model type: 	Markov Automaton (sparse)
States: 	116814
Transitions: 	450783
Choices: 	225437
Markovian St.: 	112719
Max. Rate: 	8.5
Reward Models:  none
State Labels: 	4 labels
   * deadlock -> 1 item(s)
   * init -> 1 item(s)
   * half_of_jobs_finished -> 19404 item(s)
   * all_jobs_finished -> 1 item(s)
Choice Labels: 	none
-------------------------------------------------------------- 

Preprocessed Model Information:
-------------------------------------------------------------- 
Model type: 	Markov Automaton (sparse)
States: 	116814
Transitions: 	450783
Choices: 	225437
Markovian St.: 	112719
Max. Rate: 	8.5
Reward Models:  obj2, obj1
State Labels: 	5 labels
   * deadl -> 1 item(s)
   * all_jobs_finished -> 1 item(s)
   * half_of_jobs_finished -> 19404 item(s)
   * deadlock -> 1 item(s)
   * init -> 1 item(s)
Choice Labels: 	none
-------------------------------------------------------------- 

---------------------------------------------------------------------------------------------------------------------------------------

Final preprocessed model has 112719 Markovian states.
Weight Vector Checker Statistics:
Final preprocessed model has 116814 states.
Final preprocessed model has 225437 actions.

Pareto Curve Approximation Algorithm terminated after 23 refinement steps.
Solving multi-objective query took 5951.443s seconds (consisting of 0.314s seconds for preprocessing and 5951.126s seconds for analyzing the preprocessed model).
Result (for initial states): 
Underapproximation of achievable values: Polytope with 24 Halfspaces:
   (        -1,   0.524469) * x <= -2.52707
   (        -1,   0.498238) * x <= -2.5433
   (        -1,   0.425239) * x <= -2.57997
   (        -1,   0.765428) * x <= -2.35933
   ( -0.794827,          1) * x <= -1.59493
   (        -1,   0.910468) * x <= -2.25587
   ( -0.380338,          1) * x <= -0.388395
   (        -1,   0.303511) * x <= -2.62795
   (        -1,   0.386097) * x <= -2.59691
   (        -1,          0) * x <= -2.71265
   (         0,          1) * x <= 0.719557
   (        -1,   0.359983) * x <= -2.60725
   (        -1,   0.476651) * x <= -2.55539
   (        -1, 0.000470785) * x <= -2.71265
   (        -1,   0.272437) * x <= -2.63843
   (        -1,   0.121857) * x <= -2.68197
   (        -1,   0.576289) * x <= -2.49227
   (        -1,   0.170577) * x <= -2.66896
   (-0.000601928,          1) * x <= 0.717762
   (        -1,   0.659853) * x <= -2.43423
   (        -1,   0.456483) * x <= -2.56543
   (        -1,   0.207446) * x <= -2.65847
   (        -1,   0.243499) * x <= -2.64766
   (        -1,   0.331889) * x <= -2.61785

Overapproximation of achievable values: Polytope with 23 Halfspaces:
   (        -1,          0) * x <= -2.71265
   (         0,          1) * x <= 0.720193
   ( -0.728091,   0.271909) * x <= -1.89394
   ( -0.582903,   0.417097) * x <= -1.39543
   (  -0.91429,  0.0857097) * x <= -2.45801
   ( -0.672677,   0.327323) * x <= -1.71473
   ( -0.794623,   0.205377) * x <= -2.09958
   ( -0.114146,   0.885854) * x <= 0.305452
   ( -0.651196,   0.348804) * x <= -1.64027
   ( -0.693409,   0.306591) * x <= -1.78303
   ( -0.840646,   0.159354) * x <= -2.23856
   ( -0.487756,   0.512244) * x <= -1.051
   ( -0.758954,   0.241046) * x <= -1.99018
   ( -0.621577,   0.378423) * x <= -1.53463
   ( -0.661921,   0.338079) * x <= -1.67786
   ( -0.712078,   0.287922) * x <= -1.84309
   ( -0.680391,   0.319609) * x <= -1.74053
   ( -0.376048,   0.623952) * x <= -0.645723
   ( -0.870563,   0.129437) * x <= -2.32803
   (  -0.81478,    0.18522) * x <= -2.16068
   ( -0.776268,   0.223732) * x <= -2.04349
   ( -0.743427,   0.256573) * x <= -1.94197
   ( -0.545655,   0.454345) * x <= -1.26076

23 Pareto optimal points found:
   (2.714506189, 0.2670152654 )
   (2.725300207, 0.3188615963 )
   (2.712767708, 0.2527486613 )
   (2.712648718,           0 )
   (2.851443521, 0.618473144 )
   (2.720686071, 0.2999122551 )
   (2.892592847, 0.6946497624 )
   ( 2.98137114, 0.7195567783 )
   (2.902305263, 0.7093688254 )
   (2.912961477, 0.7195156006 )
   (2.879280508, 0.6715496576 )
   (2.822470248, 0.5603216589 )
   (2.777812895, 0.4652542591 )
   (2.908530413,  0.71684505 )
   (2.764061416, 0.4329160414 )
   (2.792674919, 0.497811965 )
   (2.910907432, 0.7187343685 )
   (2.743016029, 0.3771409188 )
   (2.736033387, 0.3561018243 )
   (2.717487869, 0.2844952586 )
   (2.730294596, 0.3371938397 )
   ( 2.90537517, 0.7133795321 )
   (2.749759747, 0.3958743645 )


Time for model checking: 5951.444s.

Performance statistics:
  * peak memory usage: 128MB
  * CPU time: 5940.543s
  * wallclock time: 5954.933s
	Command being timed: "timeout 7200 /home/tq429871/storm/build/bin/storm --prism /home/tq429871/git/multiobjective-ma/slurm/../models/ma/jobs/jobs12_3.ma --prop /home/tq429871/git/multiobjective-ma/slurm/../models/ma/jobs/jobs2.csl --multiobjective:precision 0.001 -stats -tm"
	User time (seconds): 5940.54
	System time (seconds): 0.24
	Percent of CPU this job got: 99%
	Elapsed (wall clock) time (h:mm:ss or m:ss): 1:39:15
	Average shared text size (kbytes): 0
	Average unshared data size (kbytes): 0
	Average stack size (kbytes): 0
	Average total size (kbytes): 0
	Maximum resident set size (kbytes): 131456
	Average resident set size (kbytes): 0
	Major (requiring I/O) page faults: 0
	Minor (reclaiming a frame) page faults: 351800
	Voluntary context switches: 116
	Involuntary context switches: 2392
	Swaps: 0
	File system inputs: 0
	File system outputs: 0
	Socket messages sent: 0
	Socket messages received: 0
	Signals delivered: 0
	Page size (bytes): 4096
	Exit status: 0
