Storm 1.6.3

Date: Fri Nov 27 00:09:47 2020
Command line arguments: --prism /home/tq429871/git/multiobjective-ma/slurm/../models/ma/stream/stream.ma --prop /home/tq429871/git/multiobjective-ma/slurm/../models/ma/stream/stream2.csl -const N=30 '--multiobjective:precision' 0.01 -stats -tm
Current working directory: /rwthfs/rz/cluster/home/tq429871/git/multiobjective-ma/slurm

Time for model input parsing: 0.002s.

Time for model construction: 0.020s.

-------------------------------------------------------------- 
Model type: 	Markov Automaton (sparse)
States: 	1426
Transitions: 	2731
Choices: 	1861
Markovian St.: 	931
Max. Rate: 	8
Reward Models:  none
State Labels: 	4 labels
   * deadlock -> 0 item(s)
   * init -> 1 item(s)
   * underrun -> 464 item(s)
   * running -> 465 item(s)
Choice Labels: 	none
-------------------------------------------------------------- 

Time for model preprocessing: 0.000s.

-------------------------------------------------------------- 
Model type: 	Markov Automaton (sparse)
States: 	1426
Transitions: 	2731
Choices: 	1861
Markovian St.: 	931
Max. Rate: 	8
Reward Models:  none
State Labels: 	4 labels
   * deadlock -> 0 item(s)
   * init -> 1 item(s)
   * underrun -> 464 item(s)
   * running -> 465 item(s)
Choice Labels: 	none
-------------------------------------------------------------- 

Model checking property "1": multi(T[exp]min=? [F "running"], Pmin=? [true U<=2 "underrun"]) ...
Preprocessing done in 0.002s seconds.
 Result: 
---------------------------------------------------------------------------------------------------------------------------------------
                                                       Multi-objective Query                                              
---------------------------------------------------------------------------------------------------------------------------------------

Original Formula: 
--------------------------------------------------------------
	multi(T[exp]min=? [F "running"], Pmin=? [true U<=2 "underrun"])

The query considers 2 objectives:
--------------------------------------------------------------
Original: T[exp]min=? [F "running"] 	Preprocessed: R[exp]{"obj1"}min=? [C] 	result bounds: >=0
Original: Pmin=? [true U<=2 "underrun"] 	Preprocessed: R[exp]{"obj2"}min=? [C<=2] 	result bounds: [0, 1]
Number of Long-Run-Average Reward Objectives (after preprocessing): 0.
Number of Total Reward Objectives (after preprocessing): 1.
--------------------------------------------------------------

Original Model Information:
-------------------------------------------------------------- 
Model type: 	Markov Automaton (sparse)
States: 	1426
Transitions: 	2731
Choices: 	1861
Markovian St.: 	931
Max. Rate: 	8
Reward Models:  none
State Labels: 	4 labels
   * deadlock -> 0 item(s)
   * init -> 1 item(s)
   * underrun -> 464 item(s)
   * running -> 465 item(s)
Choice Labels: 	none
-------------------------------------------------------------- 

Preprocessed Model Information:
-------------------------------------------------------------- 
Model type: 	Markov Automaton (sparse)
States: 	554
Transitions: 	1047
Choices: 	583
Markovian St.: 	494
Max. Rate: 	8
Reward Models:  obj2, obj1
State Labels: 	5 labels
   * deadl -> 58 item(s)
   * deadlock -> 0 item(s)
   * running -> 464 item(s)
   * underrun -> 29 item(s)
   * init -> 1 item(s)
Choice Labels: 	none
-------------------------------------------------------------- 

---------------------------------------------------------------------------------------------------------------------------------------

Final preprocessed model has 466 Markovian states.
Weight Vector Checker Statistics:
Final preprocessed model has 496 states.
Final preprocessed model has 525 actions.

Pareto Curve Approximation Algorithm terminated after 19 refinement steps.
Solving multi-objective query took 8.382s seconds (consisting of 0.002s seconds for preprocessing and 8.380s seconds for analyzing the preprocessed model).
Result (for initial states): 
Underapproximation of achievable values: Polytope with 17 Halfspaces:
   ( -0.894438,         -1) * x <= -0.999432
   ( -0.856139,         -1) * x <= -0.977021
   (        -1,  -0.973513) * x <= -1.02086
   ( -0.769705,         -1) * x <= -0.915418
   (        -1,          0) * x <= -0.25
   (         0,         -1) * x <= -0.0252984
   ( -0.718459,         -1) * x <= -0.875499
   (-0.0323452,         -1) * x <= -0.0783599
   ( -0.942157,         -1) * x <= -1.02036
   ( -0.352826,         -1) * x <= -0.501434
   (        -1,  -0.565484) * x <= -0.705004
   (-0.0019886,         -1) * x <= -0.0295789
   ( -0.153058,         -1) * x <= -0.25163
   (  -0.25141,         -1) * x <= -0.379143
   ( -0.559997,         -1) * x <= -0.726012
   (-0.0797032,         -1) * x <= -0.149013
   ( -0.475839,         -1) * x <= -0.639136

Overapproximation of achievable values: Polytope with 19 Halfspaces:
   (        -1,          0) * x <= -0.25
   (         0,         -1) * x <= -0.0189346
   ( -0.338766,  -0.661234) * x <= -0.442795
   ( -0.521345,  -0.478655) * x <= -0.505359
   (-0.0986683,  -0.901332) * x <= -0.166072
   ( -0.450092,  -0.549908) * x <= -0.517993
   ( -0.231466,  -0.768534) * x <= -0.332399
   ( -0.477606,  -0.522394) * x <= -0.522136
   ( -0.406523,  -0.593477) * x <= -0.49627
   (-0.0159546,  -0.984045) * x <= -0.0453371
   (    -0.929, -0.0710001) * x <= -0.288028
   (  -0.16615,   -0.83385) * x <= -0.254355
   ( -0.846167,  -0.153833) * x <= -0.332443
   ( -0.293074,  -0.706926) * x <= -0.398472
   ( -0.733015,  -0.266985) * x <= -0.393113
   ( -0.423026,  -0.576974) * x <= -0.507204
   ( -0.493538,  -0.506462) * x <= -0.517717
   ( -0.467125,  -0.532875) * x <= -0.522505
   (-0.0507993,  -0.949201) * x <= -0.0983131

16 Pareto optimal points found:
   (1.398894365, 0.03751696814 )
   (1.296515994, 0.05318684601 )
   (1.032300634, 0.1479270122 )
   (0.5851455382, 0.4760556061 )
   (0.3323958943, 0.7071941959 )
   (0.4386362352, 0.6070991574 )
   (0.9433632703, 0.1977316374 )
   (1.606929219, 0.02638335614 )
   (0.7127169511, 0.3668367886 )
   (1.119407929, 0.1064779907 )
   (0.2672647838, 0.7740973679 )
   (       0.25, 0.8046283524 )
   (0.7789716132, 0.3158402638 )
   (1.491902596, 0.03010391893 )
   (2.152509276, 0.02529841446 )
   (1.205828812, 0.07598647313 )


Time for model checking: 8.382s.

Performance statistics:
  * peak memory usage: 31MB
  * CPU time: 8.414s
  * wallclock time: 8.410s
	Command being timed: "timeout 7200 /home/tq429871/storm/build/bin/storm --prism /home/tq429871/git/multiobjective-ma/slurm/../models/ma/stream/stream.ma --prop /home/tq429871/git/multiobjective-ma/slurm/../models/ma/stream/stream2.csl -const N=30 --multiobjective:precision 0.01 -stats -tm"
	User time (seconds): 8.41
	System time (seconds): 0.01
	Percent of CPU this job got: 99%
	Elapsed (wall clock) time (h:mm:ss or m:ss): 0:08.47
	Average shared text size (kbytes): 0
	Average unshared data size (kbytes): 0
	Average stack size (kbytes): 0
	Average total size (kbytes): 0
	Maximum resident set size (kbytes): 32976
	Average resident set size (kbytes): 0
	Major (requiring I/O) page faults: 0
	Minor (reclaiming a frame) page faults: 11141
	Voluntary context switches: 90
	Involuntary context switches: 9
	Swaps: 0
	File system inputs: 0
	File system outputs: 0
	Socket messages sent: 0
	Socket messages received: 0
	Signals delivered: 0
	Page size (bytes): 4096
	Exit status: 0
