Storm 1.6.3

Date: Thu Nov 26 11:04:39 2020
Command line arguments: --prism /home/tq429871/git/multiobjective-ma/slurm/../models/ma/jobs/jobs10_2.ma --prop /home/tq429871/git/multiobjective-ma/slurm/../models/ma/jobs/jobs2.csl '--multiobjective:precision' 0.01 -stats -tm
Current working directory: /rwthfs/rz/cluster/home/tq429871/git/multiobjective-ma/slurm

Time for model input parsing: 0.008s.

Time for model construction: 0.125s.

-------------------------------------------------------------- 
Model type: 	Markov Automaton (sparse)
States: 	12554
Transitions: 	34581
Choices: 	23061
Markovian St.: 	11531
Max. Rate: 	5.7
Reward Models:  none
State Labels: 	4 labels
   * deadlock -> 1 item(s)
   * init -> 1 item(s)
   * half_of_jobs_finished -> 2772 item(s)
   * all_jobs_finished -> 1 item(s)
Choice Labels: 	none
-------------------------------------------------------------- 

Time for model preprocessing: 0.000s.

-------------------------------------------------------------- 
Model type: 	Markov Automaton (sparse)
States: 	12554
Transitions: 	34581
Choices: 	23061
Markovian St.: 	11531
Max. Rate: 	5.7
Reward Models:  none
State Labels: 	4 labels
   * deadlock -> 1 item(s)
   * init -> 1 item(s)
   * half_of_jobs_finished -> 2772 item(s)
   * all_jobs_finished -> 1 item(s)
Choice Labels: 	none
-------------------------------------------------------------- 

Model checking property "1": multi(T[exp]min=? [F "all_jobs_finished"], Pmax=? [true U<=(10 / (4 * 2)) "half_of_jobs_finished"]) ...
Preprocessing done in 0.025s seconds.
 Result: 
---------------------------------------------------------------------------------------------------------------------------------------
                                                       Multi-objective Query                                              
---------------------------------------------------------------------------------------------------------------------------------------

Original Formula: 
--------------------------------------------------------------
	multi(T[exp]min=? [F "all_jobs_finished"], Pmax=? [true U<=(10 / (4 * 2)) "half_of_jobs_finished"])

The query considers 2 objectives:
--------------------------------------------------------------
Original: T[exp]min=? [F "all_jobs_finished"] 	Preprocessed: R[exp]{"obj1"}min=? [C] 	result bounds: >=0
Original: Pmax=? [true U<=(10 / (4 * 2)) "half_of_jobs_finished"] 	Preprocessed: R[exp]{"obj2"}max=? [C<=(10 / (4 * 2))] 	result bounds: [0, 1]
Number of Long-Run-Average Reward Objectives (after preprocessing): 0.
Number of Total Reward Objectives (after preprocessing): 1.
--------------------------------------------------------------

Original Model Information:
-------------------------------------------------------------- 
Model type: 	Markov Automaton (sparse)
States: 	12554
Transitions: 	34581
Choices: 	23061
Markovian St.: 	11531
Max. Rate: 	5.7
Reward Models:  none
State Labels: 	4 labels
   * deadlock -> 1 item(s)
   * init -> 1 item(s)
   * half_of_jobs_finished -> 2772 item(s)
   * all_jobs_finished -> 1 item(s)
Choice Labels: 	none
-------------------------------------------------------------- 

Preprocessed Model Information:
-------------------------------------------------------------- 
Model type: 	Markov Automaton (sparse)
States: 	12554
Transitions: 	34581
Choices: 	23061
Markovian St.: 	11531
Max. Rate: 	5.7
Reward Models:  obj2, obj1
State Labels: 	5 labels
   * deadl -> 1 item(s)
   * all_jobs_finished -> 1 item(s)
   * half_of_jobs_finished -> 2772 item(s)
   * deadlock -> 1 item(s)
   * init -> 1 item(s)
Choice Labels: 	none
-------------------------------------------------------------- 

---------------------------------------------------------------------------------------------------------------------------------------

Final preprocessed model has 11531 Markovian states.
Weight Vector Checker Statistics:
Final preprocessed model has 12554 states.
Final preprocessed model has 23061 actions.

Pareto Curve Approximation Algorithm terminated after 9 refinement steps.
Solving multi-objective query took 13.181s seconds (consisting of 0.025s seconds for preprocessing and 13.155s seconds for analyzing the preprocessed model).
Result (for initial states): 
Underapproximation of achievable values: Polytope with 10 Halfspaces:
   (        -1,   0.540339) * x <= -2.78243
   (        -1,   0.363463) * x <= -2.90262
   (-0.00538931,          1) * x <= 0.691573
   (        -1,   0.188659) * x <= -2.99464
   (        -1,   0.107875) * x <= -3.02202
   (        -1,   0.268365) * x <= -2.96101
   (        -1, 6.76344e-05) * x <= -3.05203
   (        -1,     0.8263) * x <= -2.58291
   (         0,          1) * x <= 0.708894
   (        -1,          0) * x <= -3.05203

Overapproximation of achievable values: Polytope with 9 Halfspaces:
   (        -1,          0) * x <= -3.05203
   (         0,          1) * x <= 0.715256
   ( -0.814079,   0.185921) * x <= -2.41892
   ( -0.672577,   0.327423) * x <= -1.8911
   ( -0.313555,   0.686445) * x <= -0.502237
   ( -0.949958,  0.0500424) * x <= -2.87936
   ( -0.773658,   0.226342) * x <= -2.27419
   ( -0.866129,   0.133871) * x <= -2.59818
   (   -0.6069,     0.3931) * x <= -1.63859

9 Pareto optimal points found:
   (3.052025694,           0 )
   (3.052044516, 0.2782907366 )
   (3.074255751, 0.4219945395 )
   (3.213923939, 0.7088938333 )
   (3.058587354, 0.3389430086 )
   ( 3.16846877, 0.7086488613 )
   ( 3.12578055, 0.6139895263 )
   (3.159427422, 0.6977068946 )
   (3.149594655, 0.6795095015 )


Time for model checking: 13.181s.

Performance statistics:
  * peak memory usage: 38MB
  * CPU time: 13.305s
  * wallclock time: 13.338s
	Command being timed: "timeout 7200 /home/tq429871/storm/build/bin/storm --prism /home/tq429871/git/multiobjective-ma/slurm/../models/ma/jobs/jobs10_2.ma --prop /home/tq429871/git/multiobjective-ma/slurm/../models/ma/jobs/jobs2.csl --multiobjective:precision 0.01 -stats -tm"
	User time (seconds): 13.30
	System time (seconds): 0.02
	Percent of CPU this job got: 99%
	Elapsed (wall clock) time (h:mm:ss or m:ss): 0:13.40
	Average shared text size (kbytes): 0
	Average unshared data size (kbytes): 0
	Average stack size (kbytes): 0
	Average total size (kbytes): 0
	Maximum resident set size (kbytes): 39572
	Average resident set size (kbytes): 0
	Major (requiring I/O) page faults: 0
	Minor (reclaiming a frame) page faults: 18499
	Voluntary context switches: 91
	Involuntary context switches: 17
	Swaps: 0
	File system inputs: 8
	File system outputs: 0
	Socket messages sent: 0
	Socket messages received: 0
	Signals delivered: 0
	Page size (bytes): 4096
	Exit status: 0
