Storm 1.6.3

Date: Thu Nov 26 10:56:32 2020
Command line arguments: --prism /home/tq429871/git/multiobjective-ma/slurm/../models/ma/stream/stream.ma --prop /home/tq429871/git/multiobjective-ma/slurm/../models/ma/stream/stream1.csl -const N=250 '--multiobjective:precision' 0.001 -stats -tm
Current working directory: /rwthfs/rz/cluster/home/tq429871/git/multiobjective-ma/slurm

Time for model input parsing: 0.002s.

Time for model construction: 0.253s.

-------------------------------------------------------------- 
Model type: 	Markov Automaton (sparse)
States: 	94376
Transitions: 	187751
Choices: 	125501
Markovian St.: 	62751
Max. Rate: 	8
Reward Models:  numrestarts, buffering
State Labels: 	3 labels
   * deadlock -> 0 item(s)
   * init -> 1 item(s)
   * done -> 1 item(s)
Choice Labels: 	none
-------------------------------------------------------------- 

Time for model preprocessing: 0.000s.

-------------------------------------------------------------- 
Model type: 	Markov Automaton (sparse)
States: 	94376
Transitions: 	187751
Choices: 	125501
Markovian St.: 	62751
Max. Rate: 	8
Reward Models:  numrestarts, buffering
State Labels: 	3 labels
   * deadlock -> 0 item(s)
   * init -> 1 item(s)
   * done -> 1 item(s)
Choice Labels: 	none
-------------------------------------------------------------- 

Model checking property "1": multi(R[exp]{"buffering"}min=? [F "done"], R[exp]{"numrestarts"}min=? [F "done"]) ...
Preprocessing done in 0.831s seconds.
 Result: 
---------------------------------------------------------------------------------------------------------------------------------------
                                                       Multi-objective Query                                              
---------------------------------------------------------------------------------------------------------------------------------------

Original Formula: 
--------------------------------------------------------------
	multi(R[exp]{"buffering"}min=? [F "done"], R[exp]{"numrestarts"}min=? [F "done"])

The query considers 2 objectives:
--------------------------------------------------------------
Original: R[exp]{"buffering"}min=? [F "done"] 	Preprocessed: R[exp]{"obj1"}min=? [C] 	result bounds: >=0
Original: R[exp]{"numrestarts"}min=? [F "done"] 	Preprocessed: R[exp]{"obj2"}min=? [C] 	result bounds: >=0
Number of Long-Run-Average Reward Objectives (after preprocessing): 0.
Number of Total Reward Objectives (after preprocessing): 2.
--------------------------------------------------------------

Original Model Information:
-------------------------------------------------------------- 
Model type: 	Markov Automaton (sparse)
States: 	94376
Transitions: 	187751
Choices: 	125501
Markovian St.: 	62751
Max. Rate: 	8
Reward Models:  numrestarts, buffering
State Labels: 	3 labels
   * deadlock -> 0 item(s)
   * init -> 1 item(s)
   * done -> 1 item(s)
Choice Labels: 	none
-------------------------------------------------------------- 

Preprocessed Model Information:
-------------------------------------------------------------- 
Model type: 	Markov Automaton (sparse)
States: 	94375
Transitions: 	187750
Choices: 	125500
Markovian St.: 	62750
Max. Rate: 	8
Reward Models:  obj2, obj1
State Labels: 	4 labels
   * deadl -> 251 item(s)
   * deadlock -> 0 item(s)
   * done -> 0 item(s)
   * init -> 1 item(s)
Choice Labels: 	none
-------------------------------------------------------------- 

---------------------------------------------------------------------------------------------------------------------------------------

Final preprocessed model has 62501 Markovian states.
Weight Vector Checker Statistics:
Final preprocessed model has 94125 states.
Final preprocessed model has 125250 actions.

Pareto Curve Approximation Algorithm terminated after 90 refinement steps.
Solving multi-objective query took 18.955s seconds (consisting of 0.831s seconds for preprocessing and 18.121s seconds for analyzing the preprocessed model).
Result (for initial states): 
Underapproximation of achievable values: Polytope with 91 Halfspaces:
   ( -0.113261,         -1) * x <= -1.16419
   ( -0.141586,         -1) * x <= -1.38201
   ( -0.483642,         -1) * x <= -3.6767
   (  -0.51877,         -1) * x <= -3.89371
   ( -0.732936,         -1) * x <= -5.18306
   ( -0.414394,         -1) * x <= -3.24103
   ( -0.569973,         -1) * x <= -4.20797
   ( -0.609437,         -1) * x <= -4.44661
   ( -0.205811,         -1) * x <= -1.85061
   (  -0.22231,         -1) * x <= -1.9664
   ( -0.375327,         -1) * x <= -2.99031
   ( -0.314702,         -1) * x <= -2.59455
   (        -1,    -0.2369) * x <= -5.5896
   (        -1,  -0.179084) * x <= -5.43668
   (        -1,  -0.223535) * x <= -5.55711
   (        -1,  -0.302647) * x <= -5.73855
   (        -1,  -0.315057) * x <= -5.76496
   (        -1, -0.0597721) * x <= -4.99528
   ( -0.152518,         -1) * x <= -1.4637
   (        -1,  -0.057783) * x <= -4.98444
   (        -1,  -0.534908) * x <= -6.15095
   (-0.0534955,         -1) * x <= -0.666006
   (-0.0707066,         -1) * x <= -0.81674
   ( -0.040458,         -1) * x <= -0.543576
   (  -0.67362,         -1) * x <= -4.83222
   (        -1,  -0.962148) * x <= -6.68772
   (-0.0107961,         -1) * x <= -0.192548
   (        -1,  -0.637132) * x <= -6.29742
   (        -1,  -0.108376) * x <= -5.20747
   (-0.0443494,         -1) * x <= -0.581373
   (-0.0813761,         -1) * x <= -0.906846
   (        -1,   -0.19973) * x <= -5.49363
   (-0.00427452,         -1) * x <= -0.107741
   (        -1,  -0.443941) * x <= -6.0044
   (-0.0153182,         -1) * x <= -0.248629
   (        -1, -0.0272077) * x <= -4.79054
   (        -1, -0.0294708) * x <= -4.80906
   (        -1, -0.0661867) * x <= -5.02727
   (-0.0903568,         -1) * x <= -0.980888
   (        -1,  -0.384507) * x <= -5.89943
   (        -1, -0.0139293) * x <= -4.66898
   (        -1,  -0.117641) * x <= -5.2408
   (        -1,          0) * x <= -4.45808
   ( -0.965824,         -1) * x <= -6.53397
   (-0.0630151,         -1) * x <= -0.75027
   ( -0.183152,         -1) * x <= -1.68849
   (-0.0755797,         -1) * x <= -0.858057
   (        -1,   -0.03339) * x <= -4.83688
   (        -1,  -0.145239) * x <= -5.33469
   (        -1,  -0.129931) * x <= -5.28337
   ( -0.270117,         -1) * x <= -2.2958
   (        -1,  -0.798158) * x <= -6.50299
   (-0.00135306,         -1) * x <= -0.0663658
   (        -1, -0.0105424) * x <= -4.6317
   (        -1,  -0.283566) * x <= -5.69667
   ( -0.866024,         -1) * x <= -5.95966
   ( -0.126703,         -1) * x <= -1.26859
   (  -0.43863,         -1) * x <= -3.39405
   (        -1, -0.0391119) * x <= -4.87426
   ( -0.163555,         -1) * x <= -1.54563
   (        -1, -0.00959332) * x <= -4.61888
   (        -1, -0.0955213) * x <= -5.15706
   (-0.0076264,         -1) * x <= -0.151993
   ( -0.022199,         -1) * x <= -0.331434
   (        -1,  -0.155886) * x <= -5.36927
   (        -1,  -0.101704) * x <= -5.18237
   (        -1, -0.0202268) * x <= -4.72894
   (        -1, -0.0092726) * x <= -4.61416
   (         0,         -1) * x <= -0.0449207
   (        -1, -0.0121952) * x <= -4.65063
   (        -1, -0.0456079) * x <= -4.91374
   (        -1, -0.0516063) * x <= -4.94907
   (        -1,  -0.851233) * x <= -6.56614
   (        -1,  -0.074806) * x <= -5.06691
   ( -0.239832,         -1) * x <= -2.0885
   (        -1,  -0.164171) * x <= -5.39396
   (        -1, -0.0163967) * x <= -4.69334
   (        -1,  -0.082963) * x <= -5.10315
   (        -1,  -0.496232) * x <= -6.09018
   (        -1,   -0.57898) * x <= -6.21528
   (        -1,  -0.346776) * x <= -5.82752
   (-3.18791e-05,         -1) * x <= -0.0457518
   (        -1,  -0.413195) * x <= -5.95204
   ( -0.356449,         -1) * x <= -2.86852
   ( -0.806893,         -1) * x <= -5.61728
   ( -0.100976,         -1) * x <= -1.06682
   (-0.0314881,         -1) * x <= -0.440196
   (        -1,  -0.729203) * x <= -6.4181
   (        -1,  -0.676187) * x <= -6.35057
   ( -0.291173,         -1) * x <= -2.43741
   (        -1,  -0.257461) * x <= -5.63762

Overapproximation of achievable values: Polytope with 90 Halfspaces:
   (        -1,          0) * x <= -4.45808
   (         0,         -1) * x <= -0.0449207
   ( -0.437182,  -0.562818) * x <= -3.06197
   ( -0.918622, -0.0813781) * x <= -4.71004
   (-0.0396926,  -0.960307) * x <= -0.530164
   ( -0.752191,  -0.247809) * x <= -4.3577
   ( -0.159524,  -0.840476) * x <= -1.45912
   ( -0.977475, -0.0225254) * x <= -4.64672
   ( -0.600208,  -0.399792) * x <= -3.80341
   ( -0.281049,  -0.718951) * x <= -2.22181
   (  -0.85403,   -0.14597) * x <= -4.62311
   (-0.0064196,   -0.99358) * x <= -0.135731
   (-0.0816599,   -0.91834) * x <= -0.889919
   (  -0.95842, -0.0415802) * x <= -4.69647
   ( -0.521782,  -0.478218) * x <= -3.46343
   ( -0.988595, -0.0114046) * x <= -4.59013
   ( -0.680704,  -0.319296) * x <= -4.11527
   ( -0.353078,  -0.646922) * x <= -2.62618
   ( -0.216368,  -0.783632) * x <= -1.83064
   ( -0.802294,  -0.197706) * x <= -4.50235
   ( -0.889912,  -0.110088) * x <= -4.68255
   (-0.0276721,  -0.972328) * x <= -0.393537
   ( -0.115385,  -0.884615) * x <= -1.14737
   ( -0.941711, -0.0582885) * x <= -4.71409
   (-0.0549143,  -0.945086) * x <= -0.667994
   ( -0.969603, -0.0303969) * x <= -4.67581
   ( -0.475953,  -0.524047) * x <= -3.25041
   ( -0.566335,  -0.433665) * x <= -3.66027
   ( -0.389743,  -0.610257) * x <= -2.82069
   ( -0.644463,  -0.355537) * x <= -3.97984
   ( -0.714553,  -0.285447) * x <= -4.23507
   ( -0.313898,  -0.686102) * x <= -2.41
   ( -0.824478,  -0.175522) * x <= -4.55831
   ( -0.190545,  -0.809455) * x <= -1.66554
   ( -0.249728,  -0.750272) * x <= -2.03597
   ( -0.990266, -0.00973357) * x <= -4.57707
   (-0.0133484,  -0.986652) * x <= -0.223418
   ( -0.905694, -0.0943056) * x <= -4.70189
   ( -0.772035,  -0.227965) * x <= -4.41787
   ( -0.868961,  -0.131039) * x <= -4.65133
   ( -0.138719,  -0.861281) * x <= -1.31528
   ( -0.985197, -0.0148027) * x <= -4.61053
   (-0.0970699,   -0.90293) * x <= -1.01
   (-0.000496181,  -0.999504) * x <= -0.0529737
   (-0.0667943,  -0.933206) * x <= -0.769059
   ( -0.947324, -0.0526759) * x <= -4.71006
   ( -0.933035, -0.0669654) * x <= -4.71458
   ( -0.497039,  -0.502961) * x <= -3.35022
   ( -0.544952,  -0.455048) * x <= -3.56772
   ( -0.409153,  -0.590847) * x <= -2.92103
   (-0.0463608,  -0.953639) * x <= -0.592058
   (-0.00251547,  -0.997485) * x <= -0.0827098
   ( -0.972164, -0.0278362) * x <= -4.66853
   ( -0.657829,  -0.342171) * x <= -4.03102
   ( -0.038122,  -0.961878) * x <= -0.513707
   ( -0.965297, -0.0347028) * x <= -4.68517
   ( -0.702681,  -0.297319) * x <= -4.19426
   ( -0.452054,  -0.547946) * x <= -3.13541
   ( -0.330469,  -0.669531) * x <= -2.50278
   ( -0.814738,  -0.185262) * x <= -4.53522
   ( -0.367826,  -0.632174) * x <= -2.70555
   ( -0.621332,  -0.378668) * x <= -3.88849
   ( -0.203033,  -0.796967) * x <= -1.74588
   (-0.0182123,  -0.981788) * x <= -0.282286
   (  -0.73183,   -0.26817) * x <= -4.29218
   ( -0.235421,  -0.764579) * x <= -1.94905
   ( -0.590431,  -0.409569) * x <= -3.76273
   ( -0.295961,  -0.704039) * x <= -2.3084
   ( -0.173706,  -0.826294) * x <= -1.55473
   ( -0.841292,  -0.158708) * x <= -4.59603
   ( -0.982203, -0.0177969) * x <= -4.62554
   ( -0.265159,  -0.734841) * x <= -2.12871
   ( -0.147809,  -0.852191) * x <= -1.37862
   ( -0.762594,  -0.237406) * x <= -4.39025
   ( -0.863275,  -0.136725) * x <= -4.64157
   ( -0.909582, -0.0904179) * x <= -4.70523
   ( -0.106862,  -0.893138) * x <= -1.08409
   ( -0.787499,  -0.212501) * x <= -4.46168
   (  -0.12612,   -0.87388) * x <= -1.22558
   (   -0.8792,    -0.1208) * x <= -4.66715
   ( -0.898832,  -0.101168) * x <= -4.69415
   ( -0.990699, -0.00930083) * x <= -4.57293
   (-0.0875268,  -0.912473) * x <= -0.936135
   (-0.00910011,    -0.9909) * x <= -0.170354
   ( -0.987192, -0.0128083) * x <= -4.59921
   ( -0.926939, -0.0730607) * x <= -4.71325
   (-0.0622557,  -0.937744) * x <= -0.730902
   ( -0.944267, -0.0557329) * x <= -4.71302
   (  -0.95385, -0.0461502) * x <= -4.70256
   ( -0.073953,  -0.926047) * x <= -0.827955

90 Pareto optimal points found:
   (5.489184297, 1.273882423 )
   (4.734524734, 4.443293608 )
   (4.540930618, 9.295235298 )
   (4.765919546, 4.094757643 )
   (4.477791574, 14.70661108 )
   (5.055313149, 2.261739718 )
   ( 4.51094044, 11.45451669 )
   (4.489275509, 13.50953542 )
   (5.520402753, 1.231070667 )
   (5.553302918, 1.189850544 )
   (6.845061865, 0.4468287654 )
   (4.863062184, 3.247268795 )
   (4.847733758, 3.352808061 )
   (4.618719391, 6.533624033 )
   (  5.7545446, 0.976091028 )
   (4.531469918, 9.872223482 )
   (4.521564827, 10.58332097 )
   (5.194306366, 1.833841288 )
   (5.166567179, 1.905983485 )
   (4.833333865, 3.463635275 )
   (5.430380779, 1.360845764 )
   (4.645147804, 5.889172068 )
   (4.669631591, 5.448130041 )
   (4.942679954, 2.758467119 )
   (8.417185956, 0.2218879339 )
   (6.279597968, 0.6396247334 )
   (6.725507433, 0.4791224824 )
   (7.154637035, 0.3781054941 )
   (4.599909151, 7.096974192 )
   (4.636563527, 6.077391027 )
   (5.094549258,  2.12789603 )
   (7.925646204, 0.2665280486 )
   (4.923639083, 2.864790696 )
   (7.472561062, 0.3240027786 )
   (5.074206169, 2.195113199 )
   ( 4.90473619, 2.979932055 )
   ( 5.01368379, 2.431055333 )
   (6.137515905, 0.7097538848 )
   (7.765941829,  0.28461628 )
   (5.871270705, 0.8797922057 )
   (15.60280583, 0.04525435401 )
   (4.697199563, 4.986912267 )
   (6.451356951, 0.5689408203 )
   ( 4.55047041, 8.823594425 )
   (5.143577758, 1.972278293 )
   (6.177721053, 0.6888966756 )
   (5.036299329, 2.335590883 )
   (5.790285114, 0.9451388894 )
   (6.007974875, 0.7851265204 )
   (6.968108921, 0.4173180943 )
   (7.621342669, 0.3029374474 )
   ( 6.31366521, 0.6246818102 )
   (7.017997011, 0.4062274906 )
   (6.417629081, 0.5815998089 )
   (6.046941689, 0.7613787002 )
   (6.678503157, 0.4928088603 )
   (7.422877689, 0.3315803989 )
   (11.70868195, 0.07151249137 )
   (4.458080694, 16.83232278 )
   (8.642088756, 0.2056877145 )
   ( 9.71311564, 0.1506026411 )
   (5.310391556, 1.571409152 )
   ( 12.7948196, 0.05441437817 )
   (4.747061912, 4.292175851 )
   (14.16250023, 0.04720316974 )
   (  5.3974343, 1.412556331 )
   (4.961005107, 2.666717602 )
   (5.370226118, 1.459549628 )
   (7.290015493,  0.35331065 )
   (5.248430421, 1.702852111 )
   (9.253379684, 0.1709916364 )
   (6.562706736, 0.5292502571 )
   ( 8.47836055, 0.2172643741 )
   (8.851632091, 0.1924833207 )
   (11.52513263, 0.07729210374 )
   (5.914749549, 0.8479250105 )
   ( 4.65351072, 5.727119973 )
   (5.670113096, 1.057637036 )
   ( 26.0698311, 0.04492067436 )
   ( 5.63310955, 1.096096359 )
   (13.20206236, 0.0513085837 )
   (12.40149432, 0.05866074856 )
   (4.817554751, 3.597764727 )
   (4.799864279, 3.760996554 )
   (8.244660395, 0.2359273932 )
   (5.276150273, 1.640411721 )
   (12.03409297, 0.06428868127 )
   (4.722853031, 4.599319836 )
   (4.567855725, 8.184608346 )
   (8.092855674, 0.2496439808 )


Time for model checking: 18.955s.

Performance statistics:
  * peak memory usage: 86MB
  * CPU time: 18.824s
  * wallclock time: 19.216s
	Command being timed: "timeout 7200 /home/tq429871/storm/build/bin/storm --prism /home/tq429871/git/multiobjective-ma/slurm/../models/ma/stream/stream.ma --prop /home/tq429871/git/multiobjective-ma/slurm/../models/ma/stream/stream1.csl -const N=250 --multiobjective:precision 0.001 -stats -tm"
	User time (seconds): 18.82
	System time (seconds): 0.38
	Percent of CPU this job got: 99%
	Elapsed (wall clock) time (h:mm:ss or m:ss): 0:19.26
	Average shared text size (kbytes): 0
	Average unshared data size (kbytes): 0
	Average stack size (kbytes): 0
	Average total size (kbytes): 0
	Maximum resident set size (kbytes): 88932
	Average resident set size (kbytes): 0
	Major (requiring I/O) page faults: 0
	Minor (reclaiming a frame) page faults: 271182
	Voluntary context switches: 33
	Involuntary context switches: 12
	Swaps: 0
	File system inputs: 0
	File system outputs: 0
	Socket messages sent: 0
	Socket messages received: 0
	Signals delivered: 0
	Page size (bytes): 4096
	Exit status: 0
