Storm 1.6.3

Date: Fri Nov 27 04:23:28 2020
Command line arguments: --prism /home/tq429871/git/multiobjective-ma/slurm/../models/ma/stream/stream.ma --prop /home/tq429871/git/multiobjective-ma/slurm/../models/ma/stream/stream4.csl -const N=30 '--multiobjective:precision' 0.01 -stats -tm
Current working directory: /rwthfs/rz/cluster/home/tq429871/git/multiobjective-ma/slurm

Time for model input parsing: 0.001s.

Time for model construction: 0.019s.

-------------------------------------------------------------- 
Model type: 	Markov Automaton (sparse)
States: 	1426
Transitions: 	2731
Choices: 	1861
Markovian St.: 	931
Max. Rate: 	8
Reward Models:  buffering
State Labels: 	5 labels
   * deadlock -> 0 item(s)
   * init -> 1 item(s)
   * running -> 465 item(s)
   * underrun -> 464 item(s)
   * done -> 1 item(s)
Choice Labels: 	none
-------------------------------------------------------------- 

Time for model preprocessing: 0.000s.

-------------------------------------------------------------- 
Model type: 	Markov Automaton (sparse)
States: 	1426
Transitions: 	2731
Choices: 	1861
Markovian St.: 	931
Max. Rate: 	8
Reward Models:  buffering
State Labels: 	5 labels
   * deadlock -> 0 item(s)
   * init -> 1 item(s)
   * running -> 465 item(s)
   * underrun -> 464 item(s)
   * done -> 1 item(s)
Choice Labels: 	none
-------------------------------------------------------------- 

Model checking property "1": multi(R[exp]{"buffering"}min=? [F "done"], T[exp]min=? [F "running"], Pmin=? [true U<=2 "underrun"]) ...
Preprocessing done in 0.004s seconds.
 Result: 
---------------------------------------------------------------------------------------------------------------------------------------
                                                       Multi-objective Query                                              
---------------------------------------------------------------------------------------------------------------------------------------

Original Formula: 
--------------------------------------------------------------
	multi(R[exp]{"buffering"}min=? [F "done"], T[exp]min=? [F "running"], Pmin=? [true U<=2 "underrun"])

The query considers 3 objectives:
--------------------------------------------------------------
Original: R[exp]{"buffering"}min=? [F "done"] 	Preprocessed: R[exp]{"obj1"}min=? [C] 	result bounds: >=0
Original: T[exp]min=? [F "running"] 	Preprocessed: R[exp]{"obj2"}min=? [C] 	result bounds: >=0
Original: Pmin=? [true U<=2 "underrun"] 	Preprocessed: R[exp]{"obj3"}min=? [C<=2] 	result bounds: [0, 1]
Number of Long-Run-Average Reward Objectives (after preprocessing): 0.
Number of Total Reward Objectives (after preprocessing): 2.
--------------------------------------------------------------

Original Model Information:
-------------------------------------------------------------- 
Model type: 	Markov Automaton (sparse)
States: 	1426
Transitions: 	2731
Choices: 	1861
Markovian St.: 	931
Max. Rate: 	8
Reward Models:  buffering
State Labels: 	5 labels
   * deadlock -> 0 item(s)
   * init -> 1 item(s)
   * running -> 465 item(s)
   * underrun -> 464 item(s)
   * done -> 1 item(s)
Choice Labels: 	none
-------------------------------------------------------------- 

Preprocessed Model Information:
-------------------------------------------------------------- 
Model type: 	Markov Automaton (sparse)
States: 	1858
Transitions: 	3569
Choices: 	2293
Markovian St.: 	1363
Max. Rate: 	8
Reward Models:  obj3, obj2, obj1
State Labels: 	6 labels
   * deadl -> 86 item(s)
   * deadlock -> 0 item(s)
   * done -> 0 item(s)
   * underrun -> 464 item(s)
   * running -> 898 item(s)
   * init -> 1 item(s)
Choice Labels: 	none
-------------------------------------------------------------- 

---------------------------------------------------------------------------------------------------------------------------------------

Final preprocessed model has 1307 Markovian states.
Weight Vector Checker Statistics:
Final preprocessed model has 1772 states.
Final preprocessed model has 2207 actions.

Pareto Curve Approximation Algorithm terminated after 32 refinement steps.
Solving multi-objective query took 80.793s seconds (consisting of 0.004s seconds for preprocessing and 80.788s seconds for analyzing the preprocessed model).
Result (for initial states): 
Underapproximation of achievable values: Polytope with 57 Halfspaces:
   (-0.00104316,  -0.331501,         -1) * x <= -0.47784
   (-0.00157544,  -0.529802,         -1) * x <= -0.699118
   (-0.00119285,  -0.246869,         -1) * x <= -0.374923
   (         0,  -0.708953,         -1) * x <= -0.864978
   ( -0.001387,  -0.536268,         -1) * x <= -0.705135
   (-0.000391108,  -0.723028,         -1) * x <= -0.87876
   (        -1,          0,  -0.430078) * x <= -1.76263
   (-0.00162264,  -0.559756,         -1) * x <= -0.728546
   (         0,  -0.211139,         -1) * x <= -0.32631
   (        -1,          0,  -0.775944) * x <= -1.82804
   (         0,  -0.297766,         -1) * x <= -0.434839
   (         0,  -0.487003,         -1) * x <= -0.649346
   (        -1,          0,  -0.569939) * x <= -1.79113
   (         0,  -0.873404,         -1) * x <= -0.985928
   (-0.000466553,  -0.897868,         -1) * x <= -1.00141
   (-0.000958933,         -1,  -0.984903) * x <= -1.0323
   ( -0.944945,          0,         -1) * x <= -1.75786
   (         0,  -0.130386,         -1) * x <= -0.218868
   (        -1,          0,  -0.246052) * x <= -1.69952
   (         0,  -0.675449,         -1) * x <= -0.83373
   (         0,         -1,  -0.876158) * x <= -0.945052
   (         0,  -0.947634,         -1) * x <= -1.02014
   (         0,  -0.996431,         -1) * x <= -1.03736
   ( -0.141642,          0,         -1) * x <= -0.303674
   (         0,  -0.305206,         -1) * x <= -0.44391
   (         0,         -1,          0) * x <= -0.25
   (-1.6402e-05, -0.0298981,         -1) * x <= -0.0735505
   (         0, -0.0826033,         -1) * x <= -0.152228
   (         0,  -0.907485,         -1) * x <= -1.00444
   (         0,   -0.84791,         -1) * x <= -0.970569
   (        -1,          0,          0) * x <= -1.53867
   (         0,          0,         -1) * x <= -0.0241315
   (         0, -0.000176096,         -1) * x <= -0.0252775
   (-0.000512903,  -0.998088,         -1) * x <= -1.04066
   (         0,  -0.188807,         -1) * x <= -0.297292
   (-0.0481664,          0,         -1) * x <= -0.122269
   (         0,  -0.401013,         -1) * x <= -0.554851
   (        -1,          0,  -0.115729) * x <= -1.63037
   (         0,         -1, -0.0188701) * x <= -0.26887
   (        -1,          0, -0.00196847) * x <= -1.54064
   (         0,   -0.02977,         -1) * x <= -0.0733094
   (         0,  -0.729539,         -1) * x <= -0.882948
   (        -1,          0,  -0.212819) * x <= -1.68424
   (-0.000182924,          0,         -1) * x <= -0.0253611
   (        -1,  -0.697101,  -0.923901) * x <= -2.43113
   ( -0.697681,          0,         -1) * x <= -1.32236
   (        -1,          0,    -0.6194) * x <= -1.80027
   (        -1,  -0.184055,  -0.319921) * x <= -1.83817
   (        -1,  -0.180312,  -0.319023) * x <= -1.83613
   (-0.000920979,    -0.3761,         -1) * x <= -0.529076
   (        -1,          0,  -0.132202) * x <= -1.6414
   (-0.000119251, -0.0812225,         -1) * x <= -0.150527
   (         0,  -0.534079,         -1) * x <= -0.697985
   (-0.00107282,  -0.156184,         -1) * x <= -0.256867
   ( -0.293326,          0,         -1) * x <= -0.589226
   ( -0.999639,  -0.233136,         -1) * x <= -2.09559
   ( -0.506306,          0,         -1) * x <= -0.97933

Overapproximation of achievable values: Polytope with 32 Halfspaces:
   (        -1,          0,          0) * x <= -1.53867
   (         0,         -1,          0) * x <= -0.25
   (         0,          0,         -1) * x <= -0.0189354
   (         0,  -0.134912,  -0.865088) * x <= -0.21448
   ( -0.374006,          0,  -0.625994) * x <= -0.711546
   (         0,  -0.489189,  -0.510811) * x <= -0.519232
   ( -0.785286,          0,  -0.214714) * x <= -1.34053
   (-0.0202511,   -0.55497,  -0.424779) * x <= -0.503533
   (         0,    -0.3723,    -0.6277) * x <= -0.469917
   ( -0.615716,          0,  -0.384284) * x <= -1.10522
   (-0.0203388,          0,  -0.979661) * x <= -0.0604682
   (-0.00151493,  -0.428469,  -0.570016) * x <= -0.511378
   ( -0.170851,          0,  -0.829149) * x <= -0.347935
   (-0.00106238,  -0.309372,  -0.689566) * x <= -0.416623
   ( -0.854267,          0,  -0.145733) * x <= -1.41725
   (         0,  -0.417648,  -0.582352) * x <= -0.504178
   (         0,  -0.260479,  -0.739521) * x <= -0.364473
   ( -0.478758,  -0.210253,  -0.310988) * x <= -1.0256
   (         0,  -0.469506,  -0.530494) * x <= -0.522699
   ( -0.691205,          0,  -0.308795) * x <= -1.21867
   ( -0.444255,          0,  -0.555745) * x <= -0.83075
   (-0.00145361,   -0.48229,  -0.516257) * x <= -0.522537
   (         0, -0.0500528,  -0.949947) * x <= -0.09722
   ( -0.278481,          0,  -0.721519) * x <= -0.543547
   (         0,  -0.338528,  -0.661472) * x <= -0.442596
   ( -0.681783,  -0.112696,  -0.205521) * x <= -1.23612
   ( -0.568435,          0,  -0.431565) * x <= -1.03373
   ( -0.156799,   -0.38069,  -0.462511) * x <= -0.687512
   (-0.0807165,          0,  -0.919284) * x <= -0.178318
   (         0,  -0.198366,  -0.801634) * x <= -0.29376
   (         0,  -0.510198,  -0.489802) * x <= -0.510731
   (-0.00144216,  -0.409318,   -0.58924) * x <= -0.500509

28 Pareto optimal points found:
   (6.721724127, 6.507490665, 0.02413154763 )
   (3.029799007, 1.493726629, 0.02884124782 )
   (1.538672595,        0.25, 0.9999980869 )
   (3.139048443, 1.342395186, 0.04383840603 )
   (5.531160626, 0.2848297078, 0.7535425063 )
   (1.882547233, 1.394646195, 0.03702561951 )
   (4.694875416, 0.5431649461, 0.5115255505 )
   (1.586397918, 0.6024469163, 0.4597484467 )
   (1.792462978, 1.219227964, 0.07179495115 )
   (1.831646394, 1.299400143, 0.05195615619 )
   (1.552882266, 0.3862165364, 0.6695550004 )
   ( 1.67499078, 0.9326568941, 0.2037676339 )
   (1.571142513, 0.5293268497, 0.5314308664 )
   (1.940663851, 1.495909139, 0.02879385895 )
   (1.558381647, 0.3909991084, 0.649613698 )
   (3.639432642, 0.9602088525, 0.1851576948 )
   (1.761253244, 1.153641836, 0.09356938179 )
   (3.336913868, 1.157958489, 0.09049473791 )
   ( 1.53908844, 0.2539863673, 0.7887454445 )
   (1.690406709, 0.9797617018, 0.1773754361 )
   (5.311367558, 0.352847842, 0.6857671217 )
   (1.615143079, 0.7402275293, 0.3429229524 )
   (1.685723333, 0.9674106788, 0.1849365911 )
   (2.019602284, 1.623037134, 0.02499167899 )
   (3.524260314, 1.033203933, 0.1461725387 )
   (1.739445767, 1.098904292, 0.1141762502 )
   (3.226432375,  1.25283582, 0.06178768581 )
   (3.824315695, 0.8729336484, 0.2461086236 )


Time for model checking: 80.793s.

Performance statistics:
  * peak memory usage: 32MB
  * CPU time: 80.632s
  * wallclock time: 80.819s
	Command being timed: "timeout 7200 /home/tq429871/storm/build/bin/storm --prism /home/tq429871/git/multiobjective-ma/slurm/../models/ma/stream/stream.ma --prop /home/tq429871/git/multiobjective-ma/slurm/../models/ma/stream/stream4.csl -const N=30 --multiobjective:precision 0.01 -stats -tm"
	User time (seconds): 80.63
	System time (seconds): 0.02
	Percent of CPU this job got: 99%
	Elapsed (wall clock) time (h:mm:ss or m:ss): 1:20.95
	Average shared text size (kbytes): 0
	Average unshared data size (kbytes): 0
	Average stack size (kbytes): 0
	Average total size (kbytes): 0
	Maximum resident set size (kbytes): 34028
	Average resident set size (kbytes): 0
	Major (requiring I/O) page faults: 0
	Minor (reclaiming a frame) page faults: 13000
	Voluntary context switches: 113
	Involuntary context switches: 197
	Swaps: 0
	File system inputs: 0
	File system outputs: 0
	Socket messages sent: 0
	Socket messages received: 0
	Signals delivered: 0
	Page size (bytes): 4096
	Exit status: 0
