Storm 1.6.3

Date: Thu Nov 26 13:11:26 2020
Command line arguments: --prism /home/tq429871/git/multiobjective-ma/slurm/../models/ma/jobs/jobs12_3.ma --prop /home/tq429871/git/multiobjective-ma/slurm/../models/ma/jobs/jobs3.csl '--multiobjective:precision' 0.01 -stats -tm
Current working directory: /rwthfs/rz/cluster/home/tq429871/git/multiobjective-ma/slurm

Time for model input parsing: 0.040s.

Time for model construction: 3.414s.

-------------------------------------------------------------- 
Model type: 	Markov Automaton (sparse)
States: 	116814
Transitions: 	450783
Choices: 	225437
Markovian St.: 	112719
Max. Rate: 	8.5
Reward Models:  avg_waiting_time
State Labels: 	5 labels
   * deadlock -> 1 item(s)
   * init -> 1 item(s)
   * slowest_before_fastest -> 27915 item(s)
   * half_of_jobs_finished -> 19404 item(s)
   * all_jobs_finished -> 1 item(s)
Choice Labels: 	none
-------------------------------------------------------------- 

Time for model preprocessing: 0.000s.

-------------------------------------------------------------- 
Model type: 	Markov Automaton (sparse)
States: 	116814
Transitions: 	450783
Choices: 	225437
Markovian St.: 	112719
Max. Rate: 	8.5
Reward Models:  avg_waiting_time
State Labels: 	5 labels
   * deadlock -> 1 item(s)
   * init -> 1 item(s)
   * slowest_before_fastest -> 27915 item(s)
   * half_of_jobs_finished -> 19404 item(s)
   * all_jobs_finished -> 1 item(s)
Choice Labels: 	none
-------------------------------------------------------------- 

Model checking property "1": multi(T[exp]min=? [F "all_jobs_finished"], T[exp]min=? [F "half_of_jobs_finished"], R[exp]{"avg_waiting_time"}min=? [F "all_jobs_finished"], Pmin=? [F "slowest_before_fastest"]) ...
Preprocessing done in 0.613s seconds.
 Result: 
---------------------------------------------------------------------------------------------------------------------------------------
                                                       Multi-objective Query                                              
---------------------------------------------------------------------------------------------------------------------------------------

Original Formula: 
--------------------------------------------------------------
	multi(T[exp]min=? [F "all_jobs_finished"], T[exp]min=? [F "half_of_jobs_finished"], R[exp]{"avg_waiting_time"}min=? [F "all_jobs_finished"], Pmin=? [F "slowest_before_fastest"])

The query considers 4 objectives:
--------------------------------------------------------------
Original: T[exp]min=? [F "all_jobs_finished"] 	Preprocessed: R[exp]{"obj1"}min=? [C] 	result bounds: >=0
Original: T[exp]min=? [F "half_of_jobs_finished"] 	Preprocessed: R[exp]{"obj2"}min=? [C] 	result bounds: >=0
Original: R[exp]{"avg_waiting_time"}min=? [F "all_jobs_finished"] 	Preprocessed: R[exp]{"obj3"}min=? [C] 	result bounds: >=0
Original: Pmin=? [F "slowest_before_fastest"] 	Preprocessed: R[exp]{"obj4"}min=? [C] 	result bounds: [0, 1]
Number of Long-Run-Average Reward Objectives (after preprocessing): 0.
Number of Total Reward Objectives (after preprocessing): 4.
--------------------------------------------------------------

Original Model Information:
-------------------------------------------------------------- 
Model type: 	Markov Automaton (sparse)
States: 	116814
Transitions: 	450783
Choices: 	225437
Markovian St.: 	112719
Max. Rate: 	8.5
Reward Models:  avg_waiting_time
State Labels: 	5 labels
   * deadlock -> 1 item(s)
   * init -> 1 item(s)
   * slowest_before_fastest -> 27915 item(s)
   * half_of_jobs_finished -> 19404 item(s)
   * all_jobs_finished -> 1 item(s)
Choice Labels: 	none
-------------------------------------------------------------- 

Preprocessed Model Information:
-------------------------------------------------------------- 
Model type: 	Markov Automaton (sparse)
States: 	133253
Transitions: 	512379
Choices: 	256268
Markovian St.: 	128135
Max. Rate: 	8.5
Reward Models:  obj4, obj3, obj2, obj1
State Labels: 	6 labels
   * deadl -> 2 item(s)
   * all_jobs_finished -> 2 item(s)
   * half_of_jobs_finished -> 23814 item(s)
   * deadlock -> 2 item(s)
   * slowest_before_fastest -> 27915 item(s)
   * init -> 1 item(s)
Choice Labels: 	none
-------------------------------------------------------------- 

---------------------------------------------------------------------------------------------------------------------------------------

Final preprocessed model has 128134 Markovian states.
Weight Vector Checker Statistics:
Final preprocessed model has 133252 states.
Final preprocessed model has 256267 actions.

Pareto Curve Approximation Algorithm terminated after 24 refinement steps.
Solving multi-objective query took 851.412s seconds (consisting of 0.613s seconds for preprocessing and 850.794s seconds for analyzing the preprocessed model).
Result (for initial states): 
Underapproximation of achievable values: Polytope with 105 Halfspaces:
   (        -1,  -0.143987,  -0.663474,  -0.126181) * x <= -3.81193
   ( -0.942342, -0.0245352,         -1,  -0.135387) * x <= -3.93242
   ( -0.868274,          0,         -1,  -0.123054) * x <= -3.69512
   (        -1,  -0.270816,  -0.153765, -0.0222221) * x <= -3.31965
   (        -1,  -0.258551,  -0.228281, -0.00779669) * x <= -3.39755
   (        -1,  -0.276665,  -0.163455, -0.00986013) * x <= -3.33698
   (        -1,  -0.380009,          0, -0.00992639) * x <= -3.2395
   (        -1,  -0.203409,  -0.723736,   -0.07129) * x <= -3.93443
   (        -1,  -0.293354,  -0.301285, -0.0900834) * x <= -3.52034
   (        -1,  -0.203614,  -0.342412, -0.0366309) * x <= -3.48186
   (  -0.82074,          0,         -1,          0) * x <= -3.55223
   (        -1,  -0.156652,  -0.307733, -0.00206105) * x <= -3.38046
   (        -1, -0.00249393,  -0.921748,          0) * x <= -3.97611
   (        -1,          0,  -0.929607,          0) * x <= -3.98307
   (        -1,  -0.271817,  -0.282918,          0) * x <= -3.47534
   ( -0.705553, -0.0428723,         -1,          0) * x <= -3.25763
   (        -1,  -0.332098,  -0.175227,          0) * x <= -3.40352
   (        -1,  -0.240867,  -0.109293, -0.0971908) * x <= -3.22613
   (        -1,  -0.248294,  -0.123273, -0.0312825) * x <= -3.25247
   (        -1,  -0.183584,  -0.214672, -0.0189708) * x <= -3.29231
   (        -1,  -0.272624,  -0.116722,  -0.450779) * x <= -3.27965
   (        -1,  -0.269859,  -0.123108,  -0.424763) * x <= -3.28448
   (        -1,   -0.28962,  -0.137723, -0.0109091) * x <= -3.31859
   (        -1,          0,   -0.42706,  -0.113112) * x <= -3.34608
   (        -1,  -0.303109,  -0.103254, -0.0166278) * x <= -3.29019
   (        -1,   -0.26768,  -0.276788,  -0.931815) * x <= -3.47148
   (        -1,   -0.37525,          0, -0.0171728) * x <= -3.23605
   (-0.00165951, -0.00106386,          0,         -1) * x <= -0.00695782
   (-0.0889836, -0.0313694,          0,         -1) * x <= -0.287812
   (        -1,          0,  -0.561265,          0) * x <= -3.51941
   ( -0.741206,  -0.257611,          0,         -1) * x <= -2.38536
   (        -1,  -0.381903,          0, -0.0174381) * x <= -3.24256
   ( -0.464804,          0,         -1, -0.0311161) * x <= -2.51838
   (        -1,  -0.269424,  -0.121714,  -0.436888) * x <= -3.28231
   (         0, -0.00016969, -0.00365926,         -1) * x <= -0.00560111
   ( -0.619665,          0,         -1,          0) * x <= -2.96996
   (-0.00426323, -0.00199758,          0,         -1) * x <= -0.0153645
   (  -0.47055,          0,         -1, -0.00170064) * x <= -2.5351
   (        -1,  -0.330196, -0.0864484,          0) * x <= -3.29416
   (        -1,  -0.322381, -0.0539356,          0) * x <= -3.24332
   (        -1,          0,  -0.486907, -0.00622887) * x <= -3.42254
   (        -1,  -0.343482,          0, -0.00449391) * x <= -3.19776
   (-0.000990687,          0, -0.00130063,         -1) * x <= -0.00550527
   (        -1,          0,  -0.926987,          0) * x <= -3.97985
   ( -0.472029,  -0.171312,         -1,          0) * x <= -2.68295
   (        -1,  -0.392267,          0, -0.00667898) * x <= -3.25089
   (        -1,  -0.401493,          0,          0) * x <= -3.25839
   (        -1,  -0.291758,          0, -0.00853641) * x <= -3.13413
   (         0,          0, -0.00137049,         -1) * x <= -0.0027766
   (        -1,  -0.379952,          0,          0) * x <= -3.23695
   ( -0.182828,         -1,          0,          0) * x <= -1.37237
   (        -1,          0,  -0.577463,          0) * x <= -3.54053
   (        -1,  -0.357285,          0,          0) * x <= -3.21189
   (         0,          0,         -1,          0) * x <= -1.12084
   (-0.000980255,          0, -0.00695896,         -1) * x <= -0.0121496
   (        -1,          0,  -0.543378,  -0.906239) * x <= -3.50954
   (         0, -0.00011593, -0.0012339,         -1) * x <= -0.00273414
   (        -1,    -0.2724,          0,          0) * x <= -3.10194
   (        -1,  -0.244003,  -0.439029,  -0.118361) * x <= -3.63863
   (        -1,  -0.281449,          0, -0.0993698) * x <= -3.12794
   (        -1,   -0.21213,  -0.301665, -0.0419699) * x <= -3.44101
   ( -0.471253, -0.00195719,         -1, -0.00334238) * x <= -2.53885
   (         0, -0.000677441, -9.53466e-05,         -1) * x <= -0.00189733
   (         0,          0, -0.0037807,         -1) * x <= -0.00559511
   (-0.00161997, -0.00106623,          0,         -1) * x <= -0.00684805
   (         0,          0, -0.00161083,         -1) * x <= -0.00307188
   (        -1,          0,          0,  -0.150347) * x <= -2.74879
   (        -1,          0,          0,          0) * x <= -2.71265
   (        -1,  -0.287771,   -0.22375, -0.00905552) * x <= -3.42067
   (        -1,          0,          0,  -0.054041) * x <= -2.7439
   (        -1,   -0.23385,  -0.110429,          0) * x <= -3.20891
   (        -1,  -0.291795,          0, -0.0244856) * x <= -3.13817
   (        -1,          0,  -0.360336,          0) * x <= -3.24146
   (        -1,    -0.1374,  -0.306238, -0.00454313) * x <= -3.355
   (         0,          0,          0,         -1) * x <= -0.000963043
   ( -0.469847,          0,         -1,          0) * x <= -2.53299
   (        -1,  -0.368815,          0, -0.0205359) * x <= -3.22978
   (        -1,   -0.34349,          0, -0.0123241) * x <= -3.19973
   (        -1,  -0.268824,          0, -0.00534356) * x <= -3.10176
   (        -1,   -0.39827,          0,  -0.102661) * x <= -3.25917
   (        -1,  -0.336431,          0,  -0.662863) * x <= -3.20256
   (        -1,  -0.295468,          0, -0.0264492) * x <= -3.14325
   (        -1,  -0.268221,  -0.185824,          0) * x <= -3.35426
   (  -0.87272,          0,         -1,  -0.126914) * x <= -3.70809
   (        -1,  -0.138662,  -0.695003,  -0.144306) * x <= -3.84493
   (        -1,  -0.233979,  -0.114596,          0) * x <= -3.215
   ( -0.296251,          0,         -1,  -0.757035) * x <= -2.02617
   (         0,         -1,          0,          0) * x <= -0.837508
   (        -1,  -0.346102,  -0.103221,  -0.013875) * x <= -3.33219
   (        -1,  -0.227203,  -0.128041,          0) * x <= -3.22474
   (        -1,  -0.180094,  -0.284255,          0) * x <= -3.37745
   (        -1,  -0.278834,   -0.16527,          0) * x <= -3.33969
   (        -1,          0,  -0.461403, -0.0186299) * x <= -3.38946
   (         0, -0.000721635,          0,         -1) * x <= -0.00182388
   (        -1,          0,  -0.378101,          0) * x <= -3.26666
   ( -0.189847,          0,         -1,          0) * x <= -1.70035
   (        -1,  -0.387364, -0.0298263,          0) * x <= -3.28115
   ( -0.480465,          0,         -1,          0) * x <= -2.56402
   (        -1,          0,          0, -0.0263566) * x <= -2.73698
   (        -1,  -0.242908,  -0.278963,          0) * x <= -3.44245
   (        -1,          0,   -0.69904, -0.0532467) * x <= -3.69985
   (        -1,  -0.271181,  -0.152822, -0.0223831) * x <= -3.31887
   (        -1, -0.0557583,  -0.479782,          0) * x <= -3.48136
   (-0.000350146, -0.000798334,          0,         -1) * x <= -0.00291246
   ( -0.739776,  -0.256805, -0.000656369,         -1) * x <= -2.38126

Overapproximation of achievable values: Polytope with 24 Halfspaces:
   (        -1,          0,          0,          0) * x <= -2.71265
   (         0,         -1,          0,          0) * x <= -0.837508
   (         0,          0,         -1,          0) * x <= -1.12084
   (         0,          0,          0,         -1) * x <= -0.000963043
   (  -0.71571,  -0.241335,          0,  -0.042955) * x <= -2.28534
   (  -0.66522,   -0.33478,          0,          0) * x <= -2.22429
   ( -0.580414,          0,  -0.419586,          0) * x <= -2.16108
   ( -0.917773,          0,          0, -0.0822268) * x <= -2.51993
   ( -0.753423,  -0.246577,          0,          0) * x <= -2.39063
   ( -0.291411,          0,  -0.253494,  -0.455095) * x <= -1.13982
   ( -0.272048,          0,  -0.453191,   -0.27476) * x <= -1.32069
   ( -0.436207,          0,   -0.12417,  -0.439623) * x <= -1.37308
   ( -0.242548,          0,  -0.757452,          0) * x <= -1.58158
   ( -0.693581,          0,  -0.306419,          0) * x <= -2.32665
   ( -0.534426,  -0.065147,  -0.400427,          0) * x <= -2.07699
   ( -0.178872,  -0.448213,          0,  -0.372915) * x <= -0.899124
   ( -0.420793,          0,  -0.579207,          0) * x <= -1.89941
   ( -0.607611,          0,  -0.329791, -0.0625981) * x <= -2.1247
   ( -0.968356,          0,          0, -0.0316441) * x <= -2.6519
   ( -0.723995,  -0.266146, -0.0082758, -0.00158388) * x <= -2.34479
   (  -0.69985,  -0.247764,  -0.052386,          0) * x <= -2.3118
   ( -0.721226,  -0.278774,          0,          0) * x <= -2.33929
   ( -0.710977,  -0.181027,  -0.103558, -0.00443777) * x <= -2.33515
   ( -0.636073,  -0.196823, -0.0826641, -0.0844397) * x <= -2.11777

23 Pareto optimal points found:
   (2.712648718, 1.429121963,  1.46755022, 0.9229788531 )
   (2.749102864, 1.295296362, 1.420832794, 0.8334023044 )
   (2.847641846, 1.192892067, 1.323289403, 0.000963042854 )
   (2.748649584, 1.347309493, 1.398691673, 0.000963042854 )
   ( 3.05246092, 0.8375076792, 1.120843781, 0.001357528982 )
   (2.793803121, 1.181152826, 1.337319095, 0.01717550544 )
   ( 2.87253521, 0.9742830417, 1.194624103, 0.05159310192 )
   (2.816910874, 1.105509629,  1.29801241, 0.2504541123 )
   (2.741147988, 1.356346729, 1.403042041, 0.05085827777 )
   (2.840963331, 1.081311727, 1.228586704, 0.001092832173 )
   (2.814708599, 1.140812915, 1.256909347, 0.1223410902 )
   (2.895775181, 0.9086374764, 1.175550134, 0.04261588649 )
   (2.868846188, 0.9782516547, 1.207814155, 0.006945768166 )
   (2.730386174,   1.3765174, 1.418325459,        0.25 )
   (2.858736797, 0.9954274074,  1.23465436, 0.2510908512 )
   (2.921875326, 0.8381682118, 1.160156266, 0.03384903275 )
   (2.973736712, 0.8375076792, 1.135789354, 0.01242245635 )
   (2.916275549, 0.8675681592, 1.162846765, 0.001198728134 )
   (2.767376499, 1.249724152, 1.354419791, 0.250300046 )
   (2.868501732, 0.9720370868, 1.211038631, 0.1628009317 )
   (2.787523553, 1.223285665, 1.303985997, 0.01485237458 )
   (2.744913322, 1.334230762,  1.37990414, 0.9211422208 )
   (2.925488187, 0.8375076792, 1.158564048, 0.001219500666 )


Time for model checking: 851.412s.

Performance statistics:
  * peak memory usage: 148MB
  * CPU time: 852.795s
  * wallclock time: 854.887s
	Command being timed: "timeout 7200 /home/tq429871/storm/build/bin/storm --prism /home/tq429871/git/multiobjective-ma/slurm/../models/ma/jobs/jobs12_3.ma --prop /home/tq429871/git/multiobjective-ma/slurm/../models/ma/jobs/jobs3.csl --multiobjective:precision 0.01 -stats -tm"
	User time (seconds): 852.80
	System time (seconds): 0.10
	Percent of CPU this job got: 99%
	Elapsed (wall clock) time (h:mm:ss or m:ss): 14:14.95
	Average shared text size (kbytes): 0
	Average unshared data size (kbytes): 0
	Average stack size (kbytes): 0
	Average total size (kbytes): 0
	Maximum resident set size (kbytes): 152096
	Average resident set size (kbytes): 0
	Major (requiring I/O) page faults: 0
	Minor (reclaiming a frame) page faults: 76321
	Voluntary context switches: 91
	Involuntary context switches: 469
	Swaps: 0
	File system inputs: 0
	File system outputs: 8
	Socket messages sent: 0
	Socket messages received: 0
	Signals delivered: 0
	Page size (bytes): 4096
	Exit status: 0
