Storm 1.6.3

Date: Thu Nov 26 13:09:02 2020
Command line arguments: --prism /home/tq429871/git/multiobjective-ma/slurm/../models/ma/stream/stream.ma --prop /home/tq429871/git/multiobjective-ma/slurm/../models/ma/stream/stream2.csl -const N=1000 '--multiobjective:precision' 0.001 -stats -tm
Current working directory: /rwthfs/rz/cluster/home/tq429871/git/multiobjective-ma/slurm

Time for model input parsing: 0.005s.

Time for model construction: 3.808s.

-------------------------------------------------------------- 
Model type: 	Markov Automaton (sparse)
States: 	1502501
Transitions: 	3001001
Choices: 	2002001
Markovian St.: 	1001001
Max. Rate: 	8
Reward Models:  none
State Labels: 	4 labels
   * deadlock -> 0 item(s)
   * init -> 1 item(s)
   * underrun -> 500499 item(s)
   * running -> 500500 item(s)
Choice Labels: 	none
-------------------------------------------------------------- 

Time for model preprocessing: 0.000s.

-------------------------------------------------------------- 
Model type: 	Markov Automaton (sparse)
States: 	1502501
Transitions: 	3001001
Choices: 	2002001
Markovian St.: 	1001001
Max. Rate: 	8
Reward Models:  none
State Labels: 	4 labels
   * deadlock -> 0 item(s)
   * init -> 1 item(s)
   * underrun -> 500499 item(s)
   * running -> 500500 item(s)
Choice Labels: 	none
-------------------------------------------------------------- 

Model checking property "1": multi(T[exp]min=? [F "running"], Pmin=? [true U<=2 "underrun"]) ...
Preprocessing done in 2.505s seconds.
 Result: 
---------------------------------------------------------------------------------------------------------------------------------------
                                                       Multi-objective Query                                              
---------------------------------------------------------------------------------------------------------------------------------------

Original Formula: 
--------------------------------------------------------------
	multi(T[exp]min=? [F "running"], Pmin=? [true U<=2 "underrun"])

The query considers 2 objectives:
--------------------------------------------------------------
Original: T[exp]min=? [F "running"] 	Preprocessed: R[exp]{"obj1"}min=? [C] 	result bounds: >=0
Original: Pmin=? [true U<=2 "underrun"] 	Preprocessed: R[exp]{"obj2"}min=? [C<=2] 	result bounds: [0, 1]
Number of Long-Run-Average Reward Objectives (after preprocessing): 0.
Number of Total Reward Objectives (after preprocessing): 1.
--------------------------------------------------------------

Original Model Information:
-------------------------------------------------------------- 
Model type: 	Markov Automaton (sparse)
States: 	1502501
Transitions: 	3001001
Choices: 	2002001
Markovian St.: 	1001001
Max. Rate: 	8
Reward Models:  none
State Labels: 	4 labels
   * deadlock -> 0 item(s)
   * init -> 1 item(s)
   * underrun -> 500499 item(s)
   * running -> 500500 item(s)
Choice Labels: 	none
-------------------------------------------------------------- 

Preprocessed Model Information:
-------------------------------------------------------------- 
Model type: 	Markov Automaton (sparse)
States: 	503499
Transitions: 	1004997
Choices: 	504498
Markovian St.: 	501499
Max. Rate: 	8
Reward Models:  obj2, obj1
State Labels: 	5 labels
   * deadl -> 1998 item(s)
   * deadlock -> 0 item(s)
   * running -> 500499 item(s)
   * underrun -> 999 item(s)
   * init -> 1 item(s)
Choice Labels: 	none
-------------------------------------------------------------- 

---------------------------------------------------------------------------------------------------------------------------------------

Final preprocessed model has 500501 Markovian states.
Weight Vector Checker Statistics:
Final preprocessed model has 501501 states.
Final preprocessed model has 502500 actions.

ERROR: The program received signal 15 and will be aborted in 3s.
Received signal 15
Command exited with non-zero status 124
	Command being timed: "timeout 7200 /home/tq429871/storm/build/bin/storm --prism /home/tq429871/git/multiobjective-ma/slurm/../models/ma/stream/stream.ma --prop /home/tq429871/git/multiobjective-ma/slurm/../models/ma/stream/stream2.csl -const N=1000 --multiobjective:precision 0.001 -stats -tm"
	User time (seconds): 7181.98
	System time (seconds): 0.50
	Percent of CPU this job got: 99%
	Elapsed (wall clock) time (h:mm:ss or m:ss): 2:00:00
	Average shared text size (kbytes): 0
	Average unshared data size (kbytes): 0
	Average stack size (kbytes): 0
	Average total size (kbytes): 0
	Maximum resident set size (kbytes): 502044
	Average resident set size (kbytes): 0
	Major (requiring I/O) page faults: 0
	Minor (reclaiming a frame) page faults: 523699
	Voluntary context switches: 94
	Involuntary context switches: 6811
	Swaps: 0
	File system inputs: 0
	File system outputs: 0
	Socket messages sent: 0
	Socket messages received: 0
	Signals delivered: 0
	Page size (bytes): 4096
	Exit status: 124
