Storm 1.6.3

Date: Thu Nov 26 17:57:55 2020
Command line arguments: --prism /home/tq429871/git/multiobjective-ma/slurm/../models/ma/polling/polling.ma --prop /home/tq429871/git/multiobjective-ma/slurm/../models/ma/polling/polling1.csl -const 'N=3,Q=3' '--multiobjective:precision' 0.01 -stats -tm
Current working directory: /rwthfs/rz/cluster/home/tq429871/git/multiobjective-ma/slurm

Time for model input parsing: 0.003s.

Time for model construction: 0.050s.

-------------------------------------------------------------- 
Model type: 	Markov Automaton (sparse)
States: 	9522
Transitions: 	23528
Choices: 	17287
Markovian St.: 	4801
Max. Rate: 	14
Reward Models:  processedjobs2, processedjobs1
State Labels: 	4 labels
   * deadlock -> 0 item(s)
   * init -> 1 item(s)
   * q2full -> 5373 item(s)
   * q1full -> 5373 item(s)
Choice Labels: 	none
-------------------------------------------------------------- 

Time for model preprocessing: 0.000s.

-------------------------------------------------------------- 
Model type: 	Markov Automaton (sparse)
States: 	9522
Transitions: 	23528
Choices: 	17287
Markovian St.: 	4801
Max. Rate: 	14
Reward Models:  processedjobs2, processedjobs1
State Labels: 	4 labels
   * deadlock -> 0 item(s)
   * init -> 1 item(s)
   * q2full -> 5373 item(s)
   * q1full -> 5373 item(s)
Choice Labels: 	none
-------------------------------------------------------------- 

Model checking property "1": multi(R[exp]{"processedjobs1"}max=? [F "q1full"], R[exp]{"processedjobs2"}max=? [F "q2full"]) ...
Preprocessing done in 0.035s seconds.
 Result: 
---------------------------------------------------------------------------------------------------------------------------------------
                                                       Multi-objective Query                                              
---------------------------------------------------------------------------------------------------------------------------------------

Original Formula: 
--------------------------------------------------------------
	multi(R[exp]{"processedjobs1"}max=? [F "q1full"], R[exp]{"processedjobs2"}max=? [F "q2full"])

The query considers 2 objectives:
--------------------------------------------------------------
Original: R[exp]{"processedjobs1"}max=? [F "q1full"] 	Preprocessed: R[exp]{"obj1"}max=? [C] 	result bounds: >=0
Original: R[exp]{"processedjobs2"}max=? [F "q2full"] 	Preprocessed: R[exp]{"obj2"}max=? [C] 	result bounds: >=0
Number of Long-Run-Average Reward Objectives (after preprocessing): 0.
Number of Total Reward Objectives (after preprocessing): 2.
--------------------------------------------------------------

Original Model Information:
-------------------------------------------------------------- 
Model type: 	Markov Automaton (sparse)
States: 	9522
Transitions: 	23528
Choices: 	17287
Markovian St.: 	4801
Max. Rate: 	14
Reward Models:  processedjobs2, processedjobs1
State Labels: 	4 labels
   * deadlock -> 0 item(s)
   * init -> 1 item(s)
   * q2full -> 5373 item(s)
   * q1full -> 5373 item(s)
Choice Labels: 	none
-------------------------------------------------------------- 

Preprocessed Model Information:
-------------------------------------------------------------- 
Model type: 	Markov Automaton (sparse)
States: 	9990
Transitions: 	24495
Choices: 	17058
Markovian St.: 	3630
Max. Rate: 	14
Reward Models:  obj2, obj1
State Labels: 	5 labels
   * deadl -> 2160 item(s)
   * deadlock -> 0 item(s)
   * q1full -> 2457 item(s)
   * q2full -> 2457 item(s)
   * init -> 1 item(s)
Choice Labels: 	none
-------------------------------------------------------------- 

---------------------------------------------------------------------------------------------------------------------------------------

Final preprocessed model has 3631 Markovian states.
Weight Vector Checker Statistics:
Final preprocessed model has 7831 states.
Final preprocessed model has 14899 actions.

Pareto Curve Approximation Algorithm terminated after 6 refinement steps.
Solving multi-objective query took 0.257s seconds (consisting of 0.035s seconds for preprocessing and 0.221s seconds for analyzing the preprocessed model).
Result (for initial states): 
Underapproximation of achievable values: Polytope with 5 Halfspaces:
   (         0,          1) * x <= 0.542198
   (         1,   0.935547) * x <= 1.25782
   (  0.536227,          1) * x <= 0.902848
   (  0.764452,          1) * x <= 1.08215
   (         1,          0) * x <= 0.902856

Overapproximation of achievable values: Polytope with 6 Halfspaces:
   (         1,          0) * x <= 0.902856
   (         0,          1) * x <= 0.542197
   (  0.282666,   0.717334) * x <= 0.57905
   (  0.490841,   0.509159) * x <= 0.638543
   (   0.71484,    0.28516) * x <= 0.753593
   (  0.385746,   0.614254) * x <= 0.598862

4 Pareto optimal points found:
   (0.9028563986, 0.3794201637 )
   (0.7856357371, 0.4815690125 )
   (0.8616685326, 0.4234455929 )
   (0.6725698901, 0.5421979509 )


Time for model checking: 0.257s.

Performance statistics:
  * peak memory usage: 36MB
  * CPU time: 0.331s
  * wallclock time: 0.314s
	Command being timed: "timeout 7200 /home/tq429871/storm/build/bin/storm --prism /home/tq429871/git/multiobjective-ma/slurm/../models/ma/polling/polling.ma --prop /home/tq429871/git/multiobjective-ma/slurm/../models/ma/polling/polling1.csl -const N=3,Q=3 --multiobjective:precision 0.01 -stats -tm"
	User time (seconds): 0.33
	System time (seconds): 0.01
	Percent of CPU this job got: 97%
	Elapsed (wall clock) time (h:mm:ss or m:ss): 0:00.36
	Average shared text size (kbytes): 0
	Average unshared data size (kbytes): 0
	Average stack size (kbytes): 0
	Average total size (kbytes): 0
	Maximum resident set size (kbytes): 37424
	Average resident set size (kbytes): 0
	Major (requiring I/O) page faults: 0
	Minor (reclaiming a frame) page faults: 10559
	Voluntary context switches: 32
	Involuntary context switches: 4
	Swaps: 0
	File system inputs: 0
	File system outputs: 0
	Socket messages sent: 0
	Socket messages received: 0
	Signals delivered: 0
	Page size (bytes): 4096
	Exit status: 0
