Storm 1.6.3

Date: Thu Nov 26 18:00:38 2020
Command line arguments: --prism /home/tq429871/git/multiobjective-ma/slurm/../models/ma/polling/polling.ma --prop /home/tq429871/git/multiobjective-ma/slurm/../models/ma/polling/polling2.csl -const 'N=4,Q=4' '--multiobjective:precision' 0.01 -stats -tm
Current working directory: /rwthfs/rz/cluster/home/tq429871/git/multiobjective-ma/slurm

Time for model input parsing: 0.003s.

Time for model construction: 3.460s.

-------------------------------------------------------------- 
Model type: 	Markov Automaton (sparse)
States: 	813287
Transitions: 	2088294
Choices: 	1624533
Markovian St.: 	465125
Max. Rate: 	16
Reward Models:  queuesize2, queuesize1, processedjobs2, processedjobs1
State Labels: 	4 labels
   * deadlock -> 0 item(s)
   * init -> 1 item(s)
   * q2full -> 523520 item(s)
   * q1full -> 523520 item(s)
Choice Labels: 	none
-------------------------------------------------------------- 

Time for model preprocessing: 0.000s.

-------------------------------------------------------------- 
Model type: 	Markov Automaton (sparse)
States: 	813287
Transitions: 	2088294
Choices: 	1624533
Markovian St.: 	465125
Max. Rate: 	16
Reward Models:  queuesize2, queuesize1, processedjobs2, processedjobs1
State Labels: 	4 labels
   * deadlock -> 0 item(s)
   * init -> 1 item(s)
   * q2full -> 523520 item(s)
   * q1full -> 523520 item(s)
Choice Labels: 	none
-------------------------------------------------------------- 

Model checking property "1": multi(R[exp]{"processedjobs1"}max=? [F "q1full"], R[exp]{"processedjobs2"}max=? [F "q2full"], R[exp]{"queuesize1"}min=? [F "q1full"], R[exp]{"queuesize2"}min=? [F "q2full"]) ...
Preprocessing done in 6.856s seconds.
 Result: 
---------------------------------------------------------------------------------------------------------------------------------------
                                                       Multi-objective Query                                              
---------------------------------------------------------------------------------------------------------------------------------------

Original Formula: 
--------------------------------------------------------------
	multi(R[exp]{"processedjobs1"}max=? [F "q1full"], R[exp]{"processedjobs2"}max=? [F "q2full"], R[exp]{"queuesize1"}min=? [F "q1full"], R[exp]{"queuesize2"}min=? [F "q2full"])

The query considers 4 objectives:
--------------------------------------------------------------
Original: R[exp]{"processedjobs1"}max=? [F "q1full"] 	Preprocessed: R[exp]{"obj1"}max=? [C] 	result bounds: >=0
Original: R[exp]{"processedjobs2"}max=? [F "q2full"] 	Preprocessed: R[exp]{"obj2"}max=? [C] 	result bounds: >=0
Original: R[exp]{"queuesize1"}min=? [F "q1full"] 	Preprocessed: R[exp]{"obj3"}min=? [C] 	result bounds: >=0
Original: R[exp]{"queuesize2"}min=? [F "q2full"] 	Preprocessed: R[exp]{"obj4"}min=? [C] 	result bounds: >=0
Number of Long-Run-Average Reward Objectives (after preprocessing): 0.
Number of Total Reward Objectives (after preprocessing): 4.
--------------------------------------------------------------

Original Model Information:
-------------------------------------------------------------- 
Model type: 	Markov Automaton (sparse)
States: 	813287
Transitions: 	2088294
Choices: 	1624533
Markovian St.: 	465125
Max. Rate: 	16
Reward Models:  queuesize2, queuesize1, processedjobs2, processedjobs1
State Labels: 	4 labels
   * deadlock -> 0 item(s)
   * init -> 1 item(s)
   * q2full -> 523520 item(s)
   * q1full -> 523520 item(s)
Choice Labels: 	none
-------------------------------------------------------------- 

Preprocessed Model Information:
-------------------------------------------------------------- 
Model type: 	Markov Automaton (sparse)
States: 	1109685
Transitions: 	2693170
Choices: 	2216319
Markovian St.: 	697007
Max. Rate: 	16
Reward Models:  obj2, obj1, obj4, obj3
State Labels: 	5 labels
   * deadl -> 436224 item(s)
   * deadlock -> 0 item(s)
   * q1full -> 545024 item(s)
   * q2full -> 545024 item(s)
   * init -> 1 item(s)
Choice Labels: 	none
-------------------------------------------------------------- 

---------------------------------------------------------------------------------------------------------------------------------------

Final preprocessed model has 260784 Markovian states.
Weight Vector Checker Statistics:
Final preprocessed model has 673462 states.
Final preprocessed model has 1780096 actions.

Pareto Curve Approximation Algorithm terminated after 20 refinement steps.
Solving multi-objective query took 932.691s seconds (consisting of 6.856s seconds for preprocessing and 925.801s seconds for analyzing the preprocessed model).
Result (for initial states): 
Underapproximation of achievable values: Polytope with 89 Halfspaces:
   ( 0.0746873,   0.181925,   -0.97368,         -1) * x <= 0.413207
   ( 0.0311684,  0.0543436,         -1,  -0.511554) * x <= 0.105788
   ( 0.0329088,  0.0641794,  -0.949491,         -1) * x <= 0.116477
   (  0.340719,          1,          0,          0) * x <= 2.49302
   (  0.436255,          1,          0,          0) * x <= 2.80308
   ( 0.0316408,   0.101159,          0,         -1) * x <= 0.219892
   (0.00896652,  0.0366945,          0,         -1) * x <= 0.0572938
   (  0.135249,   0.383407,          0,         -1) * x <= 0.94493
   (  0.538277,          1,          0,          0) * x <= 3.16953
   ( 0.0181104,  0.0512018,          0,         -1) * x <= 0.106128
   (  0.779895,          1,          0,          0) * x <= 4.12434
   ( 0.0249109,  0.0404592,         -1,  -0.810984) * x <= 0.0602475
   ( 0.0227934,  0.0397294,  -0.873062,         -1) * x <= 0.0551398
   (5.3212e-05,  0.0125534, -0.00542548,         -1) * x <= -0.00437659
   (0.00440075,   0.010843,  -0.340428,         -1) * x <= -0.0122623
   ( 0.0133493,   0.012203,         -1,          0) * x <= 0.00568913
   (0.00348068, 0.00902798,   -0.26456,         -1) * x <= -0.0128376
   (         0, 0.00509497,          0,         -1) * x <= -0.0118058
   (         0,          0,          0,         -1) * x <= -0.0125585
   (0.00310882,  0.0143546,  -0.316907,         -1) * x <= -0.00858753
   (0.00691318, 0.00761264,         -1,  -0.585591) * x <= -0.0237137
   (0.00980989,  0.0452957,         -1,          0) * x <= 0.0511178
   ( 0.0129214, 0.00393404,         -1,          0) * x <= -0.00610777
   (0.000470904, 0.00496217,          0,         -1) * x <= -0.0116867
   ( 0.0293045,  0.0470053,         -1,          0) * x <= 0.101865
   (0.00245008, 0.00406965,  -0.218741,         -1) * x <= -0.0169118
   (0.00396022,          0,  -0.281793,         -1) * x <= -0.0187042
   (         0,          1,          0,          0) * x <= 1.63584
   (0.000694849, 0.00902814,          0,         -1) * x <= -0.00770517
   (         0,          0,  -0.163368,         -1) * x <= -0.016798
   (0.00124432,          0,          0,         -1) * x <= -0.0121919
   (0.000657792,  0.0102609,          0,         -1) * x <= -0.00638402
   (0.00327916, 0.00244542,  -0.250675,         -1) * x <= -0.0177361
   ( 0.0171757,  0.0336551,  -0.576192,         -1) * x <= 0.0453704
   (0.00683556,          0,         -1,          0) * x <= -0.0194557
   (0.00522399,          0,   -0.40066,         -1) * x <= -0.0209599
   (0.000740407, 0.00971058,          0,         -1) * x <= -0.00693546
   ( 0.0162686,  0.0324357,  -0.539901,         -1) * x <= 0.0428542
   ( 0.0234867,  0.0375921,         -1,  -0.874934) * x <= 0.050469
   (         0, 0.00487804,  -0.141921,         -1) * x <= -0.0155208
   (  0.013019,          0,         -1, -0.0837853) * x <= -0.0105018
   ( 0.0362352,  0.0610016,         -1,          0) * x <= 0.14358
   (         0, 0.00763824,         -1,          0) * x <= -0.0171923
   (0.000924695, 0.00746334,         -1,          0) * x <= -0.0168461
   ( 0.0124894,  0.0285879,          0,         -1) * x <= 0.0579848
   (0.00219838, 0.00421938,  -0.167225,         -1) * x <= -0.015627
   (0.00630134,  0.0014206,         -1,          0) * x <= -0.0192781
   (0.00299885, 0.00417899,         -1,          0) * x <= -0.0192192
   (         0,          1, -8.24632e-05,          0) * x <= 1.63584
   ( 0.0248009,  0.0318002,         -1,          0) * x <= 0.0679553
   (         1,          0,          0,          0) * x <= 4.15958
   ( 0.0311537,  0.0605113,  -0.918567,         -1) * x <= 0.107556
   ( 0.0295933,  0.0481872,         -1,  -0.147372) * x <= 0.100855
   ( 0.0107938,   0.014408,   -0.84171,         -1) * x <= -0.01432
   (         0,  0.0125514, -0.00385327,         -1) * x <= -0.00436949
   ( 0.0125032, 0.00524004,         -1,          0) * x <= -0.00584124
   ( 0.0311034,  0.0543671,         -1,  -0.538367) * x <= 0.104987
   (         0,  0.0125699, -1.17614e-06,         -1) * x <= -0.00422484
   (0.00067003, 0.00876611,          0,         -1) * x <= -0.00800496
   (         0, 0.00619475,         -1,  -0.108825) * x <= -0.0207169
   (0.00345177, 0.00896802,  -0.262353,         -1) * x <= -0.0128634
   ( 0.0303236,  0.0489427,         -1,          0) * x <= 0.107649
   ( 0.0053098,  0.0120608,  -0.450359,         -1) * x <= -0.0132127
   (  0.357589,          1,          0,          0) * x <= 2.54151
   ( 0.0117838, 0.00467459,         -1,          0) * x <= -0.00758412
   (         0, 0.00566492,         -1,          0) * x <= -0.0193415
   ( 0.0176603,    0.01411,         -1,          0) * x <= 0.0222556
   ( 0.0997887,    0.24607,         -1,          0) * x <= 0.605205
   (         0,  0.0123887,          0,         -1) * x <= -0.00444844
   (5.9875e-05,  0.0123161,          0,         -1) * x <= -0.00449268
   (         0,  0.0125699,          0,         -1) * x <= -0.00422486
   (0.00480439,  0.0172827,          0,         -1) * x <= 0.0164068
   (         1,          0,          0, -0.00676783) * x <= 4.15945
   (0.00347766, 0.00416076,         -1, -0.0449867) * x <= -0.0197683
   (  0.244357,          1,          0,          0) * x <= 2.23688
   ( 0.0130246, 0.00155319,         -1,  -0.172122) * x <= -0.0108476
   (         0,          0,         -1,          0) * x <= -0.0203187
   (0.00605999, 0.00361348,         -1,  -0.234695) * x <= -0.0220936
   ( 0.0130341,          0,         -1, -8.45685e-05) * x <= -0.00898518
   ( 0.0227929,  0.0397289,          0,         -1) * x <= 0.110315
   ( 0.0128311,  0.0114492,         -1,  -0.614794) * x <= -0.0113269
   ( 0.0130341,          0,         -1,          0) * x <= -0.0089837
   ( 0.0130781,  0.0147382,         -1,  -0.834791) * x <= -0.0115228
   ( 0.0128227,  0.0125687,         -1,  -0.731127) * x <= -0.0125356
   (         1,   0.798961,          0,          0) * x <= 4.83885
   (  0.012719,          0,         -1,          0) * x <= -0.00955328
   (         0, 0.00904672,          0,         -1) * x <= -0.00808826
   (0.00110715,  0.0100157,  -0.032893,         -1) * x <= -0.0072294
   ( 0.0306426,  0.0496999,         -1,          0) * x <= 0.109699

Overapproximation of achievable values: Polytope with 20 Halfspaces:
   (         1,          0,          0,          0) * x <= 4.15957
   (         0,          1,          0,          0) * x <= 1.63584
   (         0,          0,         -1,          0) * x <= -0.0203187
   (         0,          0,          0,         -1) * x <= -0.0125585
   (  0.203078,   0.796922,          0,          0) * x <= 1.8048
   (  0.357991,   0.642009,          0,          0) * x <= 2.08392
   (   0.58443,    0.41557,          0,          0) * x <= 2.7843
   (  0.296401,   0.703599,          0,          0) * x <= 1.93717
   ( 0.0239769,   0.976023,          0,          0) * x <= 1.65559
   (  0.018206,  0.0196859,  -0.962108,          0) * x <= 0.033084
   (0.00999756,          0,  -0.935395, -0.0546079) * x <= -0.0130808
   (  0.012851,          0,  -0.987149,          0) * x <= -0.00889647
   (  0.480472,   0.519528,          0,          0) * x <= 2.4511
   (  0.260421,   0.739579,          0,          0) * x <= 1.86802
   (  0.331033,   0.668967,          0,          0) * x <= 2.01594
   (  0.000166, 0.00745273,  -0.115458,  -0.876923) * x <= -0.010315
   (0.00691388,  0.0282943,          0,  -0.964792) * x <= 0.0396597
   (         0,  0.0116429, -1.09807e-06,  -0.988356) * x <= -0.00505176
   (         0,  0.0123671,          0,  -0.987633) * x <= -0.00423102
   (0.00962205, 0.00952944,  -0.980849,          0) * x <= -0.00239572

20 Pareto optimal points found:
   (0.126255025, 0.1724942601, 0.02031868164, 0.01347856814 )
   (1.807407622, 0.7828129326, 0.03254161891, 0.01779284893 )
   (0.5183039485, 0.9407417948, 0.02473821479, 0.01659888677 )
   (1.683105096, 0.757946626, 0.03096062066, 0.01734773476 )
   (2.658150835, 1.587339148, 0.05064451284, 0.02478720031 )
   (3.325056168, 1.352507482, 0.05940910997, 0.02334101679 )
   (3.029405421, 1.456756761, 0.05622608145, 0.02332440815 )
   (2.459663168, 1.635840935, 0.047107778, 0.02478720486 )
   (3.951752456, 1.042391824, 0.06319999111, 0.02117009874 )
   (0.2946624667, 0.1477337759, 0.02595034236, 0.0125585362 )
   (0.7556569885, 1.233764381, 0.03162016903, 0.01973314465 )
   (4.095725643, 0.9301078564, 0.06320000266, 0.01999075154 )
   ( 3.59186405, 1.236111316, 0.06197658087, 0.02221332727 )
   (0.6838580566, 1.635839499, 0.02968725667, 0.02478720729 )
   ( 4.15956943, 0.7501316093, 0.06319998782, 0.01736773527 )
   (3.286954487, 1.256566402, 0.05352319943, 0.02336670528 )
   (1.239507117,  1.50534129, 0.02922710965, 0.02478719922 )
   (2.874313162, 1.513688443, 0.05409184422, 0.02417631704 )
   (0.5804494856, 1.089129089, 0.02551134874, 0.01794130497 )
   (4.159575543, 0.8501916725, 0.06319999111, 0.0182710957 )


Time for model checking: 932.692s.

Performance statistics:
  * peak memory usage: 701MB
  * CPU time: 932.833s
  * wallclock time: 936.185s
	Command being timed: "timeout 7200 /home/tq429871/storm/build/bin/storm --prism /home/tq429871/git/multiobjective-ma/slurm/../models/ma/polling/polling.ma --prop /home/tq429871/git/multiobjective-ma/slurm/../models/ma/polling/polling2.csl -const N=4,Q=4 --multiobjective:precision 0.01 -stats -tm"
	User time (seconds): 932.83
	System time (seconds): 0.99
	Percent of CPU this job got: 99%
	Elapsed (wall clock) time (h:mm:ss or m:ss): 15:36.23
	Average shared text size (kbytes): 0
	Average unshared data size (kbytes): 0
	Average stack size (kbytes): 0
	Average total size (kbytes): 0
	Maximum resident set size (kbytes): 718344
	Average resident set size (kbytes): 0
	Major (requiring I/O) page faults: 0
	Minor (reclaiming a frame) page faults: 416479
	Voluntary context switches: 38
	Involuntary context switches: 2423
	Swaps: 0
	File system inputs: 0
	File system outputs: 0
	Socket messages sent: 0
	Socket messages received: 0
	Signals delivered: 0
	Page size (bytes): 4096
	Exit status: 0
