Storm 1.6.3

Date: Thu Nov 26 22:06:12 2020
Command line arguments: --prism /home/tq429871/git/multiobjective-ma/slurm/../models/ma/stream/stream.ma --prop /home/tq429871/git/multiobjective-ma/slurm/../models/ma/stream/stream4.csl -const N=1000 '--multiobjective:precision' 0.001 -stats -tm
Current working directory: /rwthfs/rz/cluster/home/tq429871/git/multiobjective-ma/slurm

Time for model input parsing: 0.002s.

Time for model construction: 4.076s.

-------------------------------------------------------------- 
Model type: 	Markov Automaton (sparse)
States: 	1502501
Transitions: 	3001001
Choices: 	2002001
Markovian St.: 	1001001
Max. Rate: 	8
Reward Models:  buffering
State Labels: 	5 labels
   * deadlock -> 0 item(s)
   * init -> 1 item(s)
   * running -> 500500 item(s)
   * underrun -> 500499 item(s)
   * done -> 1 item(s)
Choice Labels: 	none
-------------------------------------------------------------- 

Time for model preprocessing: 0.000s.

-------------------------------------------------------------- 
Model type: 	Markov Automaton (sparse)
States: 	1502501
Transitions: 	3001001
Choices: 	2002001
Markovian St.: 	1001001
Max. Rate: 	8
Reward Models:  buffering
State Labels: 	5 labels
   * deadlock -> 0 item(s)
   * init -> 1 item(s)
   * running -> 500500 item(s)
   * underrun -> 500499 item(s)
   * done -> 1 item(s)
Choice Labels: 	none
-------------------------------------------------------------- 

Model checking property "1": multi(R[exp]{"buffering"}min=? [F "done"], T[exp]min=? [F "running"], Pmin=? [true U<=2 "underrun"]) ...
Preprocessing done in 121.758s seconds.
 Result: 
---------------------------------------------------------------------------------------------------------------------------------------
                                                       Multi-objective Query                                              
---------------------------------------------------------------------------------------------------------------------------------------

Original Formula: 
--------------------------------------------------------------
	multi(R[exp]{"buffering"}min=? [F "done"], T[exp]min=? [F "running"], Pmin=? [true U<=2 "underrun"])

The query considers 3 objectives:
--------------------------------------------------------------
Original: R[exp]{"buffering"}min=? [F "done"] 	Preprocessed: R[exp]{"obj1"}min=? [C] 	result bounds: >=0
Original: T[exp]min=? [F "running"] 	Preprocessed: R[exp]{"obj2"}min=? [C] 	result bounds: >=0
Original: Pmin=? [true U<=2 "underrun"] 	Preprocessed: R[exp]{"obj3"}min=? [C<=2] 	result bounds: [0, 1]
Number of Long-Run-Average Reward Objectives (after preprocessing): 0.
Number of Total Reward Objectives (after preprocessing): 2.
--------------------------------------------------------------

Original Model Information:
-------------------------------------------------------------- 
Model type: 	Markov Automaton (sparse)
States: 	1502501
Transitions: 	3001001
Choices: 	2002001
Markovian St.: 	1001001
Max. Rate: 	8
Reward Models:  buffering
State Labels: 	5 labels
   * deadlock -> 0 item(s)
   * init -> 1 item(s)
   * running -> 500500 item(s)
   * underrun -> 500499 item(s)
   * done -> 1 item(s)
Choice Labels: 	none
-------------------------------------------------------------- 

Preprocessed Model Information:
-------------------------------------------------------------- 
Model type: 	Markov Automaton (sparse)
States: 	2001998
Transitions: 	3998999
Choices: 	2501498
Markovian St.: 	1500498
Max. Rate: 	8
Reward Models:  obj3, obj2, obj1
State Labels: 	6 labels
   * deadl -> 2996 item(s)
   * deadlock -> 0 item(s)
   * done -> 0 item(s)
   * underrun -> 500499 item(s)
   * running -> 999998 item(s)
   * init -> 1 item(s)
Choice Labels: 	none
-------------------------------------------------------------- 

---------------------------------------------------------------------------------------------------------------------------------------

Final preprocessed model has 1498502 Markovian states.
Weight Vector Checker Statistics:
Final preprocessed model has 1999002 states.
Final preprocessed model has 2498502 actions.

ERROR: The program received signal 15 and will be aborted in 3s.
Received signal 15
Command exited with non-zero status 124
	Command being timed: "timeout 7200 /home/tq429871/storm/build/bin/storm --prism /home/tq429871/git/multiobjective-ma/slurm/../models/ma/stream/stream.ma --prop /home/tq429871/git/multiobjective-ma/slurm/../models/ma/stream/stream4.csl -const N=1000 --multiobjective:precision 0.001 -stats -tm"
	User time (seconds): 7181.72
	System time (seconds): 1.03
	Percent of CPU this job got: 99%
	Elapsed (wall clock) time (h:mm:ss or m:ss): 2:00:00
	Average shared text size (kbytes): 0
	Average unshared data size (kbytes): 0
	Average stack size (kbytes): 0
	Average total size (kbytes): 0
	Maximum resident set size (kbytes): 1243956
	Average resident set size (kbytes): 0
	Major (requiring I/O) page faults: 0
	Minor (reclaiming a frame) page faults: 315105
	Voluntary context switches: 97
	Involuntary context switches: 2702
	Swaps: 0
	File system inputs: 0
	File system outputs: 0
	Socket messages sent: 0
	Socket messages received: 0
	Signals delivered: 0
	Page size (bytes): 4096
	Exit status: 124
