Storm 1.6.3

Date: Fri Nov 27 05:09:58 2020
Command line arguments: --prism /home/tq429871/git/multiobjective-ma/slurm/../models/ma/polling/polling.ma --prop /home/tq429871/git/multiobjective-ma/slurm/../models/ma/polling/polling3.csl -const 'N=3,Q=2' '--multiobjective:precision' 0.001 -stats -tm
Current working directory: /rwthfs/rz/cluster/home/tq429871/git/multiobjective-ma/slurm

Time for model input parsing: 0.003s.

Time for model construction: 0.020s.

-------------------------------------------------------------- 
Model type: 	Markov Automaton (sparse)
States: 	990
Transitions: 	2387
Choices: 	1762
Markovian St.: 	508
Max. Rate: 	14
Reward Models:  none
State Labels: 	4 labels
   * deadlock -> 0 item(s)
   * init -> 1 item(s)
   * q2full -> 576 item(s)
   * q1full -> 576 item(s)
Choice Labels: 	none
-------------------------------------------------------------- 

Time for model preprocessing: 0.000s.

-------------------------------------------------------------- 
Model type: 	Markov Automaton (sparse)
States: 	990
Transitions: 	2387
Choices: 	1762
Markovian St.: 	508
Max. Rate: 	14
Reward Models:  none
State Labels: 	4 labels
   * deadlock -> 0 item(s)
   * init -> 1 item(s)
   * q2full -> 576 item(s)
   * q1full -> 576 item(s)
Choice Labels: 	none
-------------------------------------------------------------- 

Model checking property "1": multi(Pmin=? [true U<=2 "q1full"], Pmin=? [true U<=2 "q2full"]) ...
Preprocessing done in 0.003s seconds.
 Result: 
---------------------------------------------------------------------------------------------------------------------------------------
                                                       Multi-objective Query                                              
---------------------------------------------------------------------------------------------------------------------------------------

Original Formula: 
--------------------------------------------------------------
	multi(Pmin=? [true U<=2 "q1full"], Pmin=? [true U<=2 "q2full"])

The query considers 2 objectives:
--------------------------------------------------------------
Original: Pmin=? [true U<=2 "q1full"] 	Preprocessed: R[exp]{"obj1"}min=? [C<=2] 	result bounds: [0, 1]
Original: Pmin=? [true U<=2 "q2full"] 	Preprocessed: R[exp]{"obj2"}min=? [C<=2] 	result bounds: [0, 1]
Number of Long-Run-Average Reward Objectives (after preprocessing): 0.
Number of Total Reward Objectives (after preprocessing): 0.
--------------------------------------------------------------

Original Model Information:
-------------------------------------------------------------- 
Model type: 	Markov Automaton (sparse)
States: 	990
Transitions: 	2387
Choices: 	1762
Markovian St.: 	508
Max. Rate: 	14
Reward Models:  none
State Labels: 	4 labels
   * deadlock -> 0 item(s)
   * init -> 1 item(s)
   * q2full -> 576 item(s)
   * q1full -> 576 item(s)
Choice Labels: 	none
-------------------------------------------------------------- 

Preprocessed Model Information:
-------------------------------------------------------------- 
Model type: 	Markov Automaton (sparse)
States: 	1449
Transitions: 	3255
Choices: 	2550
Markovian St.: 	822
Max. Rate: 	14
Reward Models:  obj2, obj1
State Labels: 	5 labels
   * deadl -> 459 item(s)
   * deadlock -> 0 item(s)
   * q1full -> 603 item(s)
   * q2full -> 603 item(s)
   * init -> 1 item(s)
Choice Labels: 	none
-------------------------------------------------------------- 

---------------------------------------------------------------------------------------------------------------------------------------

Final preprocessed model has 364 Markovian states.
Weight Vector Checker Statistics:
Final preprocessed model has 991 states.
Final preprocessed model has 2092 actions.

Pareto Curve Approximation Algorithm terminated after 9 refinement steps.
Solving multi-objective query took 449.006s seconds (consisting of 0.003s seconds for preprocessing and 449.002s seconds for analyzing the preprocessed model).
Result (for initial states): 
Underapproximation of achievable values: Polytope with 8 Halfspaces:
   ( -0.322029,         -1) * x <= -1.16394
   ( -0.655644,         -1) * x <= -1.40772
   (        -1,  -0.964699) * x <= -1.62356
   (        -1,          0) * x <= -0.720055
   ( -0.218401,         -1) * x <= -1.08676
   ( -0.487581,         -1) * x <= -1.28559
   (         0,         -1) * x <= -0.923619
   ( -0.388135,         -1) * x <= -1.21277

Overapproximation of achievable values: Polytope with 9 Halfspaces:
   (        -1,          0) * x <= -0.719581
   (         0,         -1) * x <= -0.922999
   ( -0.261716,  -0.738284) * x <= -0.876523
   ( -0.657463,  -0.342537) * x <= -0.793747
   ( -0.361016,  -0.638984) * x <= -0.856947
   (-0.0271092,  -0.972891) * x <= -0.918211
   (  -0.44382,   -0.55618) * x <= -0.839693
   ( -0.303012,  -0.696988) * x <= -0.86859
   ( -0.228087,  -0.771913) * x <= -0.882687

7 Pareto optimal points found:
   (0.7322810715, 0.9285436573 )
   (0.7200547552, 0.9365691814 )
   (0.7469656646, 0.9236189575 )
   (0.7267049197, 0.9312624839 )
   (0.7386020968, 0.9260902432 )
   (0.7225394904, 0.9339935235 )
   (0.744823117, 0.9240868926 )


Time for model checking: 449.006s.

Performance statistics:
  * peak memory usage: 32MB
  * CPU time: 447.988s
  * wallclock time: 449.035s
	Command being timed: "timeout 7200 /home/tq429871/storm/build/bin/storm --prism /home/tq429871/git/multiobjective-ma/slurm/../models/ma/polling/polling.ma --prop /home/tq429871/git/multiobjective-ma/slurm/../models/ma/polling/polling3.csl -const N=3,Q=2 --multiobjective:precision 0.001 -stats -tm"
	User time (seconds): 447.99
	System time (seconds): 0.02
	Percent of CPU this job got: 99%
	Elapsed (wall clock) time (h:mm:ss or m:ss): 7:29.09
	Average shared text size (kbytes): 0
	Average unshared data size (kbytes): 0
	Average stack size (kbytes): 0
	Average total size (kbytes): 0
	Maximum resident set size (kbytes): 33080
	Average resident set size (kbytes): 0
	Major (requiring I/O) page faults: 0
	Minor (reclaiming a frame) page faults: 13055
	Voluntary context switches: 90
	Involuntary context switches: 453
	Swaps: 0
	File system inputs: 0
	File system outputs: 0
	Socket messages sent: 0
	Socket messages received: 0
	Signals delivered: 0
	Page size (bytes): 4096
	Exit status: 0
