Storm 1.6.3

Date: Fri Nov 27 13:12:37 2020
Command line arguments: --prism /home/tq429871/git/multiobjective-ma/slurm/../models/ma/polling/polling.ma --prop /home/tq429871/git/multiobjective-ma/slurm/../models/ma/polling/polling4.csl -const 'N=4,Q=4' '--multiobjective:precision' 0.001 -stats -tm
Current working directory: /rwthfs/rz/cluster/home/tq429871/git/multiobjective-ma/slurm

Time for model input parsing: 0.016s.

Time for model construction: 3.044s.

-------------------------------------------------------------- 
Model type: 	Markov Automaton (sparse)
States: 	813287
Transitions: 	2088294
Choices: 	1624533
Markovian St.: 	465125
Max. Rate: 	16
Reward Models:  processedjobs2, processedjobs1
State Labels: 	4 labels
   * deadlock -> 0 item(s)
   * init -> 1 item(s)
   * q2full -> 523520 item(s)
   * q1full -> 523520 item(s)
Choice Labels: 	none
-------------------------------------------------------------- 

Time for model preprocessing: 0.000s.

-------------------------------------------------------------- 
Model type: 	Markov Automaton (sparse)
States: 	813287
Transitions: 	2088294
Choices: 	1624533
Markovian St.: 	465125
Max. Rate: 	16
Reward Models:  processedjobs2, processedjobs1
State Labels: 	4 labels
   * deadlock -> 0 item(s)
   * init -> 1 item(s)
   * q2full -> 523520 item(s)
   * q1full -> 523520 item(s)
Choice Labels: 	none
-------------------------------------------------------------- 

Model checking property "1": multi(R[exp]{"processedjobs1"}max=? [F "q1full"], R[exp]{"processedjobs2"}max=? [F "q2full"], Pmin=? [true U<=2 "q1full"], Pmin=? [true U<=2 "q2full"]) ...
Preprocessing done in 6.019s seconds.
 Result: 
---------------------------------------------------------------------------------------------------------------------------------------
                                                       Multi-objective Query                                              
---------------------------------------------------------------------------------------------------------------------------------------

Original Formula: 
--------------------------------------------------------------
	multi(R[exp]{"processedjobs1"}max=? [F "q1full"], R[exp]{"processedjobs2"}max=? [F "q2full"], Pmin=? [true U<=2 "q1full"], Pmin=? [true U<=2 "q2full"])

The query considers 4 objectives:
--------------------------------------------------------------
Original: R[exp]{"processedjobs1"}max=? [F "q1full"] 	Preprocessed: R[exp]{"obj1"}max=? [C] 	result bounds: >=0
Original: R[exp]{"processedjobs2"}max=? [F "q2full"] 	Preprocessed: R[exp]{"obj2"}max=? [C] 	result bounds: >=0
Original: Pmin=? [true U<=2 "q1full"] 	Preprocessed: R[exp]{"obj3"}min=? [C<=2] 	result bounds: [0, 1]
Original: Pmin=? [true U<=2 "q2full"] 	Preprocessed: R[exp]{"obj4"}min=? [C<=2] 	result bounds: [0, 1]
Number of Long-Run-Average Reward Objectives (after preprocessing): 0.
Number of Total Reward Objectives (after preprocessing): 2.
--------------------------------------------------------------

Original Model Information:
-------------------------------------------------------------- 
Model type: 	Markov Automaton (sparse)
States: 	813287
Transitions: 	2088294
Choices: 	1624533
Markovian St.: 	465125
Max. Rate: 	16
Reward Models:  processedjobs2, processedjobs1
State Labels: 	4 labels
   * deadlock -> 0 item(s)
   * init -> 1 item(s)
   * q2full -> 523520 item(s)
   * q1full -> 523520 item(s)
Choice Labels: 	none
-------------------------------------------------------------- 

Preprocessed Model Information:
-------------------------------------------------------------- 
Model type: 	Markov Automaton (sparse)
States: 	1109685
Transitions: 	2693170
Choices: 	2216319
Markovian St.: 	697007
Max. Rate: 	16
Reward Models:  obj2, obj1, obj4, obj3
State Labels: 	5 labels
   * deadl -> 436224 item(s)
   * deadlock -> 0 item(s)
   * q1full -> 545024 item(s)
   * q2full -> 545024 item(s)
   * init -> 1 item(s)
Choice Labels: 	none
-------------------------------------------------------------- 

---------------------------------------------------------------------------------------------------------------------------------------

Final preprocessed model has 260784 Markovian states.
Weight Vector Checker Statistics:
Final preprocessed model has 673462 states.
Final preprocessed model has 1780096 actions.

ERROR: The program received signal 15 and will be aborted in 3s.
Received signal 15
Command exited with non-zero status 124
	Command being timed: "timeout 7200 /home/tq429871/storm/build/bin/storm --prism /home/tq429871/git/multiobjective-ma/slurm/../models/ma/polling/polling.ma --prop /home/tq429871/git/multiobjective-ma/slurm/../models/ma/polling/polling4.csl -const N=4,Q=4 --multiobjective:precision 0.001 -stats -tm"
	User time (seconds): 7180.48
	System time (seconds): 0.70
	Percent of CPU this job got: 99%
	Elapsed (wall clock) time (h:mm:ss or m:ss): 2:00:00
	Average shared text size (kbytes): 0
	Average unshared data size (kbytes): 0
	Average stack size (kbytes): 0
	Average total size (kbytes): 0
	Maximum resident set size (kbytes): 771424
	Average resident set size (kbytes): 0
	Major (requiring I/O) page faults: 0
	Minor (reclaiming a frame) page faults: 305257
	Voluntary context switches: 121
	Involuntary context switches: 3447
	Swaps: 0
	File system inputs: 0
	File system outputs: 8
	Socket messages sent: 0
	Socket messages received: 0
	Signals delivered: 0
	Page size (bytes): 4096
	Exit status: 124
