Storm 1.6.3

Date: Thu Nov 26 10:57:57 2020
Command line arguments: --prism /home/tq429871/git/multiobjective-ma/slurm/../models/ma/jobs/jobs17_2.ma --prop /home/tq429871/git/multiobjective-ma/slurm/../models/ma/jobs/jobs1.csl '--multiobjective:precision' 0.001 -stats -tm
Current working directory: /rwthfs/rz/cluster/home/tq429871/git/multiobjective-ma/slurm

Time for model input parsing: 0.026s.

Time for model construction: 87.781s.

-------------------------------------------------------------- 
Model type: 	Markov Automaton (sparse)
States: 	4587537
Transitions: 	13369379
Choices: 	8912931
Markovian St.: 	4456466
Max. Rate: 	5.9
Reward Models:  avg_waiting_time
State Labels: 	4 labels
   * deadlock -> 1 item(s)
   * init -> 1 item(s)
   * half_of_jobs_finished -> 704990 item(s)
   * all_jobs_finished -> 1 item(s)
Choice Labels: 	none
-------------------------------------------------------------- 

Time for model preprocessing: 0.000s.

-------------------------------------------------------------- 
Model type: 	Markov Automaton (sparse)
States: 	4587537
Transitions: 	13369379
Choices: 	8912931
Markovian St.: 	4456466
Max. Rate: 	5.9
Reward Models:  avg_waiting_time
State Labels: 	4 labels
   * deadlock -> 1 item(s)
   * init -> 1 item(s)
   * half_of_jobs_finished -> 704990 item(s)
   * all_jobs_finished -> 1 item(s)
Choice Labels: 	none
-------------------------------------------------------------- 

Model checking property "1": multi(T[exp]min=? [F "all_jobs_finished"], T[exp]min=? [F "half_of_jobs_finished"], R[exp]{"avg_waiting_time"}min=? [F "all_jobs_finished"]) ...
Preprocessing done in 14.198s seconds.
 Result: 
---------------------------------------------------------------------------------------------------------------------------------------
                                                       Multi-objective Query                                              
---------------------------------------------------------------------------------------------------------------------------------------

Original Formula: 
--------------------------------------------------------------
	multi(T[exp]min=? [F "all_jobs_finished"], T[exp]min=? [F "half_of_jobs_finished"], R[exp]{"avg_waiting_time"}min=? [F "all_jobs_finished"])

The query considers 3 objectives:
--------------------------------------------------------------
Original: T[exp]min=? [F "all_jobs_finished"] 	Preprocessed: R[exp]{"obj1"}min=? [C] 	result bounds: >=0
Original: T[exp]min=? [F "half_of_jobs_finished"] 	Preprocessed: R[exp]{"obj2"}min=? [C] 	result bounds: >=0
Original: R[exp]{"avg_waiting_time"}min=? [F "all_jobs_finished"] 	Preprocessed: R[exp]{"obj3"}min=? [C] 	result bounds: >=0
Number of Long-Run-Average Reward Objectives (after preprocessing): 0.
Number of Total Reward Objectives (after preprocessing): 3.
--------------------------------------------------------------

Original Model Information:
-------------------------------------------------------------- 
Model type: 	Markov Automaton (sparse)
States: 	4587537
Transitions: 	13369379
Choices: 	8912931
Markovian St.: 	4456466
Max. Rate: 	5.9
Reward Models:  avg_waiting_time
State Labels: 	4 labels
   * deadlock -> 1 item(s)
   * init -> 1 item(s)
   * half_of_jobs_finished -> 704990 item(s)
   * all_jobs_finished -> 1 item(s)
Choice Labels: 	none
-------------------------------------------------------------- 

Preprocessed Model Information:
-------------------------------------------------------------- 
Model type: 	Markov Automaton (sparse)
States: 	4587537
Transitions: 	13369379
Choices: 	8912931
Markovian St.: 	4456466
Max. Rate: 	5.9
Reward Models:  obj3, obj2, obj1
State Labels: 	5 labels
   * deadl -> 1 item(s)
   * all_jobs_finished -> 1 item(s)
   * half_of_jobs_finished -> 704990 item(s)
   * deadlock -> 1 item(s)
   * init -> 1 item(s)
Choice Labels: 	none
-------------------------------------------------------------- 

---------------------------------------------------------------------------------------------------------------------------------------

Final preprocessed model has 4456466 Markovian states.
Weight Vector Checker Statistics:
Final preprocessed model has 4587537 states.
Final preprocessed model has 8912931 actions.

Pareto Curve Approximation Algorithm terminated after 62 refinement steps.
Solving multi-objective query took 907.181s seconds (consisting of 14.198s seconds for preprocessing and 892.844s seconds for analyzing the preprocessed model).
Result (for initial states): 
Underapproximation of achievable values: Polytope with 125 Halfspaces:
   (        -1,          0,  -0.364098) * x <= -5.85603
   (        -1,          0,  -0.253534) * x <= -5.59695
   (        -1, -0.00434209,  -0.241973) * x <= -5.57923
   (        -1, -0.0274098,  -0.147636) * x <= -5.40554
   (        -1, -0.0229401,  -0.225697) * x <= -5.58193
   (        -1,          0,  -0.434493) * x <= -6.01696
   (        -1, -0.0497359, -0.00572446) * x <= -5.10705
   (        -1,          0,  -0.316303) * x <= -5.74539
   (        -1, -0.0465191, -0.00534105) * x <= -5.09663
   (        -1,  -0.055468,          0) * x <= -5.10716
   (        -1,          0,  -0.230514) * x <= -5.54133
   (        -1,  -0.015292,  -0.122616) * x <= -5.31394
   (        -1, -0.0400237, -0.0732221) * x <= -5.25349
   (        -1,          0,  -0.190928) * x <= -5.44459
   (        -1,          0,  -0.165378) * x <= -5.38149
   (        -1, -0.0403681, -0.0252228) * x <= -5.13258
   (        -1,  -0.025384, -0.0805813) * x <= -5.23432
   (        -1, -0.0511522,  -0.108788) * x <= -5.36584
   (        -1,  -0.121743,  -0.183161) * x <= -5.67975
   (        -1, -0.0942796,  -0.431752) * x <= -6.18934
   (        -1, -0.0221522, -0.0893049) * x <= -5.24792
   (        -1, -0.0741088,  -0.507008) * x <= -6.31894
   (        -1,  -0.178815,  -0.316194) * x <= -6.08814
   (        -1,  -0.157876,  -0.414774) * x <= -6.2699
   (        -1, -0.0589508, -0.00297018) * x <= -5.12497
   (        -1, -0.0384694, -0.0280807) * x <= -5.13479
   (        -1, -0.0599396,          0) * x <= -5.11945
   (        -1, -0.0423588,  -0.481151) * x <= -6.2023
   (-4.63806e-06,         -1, -3.38592e-06) * x <= -1.84648
   (        -1, -0.0523496, -0.0195381) * x <= -5.15036
   (        -1,          0,  -0.078926) * x <= -5.159
   (-9.3259e-07,         -1, -3.25651e-06) * x <= -1.84646
   (  -0.33039,          0,         -1) * x <= -3.81444
   (        -1, -0.0411473,          0) * x <= -5.06515
   (-3.15605e-06,         -1, -4.18094e-06) * x <= -1.84648
   (        -1,  -0.028055,  -0.139553) * x <= -5.38752
   (-0.0961251,          0,         -1) * x <= -2.59627
   ( -0.754866,          0,         -1) * x <= -6.00121
   (-2.5542e-07,         -1, -2.65716e-06) * x <= -1.84646
   (        -1, -0.0214334,  -0.250808) * x <= -5.63782
   (        -1,  -0.126119, -0.00140464) * x <= -5.26844
   (        -1,  -0.275537, -0.0297856) * x <= -5.62511
   (        -1, -0.0267743,  -0.055632) * x <= -5.17396
   ( -0.858413,          0,         -1) * x <= -6.53145
   (        -1,          0, -0.0547465) * x <= -5.09364
   (        -1,  -0.104306,          0) * x <= -5.22046
   (        -1, -0.0199072,  -0.251273) * x <= -5.6357
   ( -0.928738,          0,         -1) * x <= -6.89105
   (        -1, -0.0274865, -0.0101486) * x <= -5.05308
   (        -1, -0.0703388, -0.00942453) * x <= -5.16997
   (        -1, -0.0539273,  -0.454422) * x <= -6.16447
   (        -1, -0.0116777,  -0.301079) * x <= -5.73444
   ( -0.565703,          0,         -1) * x <= -5.02954
   (        -1,          0,  -0.463621) * x <= -6.08296
   (        -1, -0.0457193,          0) * x <= -5.07892
   (        -1, -0.0151333,  -0.309085) * x <= -5.75976
   ( -0.150003,          0,         -1) * x <= -2.87727
   (-4.23993e-07,         -1, -2.82656e-06) * x <= -1.84646
   (        -1,          0, -0.0347401) * x <= -5.0379
   (-3.57543e-06,         -1, -4.16516e-06) * x <= -1.84648
   (        -1,          0, -0.0181435) * x <= -4.99031
   (        -1,  -0.144785,          0) * x <= -5.30271
   (         0,         -1, -2.37286e-06) * x <= -1.84646
   (        -1, -0.0958347, -0.00590078) * x <= -5.21709
   (-0.0783394,         -1, -0.0571901) * x <= -2.36911
   (         0,          0,         -1) * x <= -2.09386
   (        -1,  -0.127398,          0) * x <= -5.2677
   (        -1, -0.0273995, -0.0127474) * x <= -5.06026
   ( -0.286377,          0,         -1) * x <= -3.58622
   (        -1,          0,  -0.704114) * x <= -6.61485
   (         0,         -1,          0) * x <= -1.84645
   (        -1,   -0.12996,  -0.431149) * x <= -6.25452
   (        -1,  -0.048806,  -0.132416) * x <= -5.41701
   (-2.25317e-06,         -1, -3.98296e-06) * x <= -1.84647
   (        -1,  -0.071412,          0) * x <= -5.14902
   (        -1, -0.0982177,  -0.241075) * x <= -5.76628
   (        -1,  -0.131415, -0.0107609) * x <= -5.30121
   (-3.08568e-06,         -1,          0) * x <= -1.84647
   (        -1, -0.0875783, -0.00339957) * x <= -5.19339
   (        -1,          0,  -0.652812) * x <= -6.5023
   (        -1, -0.0263674, -0.00961661) * x <= -5.04806
   (        -1,  -0.228545,          0) * x <= -5.46788
   (        -1, -0.0517621, -0.0203823) * x <= -5.15097
   (        -1,          0,          0) * x <= -4.93636
   (        -1,  -0.181396, -0.00673672) * x <= -5.39154
   (        -1,  -0.177708,          0) * x <= -5.36841
   (        -1,  -0.227515, -0.000546118) * x <= -5.46716
   (        -1, -0.0877003,          0) * x <= -5.18525
   (        -1,  -0.363767,          0) * x <= -5.72264
   (        -1,          0,  -0.131302) * x <= -5.29535
   (        -1,  -0.101812, -0.00230564) * x <= -5.22088
   (-4.5097e-06,         -1, -2.38033e-06) * x <= -1.84648
   (        -1, -0.0286422, -0.0366794) * x <= -5.12943
   (        -1,          0,  -0.760318) * x <= -6.73721
   (        -1, -0.0731013,  -0.527825) * x <= -6.36306
   (        -1, -0.0261791, -0.0238884) * x <= -5.08757
   (        -1, -0.0312838, -0.0147243) * x <= -5.07762
   (-1.12133e-06,         -1, -3.39396e-06) * x <= -1.84647
   (        -1,  -0.252706,          0) * x <= -5.51397
   (        -1,   -0.07526, -0.0128633) * x <= -5.18944
   (        -1,   -0.29631, -0.0604085) * x <= -5.73315
   (        -1,  -0.127102,   -0.25884) * x <= -5.86169
   (-4.29668e-06,         -1, -1.78215e-06) * x <= -1.84648
   (        -1, -0.0370588,  -0.443664) * x <= -6.10851
   (        -1,  -0.061505,  -0.112316) * x <= -5.39648
   (        -1, -0.0526328, -0.00384529) * x <= -5.11003
   (        -1,  -0.056999,  -0.153484) * x <= -5.48382
   (        -1,  -0.128498, -0.0394366) * x <= -5.3625
   (        -1,   -0.30126,          0) * x <= -5.60584
   (        -1,          0,   -0.34041) * x <= -5.80155
   (        -1, -0.0601971, -0.00490917) * x <= -5.13344
   (        -1,  -0.279243, -0.0126178) * x <= -5.59323
   (-3.8211e-06,         -1, -4.11429e-06) * x <= -1.84648
   (        -1, -0.0998349,  -0.173863) * x <= -5.61577
   ( -0.507665,          0,         -1) * x <= -4.73071
   (        -1,          0,  -0.938791) * x <= -7.1232
   ( -4.19e-06,         -1, -3.93353e-06) * x <= -1.84648
   (        -1,  -0.046629, -0.0721729) * x <= -5.26734
   (        -1,          0,  -0.513754) * x <= -6.19497
   (        -1,          0,  -0.107225) * x <= -5.23343
   (        -1, -0.0258552,  -0.145181) * x <= -5.39595
   (-1.96827e-06,         -1, -3.8771e-06) * x <= -1.84647
   (        -1, -0.0708722, -0.000800315) * x <= -5.1498
   (        -1,  -0.161255, -0.0269203) * x <= -5.39858
   (        -1, -0.0290162,          0) * x <= -5.02782

Overapproximation of achievable values: Polytope with 62 Halfspaces:
   (        -1,          0,          0) * x <= -4.93636
   (         0,         -1,          0) * x <= -1.84645
   (         0,          0,         -1) * x <= -2.09386
   ( -0.808352,          0,  -0.191648) * x <= -4.49218
   ( -0.784926,  -0.215074,          0) * x <= -4.35969
   (  -0.47324,          0,   -0.52676) * x <= -3.54821
   (  -0.89926,   -0.10074,          0) * x <= -4.70875
   ( -0.673109,          0,  -0.326891) * x <= -4.12762
   ( -0.442525,  -0.479637, -0.0778384) * x <= -3.29485
   ( -0.920666,          0, -0.0793336) * x <= -4.76726
   ( -0.937622, -0.0623777,          0) * x <= -4.81603
   (  -0.29851,          0,   -0.70149) * x <= -3.02077
   ( -0.796174, -0.0465705,  -0.157255) * x <= -4.44931
   ( -0.563968, -0.0611773,  -0.374855) * x <= -3.79472
   ( -0.866502,          0,  -0.133498) * x <= -4.6383
   ( -0.957954,          0, -0.0420463) * x <= -4.8505
   ( -0.544966,          0,  -0.455034) * x <= -3.75955
   ( -0.952225, -0.0477751,          0) * x <= -4.84856
   (  -0.88368, -0.0612468, -0.0550729) * x <= -4.67848
   ( -0.182188,          0,  -0.817812) * x <= -2.66245
   ( -0.771522,          0,  -0.228478) * x <= -4.39591
   ( -0.389719,          0,  -0.610281) * x <= -3.29792
   (  -0.77346,  -0.158907, -0.0676336) * x <= -4.34857
   ( -0.832167,  -0.167833,          0) * x <= -4.50645
   ( -0.643155, -0.0644623,  -0.292382) * x <= -4.0205
   ( -0.914962,  -0.051338, -0.0336999) * x <= -4.76041
   ( -0.713799,          0,  -0.286201) * x <= -4.24017
   ( -0.929773, -0.0702267,          0) * x <= -4.79594
   ( -0.942143, -0.0491439, -0.00871295) * x <= -4.8265
   ( -0.637115,          0,  -0.362885) * x <= -4.02551
   ( -0.751047,  -0.248953,          0) * x <= -4.25265
   ( -0.958733, -0.0362192, -0.00504752) * x <= -4.86086
   ( -0.816653, -0.0297359,  -0.153611) * x <= -4.50945
   ( -0.865606, -0.0165091,  -0.117885) * x <= -4.63693
   ( -0.674344, -0.0739184,  -0.251738) * x <= -4.10444
   ( -0.876813, -0.0398543, -0.0833325) * x <= -4.66445
   ( -0.877231, -0.0888785, -0.0338903) * x <= -4.65376
   ( -0.578025,          0,  -0.421975) * x <= -3.85616
   ( -0.975213,          0, -0.0247874) * x <= -4.88695
   ( -0.866956,  -0.132488, -0.000555371) * x <= -4.61242
   ( -0.948395, -0.0349518, -0.0166531) * x <= -4.83829
   (  -0.96646, -0.0335399,          0) * x <= -4.8761
   ( -0.750133, -0.000185259,  -0.249682) * x <= -4.33911
   ( -0.923283, -0.0348374, -0.0418797) * x <= -4.78002
   ( -0.894804,          0,  -0.105196) * x <= -4.70668
   ( -0.937956,          0, -0.0620437) * x <= -4.80652
   ( -0.113877,          0,  -0.886123) * x <= -2.45029
   ( -0.346362,          0,  -0.653638) * x <= -3.167
   ( -0.911881, -0.0881195,          0) * x <= -4.7456
   ( -0.237162,          0,  -0.762838) * x <= -2.83269
   ( -0.741918,          0,  -0.258082) * x <= -4.31698
   ( -0.945015, -0.0543276, -0.000657183) * x <= -4.83342
   ( -0.812932,   -0.14056,  -0.046508) * x <= -4.46356
   (  -0.82469, -0.0229195,   -0.15239) * x <= -4.53175
   ( -0.695176, -0.0211062,  -0.283718) * x <= -4.18162
   ( -0.614347,  -0.106367,  -0.279286) * x <= -3.92325
   ( -0.440667,          0,  -0.559333) * x <= -3.45113
   ( -0.903389,  -0.029387, -0.0672236) * x <= -4.73124
   ( -0.825539,          0,  -0.174461) * x <= -4.53588
   ( -0.647413, -0.0884838,  -0.264103) * x <= -4.0237
   ( -0.882148,  -0.117852,          0) * x <= -4.6579
   ( -0.501717,          0,  -0.498283) * x <= -3.63248

62 Pareto optimal points found:
   (5.081909776, 1.846487189, 2.177119409 )
   (5.059531215, 1.874073414, 2.210079006 )
   (5.039678684, 1.881261144, 2.251968645 )
   (4.951430791, 2.846581851, 2.629972257 )
   (5.054226298, 1.864400667, 2.221956045 )
   (5.070076965,  1.84645307, 2.193924657 )
   (5.022858971, 1.947328056, 2.292050593 )
   (5.062255886,  1.84645307, 2.208742223 )
   (4.997081231, 2.149220786, 2.379143685 )
   (4.958528287, 2.705728279, 2.570182257 )
   (4.963419726, 2.651436889, 2.527993772 )
   (4.971190599, 2.492002133, 2.493261591 )
   (4.966631798, 2.572212445, 2.511677981 )
   (5.035829497, 1.892094857, 2.301759301 )
   (5.050958551,  1.84645307, 2.235979538 )
   ( 4.97801874,  2.44239453, 2.443721084 )
   (4.938272138, 3.117918307, 2.867944157 )
   (4.973070633, 2.488249284, 2.469637174 )
   (5.032490871,   1.9096485, 2.265798514 )
   (4.936359985, 3.152000319, 2.973334732 )
   (5.018667958, 1.999345865, 2.299819977 )
   ( 5.04715589, 1.892614136, 2.234167023 )
   (5.042933213, 1.868514826, 2.260615378 )
   (5.104611438,  1.84645307, 2.150203912 )
   (4.941223086, 3.011868957, 2.864394833 )
   (5.198606972,  1.84645307, 2.097459816 )
   (4.987525808, 2.270957078, 2.409738496 )
   ( 5.03190101, 1.907640563, 2.269063365 )
   (4.997374078, 2.214878839, 2.364876791 )
   (4.946483282, 2.896814802, 2.881623075 )
   (5.008554783, 2.099408223, 2.329528746 )
   (5.002773434, 2.106249065,  2.35199502 )
   (5.023629012, 1.949813533,  2.28619439 )
   (5.046469391, 1.864703428, 2.239856028 )
   (4.984371405, 2.351439058, 2.416162437 )
   (5.113391232,  1.84645307, 2.142049787 )
   (4.991779168, 2.234800967, 2.387641389 )
   (4.956457786, 2.726487185, 2.619046921 )
   ( 5.01377087, 1.995638391, 2.340260687 )
   (4.946448475, 2.917190944, 2.710669255 )
   (5.122740504, 1.846452849, 2.187202483 )
   ( 4.99925201, 2.120791258, 2.472988283 )
   (4.990185838, 2.224168032, 2.476697238 )
   (4.954758793, 2.747620408, 2.771621053 )
   ( 5.09284283,  1.84645307, 2.162739831 )
   (4.945634779, 2.954898419,  2.70340826 )
   (5.020697002, 1.956663664, 2.361598165 )
   (5.168616176,  1.84645307, 2.106783796 )
   (4.938519683, 3.077569509,  2.95283341 )
   (5.226642977,  1.84645307, 2.093856876 )
   (4.964966502, 2.577320497,  2.71492479 )
   (5.120802502,  1.84645307, 2.135687856 )
   (5.136661014,  1.84645307, 2.123716801 )
   (5.215459352,  1.84645307, 2.094931903 )
   (5.011189706, 2.013465978, 2.362409766 )
   (5.148902802,  1.84645307, 2.116791587 )
   ( 5.18532267,  1.84645307, 2.101264131 )
   (5.016722835, 1.982898412, 2.306918431 )
   (5.007090555, 2.045641969, 2.391697166 )
   (5.007373405, 2.043917415, 2.345172625 )
   (4.957670128, 2.734453773, 2.571783009 )
   (4.941128818, 3.051914842, 2.785714135 )


Time for model checking: 907.183s.

Performance statistics:
  * peak memory usage: 3504MB
  * CPU time: 945.000s
  * wallclock time: 995.115s
	Command being timed: "timeout 7200 /home/tq429871/storm/build/bin/storm --prism /home/tq429871/git/multiobjective-ma/slurm/../models/ma/jobs/jobs17_2.ma --prop /home/tq429871/git/multiobjective-ma/slurm/../models/ma/jobs/jobs1.csl --multiobjective:precision 0.001 -stats -tm"
	User time (seconds): 945.00
	System time (seconds): 47.78
	Percent of CPU this job got: 99%
	Elapsed (wall clock) time (h:mm:ss or m:ss): 16:35.17
	Average shared text size (kbytes): 0
	Average unshared data size (kbytes): 0
	Average stack size (kbytes): 0
	Average total size (kbytes): 0
	Maximum resident set size (kbytes): 3588472
	Average resident set size (kbytes): 0
	Major (requiring I/O) page faults: 0
	Minor (reclaiming a frame) page faults: 9364856
	Voluntary context switches: 76
	Involuntary context switches: 1309
	Swaps: 0
	File system inputs: 0
	File system outputs: 0
	Socket messages sent: 0
	Socket messages received: 0
	Signals delivered: 0
	Page size (bytes): 4096
	Exit status: 0
