Storm 1.6.3

Date: Thu Nov 26 10:56:31 2020
Command line arguments: --prism /home/tq429871/git/multiobjective-ma/slurm/../models/ma/jobs/jobs10_2.ma --prop /home/tq429871/git/multiobjective-ma/slurm/../models/ma/jobs/jobs1.csl '--multiobjective:precision' 0.001 -stats -tm
Current working directory: /rwthfs/rz/cluster/home/tq429871/git/multiobjective-ma/slurm

Time for model input parsing: 0.108s.

Time for model construction: 0.325s.

-------------------------------------------------------------- 
Model type: 	Markov Automaton (sparse)
States: 	12554
Transitions: 	34581
Choices: 	23061
Markovian St.: 	11531
Max. Rate: 	5.7
Reward Models:  avg_waiting_time
State Labels: 	4 labels
   * deadlock -> 1 item(s)
   * init -> 1 item(s)
   * half_of_jobs_finished -> 2772 item(s)
   * all_jobs_finished -> 1 item(s)
Choice Labels: 	none
-------------------------------------------------------------- 

Time for model preprocessing: 0.000s.

-------------------------------------------------------------- 
Model type: 	Markov Automaton (sparse)
States: 	12554
Transitions: 	34581
Choices: 	23061
Markovian St.: 	11531
Max. Rate: 	5.7
Reward Models:  avg_waiting_time
State Labels: 	4 labels
   * deadlock -> 1 item(s)
   * init -> 1 item(s)
   * half_of_jobs_finished -> 2772 item(s)
   * all_jobs_finished -> 1 item(s)
Choice Labels: 	none
-------------------------------------------------------------- 

Model checking property "1": multi(T[exp]min=? [F "all_jobs_finished"], T[exp]min=? [F "half_of_jobs_finished"], R[exp]{"avg_waiting_time"}min=? [F "all_jobs_finished"]) ...
Preprocessing done in 0.032s seconds.
 Result: 
---------------------------------------------------------------------------------------------------------------------------------------
                                                       Multi-objective Query                                              
---------------------------------------------------------------------------------------------------------------------------------------

Original Formula: 
--------------------------------------------------------------
	multi(T[exp]min=? [F "all_jobs_finished"], T[exp]min=? [F "half_of_jobs_finished"], R[exp]{"avg_waiting_time"}min=? [F "all_jobs_finished"])

The query considers 3 objectives:
--------------------------------------------------------------
Original: T[exp]min=? [F "all_jobs_finished"] 	Preprocessed: R[exp]{"obj1"}min=? [C] 	result bounds: >=0
Original: T[exp]min=? [F "half_of_jobs_finished"] 	Preprocessed: R[exp]{"obj2"}min=? [C] 	result bounds: >=0
Original: R[exp]{"avg_waiting_time"}min=? [F "all_jobs_finished"] 	Preprocessed: R[exp]{"obj3"}min=? [C] 	result bounds: >=0
Number of Long-Run-Average Reward Objectives (after preprocessing): 0.
Number of Total Reward Objectives (after preprocessing): 3.
--------------------------------------------------------------

Original Model Information:
-------------------------------------------------------------- 
Model type: 	Markov Automaton (sparse)
States: 	12554
Transitions: 	34581
Choices: 	23061
Markovian St.: 	11531
Max. Rate: 	5.7
Reward Models:  avg_waiting_time
State Labels: 	4 labels
   * deadlock -> 1 item(s)
   * init -> 1 item(s)
   * half_of_jobs_finished -> 2772 item(s)
   * all_jobs_finished -> 1 item(s)
Choice Labels: 	none
-------------------------------------------------------------- 

Preprocessed Model Information:
-------------------------------------------------------------- 
Model type: 	Markov Automaton (sparse)
States: 	12554
Transitions: 	34581
Choices: 	23061
Markovian St.: 	11531
Max. Rate: 	5.7
Reward Models:  obj3, obj2, obj1
State Labels: 	5 labels
   * deadl -> 1 item(s)
   * all_jobs_finished -> 1 item(s)
   * half_of_jobs_finished -> 2772 item(s)
   * deadlock -> 1 item(s)
   * init -> 1 item(s)
Choice Labels: 	none
-------------------------------------------------------------- 

---------------------------------------------------------------------------------------------------------------------------------------

Final preprocessed model has 11531 Markovian states.
Weight Vector Checker Statistics:
Final preprocessed model has 12554 states.
Final preprocessed model has 23061 actions.

Pareto Curve Approximation Algorithm terminated after 49 refinement steps.
Solving multi-objective query took 20.302s seconds (consisting of 0.032s seconds for preprocessing and 20.268s seconds for analyzing the preprocessed model).
Result (for initial states): 
Underapproximation of achievable values: Polytope with 88 Halfspaces:
   (        -1,  -0.165323,          0) * x <= -3.33835
   ( -0.430865,          0,         -1) * x <= -2.77
   (        -1, -0.0612864,  -0.192421) * x <= -3.49475
   (        -1,  -0.158098, -0.0406882) * x <= -3.39339
   (        -1,  -0.172587, -0.00614191) * x <= -3.35903
   (        -1,  -0.215899, -0.00188683) * x <= -3.40143
   (        -1,  -0.155505,          0) * x <= -3.32307
   (        -1, -0.0347543,  -0.265496) * x <= -3.57175
   (        -1,   -0.14529, -0.0395211) * x <= -3.37381
   (        -1,          0,  -0.168704) * x <= -3.35629
   ( -0.622284,          0,         -1) * x <= -3.38922
   (        -1,  -0.302543,          0) * x <= -3.49219
   (        -1,   -0.17359, -0.00396071) * x <= -3.35692
   (         0,          0,         -1) * x <= -1.3583
   (        -1,  -0.170295, -0.0106411) * x <= -3.36305
   (        -1,  -0.058526,  -0.415976) * x <= -3.82827
   (        -1,          0,  -0.850866) * x <= -4.38971
   (        -1,  -0.121736,   -0.16599) * x <= -3.53597
   (        -1,  -0.204484, -0.0351739) * x <= -3.4374
   (        -1, -0.0930736,          0) * x <= -3.21706
   (        -1,  -0.130656,   -0.07346) * x <= -3.4069
   (        -1, -0.0363545,  -0.370155) * x <= -3.73449
   (        -1, -0.0871732, -0.0845548) * x <= -3.35747
   (        -1,   -0.17403,          0) * x <= -3.35108
   (        -1,  -0.127372,          0) * x <= -3.27667
   (        -1,  -0.121057, -0.0342904) * x <= -3.3268
   ( -0.681925,          0,         -1) * x <= -3.58108
   (        -1,  -0.286944, -0.0205097) * x <= -3.50511
   (        -1,  -0.111029,  -0.139596) * x <= -3.48286
   (         0,         -1,          0) * x <= -1.04911
   (        -1,          0,  -0.938845) * x <= -4.51412
   (        -1,   -0.11889, -0.0203939) * x <= -3.29886
   (        -1,          0,  -0.165116) * x <= -3.35008
   (        -1,          0,          0) * x <= -3.05203
   (        -1,          0,  -0.134019) * x <= -3.29502
   (        -1,          0,  -0.545245) * x <= -3.94874
   (        -1,  -0.217248,          0) * x <= -3.40015
   (        -1, -0.0653497,  -0.505003) * x <= -3.96442
   (        -1, -0.0282901, -0.0956996) * x <= -3.27626
   (        -1,          0,  -0.427648) * x <= -3.77297
   (        -1, -0.0879266,  -0.143777) * x <= -3.45663
   (        -1, -0.0718652,  -0.460713) * x <= -3.90766
   (        -1,          0,  -0.731822) * x <= -4.21973
   ( -0.136204,          0,         -1) * x <= -1.80761
   (     -0.27,          0,         -1) * x <= -2.24632
   (        -1,   -0.14435, -0.0410582) * x <= -3.37493
   (        -1, -0.0790382,   -0.19385) * x <= -3.523
   (        -1,   -0.13765,          0) * x <= -3.29386
   (        -1,  -0.175873,          0) * x <= -3.35361
   (        -1,  -0.212068, -0.0461025) * x <= -3.46144
   ( -0.907762,          0,         -1) * x <= -4.30548
   (        -1,  -0.126891,   -0.15384) * x <= -3.52419
   (        -1,  -0.133632, -0.0281627) * x <= -3.33663
   (        -1,  -0.119674, -0.0207001) * x <= -3.30072
   (        -1,  -0.158638, -0.00662301) * x <= -3.33943
   (        -1,          0,  -0.246958) * x <= -3.4884
   (        -1, -0.0301511,  -0.443835) * x <= -3.83595
   (        -1, -0.0733951, -0.0604412) * x <= -3.29211
   (        -1,          0,  -0.110459) * x <= -3.25295
   (        -1,  -0.127146,  -0.160229) * x <= -3.53384
   (        -1,          0,  -0.220919) * x <= -3.44471
   (        -1,  -0.073183,  -0.371732) * x <= -3.78058
   (        -1, -0.0875715,  -0.109579) * x <= -3.4005
   (        -1, -0.0377803,  -0.345897) * x <= -3.69965
   (        -1, -0.0595546, -0.0891764) * x <= -3.31897
   (        -1, -0.0853861, -0.0858275) * x <= -3.35668
   (        -1,          0,   -0.32413) * x <= -3.61306
   (        -1, -0.0785771,   -0.19485) * x <= -3.52391
   (        -1,          0,  -0.288303) * x <= -3.55553
   (        -1,  -0.136722, -0.0802259) * x <= -3.42594
   (        -1,  -0.032295,  -0.438778) * x <= -3.83107
   (        -1,          0,  -0.349196) * x <= -3.65226
   (        -1,  -0.153954, -0.00664402) * x <= -3.33217
   (        -1,          0,  -0.453203) * x <= -3.81167
   (        -1, -0.0540629,  -0.167529) * x <= -3.44318
   (        -1,          0,  -0.664288) * x <= -4.12218
   (        -1, -0.0815901, -0.0505506) * x <= -3.28865
   (        -1, -0.0839999,  -0.237861) * x <= -3.59655
   ( -0.303932,          0,         -1) * x <= -2.35721
   (        -1, -0.0293139,   -0.27617) * x <= -3.58062
   (        -1,  -0.122813, -0.0601971) * x <= -3.3735
   (        -1,  -0.100197,  -0.129481) * x <= -3.45193
   (        -1,          0,  -0.520616) * x <= -3.91247
   (        -1,  -0.021822,  -0.443176) * x <= -3.82488
   (        -1, -0.0415879,  -0.351724) * x <= -3.71357
   (        -1, -0.0832857,  -0.116576) * x <= -3.40528
   (        -1, -0.0886598,  -0.108461) * x <= -3.40036
   (        -1, -0.0583431,  -0.194943) * x <= -3.49432

Overapproximation of achievable values: Polytope with 49 Halfspaces:
   (        -1,          0,          0) * x <= -3.05203
   (         0,         -1,          0) * x <= -1.04911
   (         0,          0,         -1) * x <= -1.3583
   ( -0.729342,          0,  -0.270658) * x <= -2.68833
   ( -0.790518,  -0.209482,          0) * x <= -2.72861
   ( -0.340802,          0,  -0.659198) * x <= -2.00965
   ( -0.859271,  -0.140729,          0) * x <= -2.86648
   (   -0.5276,          0,    -0.4724) * x <= -2.34922
   (  -0.81658,          0,   -0.18342) * x <= -2.81795
   ( -0.637318, -0.00198658,  -0.360696) * x <= -2.53814
   ( -0.590369,  -0.409631,          0) * x <= -2.30404
   ( -0.218787,          0,  -0.781213) * x <= -1.78054
   ( -0.674721,          0,  -0.325279) * x <= -2.60096
   ( -0.865093,          0,  -0.134907) * x <= -2.88408
   ( -0.804847,  -0.106776,  -0.088377) * x <= -2.78903
   ( -0.439211,          0,  -0.560789) * x <= -2.19041
   (  -0.82555, -0.0944097, -0.0800405) * x <= -2.82377
   ( -0.846736,  -0.153264,          0) * x <= -2.84452
   ( -0.881916,  -0.118084,          0) * x <= -2.89937
   ( -0.772768,          0,  -0.227232) * x <= -2.75473
   ( -0.735765, -0.0903396,  -0.173896) * x <= -2.67747
   ( -0.858466,  -0.097595, -0.0439395) * x <= -2.87033
   ( -0.587205,          0,  -0.412795) * x <= -2.45339
   ( -0.848423,  -0.139119, -0.0124581) * x <= -2.85107
   ( -0.802813, -0.0814822,  -0.115705) * x <= -2.79108
   ( -0.718531, -0.0404106,  -0.241058) * x <= -2.66382
   ( -0.155398,          0,  -0.844602) * x <= -1.65905
   ( -0.873387, -0.0899438, -0.0366695) * x <= -2.8907
   ( -0.270074,          0,  -0.729926) * x <= -1.87742
   ( -0.816876, -0.0537688,  -0.129355) * x <= -2.81524
   ( -0.896492,  -0.103508,          0) * x <= -2.91895
   ( -0.391207,          0,  -0.608793) * x <= -2.10311
   ( -0.818231,  -0.130321, -0.0514482) * x <= -2.80427
   ( -0.854815, -0.0341375,  -0.111048) * x <= -2.86911
   ( -0.747918, -0.0502706,  -0.201812) * x <= -2.70966
   ( -0.894603,          0,  -0.105397) * x <= -2.92184
   ( -0.653265,          0,  -0.346735) * x <= -2.56565
   (  -0.78941, -0.0549082,  -0.155682) * x <= -2.77434
   ( -0.850766,  -0.149234,          0) * x <= -2.8526
   ( -0.490959,          0,  -0.509041) * x <= -2.28389
   ( -0.708926, -0.0544565,  -0.236618) * x <= -2.64375
   ( -0.749802,          0,  -0.250198) * x <= -2.72028
   ( -0.795422,          0,  -0.204578) * x <= -2.78797
   ( -0.851164,  -0.121319, -0.0275172) * x <= -2.85775
   ( -0.844624,          0,  -0.155376) * x <= -2.85662
   ( -0.838672,  -0.130397, -0.0309306) * x <= -2.83788
   ( -0.866114,  -0.118926, -0.0149597) * x <= -2.87859
   (  -0.69488,          0,   -0.30512) * x <= -2.63381
   ( -0.756028,  -0.180315, -0.0636568) * x <= -2.67991

48 Pareto optimal points found:
   (3.106065943, 1.452390467, 1.564158377 )
   ( 3.08743396,  1.54903047, 1.623618711 )
   ( 3.14575294, 1.212626965, 1.472709014 )
   (3.057712587, 1.735424328, 1.770677026 )
   (3.278932107, 1.049111451, 1.361008646 )
   (3.194117807, 1.049111451, 1.405986198 )
   (3.123212556, 1.326065428, 1.521660841 )
   (3.207638257, 1.049111451, 1.393712853 )
   (3.167003744, 1.075370687,  1.43987876 )
   (3.062737923, 1.686400077, 1.747064092 )
   (3.134039898, 1.292467433, 1.495207431 )
   (3.090242884, 1.510006501, 1.624882784 )
   (3.109698436, 1.395962446, 1.562876074 )
   (3.055693143,  1.75583474, 1.785745346 )
   (3.068660757,  1.63602225, 1.752189224 )
   (3.081084928, 1.556126559, 1.733539126 )
   (3.052025694,  1.77315689, 1.818947201 )
   ( 3.11136097, 1.377437378, 1.628954963 )
   (3.156218876, 1.122960312, 1.465695218 )
   (3.081503317,  1.55587077, 1.676494015 )
   (3.087761199, 1.537304279, 1.625449518 )
   (3.267896372, 1.049111451, 1.363988295 )
   (3.063688032,  1.67214814,  1.78356043 )
   (3.151061051, 1.165675835, 1.463989738 )
   (3.133604684, 1.256519224, 1.502530992 )
   (3.092591363, 1.520404996, 1.605729876 )
   (3.165727886, 1.079048054, 1.450637549 )
   ( 3.10002693, 1.463710013, 1.585145106 )
   (3.252070718, 1.049111451, 1.368798213 )
   (3.234891211, 1.049111451, 1.376200269 )
   (3.142880778, 1.212112397, 1.479215208 )
   (3.186499564, 1.049111451, 1.414100683 )
   (3.074090183, 1.607659085, 1.693984275 )
   (3.125238795, 1.336829668, 1.514627202 )
   (3.155812936, 1.124686947, 1.483270433 )
   ( 3.11037659, 1.385495517, 1.572260943 )
   (3.074008668, 1.628899799,  1.67798143 )
   (3.164067641, 1.088267699, 1.444239952 )
   (3.096678753, 1.461803364, 1.638328151 )
   (3.298795433, 1.049111451, 1.358303191 )
   (3.070615668,  1.64814162, 1.693339987 )
   (3.174785003, 1.049111451,  1.42786849 )
   (3.064337971, 1.684259265, 1.730551282 )
   (3.115008487, 1.388594115, 1.538549448 )
   (3.216918996, 1.049111451, 1.387384082 )
   ( 3.16260217, 1.106891465, 1.444515763 )
   (3.055291066, 1.738073136, 1.810977241 )
   (3.154360115, 1.159532887, 1.456923121 )


Time for model checking: 20.302s.

Performance statistics:
  * peak memory usage: 39MB
  * CPU time: 20.421s
  * wallclock time: 20.757s
	Command being timed: "timeout 7200 /home/tq429871/storm/build/bin/storm --prism /home/tq429871/git/multiobjective-ma/slurm/../models/ma/jobs/jobs10_2.ma --prop /home/tq429871/git/multiobjective-ma/slurm/../models/ma/jobs/jobs1.csl --multiobjective:precision 0.001 -stats -tm"
	User time (seconds): 20.42
	System time (seconds): 0.05
	Percent of CPU this job got: 92%
	Elapsed (wall clock) time (h:mm:ss or m:ss): 0:22.09
	Average shared text size (kbytes): 0
	Average unshared data size (kbytes): 0
	Average stack size (kbytes): 0
	Average total size (kbytes): 0
	Maximum resident set size (kbytes): 40796
	Average resident set size (kbytes): 0
	Major (requiring I/O) page faults: 57
	Minor (reclaiming a frame) page faults: 20274
	Voluntary context switches: 540
	Involuntary context switches: 74
	Swaps: 0
	File system inputs: 44504
	File system outputs: 0
	Socket messages sent: 0
	Socket messages received: 0
	Signals delivered: 0
	Page size (bytes): 4096
	Exit status: 0
