Storm 1.6.3

Date: Thu Nov 26 20:24:11 2020
Command line arguments: --prism /home/tq429871/git/multiobjective-ma/slurm/../models/ma/polling/polling.ma --prop /home/tq429871/git/multiobjective-ma/slurm/../models/ma/polling/polling4.csl -const 'N=3,Q=3' '--multiobjective:precision' 0.01 -stats -tm
Current working directory: /rwthfs/rz/cluster/home/tq429871/git/multiobjective-ma/slurm

Time for model input parsing: 0.006s.

Time for model construction: 0.049s.

-------------------------------------------------------------- 
Model type: 	Markov Automaton (sparse)
States: 	9522
Transitions: 	23528
Choices: 	17287
Markovian St.: 	4801
Max. Rate: 	14
Reward Models:  processedjobs2, processedjobs1
State Labels: 	4 labels
   * deadlock -> 0 item(s)
   * init -> 1 item(s)
   * q2full -> 5373 item(s)
   * q1full -> 5373 item(s)
Choice Labels: 	none
-------------------------------------------------------------- 

Time for model preprocessing: 0.000s.

-------------------------------------------------------------- 
Model type: 	Markov Automaton (sparse)
States: 	9522
Transitions: 	23528
Choices: 	17287
Markovian St.: 	4801
Max. Rate: 	14
Reward Models:  processedjobs2, processedjobs1
State Labels: 	4 labels
   * deadlock -> 0 item(s)
   * init -> 1 item(s)
   * q2full -> 5373 item(s)
   * q1full -> 5373 item(s)
Choice Labels: 	none
-------------------------------------------------------------- 

Model checking property "1": multi(R[exp]{"processedjobs1"}max=? [F "q1full"], R[exp]{"processedjobs2"}max=? [F "q2full"], Pmin=? [true U<=2 "q1full"], Pmin=? [true U<=2 "q2full"]) ...
Preprocessing done in 0.056s seconds.
 Result: 
---------------------------------------------------------------------------------------------------------------------------------------
                                                       Multi-objective Query                                              
---------------------------------------------------------------------------------------------------------------------------------------

Original Formula: 
--------------------------------------------------------------
	multi(R[exp]{"processedjobs1"}max=? [F "q1full"], R[exp]{"processedjobs2"}max=? [F "q2full"], Pmin=? [true U<=2 "q1full"], Pmin=? [true U<=2 "q2full"])

The query considers 4 objectives:
--------------------------------------------------------------
Original: R[exp]{"processedjobs1"}max=? [F "q1full"] 	Preprocessed: R[exp]{"obj1"}max=? [C] 	result bounds: >=0
Original: R[exp]{"processedjobs2"}max=? [F "q2full"] 	Preprocessed: R[exp]{"obj2"}max=? [C] 	result bounds: >=0
Original: Pmin=? [true U<=2 "q1full"] 	Preprocessed: R[exp]{"obj3"}min=? [C<=2] 	result bounds: [0, 1]
Original: Pmin=? [true U<=2 "q2full"] 	Preprocessed: R[exp]{"obj4"}min=? [C<=2] 	result bounds: [0, 1]
Number of Long-Run-Average Reward Objectives (after preprocessing): 0.
Number of Total Reward Objectives (after preprocessing): 2.
--------------------------------------------------------------

Original Model Information:
-------------------------------------------------------------- 
Model type: 	Markov Automaton (sparse)
States: 	9522
Transitions: 	23528
Choices: 	17287
Markovian St.: 	4801
Max. Rate: 	14
Reward Models:  processedjobs2, processedjobs1
State Labels: 	4 labels
   * deadlock -> 0 item(s)
   * init -> 1 item(s)
   * q2full -> 5373 item(s)
   * q1full -> 5373 item(s)
Choice Labels: 	none
-------------------------------------------------------------- 

Preprocessed Model Information:
-------------------------------------------------------------- 
Model type: 	Markov Automaton (sparse)
States: 	14283
Transitions: 	33108
Choices: 	25671
Markovian St.: 	7923
Max. Rate: 	14
Reward Models:  obj2, obj1, obj4, obj3
State Labels: 	5 labels
   * deadl -> 4293 item(s)
   * deadlock -> 0 item(s)
   * q1full -> 5697 item(s)
   * q2full -> 5697 item(s)
   * init -> 1 item(s)
Choice Labels: 	none
-------------------------------------------------------------- 

---------------------------------------------------------------------------------------------------------------------------------------

Final preprocessed model has 3631 Markovian states.
Weight Vector Checker Statistics:
Final preprocessed model has 9991 states.
Final preprocessed model has 21379 actions.

Pareto Curve Approximation Algorithm terminated after 38 refinement steps.
Solving multi-objective query took 6039.742s seconds (consisting of 0.056s seconds for preprocessing and 6039.686s seconds for analyzing the preprocessed model).
Result (for initial states): 
Underapproximation of achievable values: Polytope with 152 Halfspaces:
   (  0.776644,          1, -0.000898853,  -0.421557) * x <= 0.763148
   (  0.186207,    0.10387,  -0.371207,         -1) * x <= -0.737862
   (  0.379232,   0.069378, -0.0258135,         -1) * x <= -0.442296
   (  0.188092,   0.100753,  -0.353763,         -1) * x <= -0.729864
   (  0.678944,  0.0717054,   -0.14026,         -1) * x <= -0.238377
   (  0.427109,  0.0107625,  -0.373784,         -1) * x <= -0.575782
   (  0.697603,  0.0718096,  -0.140074,         -1) * x <= -0.22192
   (         1,          0,          0,          0) * x <= 0.902856
   (   0.66661,          1,  -0.408748,   -0.44824) * x <= 0.47036
   (  0.702648,          1,  -0.319248,  -0.267897) * x <= 0.679787
   (  0.502974,          1,  -0.435803, -0.0732977) * x <= 0.621375
   (  0.834371,  0.0708314,          0,         -1) * x <= -0.0461672
   (         0,          1,  -0.794925,          0) * x <= 0.136595
   (         0, 0.00148195,  -0.606848,         -1) * x <= -1.03678
   (  0.442585,  0.0753552,          0,         -1) * x <= -0.377093
   (  0.454185,  0.0239038,          0,         -1) * x <= -0.389492
   ( 0.0907259, 0.00078247,  -0.343817,         -1) * x <= -0.846303
   (         0,          0,  -0.602601,         -1) * x <= -1.03551
   ( 0.0518007, 0.00168224,  -0.402223,         -1) * x <= -0.903443
   (  0.370667,          0,          0,         -1) * x <= -0.467021
   (         0, 0.00734755,   -0.58257,         -1) * x <= -1.02345
   (0.00769318,    0.43281,         -1,  -0.818006) * x <= -0.860116
   (0.00139795,          0,  -0.653049,         -1) * x <= -1.05692
   (0.00852889,  0.0693041,  -0.714867,         -1) * x <= -1.04779
   (0.00126192,  0.0135303,  -0.750515,         -1) * x <= -1.09302
   (  0.612792,          1,          0,          0) * x <= 0.963001
   (         0,          0,  -0.621886,         -1) * x <= -1.04402
   (         0,          0,  -0.703177,         -1) * x <= -1.0794
   (         0, 0.00722295,         -1,          0) * x <= -0.379813
   (0.00793341,          0,          0,         -1) * x <= -0.731915
   (  0.490559,          1,  -0.395157,          0) * x <= 0.687175
   (         0,          0,         -1,  -0.831521) * x <= -1.06502
   (  0.499035,          1,          0, -0.00480082) * x <= 0.874294
   (         0,   0.594009,         -1, -0.0952228) * x <= -0.222006
   ( 0.0900855,          0,  -0.344192,         -1) * x <= -0.847319
   (  0.584372,          1, -0.00250527,          0) * x <= 0.939533
   (         0,          0,  -0.863616,         -1) * x <= -1.1463
   (  0.151154,          0,  -0.244429,         -1) * x <= -0.752893
   (         1,          0,          0,  -0.182793) * x <= 0.749309
   (  0.904573,  0.0993085,          0,         -1) * x <= 0.0268623
   ( 0.0413691, 0.00260271,  -0.812273,         -1) * x <= -1.08995
   (         1,          0,          0,  -0.894226) * x <= 0.162105
   (         0,    0.47664,         -1,          0) * x <= -0.191029
   (  0.972944,          1,          0, -0.0211627) * x <= 1.24064
   (  0.399619,  0.0678426,          0,         -1) * x <= -0.414953
   (  0.935243,          1, -0.0262465,          0) * x <= 1.21411
   (         1,   0.935549,          0,          0) * x <= 1.25782
   ( 0.0486205,          0,  -0.405706,         -1) * x <= -0.908278
   (  0.764456,          1,          0,          0) * x <= 1.08215
   (0.000297194,          0,    -0.6215,         -1) * x <= -1.04371
   (         0,          0,         -1,  -0.016793) * x <= -0.396622
   (         0,  0.0134017,         -1,  -0.339781) * x <= -0.658646
   (0.00785084, 0.00303982,          0,         -1) * x <= -0.730555
   (  0.872037,          1,  -0.150149,          0) * x <= 1.10972
   (         1,   0.935539,          0,          0) * x <= 1.25782
   (         0,   0.668991,         -1,  -0.226209) * x <= -0.292754
   (         0,  0.0486769,  -0.289051,         -1) * x <= -0.859975
   (         0,  0.0283406,          0,         -1) * x <= -0.722117
   (0.00186718,          0,         -1,          0) * x <= -0.381091
   (  0.572187,          1, -0.0194591,          0) * x <= 0.922246
   (         0,          1,          0,          0) * x <= 0.542198
   (         0,          1,  -0.626488,          0) * x <= 0.219507
   (         0,          1,  -0.864405,  -0.390308) * x <= -0.190885
   ( 0.0208374,          0,         -1,          0) * x <= -0.364563
   (0.00143017,   0.645447,         -1,          0) * x <= -0.121894
   (  0.716011,          1,  -0.328104,  -0.497489) * x <= 0.507525
   (   0.94999,          1, -0.00742593,          0) * x <= 1.2346
   (         0,  0.0390107,         -1,  -0.422428) * x <= -0.716773
   (0.00464905,          0,  -0.426994,         -1) * x <= -0.950653
   (  0.674238,          1,  -0.513138,          0) * x <= 0.793247
   (         0,  0.0346497,  -0.421438,         -1) * x <= -0.933813
   (  0.764619,  0.0704333,          0,         -1) * x <= -0.107414
   (         0,          0,  -0.466584,         -1) * x <= -0.972682
   (         0, 0.00860881,  -0.762088,         -1) * x <= -1.10097
   (0.00164374,   0.619106,         -1, -0.0497594) * x <= -0.173499
   (0.00657864,  0.0338503,  -0.661423,         -1) * x <= -1.04217
   (         0,   0.844775,         -1,          0) * x <= -0.0323042
   ( 0.0521283,  0.0299861,          0,         -1) * x <= -0.686165
   (         1,          0, -8.14372e-06,          0) * x <= 0.902853
   (  0.479653,          1,          0,          0) * x <= 0.864798
   (  0.496746,          1, -0.00229193,          0) * x <= 0.875114
   (0.00404891,   0.665425,         -1,          0) * x <= -0.111578
   (  0.619846,          1,          0,  -0.418017) * x <= 0.650808
   (  0.939084,          1,          0, -0.0236133) * x <= 1.20901
   (0.00586898,  0.0226758,  -0.188315,         -1) * x <= -0.818238
   (         0,   0.644647,         -1,          0) * x <= -0.122949
   (  0.782205,          1, -0.00247608,          0) * x <= 1.09497
   (         0,   0.484131,         -1,  -0.602101) * x <= -0.672564
   (  0.284833,          0,          0,         -1) * x <= -0.532997
   (         0,   0.352818,   -0.95897,         -1) * x <= -1.02436
   (0.00491276,  0.0206493,  -0.668317,         -1) * x <= -1.05218
   (         0,          1,  -0.831243,  -0.107223) * x <= 0.0379753
   (  0.648797,          1,          0,  -0.533726) * x <= 0.584945
   (0.00452876, 0.00655792,  -0.419473,         -1) * x <= -0.943867
   (  0.433575,          1,  -0.504427,          0) * x <= 0.594065
   (         0,          1,  -0.795979, -0.0153039) * x <= 0.124376
   (         0,   0.177929,         -1,  -0.577133) * x <= -0.788077
   (         0,          0,          0,         -1) * x <= -0.735107
   (  0.637788,          0,          0,         -1) * x <= -0.244838
   (  0.588555,          1,          0, -0.00525625) * x <= 0.939868
   (   0.00134,          0,         -1,  -0.872747) * x <= -1.09748
   (0.00695136,          1,  -0.728408, -0.0326799) * x <= 0.147584
   (   0.64266,          0,          0,         -1) * x <= -0.240726
   (  0.302343,          0,          0,         -1) * x <= -0.520322
   (         0,          0,  -0.784187,         -1) * x <= -1.11382
   (         0,          0,         -1,  -0.235473) * x <= -0.577676
   (  0.548005,          1,  -0.447791,  -0.237635) * x <= 0.523366
   (0.00274039,          0,  -0.937345,         -1) * x <= -1.17419
   (         0,  0.0710945,         -1,   -0.57709) * x <= -0.831334
   (         0,  0.0213968,         -1,   -0.99869) * x <= -1.19159
   ( 0.0402669,  0.0972158,         -1,  -0.537079) * x <= -0.753205
   (  0.812553,    0.11899,  -0.141441,         -1) * x <= -0.102665
   (  0.777063,          1,          0,  -0.421058) * x <= 0.764276
   (         0,  0.0953098,  -0.422122,         -1) * x <= -0.903233
   (   0.39613,  0.0700741,          0,         -1) * x <= -0.416706
   (         0, 0.00915746,         -1,  -0.832699) * x <= -1.06264
   ( 0.0382357,          0,  -0.816321,         -1) * x <= -1.09535
   (         0,          0,         -1,          0) * x <= -0.382043
   (  0.699634,          1,  -0.522798,          0) * x <= 0.811677
   (  0.479474,          1,  -0.699715,          0) * x <= 0.552142
   (0.00705562,          1,  -0.709718,          0) * x <= 0.181382
   (         1,          0,          0, -7.59018e-07) * x <= 0.902856
   (         1,          0,  -0.313892,          0) * x <= 0.779862
   (0.00143867,  0.0787304,         -1,     -0.548) * x <= -0.803512
   (  0.940984,          1,  -0.007638,          0) * x <= 1.22662
   (  0.583223,          1,  -0.653894, -0.0981437) * x <= 0.578819
   (  0.788925,          1,          0, -0.00839831) * x <= 1.09484
   (         1, 5.28872e-07,          0,          0) * x <= 0.902857
   (  0.786571,          0,          0,         -1) * x <= -0.114673
   (  0.830828,          1,          0,  -0.690992) * x <= 0.600468
   (  0.162791,          0,  -0.669342,         -1) * x <= -0.928262
   (  0.374589,          0,  -0.424331,         -1) * x <= -0.646086
   (  0.721679,          1,  -0.351763,  -0.277657) * x <= 0.674482
   (  0.388378,          0,  -0.405857,         -1) * x <= -0.626651
   (  0.873514,          1,          0,  -0.153932) * x <= 1.048
   (  0.915978,          1,          0,   -0.15178) * x <= 1.08553
   (  0.014699,   0.885055,         -1,          0) * x <= -0.00571539
   (  0.927495,          1, -0.0458573, -0.00941048) * x <= 1.19185
   (0.00229908,   0.198265,         -1,  -0.530647) * x <= -0.740322
   (  0.884952,          1,          0,  -0.296984) * x <= 0.945625
   (  0.889918,          1, -0.0701635,  -0.176244) * x <= 1.01476
   (  0.481941,          1, -0.0525993, -0.0159014) * x <= 0.827517
   (  0.479406,          1, -0.0471315,          0) * x <= 0.840356
   (  0.438292,          0,          0,         -1) * x <= -0.412433
   (  0.778219,          1,          0,  -0.428378) * x <= 0.759591
   (         0,          0,         -1,  -0.313991) * x <= -0.642482
   ( 0.0100433,   0.851855,         -1,          0) * x <= -0.0242358
   ( 0.0175231,    0.79378,         -1,  -0.226543) * x <= -0.223386
   (  0.589432,          1, -0.0451326, -0.0787351) * x <= 0.862819
   (         0,          0,  -0.555105,         -1) * x <= -1.01429
   (         0,          1,  -0.787766,          0) * x <= 0.139917
   (0.000803632,          1,  -0.815882,  -0.068957) * x <= 0.0746162

Overapproximation of achievable values: Polytope with 38 Halfspaces:
   (         1,          0,          0,          0) * x <= 0.902856
   (         0,          1,          0,          0) * x <= 0.542197
   (         0,          0,         -1,          0) * x <= -0.377544
   (         0,          0,          0,         -1) * x <= -0.730731
   (  0.252581,    0.56914,  -0.178279,          0) * x <= 0.394527
   (  0.798053,          0,  -0.201947,          0) * x <= 0.644314
   (  0.551086,   0.418697,          0, -0.0302165) * x <= 0.631497
   (   0.45192,    0.54808,          0,          0) * x <= 0.621487
   (  0.420995,          0,          0,  -0.579005) * x <= -0.0933364
   (         0,   0.332496,  -0.667504,          0) * x <= -0.118347
   (         0,          0,  -0.268178,  -0.731822) * x <= -0.671011
   ( 0.0118668,   0.523604,          0,  -0.464529) * x <= -0.0475537
   (         0,   0.277439,  -0.463229,  -0.259331) * x <= -0.267559
   (  0.333232,   0.236554,          0,  -0.430214) * x <= 0.0496695
   ( 0.0181457,   0.530799,  -0.451055,          0) * x <= 0.0756382
   (         0,   0.581526,  -0.418474,          0) * x <= 0.104147
   ( 0.0167262,   0.128286,  -0.466092,  -0.388895) * x <= -0.425743
   (  0.529819,   0.273987,  -0.196194,          0) * x <= 0.508257
   (0.00522959,          0,  -0.587105,  -0.407665) * x <= -0.551651
   (         0,          0,  -0.505324,  -0.494676) * x <= -0.594859
   (  0.183845,          0,          0,  -0.816155) * x <= -0.466173
   (  0.322733,   0.449484,          0,  -0.227783) * x <= 0.297547
   (  0.332279,   0.667721,          0,          0) * x <= 0.586298
   ( 0.0446264,   0.248367,  -0.707006,          0) * x <= -0.128437
   ( 0.0880316,          0,  -0.303384,  -0.608584) * x <= -0.526943
   (  0.368581,   0.248791, -0.0849732,  -0.297655) * x <= 0.152151
   ( 0.0115916,  0.0949887,  -0.355108,  -0.538312) * x <= -0.5126
   (         0,   0.438278,  -0.561722,          0) * x <= -0.0313592
   (  0.264608,          0,          0,  -0.735392) * x <= -0.34615
   (  0.304527,   0.199892,   -0.31161,   -0.18397) * x <= 0.081563
   (         0,  0.0210161,  -0.400047,  -0.578937) * x <= -0.608759
   (  0.226002,   0.136432,          0,  -0.637566) * x <= -0.23502
   (0.00184976,          0,  -0.373153,  -0.624997) * x <= -0.640871
   (         0,          0,   -0.38003,   -0.61997) * x <= -0.641554
   (  0.173896,   0.111898,  -0.234828,  -0.479378) * x <= -0.27693
   (   0.31368,   0.464541,  -0.116756,  -0.105023) * x <= 0.337885
   (  0.152861,   0.148084,   -0.34814,  -0.350915) * x <= -0.224156
   (  0.289219,   0.478063,  -0.232718,          0) * x <= 0.359247

33 Pareto optimal points found:
   (0.4179095641, 0.5286731453, 0.493491608, 0.7506425338 )
   (0.861668547, 0.4234455909,           1,           1 )
   (0.9028564619, 0.3193982399, 0.3957342912, 0.8818286055 )
   (0.8921923134, 0.3650809703, 0.386125909, 0.8164459833 )
   (0.9001832398, 0.3822775842, 0.3833200453, 0.825382125 )
   (0.875820081, 0.4052155632, 0.3945915022, 0.8067209107 )
   (0.8759077184, 0.3760705081, 0.4021029976, 0.8036369907 )
   (0.780116699, 0.4345625075, 0.4689550213, 0.7561849043 )
   (0.4550657585, 0.4940365977, 0.4496538616, 0.7674606267 )
   (0.4715396149, 0.4714729762, 0.4351473099, 0.7734111208 )
   (0.8757389354, 0.4056416737, 0.4024743042, 0.8055907299 )
   (0.7238973423, 0.5098066553, 0.5037288946, 0.7391873971 )
   (0.8072215692, 0.4229953715, 0.446859451, 0.7662317891 )
   (0.7856358513, 0.481569265, 0.4549963878, 0.7784741778 )
   (0.8267421498, 0.4419138292, 0.4089856432, 0.7930941427 )
   (0.7361733835, 0.5094258368, 0.4699815125, 0.753396626 )
   (0.8425756714, 0.4369259455, 0.4127069765, 0.8115694776 )
   (0.8713037033, 0.4021680762, 0.3827182705, 0.8279377197 )
   (0.4840441813, 0.4529326671, 0.414930295, 0.7994018242 )
   (0.7998138082, 0.4653610964, 0.4552301059, 0.7661457059 )
   (0.7442333714, 0.5054342839, 0.4639919238, 0.7664731823 )
   ( 0.40236098, 0.4583519282, 0.5091808652, 0.7351068418 )
   (0.4633478157, 0.4074972077, 0.4414519396, 0.7694903597 )
   (0.8400912507, 0.401140477, 0.4248694199, 0.7806382978 )
   (0.8440166803, 0.4312912826, 0.4220837487, 0.7831418889 )
   (0.7183730526, 0.466935807, 0.5067501558, 0.7376138963 )
   (0.7363522662, 0.5104579382, 0.4904158856, 0.7561309223 )
   (0.7375929273, 0.5110095768,           1,           1 )
   (0.509907332, 0.3087445212, 0.3820434769, 0.8681206985 )
   (0.4982004701, 0.3634323558, 0.3967743241, 0.8036400273 )
   (0.9028564301, 0.3794202049, 0.3918363267, 0.8400062715 )
   (0.6725701433, 0.5421979519, 0.5150799073, 0.7374830879 )
   (0.5107566109, 0.4052227064, 0.3841742288, 0.824773168 )


Time for model checking: 6039.742s.

Performance statistics:
  * peak memory usage: 40MB
  * CPU time: 6024.537s
  * wallclock time: 6039.857s
	Command being timed: "timeout 7200 /home/tq429871/storm/build/bin/storm --prism /home/tq429871/git/multiobjective-ma/slurm/../models/ma/polling/polling.ma --prop /home/tq429871/git/multiobjective-ma/slurm/../models/ma/polling/polling4.csl -const N=3,Q=3 --multiobjective:precision 0.01 -stats -tm"
	User time (seconds): 6024.54
	System time (seconds): 0.03
	Percent of CPU this job got: 99%
	Elapsed (wall clock) time (h:mm:ss or m:ss): 1:40:40
	Average shared text size (kbytes): 0
	Average unshared data size (kbytes): 0
	Average stack size (kbytes): 0
	Average total size (kbytes): 0
	Maximum resident set size (kbytes): 41516
	Average resident set size (kbytes): 0
	Major (requiring I/O) page faults: 0
	Minor (reclaiming a frame) page faults: 68261
	Voluntary context switches: 97
	Involuntary context switches: 15029
	Swaps: 0
	File system inputs: 0
	File system outputs: 8
	Socket messages sent: 0
	Socket messages received: 0
	Signals delivered: 0
	Page size (bytes): 4096
	Exit status: 0
