Picked up JAVA_TOOL_OPTIONS: -Xmx2048m
PRISM
=====

Version: 4.6
Date: Thu Nov 26 18:14:44 GMT+01:00 2020
Hostname: nihm017.hpc.itc.rwth-aachen.de
Memory limits: cudd=1g, java(heap)=17.8g
Command line: prism /home/tq429871/git/multiobjective-ma/slurm/../models/mdp/dpm/dpm300.nm /home/tq429871/git/multiobjective-ma/slurm/../models/mdp/dpm/dpm300_pareto.pctl -paretoepsilon 0.001 -sparse -javamaxmem 20g -gs

Parsing model file "/home/tq429871/git/multiobjective-ma/slurm/../models/mdp/dpm/dpm300.nm"...

Type:        MDP
Modules:     timer PM SR SP SQ 
Variables:   c pm sr sp q 

Parsing properties file "/home/tq429871/git/multiobjective-ma/slurm/../models/mdp/dpm/dpm300_pareto.pctl"...

1 property:
(1) multi(R{"power"}min=? [ C<=300 ], R{"queue"}min=? [ C<=300 ])

---------------------------------------------------------------------

Model checking: multi(R{"power"}min=? [ C<=300 ], R{"queue"}min=? [ C<=300 ])

Building model...

Computing reachable states...

Reachability (BFS): 13 iterations in 0.00 seconds (average 0.000077, setup 0.00)

Time for model construction: 0.024 seconds.

Type:        MDP
States:      636 (1 initial)
Transitions: 2550
Choices:     1860

Transition matrix: 772 nodes (30 terminal), 2550 minterms, vars: 11r/11c/5nd
Total time for product construction: 0.0 seconds.

States:      636 (1 initial)
Transitions: 2550
Choices:     1860

Transition matrix: 772 nodes (30 terminal), 2550 minterms, vars: 11r/11c/5nd

Prob0A: 1 iterations in 0.00 seconds (average 0.000000, setup 0.00)

yes = 0, no = 0, maybe = 636

Computing remaining probabilities...
Engine: Sparse
Not using Gauss-Seidel since there are step-bounded objectives
Optimising weighted sum for reward objective 1/2: weights (1.0, 0.0)
Iterative method: 302 iterations in 0.02 seconds (average 0.000053, setup 0.00)
Optimal value for weights [1.000000,0.000000] from initial state: -15.000000
Computed point: (-15.000000000000032, -272.94118837216655)
Optimising weighted sum for reward objective 2/2: weights (0.0, 1.0)
Iterative method: 302 iterations in 0.02 seconds (average 0.000053, setup 0.00)
Optimal value for weights [0.000000,1.000000] from initial state: -239.655602
Computed point: (-372.3787130513979, -239.65560233218173)
Optimising weighted sum of objectives: weights (0.08520252840456964, 0.9147974715954303)
Iterative method: 302 iterations in 0.02 seconds (average 0.000053, setup 0.00)
Optimal value for weights [0.085203,0.914797] from initial state: -250.954736
Optimising weighted sum of objectives: weights (0.08517629330543894, 0.914823706694561)
Iterative method: 302 iterations in 0.02 seconds (average 0.000053, setup 0.00)
Optimal value for weights [0.085176,0.914824] from initial state: -250.960465
Optimising weighted sum of objectives: weights (0.0854351723070917, 0.9145648276929083)
Iterative method: 302 iterations in 0.02 seconds (average 0.000053, setup 0.00)
Optimal value for weights [0.085435,0.914565] from initial state: -250.903938
The value iteration(s) took 0.084 seconds altogether.
Number of weight vectors used: 5
Multi-objective value iterations took 0.084 s.

Value in the initial state: [(51.20796399002566, 269.558777909061), (372.3787130513979, 239.65560233218173), (15.000000000000032, 272.94118837216655)]

Time for model checking: 0.096 seconds.

Result: [(51.20796399002566, 269.558777909061), (372.3787130513979, 239.65560233218173), (15.000000000000032, 272.94118837216655)] (value in the initial state)

	Command being timed: "/home/tq429871/prism/prism/bin/prism /home/tq429871/git/multiobjective-ma/slurm/../models/mdp/dpm/dpm300.nm /home/tq429871/git/multiobjective-ma/slurm/../models/mdp/dpm/dpm300_pareto.pctl -paretoepsilon 0.001 -sparse -javamaxmem 20g -gs"
	User time (seconds): 0.56
	System time (seconds): 0.06
	Percent of CPU this job got: 50%
	Elapsed (wall clock) time (h:mm:ss or m:ss): 0:01.23
	Average shared text size (kbytes): 0
	Average unshared data size (kbytes): 0
	Average stack size (kbytes): 0
	Average total size (kbytes): 0
	Maximum resident set size (kbytes): 78388
	Average resident set size (kbytes): 0
	Major (requiring I/O) page faults: 0
	Minor (reclaiming a frame) page faults: 15319
	Voluntary context switches: 1691
	Involuntary context switches: 85
	Swaps: 0
	File system inputs: 0
	File system outputs: 64
	Socket messages sent: 0
	Socket messages received: 0
	Signals delivered: 0
	Page size (bytes): 4096
	Exit status: 0
