Picked up JAVA_TOOL_OPTIONS: -Xmx2048m
PRISM
=====

Version: 4.6
Date: Thu Nov 26 17:21:52 GMT+01:00 2020
Hostname: nihm017.hpc.itc.rwth-aachen.de
Memory limits: cudd=1g, java(heap)=17.8g
Command line: prism /home/tq429871/git/multiobjective-ma/slurm/../models/mdp/scheduler/scheduler25.nm /home/tq429871/git/multiobjective-ma/slurm/../models/mdp/scheduler/scheduler25_pareto.pctl -paretoepsilon 0.001 -sparse -javamaxmem 20g -gs

Parsing model file "/home/tq429871/git/multiobjective-ma/slurm/../models/mdp/scheduler/scheduler25.nm"...

Type:        MDP
Modules:     scheduler P1 P2 
Variables:   task1 task2 task3 task4 task5 task6 p1 c1 x1 p2 c2 x2 

Parsing properties file "/home/tq429871/git/multiobjective-ma/slurm/../models/mdp/scheduler/scheduler25_pareto.pctl"...

1 property:
(1) multi(R{"energy"}min=? [ C ], R{"time"}min=? [ C ])

---------------------------------------------------------------------

Model checking: multi(R{"energy"}min=? [ C ], R{"time"}min=? [ C ])

Building model...

Computing reachable states...

Reachability (BFS): 419 iterations in 4.02 seconds (average 0.009594, setup 0.00)

Time for model construction: 4.132 seconds.

Type:        MDP
States:      633735 (1 initial)
Transitions: 1179444
Choices:     1168375

Transition matrix: 25430 nodes (5 terminal), 1179444 minterms, vars: 35r/35c/10nd
Total time for product construction: 0.0 seconds.

States:      633735 (1 initial)
Transitions: 1179444
Choices:     1168375

Transition matrix: 25430 nodes (5 terminal), 1179444 minterms, vars: 35r/35c/10nd

Prob0A: 1 iterations in 0.00 seconds (average 0.003000, setup 0.00)

yes = 0, no = 0, maybe = 633735

Computing remaining probabilities...
Engine: Sparse
Optimising weighted sum for reward objective 1/2: weights (1.0, 0.0)
Iterative method: 10000 iterations in 328.24 seconds (average 0.032823, setup 0.00)
Ignoring the last multi-objective computation since it did not complete successfully
Optimising weighted sum for reward objective 1/2: weights (0.9999000099990001, 9.999000099990002E-5)
Iterative method: 10000 iterations in 337.74 seconds (average 0.033774, setup 0.01)

Error: Iterative method did not converge within 10000 iterations.
Consider using a different numerical method or increasing the maximum number of iterations.

	Command being timed: "/home/tq429871/prism/prism/bin/prism /home/tq429871/git/multiobjective-ma/slurm/../models/mdp/scheduler/scheduler25.nm /home/tq429871/git/multiobjective-ma/slurm/../models/mdp/scheduler/scheduler25_pareto.pctl -paretoepsilon 0.001 -sparse -javamaxmem 20g -gs"
	User time (seconds): 674.93
	System time (seconds): 0.43
	Percent of CPU this job got: 99%
	Elapsed (wall clock) time (h:mm:ss or m:ss): 11:16.43
	Average shared text size (kbytes): 0
	Average unshared data size (kbytes): 0
	Average stack size (kbytes): 0
	Average total size (kbytes): 0
	Maximum resident set size (kbytes): 197308
	Average resident set size (kbytes): 0
	Major (requiring I/O) page faults: 0
	Minor (reclaiming a frame) page faults: 127614
	Voluntary context switches: 16692
	Involuntary context switches: 370
	Swaps: 0
	File system inputs: 0
	File system outputs: 432
	Socket messages sent: 0
	Socket messages received: 0
	Signals delivered: 0
	Page size (bytes): 4096
	Exit status: 0
