Picked up JAVA_TOOL_OPTIONS: -Xmx2048m
PRISM
=====

Version: 4.6
Date: Thu Nov 26 10:58:40 GMT+01:00 2020
Hostname: nihm017.hpc.itc.rwth-aachen.de
Memory limits: cudd=1g, java(heap)=17.8g
Command line: prism /home/tq429871/git/multiobjective-ma/slurm/../models/mdp/consensus/consensus2_3_2.nm /home/tq429871/git/multiobjective-ma/slurm/../models/mdp/consensus/consensus2_3_2_pareto.pctl -paretoepsilon 0.001 -sparse -javamaxmem 20g

Parsing model file "/home/tq429871/git/multiobjective-ma/slurm/../models/mdp/consensus/consensus2_3_2.nm"...

Type:        MDP
Modules:     process1 process2 coin1_error 
Variables:   s1 r1 p1 s2 r2 p2 c1 v1 

Parsing properties file "/home/tq429871/git/multiobjective-ma/slurm/../models/mdp/consensus/consensus2_3_2_pareto.pctl"...

1 property:
(1) multi(Pmax=? [ F "one_proc_err" ], Pmax=? [ G "one_coin_ok" ])

---------------------------------------------------------------------

Model checking: multi(Pmax=? [ F "one_proc_err" ], Pmax=? [ G "one_coin_ok" ])

Building model...

Computing reachable states...

Reachability (BFS): 23 iterations in 0.01 seconds (average 0.000304, setup 0.00)

Time for model construction: 0.388 seconds.

Type:        MDP
States:      691 (1 initial)
Transitions: 1190
Choices:     1190

Transition matrix: 2044 nodes (2 terminal), 1190 minterms, vars: 17r/17c/15nd

Building deterministic Rabin automaton (for F "L0")...
Taking DRA from library...
DRA has 2 states, 1 Rabin pairs.Time for Rabin translation: 0.398 seconds.

Constructing MDP-DRA product...

Reachability (BFS): 23 iterations in 0.01 seconds (average 0.000217, setup 0.00)
States:      691 (1 initial)
Transitions: 1190
Choices:     1190

Transition matrix: 2210 nodes (2 terminal), 1190 minterms, vars: 18r/18c/15nd

Building deterministic Rabin automaton (for G "L0")...
Taking DRA from library...
DRA has 2 states, 1 Rabin pairs.Time for Rabin translation: 0.0 seconds.

Constructing MDP-DRA product...

Reachability (BFS): 23 iterations in 0.01 seconds (average 0.000217, setup 0.00)
States:      691 (1 initial)
Transitions: 1190
Choices:     1190

Transition matrix: 2522 nodes (2 terminal), 1190 minterms, vars: 19r/19c/15nd
Total time for product construction: 0.521 seconds.

States:      691 (1 initial)
Transitions: 1190
Choices:     1190

Transition matrix: 2522 nodes (2 terminal), 1190 minterms, vars: 19r/19c/15nd

Finding accepting end components for F "one_proc_err"...
Time for end component identification: 0.0 seconds.

Finding accepting end components for G "one_coin_ok"...
Time for end component identification: 0.0 seconds.

Prob0A: 11 iterations in 0.01 seconds (average 0.000545, setup 0.00)

yes = 38, no = 116, maybe = 537

Computing remaining probabilities...
Engine: Sparse
Optimising weighted sum for probability objective 1/2: weights (1.0, 0.0)
Iterative method: 20 iterations in 0.00 seconds (average 0.000000, setup 0.00)
Optimal value for weights [1.000000,0.000000] from initial state: 1.000000
Computed point: (1.0, 0.0)
Optimising weighted sum for probability objective 2/2: weights (0.0, 1.0)
Iterative method: 10 iterations in 0.00 seconds (average 0.000100, setup 0.00)
Optimal value for weights [0.000000,1.000000] from initial state: 1.000000
Computed point: (0.0, 1.0)
Optimising weighted sum of objectives: weights (0.5, 0.5)
Iterative method: 14 iterations in 0.00 seconds (average 0.000071, setup 0.00)
Optimal value for weights [0.500000,0.500000] from initial state: 0.500000
The value iteration(s) took 0.108 seconds altogether.
Number of weight vectors used: 1
Multi-objective value iterations took 0.108 s.

Value in the initial state: [(1.0, 0.0), (0.0, 1.0)]

Time for model checking: 1.262 seconds.

Result: [(1.0, 0.0), (0.0, 1.0)] (value in the initial state)

	Command being timed: "/home/tq429871/prism/prism/bin/prism /home/tq429871/git/multiobjective-ma/slurm/../models/mdp/consensus/consensus2_3_2.nm /home/tq429871/git/multiobjective-ma/slurm/../models/mdp/consensus/consensus2_3_2_pareto.pctl -paretoepsilon 0.001 -sparse -javamaxmem 20g"
	User time (seconds): 0.70
	System time (seconds): 0.13
	Percent of CPU this job got: 11%
	Elapsed (wall clock) time (h:mm:ss or m:ss): 0:07.25
	Average shared text size (kbytes): 0
	Average unshared data size (kbytes): 0
	Average stack size (kbytes): 0
	Average total size (kbytes): 0
	Maximum resident set size (kbytes): 98844
	Average resident set size (kbytes): 0
	Major (requiring I/O) page faults: 23
	Minor (reclaiming a frame) page faults: 18848
	Voluntary context switches: 3590
	Involuntary context switches: 5
	Swaps: 0
	File system inputs: 92576
	File system outputs: 112
	Socket messages sent: 0
	Socket messages received: 0
	Signals delivered: 0
	Page size (bytes): 4096
	Exit status: 0
