Picked up JAVA_TOOL_OPTIONS: -Xmx2048m
PRISM
=====

Version: 4.6
Date: Thu Nov 26 15:00:48 GMT+01:00 2020
Hostname: nihm017.hpc.itc.rwth-aachen.de
Memory limits: cudd=1g, java(heap)=17.8g
Command line: prism /home/tq429871/git/multiobjective-ma/slurm/../models/mdp/team/team3obj_4.nm /home/tq429871/git/multiobjective-ma/slurm/../models/mdp/team/team3obj_4_pareto.pctl -paretoepsilon 0.001 -sparse -javamaxmem 20g -gs

Parsing model file "/home/tq429871/git/multiobjective-ma/slurm/../models/mdp/team/team3obj_4.nm"...

Type:        MDP
Modules:     controller sensor1 sensor2 sensor3 sensor4 
Variables:   status t1_r1 t1_r2 t1_r3 t2_r1 t2_r2 t2_r3 turn1 turn2 turn3 turn4 turn5 state1 m1_t1 m1_t2 state2 m2_t1 m2_t2 state3 m3_t1 m3_t2 state4 m4_t1 m4_t2 

Parsing properties file "/home/tq429871/git/multiobjective-ma/slurm/../models/mdp/team/team3obj_4_pareto.pctl"...

1 property:
(1) multi(Pmax=? [ F "task1_compl" ], R{"w_1_total"}max=? [ C ], Pmax=? [ F "task2_compl" ])

---------------------------------------------------------------------

Model checking: multi(Pmax=? [ F "task1_compl" ], R{"w_1_total"}max=? [ C ], Pmax=? [ F "task2_compl" ])

Building model...

Computing reachable states...

Reachability (BFS): 16 iterations in 0.32 seconds (average 0.019750, setup 0.00)

Time for model construction: 0.834 seconds.

Type:        MDP
States:      96665 (1 initial)
Transitions: 116464
Choices:     115289

Transition matrix: 101788 nodes (4 terminal), 116464 minterms, vars: 36r/36c/13nd

Building deterministic Rabin automaton (for F "L0")...
Taking DRA from library...
DRA has 2 states, 1 Rabin pairs.Time for Rabin translation: 0.031 seconds.

Constructing MDP-DRA product...

Reachability (BFS): 16 iterations in 0.31 seconds (average 0.019375, setup 0.00)
States:      96665 (1 initial)
Transitions: 116464
Choices:     115289

Transition matrix: 109827 nodes (4 terminal), 116464 minterms, vars: 37r/37c/13nd

Building deterministic Rabin automaton (for F "L0")...
Taking DRA from library...
DRA has 2 states, 1 Rabin pairs.Time for Rabin translation: 0.0 seconds.

Constructing MDP-DRA product...

Reachability (BFS): 16 iterations in 0.35 seconds (average 0.022125, setup 0.00)
States:      96665 (1 initial)
Transitions: 116464
Choices:     115289

Transition matrix: 130439 nodes (4 terminal), 116464 minterms, vars: 38r/38c/13nd
Total time for product construction: 2.248 seconds.

States:      96665 (1 initial)
Transitions: 116464
Choices:     115289

Transition matrix: 130439 nodes (4 terminal), 116464 minterms, vars: 38r/38c/13nd

Finding accepting end components for F "task1_compl"...
Time for end component identification: 0.118 seconds.

Finding accepting end components for F "task2_compl"...
Time for end component identification: 0.067 seconds.

Prob0A: 13 iterations in 0.43 seconds (average 0.033077, setup 0.00)

yes = 8784, no = 0, maybe = 87881

Computing remaining probabilities...
Engine: Sparse

Error: Pareto curve generation is currently only supported for 2 objectives.

	Command being timed: "/home/tq429871/prism/prism/bin/prism /home/tq429871/git/multiobjective-ma/slurm/../models/mdp/team/team3obj_4.nm /home/tq429871/git/multiobjective-ma/slurm/../models/mdp/team/team3obj_4_pareto.pctl -paretoepsilon 0.001 -sparse -javamaxmem 20g -gs"
	User time (seconds): 215.00
	System time (seconds): 0.54
	Percent of CPU this job got: 100%
	Elapsed (wall clock) time (h:mm:ss or m:ss): 3:34.34
	Average shared text size (kbytes): 0
	Average unshared data size (kbytes): 0
	Average stack size (kbytes): 0
	Average total size (kbytes): 0
	Maximum resident set size (kbytes): 537684
	Average resident set size (kbytes): 0
	Major (requiring I/O) page faults: 0
	Minor (reclaiming a frame) page faults: 300426
	Voluntary context switches: 7406
	Involuntary context switches: 121
	Swaps: 0
	File system inputs: 0
	File system outputs: 264
	Socket messages sent: 0
	Socket messages received: 0
	Signals delivered: 0
	Page size (bytes): 4096
	Exit status: 0
