Picked up JAVA_TOOL_OPTIONS: -Xmx2048m
PRISM
=====

Version: 4.6
Date: Thu Nov 26 11:00:31 GMT+01:00 2020
Hostname: nihm017.hpc.itc.rwth-aachen.de
Memory limits: cudd=1g, java(heap)=17.8g
Command line: prism /home/tq429871/git/multiobjective-ma/slurm/../models/mdp/team/team2obj_3.nm /home/tq429871/git/multiobjective-ma/slurm/../models/mdp/team/team2obj_3_pareto.pctl -paretoepsilon 0.001 -sparse -javamaxmem 20g

Parsing model file "/home/tq429871/git/multiobjective-ma/slurm/../models/mdp/team/team2obj_3.nm"...

Type:        MDP
Modules:     controller sensor1 sensor2 sensor3 
Variables:   status t1_r1 t1_r2 t1_r3 t2_r1 t2_r2 t2_r3 turn1 turn2 turn3 state1 m1_t1 m1_t2 state2 m2_t1 m2_t2 state3 m3_t1 m3_t2 

Parsing properties file "/home/tq429871/git/multiobjective-ma/slurm/../models/mdp/team/team2obj_3_pareto.pctl"...

1 property:
(1) multi(Pmax=? [ F "task1_compl" ], R{"w_1_total"}max=? [ C ])

---------------------------------------------------------------------

Model checking: multi(Pmax=? [ F "task1_compl" ], R{"w_1_total"}max=? [ C ])

Building model...

Computing reachable states...

Reachability (BFS): 13 iterations in 0.03 seconds (average 0.002308, setup 0.00)

Time for model construction: 0.12 seconds.

Type:        MDP
States:      12475 (1 initial)
Transitions: 15228
Choices:     14935

Transition matrix: 16500 nodes (4 terminal), 15228 minterms, vars: 24r/24c/10nd

Building deterministic Rabin automaton (for F "L0")...
Taking DRA from library...
DRA has 2 states, 1 Rabin pairs.Time for Rabin translation: 0.03 seconds.

Constructing MDP-DRA product...

Reachability (BFS): 13 iterations in 0.03 seconds (average 0.002308, setup 0.00)
States:      12475 (1 initial)
Transitions: 15228
Choices:     14935

Transition matrix: 17753 nodes (4 terminal), 15228 minterms, vars: 25r/25c/10nd
Total time for product construction: 0.117 seconds.

States:      12475 (1 initial)
Transitions: 15228
Choices:     14935

Transition matrix: 17753 nodes (4 terminal), 15228 minterms, vars: 25r/25c/10nd

Finding accepting end components for F "task1_compl"...
Time for end component identification: 0.011 seconds.

Prob0A: 11 iterations in 0.03 seconds (average 0.002273, setup 0.00)

yes = 546, no = 0, maybe = 11929

Computing remaining probabilities...
Engine: Sparse
Optimising weighted sum for probability objective 1/1: weights (1.0, 0.0)
Iterative method: 14 iterations in 0.01 seconds (average 0.000571, setup 0.00)
Optimal value for weights [1.000000,0.000000] from initial state: 1.000000
Computed point: (1.0000000000000007, 2.0204081632653077)
Optimising weighted sum for reward objective 1/1: weights (0.0, 1.0)
Iterative method: 14 iterations in 0.01 seconds (average 0.000500, setup 0.00)
Optimal value for weights [0.000000,1.000000] from initial state: 2.326531
Computed point: (0.0, 2.3265306122448983)
Optimising weighted sum of objectives: weights (0.23437499999999917, 0.7656250000000009)
Iterative method: 14 iterations in 0.01 seconds (average 0.000571, setup 0.00)
Optimal value for weights [0.234375,0.765625] from initial state: 1.958227
Optimising weighted sum of objectives: weights (0.0, 1.0)
Iterative method: 14 iterations in 0.01 seconds (average 0.000500, setup 0.00)
Optimal value for weights [0.000000,1.000000] from initial state: 2.326531
Optimising weighted sum of objectives: weights (0.5555555555555542, 0.4444444444444457)
Iterative method: 14 iterations in 0.01 seconds (average 0.000571, setup 0.00)
Optimal value for weights [0.555556,0.444444] from initial state: 1.473923
Optimising weighted sum of objectives: weights (0.4999999999999988, 0.5000000000000012)
Iterative method: 14 iterations in 0.01 seconds (average 0.000571, setup 0.00)
Optimal value for weights [0.500000,0.500000] from initial state: 1.540816
Optimising weighted sum of objectives: weights (0.6666666666666659, 0.33333333333333415)
Iterative method: 14 iterations in 0.01 seconds (average 0.000571, setup 0.00)
Optimal value for weights [0.666667,0.333333] from initial state: 1.340136
The value iteration(s) took 0.099 seconds altogether.
Number of weight vectors used: 6
Multi-objective value iterations took 0.099 s.

Value in the initial state: [(0.7551020408163269, 2.3265306122448983), (0.9387755102040825, 2.1428571428571437), (1.0000000000000007, 2.0204081632653077)]

Time for model checking: 5.918 seconds.

Result: [(0.7551020408163269, 2.3265306122448983), (0.9387755102040825, 2.1428571428571437), (1.0000000000000007, 2.0204081632653077)] (value in the initial state)

	Command being timed: "/home/tq429871/prism/prism/bin/prism /home/tq429871/git/multiobjective-ma/slurm/../models/mdp/team/team2obj_3.nm /home/tq429871/git/multiobjective-ma/slurm/../models/mdp/team/team2obj_3_pareto.pctl -paretoepsilon 0.001 -sparse -javamaxmem 20g"
	User time (seconds): 7.34
	System time (seconds): 0.10
	Percent of CPU this job got: 112%
	Elapsed (wall clock) time (h:mm:ss or m:ss): 0:06.61
	Average shared text size (kbytes): 0
	Average unshared data size (kbytes): 0
	Average stack size (kbytes): 0
	Average total size (kbytes): 0
	Maximum resident set size (kbytes): 152752
	Average resident set size (kbytes): 0
	Major (requiring I/O) page faults: 0
	Minor (reclaiming a frame) page faults: 36417
	Voluntary context switches: 2758
	Involuntary context switches: 15
	Swaps: 0
	File system inputs: 0
	File system outputs: 160
	Socket messages sent: 0
	Socket messages received: 0
	Signals delivered: 0
	Page size (bytes): 4096
	Exit status: 0
