Picked up JAVA_TOOL_OPTIONS: -Xmx2048m
PRISM
=====

Version: 4.6
Date: Thu Nov 26 11:00:37 GMT+01:00 2020
Hostname: nihm017.hpc.itc.rwth-aachen.de
Memory limits: cudd=1g, java(heap)=17.8g
Command line: prism /home/tq429871/git/multiobjective-ma/slurm/../models/mdp/team/team3obj_3.nm /home/tq429871/git/multiobjective-ma/slurm/../models/mdp/team/team3obj_3_pareto.pctl -paretoepsilon 0.001 -sparse -javamaxmem 20g

Parsing model file "/home/tq429871/git/multiobjective-ma/slurm/../models/mdp/team/team3obj_3.nm"...

Type:        MDP
Modules:     controller sensor1 sensor2 sensor3 
Variables:   status t1_r1 t1_r2 t1_r3 t2_r1 t2_r2 t2_r3 turn1 turn2 turn3 state1 m1_t1 m1_t2 state2 m2_t1 m2_t2 state3 m3_t1 m3_t2 

Parsing properties file "/home/tq429871/git/multiobjective-ma/slurm/../models/mdp/team/team3obj_3_pareto.pctl"...

1 property:
(1) multi(Pmax=? [ F "task1_compl" ], R{"w_1_total"}max=? [ C ], Pmax=? [ F "task2_compl" ])

---------------------------------------------------------------------

Model checking: multi(Pmax=? [ F "task1_compl" ], R{"w_1_total"}max=? [ C ], Pmax=? [ F "task2_compl" ])

Building model...

Computing reachable states...

Reachability (BFS): 13 iterations in 0.03 seconds (average 0.002308, setup 0.00)

Time for model construction: 0.113 seconds.

Type:        MDP
States:      12475 (1 initial)
Transitions: 15228
Choices:     14935

Transition matrix: 16500 nodes (4 terminal), 15228 minterms, vars: 24r/24c/10nd

Building deterministic Rabin automaton (for F "L0")...
Taking DRA from library...
DRA has 2 states, 1 Rabin pairs.Time for Rabin translation: 0.016 seconds.

Constructing MDP-DRA product...

Reachability (BFS): 13 iterations in 0.03 seconds (average 0.002231, setup 0.00)
States:      12475 (1 initial)
Transitions: 15228
Choices:     14935

Transition matrix: 17753 nodes (4 terminal), 15228 minterms, vars: 25r/25c/10nd

Building deterministic Rabin automaton (for F "L0")...
Taking DRA from library...
DRA has 2 states, 1 Rabin pairs.Time for Rabin translation: 0.0 seconds.

Constructing MDP-DRA product...

Reachability (BFS): 13 iterations in 0.03 seconds (average 0.001923, setup 0.00)
States:      12475 (1 initial)
Transitions: 15228
Choices:     14935

Transition matrix: 21624 nodes (4 terminal), 15228 minterms, vars: 26r/26c/10nd
Total time for product construction: 0.171 seconds.

States:      12475 (1 initial)
Transitions: 15228
Choices:     14935

Transition matrix: 21624 nodes (4 terminal), 15228 minterms, vars: 26r/26c/10nd

Finding accepting end components for F "task1_compl"...
Time for end component identification: 0.015 seconds.

Finding accepting end components for F "task2_compl"...
Time for end component identification: 0.008 seconds.

Prob0A: 11 iterations in 0.07 seconds (average 0.006091, setup 0.00)

yes = 1020, no = 0, maybe = 11455

Computing remaining probabilities...
Engine: Sparse

Error: Pareto curve generation is currently only supported for 2 objectives.

	Command being timed: "/home/tq429871/prism/prism/bin/prism /home/tq429871/git/multiobjective-ma/slurm/../models/mdp/team/team3obj_3.nm /home/tq429871/git/multiobjective-ma/slurm/../models/mdp/team/team3obj_3_pareto.pctl -paretoepsilon 0.001 -sparse -javamaxmem 20g"
	User time (seconds): 9.38
	System time (seconds): 0.12
	Percent of CPU this job got: 111%
	Elapsed (wall clock) time (h:mm:ss or m:ss): 0:08.55
	Average shared text size (kbytes): 0
	Average unshared data size (kbytes): 0
	Average stack size (kbytes): 0
	Average total size (kbytes): 0
	Maximum resident set size (kbytes): 160732
	Average resident set size (kbytes): 0
	Major (requiring I/O) page faults: 0
	Minor (reclaiming a frame) page faults: 48218
	Voluntary context switches: 2215
	Involuntary context switches: 13
	Swaps: 0
	File system inputs: 0
	File system outputs: 112
	Socket messages sent: 0
	Socket messages received: 0
	Signals delivered: 0
	Page size (bytes): 4096
	Exit status: 0
