Picked up JAVA_TOOL_OPTIONS: -Xmx2048m
PRISM
=====

Version: 4.6
Date: Thu Nov 26 10:58:58 GMT+01:00 2020
Hostname: nihm017.hpc.itc.rwth-aachen.de
Memory limits: cudd=1g, java(heap)=17.8g
Command line: prism /home/tq429871/git/multiobjective-ma/slurm/../models/mdp/zeroconf/zeroconf4.nm /home/tq429871/git/multiobjective-ma/slurm/../models/mdp/zeroconf/zeroconf4_pareto.pctl -paretoepsilon 0.001 -sparse -javamaxmem 20g

Parsing model file "/home/tq429871/git/multiobjective-ma/slurm/../models/mdp/zeroconf/zeroconf4.nm"...

Type:        MDP
Modules:     host0 env_error4 
Variables:   x y coll probes mess defend ip l env k c1 c2 c3 c4 error 

Parsing properties file "/home/tq429871/git/multiobjective-ma/slurm/../models/mdp/zeroconf/zeroconf4_pareto.pctl"...

1 property:
(1) multi(Pmax=? [ F l=4&ip=1 ], Pmax=? [ G (error=0) ])

---------------------------------------------------------------------

Model checking: multi(Pmax=? [ F l=4&ip=1 ], Pmax=? [ G (error=0) ])

Building model...

Computing reachable states...

Reachability (BFS): 116 iterations in 0.05 seconds (average 0.000414, setup 0.00)

Time for model construction: 0.107 seconds.

Type:        MDP
States:      5449 (1 initial)
Transitions: 17152
Choices:     16487

Transition matrix: 2515 nodes (4 terminal), 17152 minterms, vars: 36r/36c/7nd

Building deterministic Rabin automaton (for F "L0")...
Taking DRA from library...
DRA has 2 states, 1 Rabin pairs.Time for Rabin translation: 0.022 seconds.

Constructing MDP-DRA product...

Reachability (BFS): 116 iterations in 0.04 seconds (average 0.000302, setup 0.00)
States:      5449 (1 initial)
Transitions: 17152
Choices:     16487

Transition matrix: 2604 nodes (4 terminal), 17152 minterms, vars: 37r/37c/7nd

Building deterministic Rabin automaton (for G "L0")...
Taking DRA from library...
DRA has 2 states, 1 Rabin pairs.Time for Rabin translation: 0.0 seconds.

Constructing MDP-DRA product...

Reachability (BFS): 116 iterations in 0.07 seconds (average 0.000569, setup 0.00)
States:      5449 (1 initial)
Transitions: 17152
Choices:     16487

Transition matrix: 3754 nodes (4 terminal), 17152 minterms, vars: 38r/38c/7nd
Total time for product construction: 0.142 seconds.

States:      5449 (1 initial)
Transitions: 17152
Choices:     16487

Transition matrix: 3754 nodes (4 terminal), 17152 minterms, vars: 38r/38c/7nd

Finding accepting end components for F l=4&ip=1...
Time for end component identification: 0.032 seconds.

Finding accepting end components for G (error=0)...
Time for end component identification: 0.03 seconds.

Prob0A: 82 iterations in 0.02 seconds (average 0.000280, setup 0.00)

yes = 4813, no = 172, maybe = 464

Computing remaining probabilities...
Engine: Sparse
Optimising weighted sum for probability objective 1/2: weights (1.0, 0.0)
Iterative method: 85 iterations in 0.02 seconds (average 0.000212, setup 0.00)
Optimal value for weights [1.000000,0.000000] from initial state: 0.000308
Computed point: (3.075787401574803E-4, 0.0)
Optimising weighted sum for probability objective 2/2: weights (0.0, 1.0)
Iterative method: 3 iterations in 0.00 seconds (average 0.000333, setup 0.00)
Optimal value for weights [0.000000,1.000000] from initial state: 1.000000
Computed point: (0.0, 1.0)
Optimising weighted sum of objectives: weights (0.9996925158354345, 3.074841645655249E-4)
Iterative method: 85 iterations in 0.02 seconds (average 0.000247, setup 0.00)
Optimal value for weights [0.999693,0.000307] from initial state: 0.000615
The value iteration(s) took 0.054 seconds altogether.
Number of weight vectors used: 1
Multi-objective value iterations took 0.054 s.

Value in the initial state: [(3.075787401574803E-4, 0.9996924212598424), (0.0, 1.0)]

Time for model checking: 2.659 seconds.

Result: [(3.075787401574803E-4, 0.9996924212598424), (0.0, 1.0)] (value in the initial state)

	Command being timed: "/home/tq429871/prism/prism/bin/prism /home/tq429871/git/multiobjective-ma/slurm/../models/mdp/zeroconf/zeroconf4.nm /home/tq429871/git/multiobjective-ma/slurm/../models/mdp/zeroconf/zeroconf4_pareto.pctl -paretoepsilon 0.001 -sparse -javamaxmem 20g"
	User time (seconds): 3.31
	System time (seconds): 0.09
	Percent of CPU this job got: 105%
	Elapsed (wall clock) time (h:mm:ss or m:ss): 0:03.22
	Average shared text size (kbytes): 0
	Average unshared data size (kbytes): 0
	Average stack size (kbytes): 0
	Average total size (kbytes): 0
	Maximum resident set size (kbytes): 143408
	Average resident set size (kbytes): 0
	Major (requiring I/O) page faults: 0
	Minor (reclaiming a frame) page faults: 34892
	Voluntary context switches: 2285
	Involuntary context switches: 66
	Swaps: 0
	File system inputs: 8
	File system outputs: 64
	Socket messages sent: 0
	Socket messages received: 0
	Signals delivered: 0
	Page size (bytes): 4096
	Exit status: 0
