Picked up JAVA_TOOL_OPTIONS: -Xmx2048m
PRISM
=====

Version: 4.6
Date: Thu Nov 26 14:56:30 GMT+01:00 2020
Hostname: nihm017.hpc.itc.rwth-aachen.de
Memory limits: cudd=1g, java(heap)=17.8g
Command line: prism /home/tq429871/git/multiobjective-ma/slurm/../models/mdp/consensus/consensus2_4_2.nm /home/tq429871/git/multiobjective-ma/slurm/../models/mdp/consensus/consensus2_4_2_pareto.pctl -paretoepsilon 0.001 -sparse -javamaxmem 20g -gs

Parsing model file "/home/tq429871/git/multiobjective-ma/slurm/../models/mdp/consensus/consensus2_4_2.nm"...

Type:        MDP
Modules:     process1 process2 coin1_error coin2_error 
Variables:   s1 r1 p1 s2 r2 p2 c1 v1 c2 v2 

Parsing properties file "/home/tq429871/git/multiobjective-ma/slurm/../models/mdp/consensus/consensus2_4_2_pareto.pctl"...

1 property:
(1) multi(Pmax=? [ F "one_proc_err" ], Pmax=? [ G "one_coin_ok" ])

---------------------------------------------------------------------

Model checking: multi(Pmax=? [ F "one_proc_err" ], Pmax=? [ G "one_coin_ok" ])

Building model...

Computing reachable states...

Reachability (BFS): 31 iterations in 0.01 seconds (average 0.000452, setup 0.00)

Time for model construction: 0.06 seconds.

Type:        MDP
States:      1517 (1 initial)
Transitions: 2616
Choices:     2616

Transition matrix: 3647 nodes (2 terminal), 2616 minterms, vars: 22r/22c/21nd

Building deterministic Rabin automaton (for F "L0")...
Taking DRA from library...
DRA has 2 states, 1 Rabin pairs.Time for Rabin translation: 0.015 seconds.

Constructing MDP-DRA product...

Reachability (BFS): 31 iterations in 0.01 seconds (average 0.000323, setup 0.00)
States:      1517 (1 initial)
Transitions: 2616
Choices:     2616

Transition matrix: 3851 nodes (2 terminal), 2616 minterms, vars: 23r/23c/21nd

Building deterministic Rabin automaton (for G "L0")...
Taking DRA from library...
DRA has 2 states, 1 Rabin pairs.Time for Rabin translation: 0.001 seconds.

Constructing MDP-DRA product...

Reachability (BFS): 31 iterations in 0.01 seconds (average 0.000323, setup 0.00)
States:      1517 (1 initial)
Transitions: 2616
Choices:     2616

Transition matrix: 4185 nodes (2 terminal), 2616 minterms, vars: 24r/24c/21nd
Total time for product construction: 0.05 seconds.

States:      1517 (1 initial)
Transitions: 2616
Choices:     2616

Transition matrix: 4185 nodes (2 terminal), 2616 minterms, vars: 24r/24c/21nd

Finding accepting end components for F "one_proc_err"...
Time for end component identification: 0.001 seconds.

Finding accepting end components for G "one_coin_ok"...
Time for end component identification: 0.0 seconds.

Prob0A: 11 iterations in 0.01 seconds (average 0.001182, setup 0.00)

yes = 84, no = 232, maybe = 1201

Computing remaining probabilities...
Engine: Sparse
Optimising weighted sum for probability objective 1/2: weights (1.0, 0.0)
Iterative method: 23 iterations in 0.00 seconds (average 0.000087, setup 0.00)
Computed point: (1.0, 0.0)
Optimising weighted sum for probability objective 2/2: weights (0.0, 1.0)
Iterative method: 9 iterations in 0.00 seconds (average 0.000000, setup 0.00)
Computed point: (0.0, 1.0)
Optimising weighted sum of objectives: weights (0.5, 0.5)
Iterative method: 12 iterations in 0.00 seconds (average 0.000083, setup 0.00)
The value iteration(s) took 0.012 seconds altogether.
Number of weight vectors used: 1
Multi-objective value iterations took 0.012 s.

Value in the initial state: [(1.0, 0.0), (0.0, 1.0)]

Time for model checking: 0.157 seconds.

Result: [(1.0, 0.0), (0.0, 1.0)] (value in the initial state)

	Command being timed: "/home/tq429871/prism/prism/bin/prism /home/tq429871/git/multiobjective-ma/slurm/../models/mdp/consensus/consensus2_4_2.nm /home/tq429871/git/multiobjective-ma/slurm/../models/mdp/consensus/consensus2_4_2_pareto.pctl -paretoepsilon 0.001 -sparse -javamaxmem 20g -gs"
	User time (seconds): 0.71
	System time (seconds): 0.09
	Percent of CPU this job got: 64%
	Elapsed (wall clock) time (h:mm:ss or m:ss): 0:01.26
	Average shared text size (kbytes): 0
	Average unshared data size (kbytes): 0
	Average stack size (kbytes): 0
	Average total size (kbytes): 0
	Maximum resident set size (kbytes): 95624
	Average resident set size (kbytes): 0
	Major (requiring I/O) page faults: 0
	Minor (reclaiming a frame) page faults: 19175
	Voluntary context switches: 1940
	Involuntary context switches: 4
	Swaps: 0
	File system inputs: 0
	File system outputs: 72
	Socket messages sent: 0
	Socket messages received: 0
	Signals delivered: 0
	Page size (bytes): 4096
	Exit status: 0
