Picked up JAVA_TOOL_OPTIONS: -Xmx2048m
PRISM
=====

Version: 4.6
Date: Thu Nov 26 14:56:53 GMT+01:00 2020
Hostname: nihm017.hpc.itc.rwth-aachen.de
Memory limits: cudd=1g, java(heap)=17.8g
Command line: prism /home/tq429871/git/multiobjective-ma/slurm/../models/mdp/zeroconf-tb/zeroconf-tb4_10.nm /home/tq429871/git/multiobjective-ma/slurm/../models/mdp/zeroconf-tb/zeroconf-tb4_10_pareto.pctl -paretoepsilon 0.001 -sparse -javamaxmem 20g -gs

Parsing model file "/home/tq429871/git/multiobjective-ma/slurm/../models/mdp/zeroconf-tb/zeroconf-tb4_10.nm"...

Type:        MDP
Modules:     host0 env_error4 time_error 
Variables:   x y coll probes mess defend ip l env k c1 c2 c3 c4 error time_error done t 

Parsing properties file "/home/tq429871/git/multiobjective-ma/slurm/../models/mdp/zeroconf-tb/zeroconf-tb4_10_pareto.pctl"...

1 property:
(1) multi(Pmax=? [ F time_error=1 ], Pmax=? [ G (error=0) ])

---------------------------------------------------------------------

Model checking: multi(Pmax=? [ F time_error=1 ], Pmax=? [ G (error=0) ])

Building model...

Computing reachable states...

Reachability (BFS): 125 iterations in 0.19 seconds (average 0.001488, setup 0.00)

Time for model construction: 0.251 seconds.

Type:        MDP
States:      19670 (1 initial)
Transitions: 63353
Choices:     59358

Transition matrix: 9893 nodes (4 terminal), 63353 minterms, vars: 42r/42c/8nd

Building deterministic Rabin automaton (for F "L0")...
Taking DRA from library...
DRA has 2 states, 1 Rabin pairs.Time for Rabin translation: 0.015 seconds.

Constructing MDP-DRA product...

Reachability (BFS): 125 iterations in 0.22 seconds (average 0.001728, setup 0.00)
States:      19670 (1 initial)
Transitions: 63353
Choices:     59358

Transition matrix: 11570 nodes (4 terminal), 63353 minterms, vars: 43r/43c/8nd

Building deterministic Rabin automaton (for G "L0")...
Taking DRA from library...
DRA has 2 states, 1 Rabin pairs.Time for Rabin translation: 0.0 seconds.

Constructing MDP-DRA product...

Reachability (BFS): 125 iterations in 0.21 seconds (average 0.001656, setup 0.00)
States:      19670 (1 initial)
Transitions: 63353
Choices:     59358

Transition matrix: 14283 nodes (4 terminal), 63353 minterms, vars: 44r/44c/8nd
Total time for product construction: 0.521 seconds.

States:      19670 (1 initial)
Transitions: 63353
Choices:     59358

Transition matrix: 14283 nodes (4 terminal), 63353 minterms, vars: 44r/44c/8nd

Finding accepting end components for F time_error=1...
Time for end component identification: 0.119 seconds.

Finding accepting end components for G (error=0)...
Time for end component identification: 0.109 seconds.

Prob0A: 6 iterations in 0.02 seconds (average 0.002667, setup 0.00)

yes = 17645, no = 902, maybe = 1123

Computing remaining probabilities...
Engine: Sparse
Optimising weighted sum for probability objective 1/2: weights (1.0, 0.0)
Iterative method: 16 iterations in 0.01 seconds (average 0.000625, setup 0.00)
Computed point: (0.33353838582677153, 0.3334358595800524)
Optimising weighted sum for probability objective 2/2: weights (0.0, 1.0)
Iterative method: 3 iterations in 0.00 seconds (average 0.000667, setup 0.00)
Computed point: (0.0, 1.0)
Optimising weighted sum of objectives: weights (0.6664958071063909, 0.33350419289360905)
Iterative method: 16 iterations in 0.01 seconds (average 0.000687, setup 0.00)
Optimising weighted sum of objectives: weights (0.0, 0.9999999999999993)
Iterative method: 3 iterations in 0.00 seconds (average 0.000667, setup 0.00)
Optimising weighted sum of objectives: weights (1.0, 0.0)
Iterative method: 16 iterations in 0.01 seconds (average 0.000687, setup 0.00)
The value iteration(s) took 0.115 seconds altogether.
Number of weight vectors used: 3
Multi-objective value iterations took 0.115 s.

Value in the initial state: [(0.33353838582677153, 0.9999999999999998)]

Time for model checking: 22.281 seconds.

Result: [(0.33353838582677153, 0.9999999999999998)] (value in the initial state)

	Command being timed: "/home/tq429871/prism/prism/bin/prism /home/tq429871/git/multiobjective-ma/slurm/../models/mdp/zeroconf-tb/zeroconf-tb4_10.nm /home/tq429871/git/multiobjective-ma/slurm/../models/mdp/zeroconf-tb/zeroconf-tb4_10_pareto.pctl -paretoepsilon 0.001 -sparse -javamaxmem 20g -gs"
	User time (seconds): 24.13
	System time (seconds): 0.26
	Percent of CPU this job got: 106%
	Elapsed (wall clock) time (h:mm:ss or m:ss): 0:23.00
	Average shared text size (kbytes): 0
	Average unshared data size (kbytes): 0
	Average stack size (kbytes): 0
	Average total size (kbytes): 0
	Maximum resident set size (kbytes): 443924
	Average resident set size (kbytes): 0
	Major (requiring I/O) page faults: 0
	Minor (reclaiming a frame) page faults: 125348
	Voluntary context switches: 2582
	Involuntary context switches: 141
	Swaps: 0
	File system inputs: 0
	File system outputs: 64
	Socket messages sent: 0
	Socket messages received: 0
	Signals delivered: 0
	Page size (bytes): 4096
	Exit status: 0
