Picked up JAVA_TOOL_OPTIONS: -Xmx2048m
PRISM
=====

Version: 4.6
Date: Thu Nov 26 10:58:48 GMT+01:00 2020
Hostname: nihm017.hpc.itc.rwth-aachen.de
Memory limits: cudd=1g, java(heap)=17.8g
Command line: prism /home/tq429871/git/multiobjective-ma/slurm/../models/mdp/consensus/consensus3_3_2.nm /home/tq429871/git/multiobjective-ma/slurm/../models/mdp/consensus/consensus3_3_2_pareto.pctl -paretoepsilon 0.001 -sparse -javamaxmem 20g

Parsing model file "/home/tq429871/git/multiobjective-ma/slurm/../models/mdp/consensus/consensus3_3_2.nm"...

Type:        MDP
Modules:     process1 process2 process3 coin1_error 
Variables:   s1 r1 p1 s2 r2 p2 s3 r3 p3 c1 v1 

Parsing properties file "/home/tq429871/git/multiobjective-ma/slurm/../models/mdp/consensus/consensus3_3_2_pareto.pctl"...

1 property:
(1) multi(Pmax=? [ F "one_proc_err" ], Pmax=? [ G "one_coin_ok" ])

---------------------------------------------------------------------

Model checking: multi(Pmax=? [ F "one_proc_err" ], Pmax=? [ G "one_coin_ok" ])

Building model...

Computing reachable states...

Reachability (BFS): 30 iterations in 0.07 seconds (average 0.002433, setup 0.00)

Time for model construction: 0.141 seconds.

Type:        MDP
States:      17455 (1 initial)
Transitions: 46702
Choices:     46702

Transition matrix: 12325 nodes (2 terminal), 46702 minterms, vars: 24r/24c/22nd

Building deterministic Rabin automaton (for F "L0")...
Taking DRA from library...
DRA has 2 states, 1 Rabin pairs.Time for Rabin translation: 0.022 seconds.

Constructing MDP-DRA product...

Reachability (BFS): 30 iterations in 0.09 seconds (average 0.002900, setup 0.00)
States:      17455 (1 initial)
Transitions: 46702
Choices:     46702

Transition matrix: 14942 nodes (2 terminal), 46702 minterms, vars: 25r/25c/22nd

Building deterministic Rabin automaton (for G "L0")...
Taking DRA from library...
DRA has 2 states, 1 Rabin pairs.Time for Rabin translation: 0.001 seconds.

Constructing MDP-DRA product...

Reachability (BFS): 30 iterations in 0.08 seconds (average 0.002800, setup 0.00)
States:      17455 (1 initial)
Transitions: 46702
Choices:     46702

Transition matrix: 16175 nodes (2 terminal), 46702 minterms, vars: 26r/26c/22nd
Total time for product construction: 0.282 seconds.

States:      17455 (1 initial)
Transitions: 46702
Choices:     46702

Transition matrix: 16175 nodes (2 terminal), 46702 minterms, vars: 26r/26c/22nd

Finding accepting end components for F "one_proc_err"...
Time for end component identification: 0.001 seconds.

Finding accepting end components for G "one_coin_ok"...
Time for end component identification: 0.001 seconds.

Prob0A: 16 iterations in 0.08 seconds (average 0.005125, setup 0.00)

yes = 156, no = 2868, maybe = 14431

Computing remaining probabilities...
Engine: Sparse
Optimising weighted sum for probability objective 1/2: weights (1.0, 0.0)
Iterative method: 23 iterations in 0.02 seconds (average 0.000957, setup 0.00)
Optimal value for weights [1.000000,0.000000] from initial state: 1.000000
Computed point: (1.0, 0.0)
Optimising weighted sum for probability objective 2/2: weights (0.0, 1.0)
Iterative method: 14 iterations in 0.01 seconds (average 0.000929, setup 0.00)
Optimal value for weights [0.000000,1.000000] from initial state: 1.000000
Computed point: (0.0, 1.0)
Optimising weighted sum of objectives: weights (0.5, 0.5)
Iterative method: 18 iterations in 0.02 seconds (average 0.000944, setup 0.00)
Optimal value for weights [0.500000,0.500000] from initial state: 0.500000
The value iteration(s) took 0.099 seconds altogether.
Number of weight vectors used: 1
Multi-objective value iterations took 0.099 s.

Value in the initial state: [(1.0, 0.0), (0.0, 1.0)]

Time for model checking: 0.727 seconds.

Result: [(1.0, 0.0), (0.0, 1.0)] (value in the initial state)

	Command being timed: "/home/tq429871/prism/prism/bin/prism /home/tq429871/git/multiobjective-ma/slurm/../models/mdp/consensus/consensus3_3_2.nm /home/tq429871/git/multiobjective-ma/slurm/../models/mdp/consensus/consensus3_3_2_pareto.pctl -paretoepsilon 0.001 -sparse -javamaxmem 20g"
	User time (seconds): 1.36
	System time (seconds): 0.08
	Percent of CPU this job got: 112%
	Elapsed (wall clock) time (h:mm:ss or m:ss): 0:01.28
	Average shared text size (kbytes): 0
	Average unshared data size (kbytes): 0
	Average stack size (kbytes): 0
	Average total size (kbytes): 0
	Maximum resident set size (kbytes): 115532
	Average resident set size (kbytes): 0
	Major (requiring I/O) page faults: 0
	Minor (reclaiming a frame) page faults: 22103
	Voluntary context switches: 2092
	Involuntary context switches: 71
	Swaps: 0
	File system inputs: 0
	File system outputs: 64
	Socket messages sent: 0
	Socket messages received: 0
	Signals delivered: 0
	Page size (bytes): 4096
	Exit status: 0
