Picked up JAVA_TOOL_OPTIONS: -Xmx2048m
PRISM
=====

Version: 4.6
Date: Thu Nov 26 18:14:41 GMT+01:00 2020
Hostname: nihm017.hpc.itc.rwth-aachen.de
Memory limits: cudd=1g, java(heap)=17.8g
Command line: prism /home/tq429871/git/multiobjective-ma/slurm/../models/mdp/dpm/dpm100.nm /home/tq429871/git/multiobjective-ma/slurm/../models/mdp/dpm/dpm100_pareto.pctl -paretoepsilon 0.001 -sparse -javamaxmem 20g -gs

Parsing model file "/home/tq429871/git/multiobjective-ma/slurm/../models/mdp/dpm/dpm100.nm"...

Type:        MDP
Modules:     timer PM SR SP SQ 
Variables:   c pm sr sp q 

Parsing properties file "/home/tq429871/git/multiobjective-ma/slurm/../models/mdp/dpm/dpm100_pareto.pctl"...

1 property:
(1) multi(R{"power"}min=? [ C<=100 ], R{"queue"}min=? [ C<=100 ])

---------------------------------------------------------------------

Model checking: multi(R{"power"}min=? [ C<=100 ], R{"queue"}min=? [ C<=100 ])

Building model...

Computing reachable states...

Reachability (BFS): 13 iterations in 0.00 seconds (average 0.000077, setup 0.00)

Time for model construction: 0.035 seconds.

Type:        MDP
States:      636 (1 initial)
Transitions: 2550
Choices:     1860

Transition matrix: 772 nodes (30 terminal), 2550 minterms, vars: 11r/11c/5nd
Total time for product construction: 0.0 seconds.

States:      636 (1 initial)
Transitions: 2550
Choices:     1860

Transition matrix: 772 nodes (30 terminal), 2550 minterms, vars: 11r/11c/5nd

Prob0A: 1 iterations in 0.00 seconds (average 0.000000, setup 0.00)

yes = 0, no = 0, maybe = 636

Computing remaining probabilities...
Engine: Sparse
Not using Gauss-Seidel since there are step-bounded objectives
Optimising weighted sum for reward objective 1/2: weights (1.0, 0.0)
Iterative method: 102 iterations in 0.01 seconds (average 0.000059, setup 0.00)
Optimal value for weights [1.000000,0.000000] from initial state: -5.000000
Computed point: (-5.000000000000007, -73.21179948749739)
Optimising weighted sum for reward objective 2/2: weights (0.0, 1.0)
Iterative method: 102 iterations in 0.00 seconds (average 0.000039, setup 0.00)
Optimal value for weights [0.000000,1.000000] from initial state: -69.975341
Computed point: (-122.523145893904, -69.97534067026223)
Optimising weighted sum of objectives: weights (0.02680083977565903, 0.9731991602243409)
Iterative method: 102 iterations in 0.01 seconds (average 0.000059, setup 0.00)
Optimal value for weights [0.026801,0.973199] from initial state: -71.347633
Optimising weighted sum of objectives: weights (0.026394703326956283, 0.9736052966730437)
Iterative method: 102 iterations in 0.01 seconds (average 0.000049, setup 0.00)
Optimal value for weights [0.026395,0.973605] from initial state: -71.360806
Optimising weighted sum of objectives: weights (0.02792556248749309, 0.972074437512507)
Iterative method: 102 iterations in 0.01 seconds (average 0.000059, setup 0.00)
Optimal value for weights [0.027926,0.972074] from initial state: -71.299840
Optimising weighted sum of objectives: weights (0.026375842840285504, 0.9736241571597144)
Iterative method: 102 iterations in 0.01 seconds (average 0.000059, setup 0.00)
Optimal value for weights [0.026376,0.973624] from initial state: -71.361333
Optimising weighted sum of objectives: weights (0.02658016517896337, 0.9734198348210367)
Iterative method: 102 iterations in 0.01 seconds (average 0.000049, setup 0.00)
Optimal value for weights [0.026580,0.973420] from initial state: -71.355615
Optimising weighted sum of objectives: weights (0.02756933242555752, 0.9724306675744425)
Iterative method: 102 iterations in 0.01 seconds (average 0.000049, setup 0.00)
Optimal value for weights [0.027569,0.972431] from initial state: -71.316632
Optimising weighted sum of objectives: weights (0.02851351719418136, 0.9714864828058186)
Iterative method: 102 iterations in 0.01 seconds (average 0.000049, setup 0.00)
Optimal value for weights [0.028514,0.971486] from initial state: -71.266841
Optimising weighted sum of objectives: weights (0.027226230233653326, 0.9727737697663467)
Iterative method: 102 iterations in 0.01 seconds (average 0.000049, setup 0.00)
Optimal value for weights [0.027226,0.972774] from initial state: -71.332244
Optimising weighted sum of objectives: weights (0.027870683002927266, 0.9721293169970727)
Iterative method: 102 iterations in 0.01 seconds (average 0.000059, setup 0.00)
Optimal value for weights [0.027871,0.972129] from initial state: -71.302920
The value iteration(s) took 0.067 seconds altogether.
Number of weight vectors used: 11
Multi-objective value iterations took 0.067 s.

Value in the initial state: [(44.11485403116869, 72.09945064466942), (122.523145893904, 69.97534067026223), (36.142819963883674, 72.31713470527798), (5.000000000000007, 73.21179948749739), (16.742721227264568, 72.86714591840907), (27.067998725334856, 72.57112302203669)]

Time for model checking: 0.088 seconds.

Result: [(44.11485403116869, 72.09945064466942), (122.523145893904, 69.97534067026223), (36.142819963883674, 72.31713470527798), (5.000000000000007, 73.21179948749739), (16.742721227264568, 72.86714591840907), (27.067998725334856, 72.57112302203669)] (value in the initial state)

	Command being timed: "/home/tq429871/prism/prism/bin/prism /home/tq429871/git/multiobjective-ma/slurm/../models/mdp/dpm/dpm100.nm /home/tq429871/git/multiobjective-ma/slurm/../models/mdp/dpm/dpm100_pareto.pctl -paretoepsilon 0.001 -sparse -javamaxmem 20g -gs"
	User time (seconds): 0.54
	System time (seconds): 0.07
	Percent of CPU this job got: 47%
	Elapsed (wall clock) time (h:mm:ss or m:ss): 0:01.29
	Average shared text size (kbytes): 0
	Average unshared data size (kbytes): 0
	Average stack size (kbytes): 0
	Average total size (kbytes): 0
	Maximum resident set size (kbytes): 83016
	Average resident set size (kbytes): 0
	Major (requiring I/O) page faults: 0
	Minor (reclaiming a frame) page faults: 14956
	Voluntary context switches: 2235
	Involuntary context switches: 10
	Swaps: 0
	File system inputs: 0
	File system outputs: 64
	Socket messages sent: 0
	Socket messages received: 0
	Signals delivered: 0
	Page size (bytes): 4096
	Exit status: 0
