Picked up JAVA_TOOL_OPTIONS: -Xmx2048m
PRISM
=====

Version: 4.6
Date: Thu Nov 26 13:58:10 GMT+01:00 2020
Hostname: nihm017.hpc.itc.rwth-aachen.de
Memory limits: cudd=1g, java(heap)=17.8g
Command line: prism /home/tq429871/git/multiobjective-ma/slurm/../models/mdp/zeroconf-tb/zeroconf-tb2_14.nm /home/tq429871/git/multiobjective-ma/slurm/../models/mdp/zeroconf-tb/zeroconf-tb2_14_pareto.pctl -paretoepsilon 0.001 -sparse -javamaxmem 20g

Parsing model file "/home/tq429871/git/multiobjective-ma/slurm/../models/mdp/zeroconf-tb/zeroconf-tb2_14.nm"...

Type:        MDP
Modules:     host0 env_error2 time_error 
Variables:   x y coll probes mess defend ip l env k c1 c2 error time_error done t 

Parsing properties file "/home/tq429871/git/multiobjective-ma/slurm/../models/mdp/zeroconf-tb/zeroconf-tb2_14_pareto.pctl"...

1 property:
(1) multi(Pmax=? [ F time_error=1 ], Pmax=? [ G (error=0) ])

---------------------------------------------------------------------

Model checking: multi(Pmax=? [ F time_error=1 ], Pmax=? [ G (error=0) ])

Building model...

Computing reachable states...

Reachability (BFS): 126 iterations in 0.25 seconds (average 0.001960, setup 0.00)

Time for model construction: 0.555 seconds.

Type:        MDP
States:      29572 (1 initial)
Transitions: 92605
Choices:     86585

Transition matrix: 9057 nodes (4 terminal), 92605 minterms, vars: 36r/36c/8nd

Building deterministic Rabin automaton (for F "L0")...
Taking DRA from library...
DRA has 2 states, 1 Rabin pairs.Time for Rabin translation: 0.157 seconds.

Constructing MDP-DRA product...

Reachability (BFS): 126 iterations in 0.27 seconds (average 0.002167, setup 0.00)
States:      29572 (1 initial)
Transitions: 92605
Choices:     86585

Transition matrix: 10373 nodes (4 terminal), 92605 minterms, vars: 37r/37c/8nd

Building deterministic Rabin automaton (for G "L0")...
Taking DRA from library...
DRA has 2 states, 1 Rabin pairs.Time for Rabin translation: 0.0 seconds.

Constructing MDP-DRA product...

Reachability (BFS): 126 iterations in 0.35 seconds (average 0.002762, setup 0.00)
States:      29572 (1 initial)
Transitions: 92605
Choices:     86585

Transition matrix: 14230 nodes (4 terminal), 92605 minterms, vars: 38r/38c/8nd
Total time for product construction: 0.862 seconds.

States:      29572 (1 initial)
Transitions: 92605
Choices:     86585

Transition matrix: 14230 nodes (4 terminal), 92605 minterms, vars: 38r/38c/8nd

Finding accepting end components for F time_error=1...
Time for end component identification: 0.158 seconds.

Finding accepting end components for G (error=0)...
Time for end component identification: 0.176 seconds.

Prob0A: 20 iterations in 0.04 seconds (average 0.002000, setup 0.00)

yes = 23767, no = 3321, maybe = 2484

Computing remaining probabilities...
Engine: Sparse
Optimising weighted sum for probability objective 1/2: weights (1.0, 0.0)
Iterative method: 34 iterations in 0.04 seconds (average 0.001206, setup 0.00)
Optimal value for weights [1.000000,0.000000] from initial state: 0.000000
Computed point: (8.059348391417451E-8, 0.0)
Optimising weighted sum for probability objective 2/2: weights (0.0, 1.0)
Iterative method: 3 iterations in 0.00 seconds (average 0.001000, setup 0.00)
Optimal value for weights [0.000000,1.000000] from initial state: 1.000000
Computed point: (0.0, 1.0)
Optimising weighted sum of objectives: weights (1.0, 0.0)
Iterative method: 34 iterations in 0.04 seconds (average 0.001147, setup 0.00)
Optimal value for weights [1.000000,0.000000] from initial state: 0.000000
The value iteration(s) took 0.122 seconds altogether.
Number of weight vectors used: 1
Multi-objective value iterations took 0.122 s.

Value in the initial state: [(0.0, 1.0)]

Time for model checking: 23.375 seconds.

Result: [(0.0, 1.0)] (value in the initial state)

	Command being timed: "/home/tq429871/prism/prism/bin/prism /home/tq429871/git/multiobjective-ma/slurm/../models/mdp/zeroconf-tb/zeroconf-tb2_14.nm /home/tq429871/git/multiobjective-ma/slurm/../models/mdp/zeroconf-tb/zeroconf-tb2_14_pareto.pctl -paretoepsilon 0.001 -sparse -javamaxmem 20g"
	User time (seconds): 25.23
	System time (seconds): 0.26
	Percent of CPU this job got: 97%
	Elapsed (wall clock) time (h:mm:ss or m:ss): 0:26.10
	Average shared text size (kbytes): 0
	Average unshared data size (kbytes): 0
	Average stack size (kbytes): 0
	Average total size (kbytes): 0
	Maximum resident set size (kbytes): 344008
	Average resident set size (kbytes): 0
	Major (requiring I/O) page faults: 0
	Minor (reclaiming a frame) page faults: 132611
	Voluntary context switches: 2459
	Involuntary context switches: 28
	Swaps: 0
	File system inputs: 0
	File system outputs: 72
	Socket messages sent: 0
	Socket messages received: 0
	Signals delivered: 0
	Page size (bytes): 4096
	Exit status: 0
