Picked up JAVA_TOOL_OPTIONS: -Xmx2048m
PRISM
=====

Version: 4.6
Date: Thu Nov 26 14:57:16 GMT+01:00 2020
Hostname: nihm017.hpc.itc.rwth-aachen.de
Memory limits: cudd=1g, java(heap)=17.8g
Command line: prism /home/tq429871/git/multiobjective-ma/slurm/../models/mdp/zeroconf-tb/zeroconf-tb4_14.nm /home/tq429871/git/multiobjective-ma/slurm/../models/mdp/zeroconf-tb/zeroconf-tb4_14_pareto.pctl -paretoepsilon 0.001 -sparse -javamaxmem 20g -gs

Parsing model file "/home/tq429871/git/multiobjective-ma/slurm/../models/mdp/zeroconf-tb/zeroconf-tb4_14.nm"...

Type:        MDP
Modules:     host0 env_error4 time_error 
Variables:   x y coll probes mess defend ip l env k c1 c2 c3 c4 error time_error done t 

Parsing properties file "/home/tq429871/git/multiobjective-ma/slurm/../models/mdp/zeroconf-tb/zeroconf-tb4_14_pareto.pctl"...

1 property:
(1) multi(Pmax=? [ F time_error=1 ], Pmax=? [ G (error=0) ])

---------------------------------------------------------------------

Model checking: multi(Pmax=? [ F time_error=1 ], Pmax=? [ G (error=0) ])

Building model...

Computing reachable states...

Reachability (BFS): 132 iterations in 0.35 seconds (average 0.002659, setup 0.00)

Time for model construction: 0.579 seconds.

Type:        MDP
States:      42968 (1 initial)
Transitions: 138025
Choices:     130735

Transition matrix: 14874 nodes (4 terminal), 138025 minterms, vars: 42r/42c/8nd

Building deterministic Rabin automaton (for F "L0")...
Taking DRA from library...
DRA has 2 states, 1 Rabin pairs.Time for Rabin translation: 0.049 seconds.

Constructing MDP-DRA product...

Reachability (BFS): 132 iterations in 0.44 seconds (average 0.003364, setup 0.00)
States:      42968 (1 initial)
Transitions: 138025
Choices:     130735

Transition matrix: 16458 nodes (4 terminal), 138025 minterms, vars: 43r/43c/8nd

Building deterministic Rabin automaton (for G "L0")...
Taking DRA from library...
DRA has 2 states, 1 Rabin pairs.Time for Rabin translation: 0.0 seconds.

Constructing MDP-DRA product...

Reachability (BFS): 132 iterations in 0.44 seconds (average 0.003348, setup 0.00)
States:      42968 (1 initial)
Transitions: 138025
Choices:     130735

Transition matrix: 19902 nodes (4 terminal), 138025 minterms, vars: 44r/44c/8nd
Total time for product construction: 1.043 seconds.

States:      42968 (1 initial)
Transitions: 138025
Choices:     130735

Transition matrix: 19902 nodes (4 terminal), 138025 minterms, vars: 44r/44c/8nd

Finding accepting end components for F time_error=1...
Time for end component identification: 0.253 seconds.

Finding accepting end components for G (error=0)...
Time for end component identification: 0.279 seconds.

Prob0A: 12 iterations in 0.04 seconds (average 0.002917, setup 0.00)

yes = 38966, no = 1353, maybe = 2649

Computing remaining probabilities...
Engine: Sparse
Optimising weighted sum for probability objective 1/2: weights (1.0, 0.0)
Iterative method: 20 iterations in 0.03 seconds (average 0.001450, setup 0.00)
Computed point: (3.075787401574802E-4, 3.075787401574802E-4)
Optimising weighted sum for probability objective 2/2: weights (0.0, 1.0)
Iterative method: 3 iterations in 0.01 seconds (average 0.001667, setup 0.00)
Computed point: (0.0, 1.0)
Optimising weighted sum of objectives: weights (0.9996924212598425, 3.075787401574802E-4)
Iterative method: 20 iterations in 0.03 seconds (average 0.001500, setup 0.00)
The value iteration(s) took 0.134 seconds altogether.
Number of weight vectors used: 1
Multi-objective value iterations took 0.134 s.

Value in the initial state: [(3.075787401574802E-4, 0.9999999999999998)]

Time for model checking: 54.436 seconds.

Result: [(3.075787401574802E-4, 0.9999999999999998)] (value in the initial state)

	Command being timed: "/home/tq429871/prism/prism/bin/prism /home/tq429871/git/multiobjective-ma/slurm/../models/mdp/zeroconf-tb/zeroconf-tb4_14.nm /home/tq429871/git/multiobjective-ma/slurm/../models/mdp/zeroconf-tb/zeroconf-tb4_14_pareto.pctl -paretoepsilon 0.001 -sparse -javamaxmem 20g -gs"
	User time (seconds): 56.45
	System time (seconds): 0.47
	Percent of CPU this job got: 100%
	Elapsed (wall clock) time (h:mm:ss or m:ss): 0:56.60
	Average shared text size (kbytes): 0
	Average unshared data size (kbytes): 0
	Average stack size (kbytes): 0
	Average total size (kbytes): 0
	Maximum resident set size (kbytes): 607040
	Average resident set size (kbytes): 0
	Major (requiring I/O) page faults: 0
	Minor (reclaiming a frame) page faults: 250928
	Voluntary context switches: 3255
	Involuntary context switches: 46
	Swaps: 0
	File system inputs: 0
	File system outputs: 104
	Socket messages sent: 0
	Socket messages received: 0
	Signals delivered: 0
	Page size (bytes): 4096
	Exit status: 0
