Picked up JAVA_TOOL_OPTIONS: -Xmx2048m
PRISM
=====

Version: 4.6
Date: Thu Nov 26 16:08:01 GMT+01:00 2020
Hostname: nihm017.hpc.itc.rwth-aachen.de
Memory limits: cudd=1g, java(heap)=17.8g
Command line: prism /home/tq429871/git/multiobjective-ma/slurm/../models/mdp/team/team3obj_5.nm /home/tq429871/git/multiobjective-ma/slurm/../models/mdp/team/team3obj_5_pareto.pctl -paretoepsilon 0.001 -sparse -javamaxmem 20g -gs

Parsing model file "/home/tq429871/git/multiobjective-ma/slurm/../models/mdp/team/team3obj_5.nm"...

Type:        MDP
Modules:     controller sensor1 sensor2 sensor3 sensor4 sensor5 
Variables:   status t1_r1 t1_r2 t1_r3 t2_r1 t2_r2 t2_r3 turn1 turn2 turn3 turn4 turn5 state1 m1_t1 m1_t2 state2 m2_t1 m2_t2 state3 m3_t1 m3_t2 state4 m4_t1 m4_t2 state5 m5_t1 m5_t2 

Parsing properties file "/home/tq429871/git/multiobjective-ma/slurm/../models/mdp/team/team3obj_5_pareto.pctl"...

1 property:
(1) multi(Pmax=? [ F "task1_compl" ], R{"w_1_total"}max=? [ C ], Pmax=? [ F "task2_compl" ])

---------------------------------------------------------------------

Model checking: multi(Pmax=? [ F "task1_compl" ], R{"w_1_total"}max=? [ C ], Pmax=? [ F "task2_compl" ])

Building model...

Computing reachable states...

Reachability (BFS): 19 iterations in 0.93 seconds (average 0.048895, setup 0.00)

Time for model construction: 3.17 seconds.

Type:        MDP
States:      907993 (1 initial)
Transitions: 1084752
Choices:     1078873

Transition matrix: 361071 nodes (4 terminal), 1084752 minterms, vars: 40r/40c/16nd

Building deterministic Rabin automaton (for F "L0")...
Taking DRA from library...
DRA has 2 states, 1 Rabin pairs.Time for Rabin translation: 0.363 seconds.

Constructing MDP-DRA product...

Reachability (BFS): 19 iterations in 1.07 seconds (average 0.056263, setup 0.00)
States:      907993 (1 initial)
Transitions: 1084752
Choices:     1078873

Transition matrix: 388712 nodes (4 terminal), 1084752 minterms, vars: 41r/41c/16nd

Building deterministic Rabin automaton (for F "L0")...
Taking DRA from library...
DRA has 2 states, 1 Rabin pairs.Time for Rabin translation: 0.001 seconds.

Constructing MDP-DRA product...

Reachability (BFS): 19 iterations in 1.00 seconds (average 0.052684, setup 0.00)
States:      907993 (1 initial)
Transitions: 1084752
Choices:     1078873

Transition matrix: 449699 nodes (4 terminal), 1084752 minterms, vars: 42r/42c/16nd
Total time for product construction: 9.9 seconds.

States:      907993 (1 initial)
Transitions: 1084752
Choices:     1078873

Transition matrix: 449699 nodes (4 terminal), 1084752 minterms, vars: 42r/42c/16nd

Finding accepting end components for F "task1_compl"...
Time for end component identification: 1.186 seconds.

Finding accepting end components for F "task2_compl"...
Time for end component identification: 0.859 seconds.

Prob0A: 15 iterations in 1.56 seconds (average 0.104000, setup 0.00)

yes = 90960, no = 0, maybe = 817033

Computing remaining probabilities...
Engine: Sparse

Error: Pareto curve generation is currently only supported for 2 objectives.

	Command being timed: "/home/tq429871/prism/prism/bin/prism /home/tq429871/git/multiobjective-ma/slurm/../models/mdp/team/team3obj_5.nm /home/tq429871/git/multiobjective-ma/slurm/../models/mdp/team/team3obj_5_pareto.pctl -paretoepsilon 0.001 -sparse -javamaxmem 20g -gs"
	User time (seconds): 4354.10
	System time (seconds): 6.73
	Percent of CPU this job got: 99%
	Elapsed (wall clock) time (h:mm:ss or m:ss): 1:12:46
	Average shared text size (kbytes): 0
	Average unshared data size (kbytes): 0
	Average stack size (kbytes): 0
	Average total size (kbytes): 0
	Maximum resident set size (kbytes): 1407104
	Average resident set size (kbytes): 0
	Major (requiring I/O) page faults: 0
	Minor (reclaiming a frame) page faults: 6217850
	Voluntary context switches: 97049
	Involuntary context switches: 2955
	Swaps: 0
	File system inputs: 0
	File system outputs: 2688
	Socket messages sent: 0
	Socket messages received: 0
	Signals delivered: 0
	Page size (bytes): 4096
	Exit status: 0
