Picked up JAVA_TOOL_OPTIONS: -Xmx2048m
PRISM
=====

Version: 4.6
Date: Thu Nov 26 18:14:42 GMT+01:00 2020
Hostname: nihm017.hpc.itc.rwth-aachen.de
Memory limits: cudd=1g, java(heap)=17.8g
Command line: prism /home/tq429871/git/multiobjective-ma/slurm/../models/mdp/dpm/dpm200.nm /home/tq429871/git/multiobjective-ma/slurm/../models/mdp/dpm/dpm200_pareto.pctl -paretoepsilon 0.001 -sparse -javamaxmem 20g -gs

Parsing model file "/home/tq429871/git/multiobjective-ma/slurm/../models/mdp/dpm/dpm200.nm"...

Type:        MDP
Modules:     timer PM SR SP SQ 
Variables:   c pm sr sp q 

Parsing properties file "/home/tq429871/git/multiobjective-ma/slurm/../models/mdp/dpm/dpm200_pareto.pctl"...

1 property:
(1) multi(R{"power"}min=? [ C<=200 ], R{"queue"}min=? [ C<=200 ])

---------------------------------------------------------------------

Model checking: multi(R{"power"}min=? [ C<=200 ], R{"queue"}min=? [ C<=200 ])

Building model...

Computing reachable states...

Reachability (BFS): 13 iterations in 0.00 seconds (average 0.000000, setup 0.00)

Time for model construction: 0.024 seconds.

Type:        MDP
States:      636 (1 initial)
Transitions: 2550
Choices:     1860

Transition matrix: 772 nodes (30 terminal), 2550 minterms, vars: 11r/11c/5nd
Total time for product construction: 0.0 seconds.

States:      636 (1 initial)
Transitions: 2550
Choices:     1860

Transition matrix: 772 nodes (30 terminal), 2550 minterms, vars: 11r/11c/5nd

Prob0A: 1 iterations in 0.00 seconds (average 0.000000, setup 0.00)

yes = 0, no = 0, maybe = 636

Computing remaining probabilities...
Engine: Sparse
Not using Gauss-Seidel since there are step-bounded objectives
Optimising weighted sum for reward objective 1/2: weights (1.0, 0.0)
Iterative method: 202 iterations in 0.01 seconds (average 0.000054, setup 0.00)
Optimal value for weights [1.000000,0.000000] from initial state: -10.000000
Computed point: (-10.000000000000032, -172.94309092229724)
Optimising weighted sum for reward objective 2/2: weights (0.0, 1.0)
Iterative method: 202 iterations in 0.01 seconds (average 0.000054, setup 0.00)
Optimal value for weights [0.000000,1.000000] from initial state: -158.305911
Computed point: (-247.4478595142641, -158.30591076118648)
Optimising weighted sum of objectives: weights (0.058064453884133484, 0.9419355461158665)
Iterative method: 202 iterations in 0.01 seconds (average 0.000054, setup 0.00)
Optimal value for weights [0.058064,0.941936] from initial state: -163.465450
Optimising weighted sum of objectives: weights (0.05798386611978725, 0.9420161338802128)
Iterative method: 202 iterations in 0.01 seconds (average 0.000054, setup 0.00)
Optimal value for weights [0.057984,0.942016] from initial state: -163.474706
Optimising weighted sum of objectives: weights (0.05840626840484058, 0.9415937315951595)
Iterative method: 202 iterations in 0.01 seconds (average 0.000050, setup 0.00)
Optimal value for weights [0.058406,0.941594] from initial state: -163.419392
Optimising weighted sum of objectives: weights (0.058105668940699795, 0.9418943310593003)
Iterative method: 202 iterations in 0.01 seconds (average 0.000054, setup 0.00)
Optimal value for weights [0.058106,0.941894] from initial state: -163.460717
Optimising weighted sum of objectives: weights (0.05867329113065439, 0.9413267088693457)
Iterative method: 202 iterations in 0.01 seconds (average 0.000054, setup 0.00)
Optimal value for weights [0.058673,0.941327] from initial state: -163.382684
The value iteration(s) took 0.082 seconds altogether.
Number of weight vectors used: 7
Multi-objective value iterations took 0.082 s.

Value in the initial state: [(55.28490700040345, 170.13410617207697), (247.4478595142641, 158.30591076118648), (33.97502893965237, 171.44871724779298), (10.000000000000032, 172.94309092229724)]

Time for model checking: 0.094 seconds.

Result: [(55.28490700040345, 170.13410617207697), (247.4478595142641, 158.30591076118648), (33.97502893965237, 171.44871724779298), (10.000000000000032, 172.94309092229724)] (value in the initial state)

	Command being timed: "/home/tq429871/prism/prism/bin/prism /home/tq429871/git/multiobjective-ma/slurm/../models/mdp/dpm/dpm200.nm /home/tq429871/git/multiobjective-ma/slurm/../models/mdp/dpm/dpm200_pareto.pctl -paretoepsilon 0.001 -sparse -javamaxmem 20g -gs"
	User time (seconds): 0.55
	System time (seconds): 0.06
	Percent of CPU this job got: 50%
	Elapsed (wall clock) time (h:mm:ss or m:ss): 0:01.23
	Average shared text size (kbytes): 0
	Average unshared data size (kbytes): 0
	Average stack size (kbytes): 0
	Average total size (kbytes): 0
	Maximum resident set size (kbytes): 78488
	Average resident set size (kbytes): 0
	Major (requiring I/O) page faults: 0
	Minor (reclaiming a frame) page faults: 14300
	Voluntary context switches: 1699
	Involuntary context switches: 4
	Swaps: 0
	File system inputs: 0
	File system outputs: 64
	Socket messages sent: 0
	Socket messages received: 0
	Signals delivered: 0
	Page size (bytes): 4096
	Exit status: 0
