Picked up JAVA_TOOL_OPTIONS: -Xmx2048m
PRISM
=====

Version: 4.6
Date: Thu Nov 26 10:58:49 GMT+01:00 2020
Hostname: nihm017.hpc.itc.rwth-aachen.de
Memory limits: cudd=1g, java(heap)=17.8g
Command line: prism /home/tq429871/git/multiobjective-ma/slurm/../models/mdp/consensus/consensus3_4_2.nm /home/tq429871/git/multiobjective-ma/slurm/../models/mdp/consensus/consensus3_4_2_pareto.pctl -paretoepsilon 0.001 -sparse -javamaxmem 20g

Parsing model file "/home/tq429871/git/multiobjective-ma/slurm/../models/mdp/consensus/consensus3_4_2.nm"...

Type:        MDP
Modules:     process1 process2 process3 coin1_error coin2_error 
Variables:   s1 r1 p1 s2 r2 p2 s3 r3 p3 c1 v1 c2 v2 

Parsing properties file "/home/tq429871/git/multiobjective-ma/slurm/../models/mdp/consensus/consensus3_4_2_pareto.pctl"...

1 property:
(1) multi(Pmax=? [ F "one_proc_err" ], Pmax=? [ G "one_coin_ok" ])

---------------------------------------------------------------------

Model checking: multi(Pmax=? [ F "one_proc_err" ], Pmax=? [ G "one_coin_ok" ])

Building model...

Computing reachable states...

Reachability (BFS): 40 iterations in 0.22 seconds (average 0.005500, setup 0.00)

Time for model construction: 0.327 seconds.

Type:        MDP
States:      61017 (1 initial)
Transitions: 164012
Choices:     164012

Transition matrix: 25874 nodes (2 terminal), 164012 minterms, vars: 30r/30c/31nd

Building deterministic Rabin automaton (for F "L0")...
Taking DRA from library...
DRA has 2 states, 1 Rabin pairs.Time for Rabin translation: 0.015 seconds.

Constructing MDP-DRA product...

Reachability (BFS): 40 iterations in 0.24 seconds (average 0.005900, setup 0.00)
States:      61017 (1 initial)
Transitions: 164012
Choices:     164012

Transition matrix: 29567 nodes (2 terminal), 164012 minterms, vars: 31r/31c/31nd

Building deterministic Rabin automaton (for G "L0")...
Taking DRA from library...
DRA has 2 states, 1 Rabin pairs.Time for Rabin translation: 0.001 seconds.

Constructing MDP-DRA product...

Reachability (BFS): 40 iterations in 0.27 seconds (average 0.006725, setup 0.00)
States:      61017 (1 initial)
Transitions: 164012
Choices:     164012

Transition matrix: 31366 nodes (2 terminal), 164012 minterms, vars: 32r/32c/31nd
Total time for product construction: 0.75 seconds.

States:      61017 (1 initial)
Transitions: 164012
Choices:     164012

Transition matrix: 31366 nodes (2 terminal), 164012 minterms, vars: 32r/32c/31nd

Finding accepting end components for F "one_proc_err"...
Time for end component identification: 0.004 seconds.

Finding accepting end components for G "one_coin_ok"...
Time for end component identification: 0.002 seconds.

Prob0A: 20 iterations in 0.20 seconds (average 0.009800, setup 0.00)

yes = 492, no = 10320, maybe = 50205

Computing remaining probabilities...
Engine: Sparse
Optimising weighted sum for probability objective 1/2: weights (1.0, 0.0)
Iterative method: 31 iterations in 0.11 seconds (average 0.003419, setup 0.00)
Optimal value for weights [1.000000,0.000000] from initial state: 1.000000
Computed point: (1.0, 0.0)
Optimising weighted sum for probability objective 2/2: weights (0.0, 1.0)
Iterative method: 14 iterations in 0.05 seconds (average 0.003214, setup 0.00)
Optimal value for weights [0.000000,1.000000] from initial state: 1.000000
Computed point: (0.0, 1.0)
Optimising weighted sum of objectives: weights (0.5, 0.5)
Iterative method: 21 iterations in 0.07 seconds (average 0.003286, setup 0.00)
Optimal value for weights [0.500000,0.500000] from initial state: 0.500000
The value iteration(s) took 0.348 seconds altogether.
Number of weight vectors used: 1
Multi-objective value iterations took 0.348 s.

Value in the initial state: [(1.0, 0.0), (0.0, 1.0)]

Time for model checking: 2.127 seconds.

Result: [(1.0, 0.0), (0.0, 1.0)] (value in the initial state)

	Command being timed: "/home/tq429871/prism/prism/bin/prism /home/tq429871/git/multiobjective-ma/slurm/../models/mdp/consensus/consensus3_4_2.nm /home/tq429871/git/multiobjective-ma/slurm/../models/mdp/consensus/consensus3_4_2_pareto.pctl -paretoepsilon 0.001 -sparse -javamaxmem 20g"
	User time (seconds): 2.98
	System time (seconds): 0.10
	Percent of CPU this job got: 107%
	Elapsed (wall clock) time (h:mm:ss or m:ss): 0:02.87
	Average shared text size (kbytes): 0
	Average unshared data size (kbytes): 0
	Average stack size (kbytes): 0
	Average total size (kbytes): 0
	Maximum resident set size (kbytes): 139968
	Average resident set size (kbytes): 0
	Major (requiring I/O) page faults: 0
	Minor (reclaiming a frame) page faults: 38962
	Voluntary context switches: 2125
	Involuntary context switches: 35
	Swaps: 0
	File system inputs: 0
	File system outputs: 112
	Socket messages sent: 0
	Socket messages received: 0
	Signals delivered: 0
	Page size (bytes): 4096
	Exit status: 0
