Picked up JAVA_TOOL_OPTIONS: -Xmx2048m
PRISM
=====

Version: 4.6
Date: Thu Nov 26 14:10:58 GMT+01:00 2020
Hostname: nihm017.hpc.itc.rwth-aachen.de
Memory limits: cudd=1g, java(heap)=17.8g
Command line: prism /home/tq429871/git/multiobjective-ma/slurm/../models/mdp/scheduler/scheduler50.nm /home/tq429871/git/multiobjective-ma/slurm/../models/mdp/scheduler/scheduler50_pareto.pctl -paretoepsilon 0.001 -sparse -javamaxmem 20g

Parsing model file "/home/tq429871/git/multiobjective-ma/slurm/../models/mdp/scheduler/scheduler50.nm"...

Type:        MDP
Modules:     scheduler P1 P2 
Variables:   task1 task2 task3 task4 task5 task6 p1 c1 x1 p2 c2 x2 

Parsing properties file "/home/tq429871/git/multiobjective-ma/slurm/../models/mdp/scheduler/scheduler50_pareto.pctl"...

1 property:
(1) multi(R{"energy"}min=? [ C ], R{"time"}min=? [ C ])

---------------------------------------------------------------------

Model checking: multi(R{"energy"}min=? [ C ], R{"time"}min=? [ C ])

Building model...

Computing reachable states...

Reachability (BFS): 819 iterations in 22.94 seconds (average 0.028007, setup 0.00)

Time for model construction: 23.236 seconds.

Type:        MDP
States:      2457510 (1 initial)
Transitions: 4564394
Choices:     4542575

Transition matrix: 45541 nodes (5 terminal), 4564394 minterms, vars: 37r/37c/10nd
Total time for product construction: 0.0 seconds.

States:      2457510 (1 initial)
Transitions: 4564394
Choices:     4542575

Transition matrix: 45541 nodes (5 terminal), 4564394 minterms, vars: 37r/37c/10nd

Prob0A: 1 iterations in 0.01 seconds (average 0.010000, setup 0.00)

yes = 0, no = 0, maybe = 2457510

Computing remaining probabilities...
Engine: Sparse
Optimising weighted sum for reward objective 1/2: weights (1.0, 0.0)
Iterative method: 10000 iterations in 1341.15 seconds (average 0.134112, setup 0.03)
Ignoring the last multi-objective computation since it did not complete successfully
Optimising weighted sum for reward objective 1/2: weights (0.9999000099990001, 9.999000099990002E-5)
Iterative method: 10000 iterations in 1340.94 seconds (average 0.134091, setup 0.03)

Error: Iterative method did not converge within 10000 iterations.
Consider using a different numerical method or increasing the maximum number of iterations.

	Command being timed: "/home/tq429871/prism/prism/bin/prism /home/tq429871/git/multiobjective-ma/slurm/../models/mdp/scheduler/scheduler50.nm /home/tq429871/git/multiobjective-ma/slurm/../models/mdp/scheduler/scheduler50_pareto.pctl -paretoepsilon 0.001 -sparse -javamaxmem 20g"
	User time (seconds): 2721.56
	System time (seconds): 1.22
	Percent of CPU this job got: 99%
	Elapsed (wall clock) time (h:mm:ss or m:ss): 45:26.90
	Average shared text size (kbytes): 0
	Average unshared data size (kbytes): 0
	Average stack size (kbytes): 0
	Average total size (kbytes): 0
	Maximum resident set size (kbytes): 477420
	Average resident set size (kbytes): 0
	Major (requiring I/O) page faults: 0
	Minor (reclaiming a frame) page faults: 212652
	Voluntary context switches: 60930
	Involuntary context switches: 1474
	Swaps: 0
	File system inputs: 0
	File system outputs: 1560
	Socket messages sent: 0
	Socket messages received: 0
	Signals delivered: 0
	Page size (bytes): 4096
	Exit status: 0
