Picked up JAVA_TOOL_OPTIONS: -Xmx2048m
PRISM
=====

Version: 4.6
Date: Thu Nov 26 10:58:52 GMT+01:00 2020
Hostname: nihm017.hpc.itc.rwth-aachen.de
Memory limits: cudd=1g, java(heap)=17.8g
Command line: prism /home/tq429871/git/multiobjective-ma/slurm/../models/mdp/consensus/consensus3_5_2.nm /home/tq429871/git/multiobjective-ma/slurm/../models/mdp/consensus/consensus3_5_2_pareto.pctl -paretoepsilon 0.001 -sparse -javamaxmem 20g

Parsing model file "/home/tq429871/git/multiobjective-ma/slurm/../models/mdp/consensus/consensus3_5_2.nm"...

Type:        MDP
Modules:     process1 process2 process3 coin1_error coin2_error coin3_error 
Variables:   s1 r1 p1 s2 r2 p2 s3 r3 p3 c1 v1 c2 v2 c3 v3 

Parsing properties file "/home/tq429871/git/multiobjective-ma/slurm/../models/mdp/consensus/consensus3_5_2_pareto.pctl"...

1 property:
(1) multi(Pmax=? [ F "one_proc_err" ], Pmax=? [ G "one_coin_ok" ])

---------------------------------------------------------------------

Model checking: multi(Pmax=? [ F "one_proc_err" ], Pmax=? [ G "one_coin_ok" ])

Building model...

Computing reachable states...

Reachability (BFS): 50 iterations in 0.34 seconds (average 0.006880, setup 0.00)

Time for model construction: 0.514 seconds.

Type:        MDP
States:      181129 (1 initial)
Transitions: 487456
Choices:     487456

Transition matrix: 39636 nodes (2 terminal), 487456 minterms, vars: 33r/33c/40nd

Building deterministic Rabin automaton (for F "L0")...
Taking DRA from library...
DRA has 2 states, 1 Rabin pairs.Time for Rabin translation: 0.02 seconds.

Constructing MDP-DRA product...

Reachability (BFS): 50 iterations in 0.45 seconds (average 0.009060, setup 0.00)
States:      181129 (1 initial)
Transitions: 487456
Choices:     487456

Transition matrix: 43778 nodes (2 terminal), 487456 minterms, vars: 34r/34c/40nd

Building deterministic Rabin automaton (for G "L0")...
Taking DRA from library...
DRA has 2 states, 1 Rabin pairs.Time for Rabin translation: 0.0 seconds.

Constructing MDP-DRA product...

Reachability (BFS): 50 iterations in 0.43 seconds (average 0.008700, setup 0.00)
States:      181129 (1 initial)
Transitions: 487456
Choices:     487456

Transition matrix: 46178 nodes (2 terminal), 487456 minterms, vars: 35r/35c/40nd
Total time for product construction: 1.331 seconds.

States:      181129 (1 initial)
Transitions: 487456
Choices:     487456

Transition matrix: 46178 nodes (2 terminal), 487456 minterms, vars: 35r/35c/40nd

Finding accepting end components for F "one_proc_err"...
Time for end component identification: 0.015 seconds.

Finding accepting end components for G "one_coin_ok"...
Time for end component identification: 0.009 seconds.

Prob0A: 24 iterations in 0.33 seconds (average 0.013792, setup 0.00)

yes = 1416, no = 29808, maybe = 149905

Computing remaining probabilities...
Engine: Sparse
Optimising weighted sum for probability objective 1/2: weights (1.0, 0.0)
Iterative method: 39 iterations in 0.38 seconds (average 0.009769, setup 0.00)
Optimal value for weights [1.000000,0.000000] from initial state: 1.000000
Computed point: (1.0, 0.0)
Optimising weighted sum for probability objective 2/2: weights (0.0, 1.0)
Iterative method: 14 iterations in 0.14 seconds (average 0.009714, setup 0.00)
Optimal value for weights [0.000000,1.000000] from initial state: 1.000000
Computed point: (0.0, 1.0)
Optimising weighted sum of objectives: weights (0.5, 0.5)
Iterative method: 25 iterations in 0.25 seconds (average 0.009800, setup 0.00)
Optimal value for weights [0.500000,0.500000] from initial state: 0.500000
The value iteration(s) took 1.078 seconds altogether.
Number of weight vectors used: 1
Multi-objective value iterations took 1.079 s.

Value in the initial state: [(1.0, 0.0), (0.0, 1.0)]

Time for model checking: 4.842 seconds.

Result: [(1.0, 0.0), (0.0, 1.0)] (value in the initial state)

	Command being timed: "/home/tq429871/prism/prism/bin/prism /home/tq429871/git/multiobjective-ma/slurm/../models/mdp/consensus/consensus3_5_2.nm /home/tq429871/git/multiobjective-ma/slurm/../models/mdp/consensus/consensus3_5_2_pareto.pctl -paretoepsilon 0.001 -sparse -javamaxmem 20g"
	User time (seconds): 5.90
	System time (seconds): 0.12
	Percent of CPU this job got: 103%
	Elapsed (wall clock) time (h:mm:ss or m:ss): 0:05.80
	Average shared text size (kbytes): 0
	Average unshared data size (kbytes): 0
	Average stack size (kbytes): 0
	Average total size (kbytes): 0
	Maximum resident set size (kbytes): 185904
	Average resident set size (kbytes): 0
	Major (requiring I/O) page faults: 0
	Minor (reclaiming a frame) page faults: 49852
	Voluntary context switches: 2345
	Involuntary context switches: 58
	Swaps: 0
	File system inputs: 0
	File system outputs: 112
	Socket messages sent: 0
	Socket messages received: 0
	Signals delivered: 0
	Page size (bytes): 4096
	Exit status: 0
