Picked up JAVA_TOOL_OPTIONS: -Xmx2048m
PRISM
=====

Version: 4.6
Date: Thu Nov 26 14:56:46 GMT+01:00 2020
Hostname: nihm017.hpc.itc.rwth-aachen.de
Memory limits: cudd=1g, java(heap)=17.8g
Command line: prism /home/tq429871/git/multiobjective-ma/slurm/../models/mdp/zeroconf/zeroconf6.nm /home/tq429871/git/multiobjective-ma/slurm/../models/mdp/zeroconf/zeroconf6_pareto.pctl -paretoepsilon 0.001 -sparse -javamaxmem 20g -gs

Parsing model file "/home/tq429871/git/multiobjective-ma/slurm/../models/mdp/zeroconf/zeroconf6.nm"...

Type:        MDP
Modules:     host0 env_error6 
Variables:   x y coll probes mess defend ip l env k c1 c2 c3 c4 c5 c6 error 

Parsing properties file "/home/tq429871/git/multiobjective-ma/slurm/../models/mdp/zeroconf/zeroconf6_pareto.pctl"...

1 property:
(1) multi(Pmax=? [ F l=4&ip=1 ], Pmax=? [ G (error=0) ])

---------------------------------------------------------------------

Model checking: multi(Pmax=? [ F l=4&ip=1 ], Pmax=? [ G (error=0) ])

Building model...

Computing reachable states...

Reachability (BFS): 128 iterations in 0.09 seconds (average 0.000711, setup 0.00)

Time for model construction: 0.149 seconds.

Type:        MDP
States:      10543 (1 initial)
Transitions: 32003
Choices:     31008

Transition matrix: 3238 nodes (4 terminal), 32003 minterms, vars: 40r/40c/7nd

Building deterministic Rabin automaton (for F "L0")...
Taking DRA from library...
DRA has 2 states, 1 Rabin pairs.Time for Rabin translation: 0.015 seconds.

Constructing MDP-DRA product...

Reachability (BFS): 128 iterations in 0.06 seconds (average 0.000500, setup 0.00)
States:      10543 (1 initial)
Transitions: 32003
Choices:     31008

Transition matrix: 3325 nodes (4 terminal), 32003 minterms, vars: 41r/41c/7nd

Building deterministic Rabin automaton (for G "L0")...
Taking DRA from library...
DRA has 2 states, 1 Rabin pairs.Time for Rabin translation: 0.0 seconds.

Constructing MDP-DRA product...

Reachability (BFS): 128 iterations in 0.09 seconds (average 0.000727, setup 0.00)
States:      10543 (1 initial)
Transitions: 32003
Choices:     31008

Transition matrix: 4445 nodes (4 terminal), 32003 minterms, vars: 42r/42c/7nd
Total time for product construction: 0.193 seconds.

States:      10543 (1 initial)
Transitions: 32003
Choices:     31008

Transition matrix: 4445 nodes (4 terminal), 32003 minterms, vars: 42r/42c/7nd

Finding accepting end components for F l=4&ip=1...
Time for end component identification: 0.054 seconds.

Finding accepting end components for G (error=0)...
Time for end component identification: 0.062 seconds.

Prob0A: 88 iterations in 0.03 seconds (average 0.000307, setup 0.00)

yes = 9673, no = 238, maybe = 632

Computing remaining probabilities...
Engine: Sparse
Optimising weighted sum for probability objective 1/2: weights (1.0, 0.0)
Iterative method: 82 iterations in 0.03 seconds (average 0.000305, setup 0.00)
Computed point: (3.075787401574803E-4, 0.0)
Optimising weighted sum for probability objective 2/2: weights (0.0, 1.0)
Iterative method: 3 iterations in 0.00 seconds (average 0.000667, setup 0.00)
Computed point: (0.0, 1.0)
Optimising weighted sum of objectives: weights (0.9996925158354345, 3.074841645655249E-4)
Iterative method: 82 iterations in 0.03 seconds (average 0.000341, setup 0.00)
The value iteration(s) took 0.082 seconds altogether.
Number of weight vectors used: 1
Multi-objective value iterations took 0.082 s.

Value in the initial state: [(3.075787401574803E-4, 0.9996924212598424), (0.0, 1.0)]

Time for model checking: 5.99 seconds.

Result: [(3.075787401574803E-4, 0.9996924212598424), (0.0, 1.0)] (value in the initial state)

	Command being timed: "/home/tq429871/prism/prism/bin/prism /home/tq429871/git/multiobjective-ma/slurm/../models/mdp/zeroconf/zeroconf6.nm /home/tq429871/git/multiobjective-ma/slurm/../models/mdp/zeroconf/zeroconf6_pareto.pctl -paretoepsilon 0.001 -sparse -javamaxmem 20g -gs"
	User time (seconds): 7.67
	System time (seconds): 0.13
	Percent of CPU this job got: 118%
	Elapsed (wall clock) time (h:mm:ss or m:ss): 0:06.58
	Average shared text size (kbytes): 0
	Average unshared data size (kbytes): 0
	Average stack size (kbytes): 0
	Average total size (kbytes): 0
	Maximum resident set size (kbytes): 207752
	Average resident set size (kbytes): 0
	Major (requiring I/O) page faults: 0
	Minor (reclaiming a frame) page faults: 47780
	Voluntary context switches: 2223
	Involuntary context switches: 22
	Swaps: 0
	File system inputs: 0
	File system outputs: 64
	Socket messages sent: 0
	Socket messages received: 0
	Signals delivered: 0
	Page size (bytes): 4096
	Exit status: 0
