Picked up JAVA_TOOL_OPTIONS: -Xmx2048m
PRISM
=====

Version: 4.6
Date: Thu Nov 26 11:06:44 GMT+01:00 2020
Hostname: nihm017.hpc.itc.rwth-aachen.de
Memory limits: cudd=1g, java(heap)=17.8g
Command line: prism /home/tq429871/git/multiobjective-ma/slurm/../models/mdp/team/team2obj_5.nm /home/tq429871/git/multiobjective-ma/slurm/../models/mdp/team/team2obj_5_pareto.pctl -paretoepsilon 0.001 -sparse -javamaxmem 20g

Parsing model file "/home/tq429871/git/multiobjective-ma/slurm/../models/mdp/team/team2obj_5.nm"...

Type:        MDP
Modules:     controller sensor1 sensor2 sensor3 sensor4 sensor5 
Variables:   status t1_r1 t1_r2 t1_r3 t2_r1 t2_r2 t2_r3 turn1 turn2 turn3 turn4 turn5 state1 m1_t1 m1_t2 state2 m2_t1 m2_t2 state3 m3_t1 m3_t2 state4 m4_t1 m4_t2 state5 m5_t1 m5_t2 

Parsing properties file "/home/tq429871/git/multiobjective-ma/slurm/../models/mdp/team/team2obj_5_pareto.pctl"...

1 property:
(1) multi(Pmax=? [ F "task1_compl" ], R{"w_1_total"}max=? [ C ])

---------------------------------------------------------------------

Model checking: multi(Pmax=? [ F "task1_compl" ], R{"w_1_total"}max=? [ C ])

Building model...

Computing reachable states...

Reachability (BFS): 19 iterations in 1.30 seconds (average 0.068263, setup 0.00)

Time for model construction: 3.908 seconds.

Type:        MDP
States:      907993 (1 initial)
Transitions: 1084752
Choices:     1078873

Transition matrix: 361071 nodes (4 terminal), 1084752 minterms, vars: 40r/40c/16nd

Building deterministic Rabin automaton (for F "L0")...
Taking DRA from library...
DRA has 2 states, 1 Rabin pairs.Time for Rabin translation: 0.04 seconds.

Constructing MDP-DRA product...

Reachability (BFS): 19 iterations in 1.26 seconds (average 0.066474, setup 0.00)
States:      907993 (1 initial)
Transitions: 1084752
Choices:     1078873

Transition matrix: 388712 nodes (4 terminal), 1084752 minterms, vars: 41r/41c/16nd
Total time for product construction: 5.375 seconds.

States:      907993 (1 initial)
Transitions: 1084752
Choices:     1078873

Transition matrix: 388712 nodes (4 terminal), 1084752 minterms, vars: 41r/41c/16nd

Finding accepting end components for F "task1_compl"...
Time for end component identification: 1.26 seconds.

Prob0A: 15 iterations in 1.13 seconds (average 0.075467, setup 0.00)

yes = 52200, no = 0, maybe = 855793

Computing remaining probabilities...
Engine: Sparse
Optimising weighted sum for probability objective 1/1: weights (1.0, 0.0)
Iterative method: 20 iterations in 0.81 seconds (average 0.039600, setup 0.01)
Optimal value for weights [1.000000,0.000000] from initial state: 1.000000
Computed point: (0.999999999999999, 2.775510204081631)
Optimising weighted sum for reward objective 1/1: weights (0.0, 1.0)
Iterative method: 20 iterations in 0.78 seconds (average 0.038550, setup 0.01)
Optimal value for weights [0.000000,1.000000] from initial state: 2.897959
Computed point: (0.0, 2.8979591836734775)
Optimising weighted sum of objectives: weights (0.10909090909091712, 0.8909090909090829)
Iterative method: 20 iterations in 0.79 seconds (average 0.038900, setup 0.01)
Optimal value for weights [0.109091,0.890909] from initial state: 2.679777
Optimising weighted sum of objectives: weights (0.0, 1.0)
Iterative method: 20 iterations in 0.77 seconds (average 0.037950, setup 0.01)
Optimal value for weights [0.000000,1.000000] from initial state: 2.897959
Optimising weighted sum of objectives: weights (0.5454545454545747, 0.45454545454542533)
Iterative method: 20 iterations in 0.80 seconds (average 0.039400, setup 0.01)
Optimal value for weights [0.545455,0.454545] from initial state: 1.814471
Optimising weighted sum of objectives: weights (0.5000000000000279, 0.49999999999997213)
Iterative method: 20 iterations in 0.81 seconds (average 0.039700, setup 0.01)
Optimal value for weights [0.500000,0.500000] from initial state: 1.897959
Optimising weighted sum of objectives: weights (0.666666666666692, 0.33333333333330795)
Iterative method: 20 iterations in 0.79 seconds (average 0.038500, setup 0.02)
Optimal value for weights [0.666667,0.333333] from initial state: 1.591837
The value iteration(s) took 7.15 seconds altogether.
Number of weight vectors used: 6
Multi-objective value iterations took 7.15 s.

Value in the initial state: [(0.8979591836734722, 2.8979591836734775), (0.979591836734693, 2.8163265306122476), (0.999999999999999, 2.775510204081631)]

Time for model checking: 4108.667 seconds.

Result: [(0.8979591836734722, 2.8979591836734775), (0.979591836734693, 2.8163265306122476), (0.999999999999999, 2.775510204081631)] (value in the initial state)

	Command being timed: "/home/tq429871/prism/prism/bin/prism /home/tq429871/git/multiobjective-ma/slurm/../models/mdp/team/team2obj_5.nm /home/tq429871/git/multiobjective-ma/slurm/../models/mdp/team/team2obj_5_pareto.pctl -paretoepsilon 0.001 -sparse -javamaxmem 20g"
	User time (seconds): 4104.93
	System time (seconds): 4.16
	Percent of CPU this job got: 99%
	Elapsed (wall clock) time (h:mm:ss or m:ss): 1:08:33
	Average shared text size (kbytes): 0
	Average unshared data size (kbytes): 0
	Average stack size (kbytes): 0
	Average total size (kbytes): 0
	Maximum resident set size (kbytes): 1405700
	Average resident set size (kbytes): 0
	Major (requiring I/O) page faults: 0
	Minor (reclaiming a frame) page faults: 2054696
	Voluntary context switches: 92061
	Involuntary context switches: 2587
	Swaps: 0
	File system inputs: 0
	File system outputs: 5072
	Socket messages sent: 0
	Socket messages received: 0
	Signals delivered: 0
	Page size (bytes): 4096
	Exit status: 0
