Storm 1.6.3

Date: Thu Nov 26 10:57:06 2020
Command line arguments: --prism /home/tq429871/git/multiobjective-ma/slurm/../models/mdp/team/team3obj_5.nm --prop /home/tq429871/git/multiobjective-ma/slurm/../models/mdp/team/team3obj_5_pareto.pctl '--multiobjective:precision' 0.001 -tm -stats
Current working directory: /rwthfs/rz/cluster/home/tq429871/git/multiobjective-ma/slurm

Time for model input parsing: 0.067s.

Time for model construction: 6.431s.

-------------------------------------------------------------- 
Model type: 	MDP (sparse)
States: 	907993
Transitions: 	1084752
Choices: 	1078873
Reward Models:  w_1_total
State Labels: 	4 labels
   * deadlock -> 0 item(s)
   * init -> 1 item(s)
   * task2_compl -> 52200 item(s)
   * task1_compl -> 52200 item(s)
Choice Labels: 	none
-------------------------------------------------------------- 

Model checking property "1": multi(Pmax=? [F "task1_compl"], R[exp]{"w_1_total"}max=? [C], Pmax=? [F "task2_compl"]) ...
Preprocessing done in 1.756s seconds.
 Result: 
---------------------------------------------------------------------------------------------------------------------------------------
                                                       Multi-objective Query                                              
---------------------------------------------------------------------------------------------------------------------------------------

Original Formula: 
--------------------------------------------------------------
	multi(Pmax=? [F "task1_compl"], R[exp]{"w_1_total"}max=? [C], Pmax=? [F "task2_compl"])

The query considers 3 objectives:
--------------------------------------------------------------
Original: Pmax=? [F "task1_compl"] 	Preprocessed: R[exp]{"obj1"}max=? [C] 	result bounds: [0, 1]
Original: R[exp]{"w_1_total"}max=? [C] 	Preprocessed: R[exp]{"w_1_total"}max=? [C] 	result bounds: >=0
Original: Pmax=? [F "task2_compl"] 	Preprocessed: R[exp]{"obj3"}max=? [C] 	result bounds: [0, 1]
Number of Long-Run-Average Reward Objectives (after preprocessing): 0.
Number of Total Reward Objectives (after preprocessing): 3.
--------------------------------------------------------------

Original Model Information:
-------------------------------------------------------------- 
Model type: 	MDP (sparse)
States: 	907993
Transitions: 	1084752
Choices: 	1078873
Reward Models:  w_1_total
State Labels: 	4 labels
   * deadlock -> 0 item(s)
   * init -> 1 item(s)
   * task2_compl -> 52200 item(s)
   * task1_compl -> 52200 item(s)
Choice Labels: 	none
-------------------------------------------------------------- 

Preprocessed Model Information:
-------------------------------------------------------------- 
Model type: 	MDP (sparse)
States: 	666337
Transitions: 	810776
Choices: 	804897
Reward Models:  obj3, obj1, w_1_total
State Labels: 	5 labels
   * deadl -> 144440 item(s)
   * deadlock -> 0 item(s)
   * task1_compl -> 52200 item(s)
   * task2_compl -> 52200 item(s)
   * init -> 1 item(s)
Choice Labels: 	none
-------------------------------------------------------------- 

---------------------------------------------------------------------------------------------------------------------------------------

Weight Vector Checker Statistics:
Final preprocessed model has 521898 states.
Final preprocessed model has 660458 actions.

Pareto Curve Approximation Algorithm terminated after 12 refinement steps.
Solving multi-objective query took 22.401s seconds (consisting of 1.756s seconds for preprocessing and 20.638s seconds for analyzing the preprocessed model).
Result (for initial states): 
Underapproximation of achievable values: Polytope with 12 Halfspaces:
   (         1,          1,          0) * x <= 3.79592
   (         1,          0,          1) * x <= 1.67347
   (         1, 1.37362e-13,          1) * x <= 1.67347
   (         1,          0,          0) * x <= 1
   (         1,          0,          1) * x <= 1.67347
   (         0,          1,          1) * x <= 3.79592
   (         1, 1.37362e-13,          1) * x <= 1.67347
   (         0,          1,          0) * x <= 2.89796
   (         1,        0.5,          0) * x <= 2.38776
   (         1,          0,          1) * x <= 1.67347
   (         0,        0.5,          1) * x <= 2.38776
   (         0,          0,          1) * x <= 1

Overapproximation of achievable values: Polytope with 12 Halfspaces:
   (         1,          0,          0) * x <= 1
   (         0,          1,          0) * x <= 2.89796
   (         0,          0,          1) * x <= 1
   (       0.5,          0,        0.5) * x <= 0.836735
   (         0,   0.621849,   0.378151) * x <= 2.14166
   (  0.494505,   0.505495,          0) * x <= 1.90895
   (         0,   0.454545,   0.545455) * x <= 1.81447
   (  0.545455,   0.454545,          0) * x <= 1.81447
   (         0,        0.5,        0.5) * x <= 1.89796
   (  0.666667,   0.333333,          0) * x <= 1.59184
   (         0,   0.333333,   0.666667) * x <= 1.59184
   (       0.5,        0.5,          0) * x <= 1.89796

6 Pareto optimal points found:
   (0.693877551, 2.816326531, 0.9795918367 )
   (0.6734693878, 2.775510204,           1 )
   (0.7755102041, 2.897959184, 0.8979591837 )
   (          1, 2.775510204, 0.6734693878 )
   (0.9795918367, 2.816326531, 0.693877551 )
   (0.8979591837, 2.897959184, 0.7755102041 )


Time for model checking: 22.401s.

Performance statistics:
  * peak memory usage: 338MB
  * CPU time: 28.500s
  * wallclock time: 29.173s
	Command being timed: "/home/tq429871/storm/build/bin/storm --prism /home/tq429871/git/multiobjective-ma/slurm/../models/mdp/team/team3obj_5.nm --prop /home/tq429871/git/multiobjective-ma/slurm/../models/mdp/team/team3obj_5_pareto.pctl --multiobjective:precision 0.001 -tm -stats"
	User time (seconds): 28.50
	System time (seconds): 0.35
	Percent of CPU this job got: 89%
	Elapsed (wall clock) time (h:mm:ss or m:ss): 0:32.20
	Average shared text size (kbytes): 0
	Average unshared data size (kbytes): 0
	Average stack size (kbytes): 0
	Average total size (kbytes): 0
	Maximum resident set size (kbytes): 346720
	Average resident set size (kbytes): 0
	Major (requiring I/O) page faults: 0
	Minor (reclaiming a frame) page faults: 173153
	Voluntary context switches: 80
	Involuntary context switches: 45
	Swaps: 0
	File system inputs: 64
	File system outputs: 8
	Socket messages sent: 0
	Socket messages received: 0
	Signals delivered: 0
	Page size (bytes): 4096
	Exit status: 0
