Storm 1.6.3

Date: Thu Nov 26 10:56:42 2020
Command line arguments: --prism /home/tq429871/git/multiobjective-ma/slurm/../models/mdp/team/team3obj_3.nm --prop /home/tq429871/git/multiobjective-ma/slurm/../models/mdp/team/team3obj_3_pareto.pctl '--multiobjective:precision' 0.001 -tm -stats
Current working directory: /rwthfs/rz/cluster/home/tq429871/git/multiobjective-ma/slurm

Time for model input parsing: 0.028s.

Time for model construction: 0.072s.

-------------------------------------------------------------- 
Model type: 	MDP (sparse)
States: 	12475
Transitions: 	15228
Choices: 	14935
Reward Models:  w_1_total
State Labels: 	4 labels
   * deadlock -> 0 item(s)
   * init -> 1 item(s)
   * task2_compl -> 546 item(s)
   * task1_compl -> 546 item(s)
Choice Labels: 	none
-------------------------------------------------------------- 

Model checking property "1": multi(Pmax=? [F "task1_compl"], R[exp]{"w_1_total"}max=? [C], Pmax=? [F "task2_compl"]) ...
Preprocessing done in 0.014s seconds.
 Result: 
---------------------------------------------------------------------------------------------------------------------------------------
                                                       Multi-objective Query                                              
---------------------------------------------------------------------------------------------------------------------------------------

Original Formula: 
--------------------------------------------------------------
	multi(Pmax=? [F "task1_compl"], R[exp]{"w_1_total"}max=? [C], Pmax=? [F "task2_compl"])

The query considers 3 objectives:
--------------------------------------------------------------
Original: Pmax=? [F "task1_compl"] 	Preprocessed: R[exp]{"obj1"}max=? [C] 	result bounds: [0, 1]
Original: R[exp]{"w_1_total"}max=? [C] 	Preprocessed: R[exp]{"w_1_total"}max=? [C] 	result bounds: >=0
Original: Pmax=? [F "task2_compl"] 	Preprocessed: R[exp]{"obj3"}max=? [C] 	result bounds: [0, 1]
Number of Long-Run-Average Reward Objectives (after preprocessing): 0.
Number of Total Reward Objectives (after preprocessing): 3.
--------------------------------------------------------------

Original Model Information:
-------------------------------------------------------------- 
Model type: 	MDP (sparse)
States: 	12475
Transitions: 	15228
Choices: 	14935
Reward Models:  w_1_total
State Labels: 	4 labels
   * deadlock -> 0 item(s)
   * init -> 1 item(s)
   * task2_compl -> 546 item(s)
   * task1_compl -> 546 item(s)
Choice Labels: 	none
-------------------------------------------------------------- 

Preprocessed Model Information:
-------------------------------------------------------------- 
Model type: 	MDP (sparse)
States: 	7861
Transitions: 	9966
Choices: 	9673
Reward Models:  obj3, obj1, w_1_total
State Labels: 	5 labels
   * deadl -> 2106 item(s)
   * deadlock -> 0 item(s)
   * task1_compl -> 546 item(s)
   * task2_compl -> 546 item(s)
   * init -> 1 item(s)
Choice Labels: 	none
-------------------------------------------------------------- 

---------------------------------------------------------------------------------------------------------------------------------------

Weight Vector Checker Statistics:
Final preprocessed model has 5756 states.
Final preprocessed model has 7568 actions.

Pareto Curve Approximation Algorithm terminated after 12 refinement steps.
Solving multi-objective query took 0.185s seconds (consisting of 0.014s seconds for preprocessing and 0.171s seconds for analyzing the preprocessed model).
Result (for initial states): 
Underapproximation of achievable values: Polytope with 8 Halfspaces:
   (         0,        0.5,          1) * x <= 2.0102
   (         1,          1,          0) * x <= 3.08163
   (         1,          0,          0) * x <= 1
   (         0,          0,          1) * x <= 1
   (         0,          1,          1) * x <= 3.08163
   (         1,        0.5,          0) * x <= 2.0102
   (         0,          1,          0) * x <= 2.32653
   (         1,          0,          1) * x <= 1.2449

Overapproximation of achievable values: Polytope with 12 Halfspaces:
   (         1,          0,          0) * x <= 1
   (         0,          1,          0) * x <= 2.32653
   (         0,          0,          1) * x <= 1
   (       0.5,          0,        0.5) * x <= 0.622449
   (         0,   0.615385,   0.384615) * x <= 1.72214
   (  0.535714,   0.464286,          0) * x <= 1.49781
   (         0,   0.444444,   0.555556) * x <= 1.47392
   (  0.473684,   0.526316,          0) * x <= 1.58217
   (  0.666667,   0.333333,          0) * x <= 1.34014
   (         0,   0.333333,   0.666667) * x <= 1.34014
   (         0,        0.5,        0.5) * x <= 1.54082
   (       0.5,        0.5,          0) * x <= 1.54082

6 Pareto optimal points found:
   (0.4897959184, 2.326530612, 0.7551020408 )
   (          1, 2.020408163, 0.2448979592 )
   (0.9387755102, 2.142857143, 0.306122449 )
   (0.306122449, 2.142857143, 0.9387755102 )
   (0.7551020408, 2.326530612, 0.4897959184 )
   (0.2448979592, 2.020408163,           1 )


Time for model checking: 0.185s.

Performance statistics:
  * peak memory usage: 34MB
  * CPU time: 0.297s
  * wallclock time: 0.306s
	Command being timed: "/home/tq429871/storm/build/bin/storm --prism /home/tq429871/git/multiobjective-ma/slurm/../models/mdp/team/team3obj_3.nm --prop /home/tq429871/git/multiobjective-ma/slurm/../models/mdp/team/team3obj_3_pareto.pctl --multiobjective:precision 0.001 -tm -stats"
	User time (seconds): 0.30
	System time (seconds): 0.01
	Percent of CPU this job got: 87%
	Elapsed (wall clock) time (h:mm:ss or m:ss): 0:00.35
	Average shared text size (kbytes): 0
	Average unshared data size (kbytes): 0
	Average stack size (kbytes): 0
	Average total size (kbytes): 0
	Maximum resident set size (kbytes): 35388
	Average resident set size (kbytes): 0
	Major (requiring I/O) page faults: 0
	Minor (reclaiming a frame) page faults: 9782
	Voluntary context switches: 38
	Involuntary context switches: 3
	Swaps: 0
	File system inputs: 40
	File system outputs: 0
	Socket messages sent: 0
	Socket messages received: 0
	Signals delivered: 0
	Page size (bytes): 4096
	Exit status: 0
