Storm 1.6.3

Date: Thu Nov 26 10:56:32 2020
Command line arguments: --prism /home/tq429871/git/multiobjective-ma/slurm/../models/mdp/consensus/consensus3_4_2.nm --prop /home/tq429871/git/multiobjective-ma/slurm/../models/mdp/consensus/consensus3_4_2_pareto.pctl '--multiobjective:precision' 0.001 -tm -stats
Current working directory: /rwthfs/rz/cluster/home/tq429871/git/multiobjective-ma/slurm

Time for model input parsing: 0.024s.

Time for model construction: 0.481s.

-------------------------------------------------------------- 
Model type: 	MDP (sparse)
States: 	61017
Transitions: 	164012
Choices: 	164012
Reward Models:  none
State Labels: 	4 labels
   * deadlock -> 0 item(s)
   * init -> 1 item(s)
   * one_proc_err -> 9648 item(s)
   * one_coin_ok -> 24361 item(s)
Choice Labels: 	none
-------------------------------------------------------------- 

Model checking property "1": multi(Pmax=? [F "one_proc_err"], Pmax=? [G "one_coin_ok"]) ...
Preprocessing done in 0.127s seconds.
 Result: 
---------------------------------------------------------------------------------------------------------------------------------------
                                                       Multi-objective Query                                              
---------------------------------------------------------------------------------------------------------------------------------------

Original Formula: 
--------------------------------------------------------------
	multi(Pmax=? [F "one_proc_err"], Pmax=? [G "one_coin_ok"])

The query considers 2 objectives:
--------------------------------------------------------------
Original: Pmax=? [F "one_proc_err"] 	Preprocessed: R[exp]{"obj1"}max=? [C] 	result bounds: [0, 1]
Original: Pmax=? [G "one_coin_ok"] 	Preprocessed: R[exp]{"obj2"}min=? [C] (Complementary event) 	result bounds: [0, 1]
Number of Long-Run-Average Reward Objectives (after preprocessing): 0.
Number of Total Reward Objectives (after preprocessing): 2.
--------------------------------------------------------------

Original Model Information:
-------------------------------------------------------------- 
Model type: 	MDP (sparse)
States: 	61017
Transitions: 	164012
Choices: 	164012
Reward Models:  none
State Labels: 	4 labels
   * deadlock -> 0 item(s)
   * init -> 1 item(s)
   * one_proc_err -> 9648 item(s)
   * one_coin_ok -> 24361 item(s)
Choice Labels: 	none
-------------------------------------------------------------- 

Preprocessed Model Information:
-------------------------------------------------------------- 
Model type: 	MDP (sparse)
States: 	34801
Transitions: 	88282
Choices: 	88282
Reward Models:  obj2, obj1
State Labels: 	5 labels
   * deadl -> 12184 item(s)
   * deadlock -> 0 item(s)
   * one_coin_ok -> 8817 item(s)
   * one_proc_err -> 6048 item(s)
   * init -> 1 item(s)
Choice Labels: 	none
-------------------------------------------------------------- 

---------------------------------------------------------------------------------------------------------------------------------------

Weight Vector Checker Statistics:
Final preprocessed model has 22618 states.
Final preprocessed model has 76099 actions.

Pareto Curve Approximation Algorithm terminated after 3 refinement steps.
Solving multi-objective query took 0.290s seconds (consisting of 0.127s seconds for preprocessing and 0.162s seconds for analyzing the preprocessed model).
Result (for initial states): 
Underapproximation of achievable values: Polytope with 3 Halfspaces:
   (         0,          1) * x <= 1
   (         1,          0) * x <= 1
   (         1,          1) * x <= 1

Overapproximation of achievable values: Polytope with 3 Halfspaces:
   (         1,          0) * x <= 1
   (         0,          1) * x <= 1
   (       0.5,        0.5) * x <= 0.5

2 Pareto optimal points found:
   (          1,           0 )
   (          0,           1 )


Time for model checking: 0.290s.

Performance statistics:
  * peak memory usage: 51MB
  * CPU time: 0.792s
  * wallclock time: 0.826s
	Command being timed: "/home/tq429871/storm/build/bin/storm --prism /home/tq429871/git/multiobjective-ma/slurm/../models/mdp/consensus/consensus3_4_2.nm --prop /home/tq429871/git/multiobjective-ma/slurm/../models/mdp/consensus/consensus3_4_2_pareto.pctl --multiobjective:precision 0.001 -tm -stats"
	User time (seconds): 0.79
	System time (seconds): 0.02
	Percent of CPU this job got: 93%
	Elapsed (wall clock) time (h:mm:ss or m:ss): 0:00.87
	Average shared text size (kbytes): 0
	Average unshared data size (kbytes): 0
	Average stack size (kbytes): 0
	Average total size (kbytes): 0
	Maximum resident set size (kbytes): 52612
	Average resident set size (kbytes): 0
	Major (requiring I/O) page faults: 0
	Minor (reclaiming a frame) page faults: 13336
	Voluntary context switches: 35
	Involuntary context switches: 4
	Swaps: 0
	File system inputs: 24
	File system outputs: 8
	Socket messages sent: 0
	Socket messages received: 0
	Signals delivered: 0
	Page size (bytes): 4096
	Exit status: 0
