Storm 1.6.3

Date: Thu Nov 26 10:58:38 2020
Command line arguments: --prism /home/tq429871/git/multiobjective-ma/slurm/../models/mdp/dpm/dpm300.nm --prop /home/tq429871/git/multiobjective-ma/slurm/../models/mdp/dpm/dpm300_pareto.pctl '--multiobjective:precision' 0.001 -tm -stats
Current working directory: /rwthfs/rz/cluster/home/tq429871/git/multiobjective-ma/slurm

Time for model input parsing: 0.016s.

Time for model construction: 0.021s.

-------------------------------------------------------------- 
Model type: 	MDP (sparse)
States: 	636
Transitions: 	2550
Choices: 	1860
Reward Models:  queue, power
State Labels: 	2 labels
   * deadlock -> 0 item(s)
   * init -> 1 item(s)
Choice Labels: 	none
-------------------------------------------------------------- 

Model checking property "1": multi(R[exp]{"power"}min=? [C<=300], R[exp]{"queue"}min=? [C<=300]) ...
Preprocessing done in 0.000s seconds.
 Result: 
---------------------------------------------------------------------------------------------------------------------------------------
                                                       Multi-objective Query                                              
---------------------------------------------------------------------------------------------------------------------------------------

Original Formula: 
--------------------------------------------------------------
	multi(R[exp]{"power"}min=? [C<=300], R[exp]{"queue"}min=? [C<=300])

The query considers 2 objectives:
--------------------------------------------------------------
Original: R[exp]{"power"}min=? [C<=300] 	Preprocessed: R[exp]{"power"}min=? [C<=300] 	result bounds: >=0
Original: R[exp]{"queue"}min=? [C<=300] 	Preprocessed: R[exp]{"queue"}min=? [C<=300] 	result bounds: >=0
Number of Long-Run-Average Reward Objectives (after preprocessing): 0.
Number of Total Reward Objectives (after preprocessing): 0.
--------------------------------------------------------------

Original Model Information:
-------------------------------------------------------------- 
Model type: 	MDP (sparse)
States: 	636
Transitions: 	2550
Choices: 	1860
Reward Models:  queue, power
State Labels: 	2 labels
   * deadlock -> 0 item(s)
   * init -> 1 item(s)
Choice Labels: 	none
-------------------------------------------------------------- 

Preprocessed Model Information:
-------------------------------------------------------------- 
Model type: 	MDP (sparse)
States: 	636
Transitions: 	2550
Choices: 	1860
Reward Models:  power, queue
State Labels: 	2 labels
   * init -> 1 item(s)
   * deadlock -> 0 item(s)
Choice Labels: 	none
-------------------------------------------------------------- 

---------------------------------------------------------------------------------------------------------------------------------------

Weight Vector Checker Statistics:
Final preprocessed model has 636 states.
Final preprocessed model has 1860 actions.

Pareto Curve Approximation Algorithm terminated after 6 refinement steps.
Solving multi-objective query took 0.107s seconds (consisting of 0.000s seconds for preprocessing and 0.106s seconds for analyzing the preprocessed model).
Result (for initial states): 
Underapproximation of achievable values: Polytope with 4 Halfspaces:
   (-0.0931068,         -1) * x <= -274.327
   (-0.0934162,         -1) * x <= -274.342
   (         0,         -1) * x <= -239.656
   (        -1,          0) * x <= -15

Overapproximation of achievable values: Polytope with 6 Halfspaces:
   (        -1,          0) * x <= -15
   (         0,         -1) * x <= -239.656
   (-0.0851543,  -0.914846) * x <= -250.958
   (-0.0852025,  -0.914797) * x <= -250.955
   (-0.0854352,  -0.914565) * x <= -250.904
   (-0.0851763,  -0.914824) * x <= -250.96

3 Pareto optimal points found:
   (         15, 272.9411884 )
   (372.3787131, 239.6556023 )
   (51.20796399, 269.5587779 )


Time for model checking: 0.107s.

Performance statistics:
  * peak memory usage: 31MB
  * CPU time: 0.162s
  * wallclock time: 0.172s
	Command being timed: "/home/tq429871/storm/build/bin/storm --prism /home/tq429871/git/multiobjective-ma/slurm/../models/mdp/dpm/dpm300.nm --prop /home/tq429871/git/multiobjective-ma/slurm/../models/mdp/dpm/dpm300_pareto.pctl --multiobjective:precision 0.001 -tm -stats"
	User time (seconds): 0.16
	System time (seconds): 0.01
	Percent of CPU this job got: 79%
	Elapsed (wall clock) time (h:mm:ss or m:ss): 0:00.21
	Average shared text size (kbytes): 0
	Average unshared data size (kbytes): 0
	Average stack size (kbytes): 0
	Average total size (kbytes): 0
	Maximum resident set size (kbytes): 32372
	Average resident set size (kbytes): 0
	Major (requiring I/O) page faults: 0
	Minor (reclaiming a frame) page faults: 9300
	Voluntary context switches: 35
	Involuntary context switches: 2
	Swaps: 0
	File system inputs: 24
	File system outputs: 0
	Socket messages sent: 0
	Socket messages received: 0
	Signals delivered: 0
	Page size (bytes): 4096
	Exit status: 0
