Storm 1.6.3

Date: Thu Nov 26 10:56:41 2020
Command line arguments: --prism /home/tq429871/git/multiobjective-ma/slurm/../models/mdp/team/team2obj_3.nm --prop /home/tq429871/git/multiobjective-ma/slurm/../models/mdp/team/team2obj_3_pareto.pctl '--multiobjective:precision' 0.001 -tm -stats
Current working directory: /rwthfs/rz/cluster/home/tq429871/git/multiobjective-ma/slurm

Time for model input parsing: 0.022s.

Time for model construction: 0.074s.

-------------------------------------------------------------- 
Model type: 	MDP (sparse)
States: 	12475
Transitions: 	15228
Choices: 	14935
Reward Models:  w_1_total
State Labels: 	3 labels
   * deadlock -> 0 item(s)
   * init -> 1 item(s)
   * task1_compl -> 546 item(s)
Choice Labels: 	none
-------------------------------------------------------------- 

Model checking property "1": multi(Pmax=? [F "task1_compl"], R[exp]{"w_1_total"}max=? [C]) ...
Preprocessing done in 0.011s seconds.
 Result: 
---------------------------------------------------------------------------------------------------------------------------------------
                                                       Multi-objective Query                                              
---------------------------------------------------------------------------------------------------------------------------------------

Original Formula: 
--------------------------------------------------------------
	multi(Pmax=? [F "task1_compl"], R[exp]{"w_1_total"}max=? [C])

The query considers 2 objectives:
--------------------------------------------------------------
Original: Pmax=? [F "task1_compl"] 	Preprocessed: R[exp]{"obj1"}max=? [C] 	result bounds: [0, 1]
Original: R[exp]{"w_1_total"}max=? [C] 	Preprocessed: R[exp]{"w_1_total"}max=? [C] 	result bounds: >=0
Number of Long-Run-Average Reward Objectives (after preprocessing): 0.
Number of Total Reward Objectives (after preprocessing): 2.
--------------------------------------------------------------

Original Model Information:
-------------------------------------------------------------- 
Model type: 	MDP (sparse)
States: 	12475
Transitions: 	15228
Choices: 	14935
Reward Models:  w_1_total
State Labels: 	3 labels
   * deadlock -> 0 item(s)
   * init -> 1 item(s)
   * task1_compl -> 546 item(s)
Choice Labels: 	none
-------------------------------------------------------------- 

Preprocessed Model Information:
-------------------------------------------------------------- 
Model type: 	MDP (sparse)
States: 	7861
Transitions: 	9966
Choices: 	9673
Reward Models:  obj1, w_1_total
State Labels: 	4 labels
   * deadl -> 2106 item(s)
   * deadlock -> 0 item(s)
   * task1_compl -> 546 item(s)
   * init -> 1 item(s)
Choice Labels: 	none
-------------------------------------------------------------- 

---------------------------------------------------------------------------------------------------------------------------------------

Weight Vector Checker Statistics:
Final preprocessed model has 5756 states.
Final preprocessed model has 7568 actions.

Pareto Curve Approximation Algorithm terminated after 6 refinement steps.
Solving multi-objective query took 0.082s seconds (consisting of 0.011s seconds for preprocessing and 0.071s seconds for analyzing the preprocessed model).
Result (for initial states): 
Underapproximation of achievable values: Polytope with 4 Halfspaces:
   (         1,          1) * x <= 3.08163
   (         0,          1) * x <= 2.32653
   (         1,        0.5) * x <= 2.0102
   (         1,          0) * x <= 1

Overapproximation of achievable values: Polytope with 6 Halfspaces:
   (         1,          0) * x <= 1
   (         0,          1) * x <= 2.32653
   (  0.535714,   0.464286) * x <= 1.49781
   (  0.473684,   0.526316) * x <= 1.58217
   (  0.666667,   0.333333) * x <= 1.34014
   (       0.5,        0.5) * x <= 1.54082

3 Pareto optimal points found:
   (          1, 2.020408163 )
   (0.9387755102, 2.142857143 )
   (0.7551020408, 2.326530612 )


Time for model checking: 0.083s.

Performance statistics:
  * peak memory usage: 33MB
  * CPU time: 0.193s
  * wallclock time: 0.249s
	Command being timed: "/home/tq429871/storm/build/bin/storm --prism /home/tq429871/git/multiobjective-ma/slurm/../models/mdp/team/team2obj_3.nm --prop /home/tq429871/git/multiobjective-ma/slurm/../models/mdp/team/team2obj_3_pareto.pctl --multiobjective:precision 0.001 -tm -stats"
	User time (seconds): 0.19
	System time (seconds): 0.01
	Percent of CPU this job got: 71%
	Elapsed (wall clock) time (h:mm:ss or m:ss): 0:00.29
	Average shared text size (kbytes): 0
	Average unshared data size (kbytes): 0
	Average stack size (kbytes): 0
	Average total size (kbytes): 0
	Maximum resident set size (kbytes): 35132
	Average resident set size (kbytes): 0
	Major (requiring I/O) page faults: 0
	Minor (reclaiming a frame) page faults: 9714
	Voluntary context switches: 43
	Involuntary context switches: 3
	Swaps: 0
	File system inputs: 40
	File system outputs: 0
	Socket messages sent: 0
	Socket messages received: 0
	Signals delivered: 0
	Page size (bytes): 4096
	Exit status: 0
