Storm 1.6.3

Date: Thu Nov 26 10:56:45 2020
Command line arguments: --prism /home/tq429871/git/multiobjective-ma/slurm/../models/mdp/team/team2obj_5.nm --prop /home/tq429871/git/multiobjective-ma/slurm/../models/mdp/team/team2obj_5_pareto.pctl '--multiobjective:precision' 0.001 -tm -stats
Current working directory: /rwthfs/rz/cluster/home/tq429871/git/multiobjective-ma/slurm

Time for model input parsing: 0.063s.

Time for model construction: 6.402s.

-------------------------------------------------------------- 
Model type: 	MDP (sparse)
States: 	907993
Transitions: 	1084752
Choices: 	1078873
Reward Models:  w_1_total
State Labels: 	3 labels
   * deadlock -> 0 item(s)
   * init -> 1 item(s)
   * task1_compl -> 52200 item(s)
Choice Labels: 	none
-------------------------------------------------------------- 

Model checking property "1": multi(Pmax=? [F "task1_compl"], R[exp]{"w_1_total"}max=? [C]) ...
Preprocessing done in 1.229s seconds.
 Result: 
---------------------------------------------------------------------------------------------------------------------------------------
                                                       Multi-objective Query                                              
---------------------------------------------------------------------------------------------------------------------------------------

Original Formula: 
--------------------------------------------------------------
	multi(Pmax=? [F "task1_compl"], R[exp]{"w_1_total"}max=? [C])

The query considers 2 objectives:
--------------------------------------------------------------
Original: Pmax=? [F "task1_compl"] 	Preprocessed: R[exp]{"obj1"}max=? [C] 	result bounds: [0, 1]
Original: R[exp]{"w_1_total"}max=? [C] 	Preprocessed: R[exp]{"w_1_total"}max=? [C] 	result bounds: >=0
Number of Long-Run-Average Reward Objectives (after preprocessing): 0.
Number of Total Reward Objectives (after preprocessing): 2.
--------------------------------------------------------------

Original Model Information:
-------------------------------------------------------------- 
Model type: 	MDP (sparse)
States: 	907993
Transitions: 	1084752
Choices: 	1078873
Reward Models:  w_1_total
State Labels: 	3 labels
   * deadlock -> 0 item(s)
   * init -> 1 item(s)
   * task1_compl -> 52200 item(s)
Choice Labels: 	none
-------------------------------------------------------------- 

Preprocessed Model Information:
-------------------------------------------------------------- 
Model type: 	MDP (sparse)
States: 	666337
Transitions: 	810776
Choices: 	804897
Reward Models:  obj1, w_1_total
State Labels: 	4 labels
   * deadl -> 144440 item(s)
   * deadlock -> 0 item(s)
   * task1_compl -> 52200 item(s)
   * init -> 1 item(s)
Choice Labels: 	none
-------------------------------------------------------------- 

---------------------------------------------------------------------------------------------------------------------------------------

Weight Vector Checker Statistics:
Final preprocessed model has 521898 states.
Final preprocessed model has 660458 actions.

Pareto Curve Approximation Algorithm terminated after 6 refinement steps.
Solving multi-objective query took 10.556s seconds (consisting of 1.229s seconds for preprocessing and 9.322s seconds for analyzing the preprocessed model).
Result (for initial states): 
Underapproximation of achievable values: Polytope with 4 Halfspaces:
   (         1,          1) * x <= 3.79592
   (         1,        0.5) * x <= 2.38776
   (         0,          1) * x <= 2.89796
   (         1,          0) * x <= 1

Overapproximation of achievable values: Polytope with 6 Halfspaces:
   (         1,          0) * x <= 1
   (         0,          1) * x <= 2.89796
   (  0.494505,   0.505495) * x <= 1.90895
   (  0.545455,   0.454545) * x <= 1.81447
   (  0.666667,   0.333333) * x <= 1.59184
   (       0.5,        0.5) * x <= 1.89796

3 Pareto optimal points found:
   (          1, 2.775510204 )
   (0.8979591837, 2.897959184 )
   (0.9795918367, 2.816326531 )


Time for model checking: 10.557s.

Performance statistics:
  * peak memory usage: 321MB
  * CPU time: 16.785s
  * wallclock time: 17.089s
	Command being timed: "/home/tq429871/storm/build/bin/storm --prism /home/tq429871/git/multiobjective-ma/slurm/../models/mdp/team/team2obj_5.nm --prop /home/tq429871/git/multiobjective-ma/slurm/../models/mdp/team/team2obj_5_pareto.pctl --multiobjective:precision 0.001 -tm -stats"
	User time (seconds): 16.78
	System time (seconds): 0.21
	Percent of CPU this job got: 99%
	Elapsed (wall clock) time (h:mm:ss or m:ss): 0:17.15
	Average shared text size (kbytes): 0
	Average unshared data size (kbytes): 0
	Average stack size (kbytes): 0
	Average total size (kbytes): 0
	Maximum resident set size (kbytes): 329168
	Average resident set size (kbytes): 0
	Major (requiring I/O) page faults: 0
	Minor (reclaiming a frame) page faults: 120221
	Voluntary context switches: 41
	Involuntary context switches: 27
	Swaps: 0
	File system inputs: 64
	File system outputs: 0
	Socket messages sent: 0
	Socket messages received: 0
	Signals delivered: 0
	Page size (bytes): 4096
	Exit status: 0
