Storm 1.6.3

Date: Thu Nov 26 10:56:33 2020
Command line arguments: --prism /home/tq429871/git/multiobjective-ma/slurm/../models/mdp/consensus/consensus3_5_2.nm --prop /home/tq429871/git/multiobjective-ma/slurm/../models/mdp/consensus/consensus3_5_2_pareto.pctl '--multiobjective:precision' 0.001 -tm -stats
Current working directory: /rwthfs/rz/cluster/home/tq429871/git/multiobjective-ma/slurm

Time for model input parsing: 0.024s.

Time for model construction: 1.580s.

-------------------------------------------------------------- 
Model type: 	MDP (sparse)
States: 	181129
Transitions: 	487456
Choices: 	487456
Reward Models:  none
State Labels: 	4 labels
   * deadlock -> 0 item(s)
   * init -> 1 item(s)
   * one_proc_err -> 25152 item(s)
   * one_coin_ok -> 82233 item(s)
Choice Labels: 	none
-------------------------------------------------------------- 

Model checking property "1": multi(Pmax=? [F "one_proc_err"], Pmax=? [G "one_coin_ok"]) ...
Preprocessing done in 0.407s seconds.
 Result: 
---------------------------------------------------------------------------------------------------------------------------------------
                                                       Multi-objective Query                                              
---------------------------------------------------------------------------------------------------------------------------------------

Original Formula: 
--------------------------------------------------------------
	multi(Pmax=? [F "one_proc_err"], Pmax=? [G "one_coin_ok"])

The query considers 2 objectives:
--------------------------------------------------------------
Original: Pmax=? [F "one_proc_err"] 	Preprocessed: R[exp]{"obj1"}max=? [C] 	result bounds: [0, 1]
Original: Pmax=? [G "one_coin_ok"] 	Preprocessed: R[exp]{"obj2"}min=? [C] (Complementary event) 	result bounds: [0, 1]
Number of Long-Run-Average Reward Objectives (after preprocessing): 0.
Number of Total Reward Objectives (after preprocessing): 2.
--------------------------------------------------------------

Original Model Information:
-------------------------------------------------------------- 
Model type: 	MDP (sparse)
States: 	181129
Transitions: 	487456
Choices: 	487456
Reward Models:  none
State Labels: 	4 labels
   * deadlock -> 0 item(s)
   * init -> 1 item(s)
   * one_proc_err -> 25152 item(s)
   * one_coin_ok -> 82233 item(s)
Choice Labels: 	none
-------------------------------------------------------------- 

Preprocessed Model Information:
-------------------------------------------------------------- 
Model type: 	MDP (sparse)
States: 	97557
Transitions: 	247886
Choices: 	247886
Reward Models:  obj2, obj1
State Labels: 	5 labels
   * deadl -> 34412 item(s)
   * deadlock -> 0 item(s)
   * one_coin_ok -> 29053 item(s)
   * one_proc_err -> 15648 item(s)
   * init -> 1 item(s)
Choice Labels: 	none
-------------------------------------------------------------- 

---------------------------------------------------------------------------------------------------------------------------------------

Weight Vector Checker Statistics:
Final preprocessed model has 63146 states.
Final preprocessed model has 213475 actions.

Pareto Curve Approximation Algorithm terminated after 3 refinement steps.
Solving multi-objective query took 0.892s seconds (consisting of 0.407s seconds for preprocessing and 0.484s seconds for analyzing the preprocessed model).
Result (for initial states): 
Underapproximation of achievable values: Polytope with 3 Halfspaces:
   (         0,          1) * x <= 1
   (         1,          0) * x <= 1
   (         1,          1) * x <= 1

Overapproximation of achievable values: Polytope with 3 Halfspaces:
   (         1,          0) * x <= 1
   (         0,          1) * x <= 1
   (       0.5,        0.5) * x <= 0.5

2 Pareto optimal points found:
   (          1,           0 )
   (          0,           1 )


Time for model checking: 0.892s.

Performance statistics:
  * peak memory usage: 93MB
  * CPU time: 2.473s
  * wallclock time: 2.518s
	Command being timed: "/home/tq429871/storm/build/bin/storm --prism /home/tq429871/git/multiobjective-ma/slurm/../models/mdp/consensus/consensus3_5_2.nm --prop /home/tq429871/git/multiobjective-ma/slurm/../models/mdp/consensus/consensus3_5_2_pareto.pctl --multiobjective:precision 0.001 -tm -stats"
	User time (seconds): 2.47
	System time (seconds): 0.04
	Percent of CPU this job got: 98%
	Elapsed (wall clock) time (h:mm:ss or m:ss): 0:02.56
	Average shared text size (kbytes): 0
	Average unshared data size (kbytes): 0
	Average stack size (kbytes): 0
	Average total size (kbytes): 0
	Maximum resident set size (kbytes): 95400
	Average resident set size (kbytes): 0
	Major (requiring I/O) page faults: 0
	Minor (reclaiming a frame) page faults: 26614
	Voluntary context switches: 41
	Involuntary context switches: 3
	Swaps: 0
	File system inputs: 24
	File system outputs: 0
	Socket messages sent: 0
	Socket messages received: 0
	Signals delivered: 0
	Page size (bytes): 4096
	Exit status: 0
