Storm 1.6.3

Date: Thu Nov 26 10:56:37 2020
Command line arguments: --prism /home/tq429871/git/multiobjective-ma/slurm/../models/mdp/zeroconf-tb/zeroconf-tb4_10.nm --prop /home/tq429871/git/multiobjective-ma/slurm/../models/mdp/zeroconf-tb/zeroconf-tb4_10_pareto.pctl '--multiobjective:precision' 0.001 -tm -stats
Current working directory: /rwthfs/rz/cluster/home/tq429871/git/multiobjective-ma/slurm

Time for model input parsing: 0.019s.

Time for model construction: 0.137s.

-------------------------------------------------------------- 
Model type: 	MDP (sparse)
States: 	19670
Transitions: 	63353
Choices: 	59358
Reward Models:  none
State Labels: 	4 labels
   * init -> 1 item(s)
   * deadlock -> 0 item(s)
   * (time_error = 1) -> 5420 item(s)
   * (error = 0) -> 18112 item(s)
Choice Labels: 	none
-------------------------------------------------------------- 

Model checking property "1": multi(Pmax=? [F (time_error = 1)], Pmax=? [G (error = 0)]) ...
Preprocessing done in 0.047s seconds.
 Result: 
---------------------------------------------------------------------------------------------------------------------------------------
                                                       Multi-objective Query                                              
---------------------------------------------------------------------------------------------------------------------------------------

Original Formula: 
--------------------------------------------------------------
	multi(Pmax=? [F (time_error = 1)], Pmax=? [G (error = 0)])

The query considers 2 objectives:
--------------------------------------------------------------
Original: Pmax=? [F (time_error = 1)] 	Preprocessed: R[exp]{"obj1"}max=? [C] 	result bounds: [0, 1]
Original: Pmax=? [G (error = 0)] 	Preprocessed: R[exp]{"obj2"}min=? [C] (Complementary event) 	result bounds: [0, 1]
Number of Long-Run-Average Reward Objectives (after preprocessing): 0.
Number of Total Reward Objectives (after preprocessing): 2.
--------------------------------------------------------------

Original Model Information:
-------------------------------------------------------------- 
Model type: 	MDP (sparse)
States: 	19670
Transitions: 	63353
Choices: 	59358
Reward Models:  none
State Labels: 	4 labels
   * init -> 1 item(s)
   * deadlock -> 0 item(s)
   * (time_error = 1) -> 5420 item(s)
   * (error = 0) -> 18112 item(s)
Choice Labels: 	none
-------------------------------------------------------------- 

Preprocessed Model Information:
-------------------------------------------------------------- 
Model type: 	MDP (sparse)
States: 	13311
Transitions: 	39482
Choices: 	36422
Reward Models:  obj2, obj1
State Labels: 	5 labels
   * deadl -> 1717 item(s)
   * (error = 0) -> 13029 item(s)
   * (time_error = 1) -> 1674 item(s)
   * deadlock -> 0 item(s)
   * init -> 1 item(s)
Choice Labels: 	none
-------------------------------------------------------------- 

---------------------------------------------------------------------------------------------------------------------------------------

Weight Vector Checker Statistics:
Final preprocessed model has 11595 states.
Final preprocessed model has 34706 actions.

Pareto Curve Approximation Algorithm terminated after 2 refinement steps.
Solving multi-objective query took 1.064s seconds (consisting of 0.047s seconds for preprocessing and 1.016s seconds for analyzing the preprocessed model).
Result (for initial states): 
Underapproximation of achievable values: Polytope with 3 Halfspaces:
   (         1,          0) * x <= 0.333538
   (         0,          1) * x <= 1
   (0.00030739,          1) * x <= 1

Overapproximation of achievable values: Polytope with 2 Halfspaces:
   (         1,          0) * x <= 0.333538
   (         0,          1) * x <= 1

2 Pareto optimal points found:
   (          0,           1 )
   (0.3335383858, 0.9998974738 )


Time for model checking: 1.064s.

Performance statistics:
  * peak memory usage: 39MB
  * CPU time: 1.226s
  * wallclock time: 1.242s
	Command being timed: "/home/tq429871/storm/build/bin/storm --prism /home/tq429871/git/multiobjective-ma/slurm/../models/mdp/zeroconf-tb/zeroconf-tb4_10.nm --prop /home/tq429871/git/multiobjective-ma/slurm/../models/mdp/zeroconf-tb/zeroconf-tb4_10_pareto.pctl --multiobjective:precision 0.001 -tm -stats"
	User time (seconds): 1.22
	System time (seconds): 0.01
	Percent of CPU this job got: 96%
	Elapsed (wall clock) time (h:mm:ss or m:ss): 0:01.29
	Average shared text size (kbytes): 0
	Average unshared data size (kbytes): 0
	Average stack size (kbytes): 0
	Average total size (kbytes): 0
	Maximum resident set size (kbytes): 40600
	Average resident set size (kbytes): 0
	Major (requiring I/O) page faults: 0
	Minor (reclaiming a frame) page faults: 11177
	Voluntary context switches: 45
	Involuntary context switches: 3
	Swaps: 0
	File system inputs: 24
	File system outputs: 8
	Socket messages sent: 0
	Socket messages received: 0
	Signals delivered: 0
	Page size (bytes): 4096
	Exit status: 0
