Storm 1.6.3

Date: Thu Nov 26 10:56:43 2020
Command line arguments: --prism /home/tq429871/git/multiobjective-ma/slurm/../models/mdp/team/team3obj_4.nm --prop /home/tq429871/git/multiobjective-ma/slurm/../models/mdp/team/team3obj_4_pareto.pctl '--multiobjective:precision' 0.001 -tm -stats
Current working directory: /rwthfs/rz/cluster/home/tq429871/git/multiobjective-ma/slurm

Time for model input parsing: 0.036s.

Time for model construction: 0.544s.

-------------------------------------------------------------- 
Model type: 	MDP (sparse)
States: 	96665
Transitions: 	116464
Choices: 	115289
Reward Models:  w_1_total
State Labels: 	4 labels
   * deadlock -> 0 item(s)
   * init -> 1 item(s)
   * task2_compl -> 4872 item(s)
   * task1_compl -> 4872 item(s)
Choice Labels: 	none
-------------------------------------------------------------- 

Model checking property "1": multi(Pmax=? [F "task1_compl"], R[exp]{"w_1_total"}max=? [C], Pmax=? [F "task2_compl"]) ...
Preprocessing done in 0.126s seconds.
 Result: 
---------------------------------------------------------------------------------------------------------------------------------------
                                                       Multi-objective Query                                              
---------------------------------------------------------------------------------------------------------------------------------------

Original Formula: 
--------------------------------------------------------------
	multi(Pmax=? [F "task1_compl"], R[exp]{"w_1_total"}max=? [C], Pmax=? [F "task2_compl"])

The query considers 3 objectives:
--------------------------------------------------------------
Original: Pmax=? [F "task1_compl"] 	Preprocessed: R[exp]{"obj1"}max=? [C] 	result bounds: [0, 1]
Original: R[exp]{"w_1_total"}max=? [C] 	Preprocessed: R[exp]{"w_1_total"}max=? [C] 	result bounds: >=0
Original: Pmax=? [F "task2_compl"] 	Preprocessed: R[exp]{"obj3"}max=? [C] 	result bounds: [0, 1]
Number of Long-Run-Average Reward Objectives (after preprocessing): 0.
Number of Total Reward Objectives (after preprocessing): 3.
--------------------------------------------------------------

Original Model Information:
-------------------------------------------------------------- 
Model type: 	MDP (sparse)
States: 	96665
Transitions: 	116464
Choices: 	115289
Reward Models:  w_1_total
State Labels: 	4 labels
   * deadlock -> 0 item(s)
   * init -> 1 item(s)
   * task2_compl -> 4872 item(s)
   * task1_compl -> 4872 item(s)
Choice Labels: 	none
-------------------------------------------------------------- 

Preprocessed Model Information:
-------------------------------------------------------------- 
Model type: 	MDP (sparse)
States: 	65545
Transitions: 	81032
Choices: 	79857
Reward Models:  obj3, obj1, w_1_total
State Labels: 	5 labels
   * deadl -> 15488 item(s)
   * deadlock -> 0 item(s)
   * task1_compl -> 4872 item(s)
   * task2_compl -> 4872 item(s)
   * init -> 1 item(s)
Choice Labels: 	none
-------------------------------------------------------------- 

---------------------------------------------------------------------------------------------------------------------------------------

Weight Vector Checker Statistics:
Final preprocessed model has 50058 states.
Final preprocessed model has 64370 actions.

 WARN (SparsePcaaQuery.cpp:119): Numerical issues: The overapproximation would not contain the underapproximation. Hence, a halfspace is shifted by 2.22045e-16.
Pareto Curve Approximation Algorithm terminated after 13 refinement steps.
Solving multi-objective query took 1.319s seconds (consisting of 0.126s seconds for preprocessing and 1.191s seconds for analyzing the preprocessed model).
Result (for initial states): 
Underapproximation of achievable values: Polytope with 11 Halfspaces:
   (         0,          0,          1) * x <= 1
   (         1, 1.67089e-14,          1) * x <= 1.42857
   (         1, 4.94554e-16,          1) * x <= 1.42857
   (         0,        0.5,          1) * x <= 2.16327
   (         1,        0.5,          0) * x <= 2.16327
   (         0,          1,          0) * x <= 2.55102
   (         0,          1,          1) * x <= 3.36735
   (         1,          0,          0) * x <= 1
   (         1,          0,          1) * x <= 1.42857
   (         1, 1.67089e-14,          1) * x <= 1.42857
   (         1,          1,          0) * x <= 3.36735

Overapproximation of achievable values: Polytope with 13 Halfspaces:
   (         1,          0,          0) * x <= 1
   (         0,          1,          0) * x <= 2.55102
   (         0,          0,          1) * x <= 1
   (       0.5, 4.94554e-16,        0.5) * x <= 0.714286
   (       0.5,          0,        0.5) * x <= 0.714286
   (         0,   0.611765,   0.388235) * x <= 1.87755
   (  0.507692,   0.492308,          0) * x <= 1.67253
   (         0,       0.45,       0.55) * x <= 1.61122
   (  0.446809,   0.553191,          0) * x <= 1.77594
   (  0.666667,   0.333333,          0) * x <= 1.44218
   (         0,   0.333333,   0.666667) * x <= 1.44218
   (         0,        0.5,        0.5) * x <= 1.68367
   (       0.5,        0.5,          0) * x <= 1.68367

6 Pareto optimal points found:
   (0.9591836735, 2.408163265, 0.4693877551 )
   (0.8163265306, 2.551020408, 0.612244898 )
   (          1, 2.326530612, 0.4285714286 )
   (0.4693877551, 2.408163265, 0.9591836735 )
   (0.612244898, 2.551020408, 0.8163265306 )
   (0.4285714286, 2.326530612,           1 )


Time for model checking: 1.319s.

Performance statistics:
  * peak memory usage: 58MB
  * CPU time: 1.872s
  * wallclock time: 1.925s
	Command being timed: "/home/tq429871/storm/build/bin/storm --prism /home/tq429871/git/multiobjective-ma/slurm/../models/mdp/team/team3obj_4.nm --prop /home/tq429871/git/multiobjective-ma/slurm/../models/mdp/team/team3obj_4_pareto.pctl --multiobjective:precision 0.001 -tm -stats"
	User time (seconds): 1.87
	System time (seconds): 0.04
	Percent of CPU this job got: 96%
	Elapsed (wall clock) time (h:mm:ss or m:ss): 0:01.97
	Average shared text size (kbytes): 0
	Average unshared data size (kbytes): 0
	Average stack size (kbytes): 0
	Average total size (kbytes): 0
	Maximum resident set size (kbytes): 60020
	Average resident set size (kbytes): 0
	Major (requiring I/O) page faults: 0
	Minor (reclaiming a frame) page faults: 24401
	Voluntary context switches: 41
	Involuntary context switches: 4
	Swaps: 0
	File system inputs: 40
	File system outputs: 0
	Socket messages sent: 0
	Socket messages received: 0
	Signals delivered: 0
	Page size (bytes): 4096
	Exit status: 0
