Storm 1.6.3

Date: Thu Nov 26 10:56:42 2020
Command line arguments: --prism /home/tq429871/git/multiobjective-ma/slurm/../models/mdp/team/team2obj_4.nm --prop /home/tq429871/git/multiobjective-ma/slurm/../models/mdp/team/team2obj_4_pareto.pctl '--multiobjective:precision' 0.001 -tm -stats
Current working directory: /rwthfs/rz/cluster/home/tq429871/git/multiobjective-ma/slurm

Time for model input parsing: 0.030s.

Time for model construction: 0.537s.

-------------------------------------------------------------- 
Model type: 	MDP (sparse)
States: 	96665
Transitions: 	116464
Choices: 	115289
Reward Models:  w_1_total
State Labels: 	3 labels
   * deadlock -> 0 item(s)
   * init -> 1 item(s)
   * task1_compl -> 4872 item(s)
Choice Labels: 	none
-------------------------------------------------------------- 

Model checking property "1": multi(Pmax=? [F "task1_compl"], R[exp]{"w_1_total"}max=? [C]) ...
Preprocessing done in 0.095s seconds.
 Result: 
---------------------------------------------------------------------------------------------------------------------------------------
                                                       Multi-objective Query                                              
---------------------------------------------------------------------------------------------------------------------------------------

Original Formula: 
--------------------------------------------------------------
	multi(Pmax=? [F "task1_compl"], R[exp]{"w_1_total"}max=? [C])

The query considers 2 objectives:
--------------------------------------------------------------
Original: Pmax=? [F "task1_compl"] 	Preprocessed: R[exp]{"obj1"}max=? [C] 	result bounds: [0, 1]
Original: R[exp]{"w_1_total"}max=? [C] 	Preprocessed: R[exp]{"w_1_total"}max=? [C] 	result bounds: >=0
Number of Long-Run-Average Reward Objectives (after preprocessing): 0.
Number of Total Reward Objectives (after preprocessing): 2.
--------------------------------------------------------------

Original Model Information:
-------------------------------------------------------------- 
Model type: 	MDP (sparse)
States: 	96665
Transitions: 	116464
Choices: 	115289
Reward Models:  w_1_total
State Labels: 	3 labels
   * deadlock -> 0 item(s)
   * init -> 1 item(s)
   * task1_compl -> 4872 item(s)
Choice Labels: 	none
-------------------------------------------------------------- 

Preprocessed Model Information:
-------------------------------------------------------------- 
Model type: 	MDP (sparse)
States: 	65545
Transitions: 	81032
Choices: 	79857
Reward Models:  obj1, w_1_total
State Labels: 	4 labels
   * deadl -> 15488 item(s)
   * deadlock -> 0 item(s)
   * task1_compl -> 4872 item(s)
   * init -> 1 item(s)
Choice Labels: 	none
-------------------------------------------------------------- 

---------------------------------------------------------------------------------------------------------------------------------------

Weight Vector Checker Statistics:
Final preprocessed model has 50058 states.
Final preprocessed model has 64370 actions.

Pareto Curve Approximation Algorithm terminated after 6 refinement steps.
Solving multi-objective query took 0.562s seconds (consisting of 0.095s seconds for preprocessing and 0.465s seconds for analyzing the preprocessed model).
Result (for initial states): 
Underapproximation of achievable values: Polytope with 4 Halfspaces:
   (         1,          1) * x <= 3.36735
   (         0,          1) * x <= 2.55102
   (         1,        0.5) * x <= 2.16327
   (         1,          0) * x <= 1

Overapproximation of achievable values: Polytope with 6 Halfspaces:
   (         1,          0) * x <= 1
   (         0,          1) * x <= 2.55102
   (  0.507692,   0.492308) * x <= 1.67253
   (  0.446809,   0.553191) * x <= 1.77594
   (  0.666667,   0.333333) * x <= 1.44218
   (       0.5,        0.5) * x <= 1.68367

3 Pareto optimal points found:
   (          1, 2.326530612 )
   (0.9591836735, 2.408163265 )
   (0.8163265306, 2.551020408 )


Time for model checking: 0.562s.

Performance statistics:
  * peak memory usage: 56MB
  * CPU time: 1.121s
  * wallclock time: 1.174s
	Command being timed: "/home/tq429871/storm/build/bin/storm --prism /home/tq429871/git/multiobjective-ma/slurm/../models/mdp/team/team2obj_4.nm --prop /home/tq429871/git/multiobjective-ma/slurm/../models/mdp/team/team2obj_4_pareto.pctl --multiobjective:precision 0.001 -tm -stats"
	User time (seconds): 1.12
	System time (seconds): 0.03
	Percent of CPU this job got: 94%
	Elapsed (wall clock) time (h:mm:ss or m:ss): 0:01.22
	Average shared text size (kbytes): 0
	Average unshared data size (kbytes): 0
	Average stack size (kbytes): 0
	Average total size (kbytes): 0
	Maximum resident set size (kbytes): 57408
	Average resident set size (kbytes): 0
	Major (requiring I/O) page faults: 0
	Minor (reclaiming a frame) page faults: 20985
	Voluntary context switches: 35
	Involuntary context switches: 4
	Swaps: 0
	File system inputs: 40
	File system outputs: 0
	Socket messages sent: 0
	Socket messages received: 0
	Signals delivered: 0
	Page size (bytes): 4096
	Exit status: 0
