PRISM
=====

Version: 4.3.1
Date: Thu Apr 13 09:34:18 EDT 2017
Hostname: storm-eval
Memory limits: cudd=1g, java(heap)=17.8g
Command line: prism models/mdp/dpm/dpm300.nm models/mdp/dpm/dpm300_pareto.pctl -paretoepsilon 0.001 -sparse -javamaxmem 20g

Parsing model file "models/mdp/dpm/dpm300.nm"...

Parsing properties file "models/mdp/dpm/dpm300_pareto.pctl"...

1 property:
(1) multi(R{"power"}min=? [ C<=300 ], R{"queue"}min=? [ C<=300 ])

Type:        MDP
Modules:     timer PM SR SP SQ 
Variables:   c pm sr sp q 

---------------------------------------------------------------------

Model checking: multi(R{"power"}min=? [ C<=300 ], R{"queue"}min=? [ C<=300 ])

Building model...

Computing reachable states...

Reachability (BFS): 13 iterations in 0.00 seconds (average 0.000000, setup 0.00)

Time for model construction: 0.028 seconds.

Type:        MDP
States:      636 (1 initial)
Transitions: 2550
Choices:     1860

Transition matrix: 772 nodes (30 terminal), 2550 minterms, vars: 11r/11c/5nd

States:      636 (1 initial)
Transitions: 2550
Choices:     1860

Transition matrix: 772 nodes (30 terminal), 2550 minterms, vars: 11r/11c/5nd

Prob0A: 1 iterations in 0.00 seconds (average 0.000000, setup 0.00)

yes = 0, no = 0, maybe = 636

Computing remaining probabilities...
Engine: Sparse
Iterative method: 302 iterations in 0.01 seconds (average 0.000040, setup 0.00)
Iterative method: 302 iterations in 0.02 seconds (average 0.000053, setup 0.00)
Iterative method: 302 iterations in 0.02 seconds (average 0.000053, setup 0.00)
Iterative method: 302 iterations in 0.02 seconds (average 0.000053, setup 0.00)
Iterative method: 302 iterations in 0.01 seconds (average 0.000040, setup 0.00)
The value iteration(s) took 0.083 seconds altogether.
Number of weight vectors used: 5
Computed 3 points altogether:

[(-51.20796399002566, -269.558777909061), (-372.3787130513979, -239.65560233218173), (-15.000000000000032, -272.94118837216655)]
Multi-objective value iterations took 0.083 s.

Value in the initial state: [(51.20796399002566,269.558777909061),
(372.3787130513979,239.65560233218173),
(15.000000000000032,272.94118837216655),
(51.20796399002566,269.558777909061)]

Time for model checking: 0.097 seconds.

Result: [(51.20796399002566,269.558777909061),
(372.3787130513979,239.65560233218173),
(15.000000000000032,272.94118837216655),
(51.20796399002566,269.558777909061)] (value in the initial state)


real	0m1.975s
user	0m1.140s
sys	0m0.148s
