PRISM
=====

Version: 4.3.1
Date: Thu Apr 13 09:01:22 EDT 2017
Hostname: storm-eval
Memory limits: cudd=1g, java(heap)=17.8g
Command line: prism models/mdp/scheduler/scheduler50.nm models/mdp/scheduler/scheduler50_pareto.pctl -paretoepsilon 0.001 -sparse -javamaxmem 20g

Parsing model file "models/mdp/scheduler/scheduler50.nm"...

Parsing properties file "models/mdp/scheduler/scheduler50_pareto.pctl"...

1 property:
(1) multi(R{"energy"}min=? [ C ], R{"time"}min=? [ C ])

Type:        MDP
Modules:     scheduler P1 P2 
Variables:   task1 task2 task3 task4 task5 task6 p1 c1 x1 p2 c2 x2 

---------------------------------------------------------------------

Model checking: multi(R{"energy"}min=? [ C ], R{"time"}min=? [ C ])

Building model...

Computing reachable states...

Reachability (BFS): 819 iterations in 31.89 seconds (average 0.038940, setup 0.00)

Time for model construction: 32.294 seconds.

Type:        MDP
States:      2457510 (1 initial)
Transitions: 4564394
Choices:     4542575

Transition matrix: 45541 nodes (5 terminal), 4564394 minterms, vars: 37r/37c/10nd

States:      2457510 (1 initial)
Transitions: 4564394
Choices:     4542575

Transition matrix: 45541 nodes (5 terminal), 4564394 minterms, vars: 37r/37c/10nd

Prob0A: 1 iterations in 0.01 seconds (average 0.012000, setup 0.00)

yes = 0, no = 0, maybe = 2457510

Computing remaining probabilities...
Engine: Sparse
Iterative method: 2045 iterations in 243.81 seconds (average 0.119216, setup 0.01)
Iterative method: 1077 iterations in 131.04 seconds (average 0.121656, setup 0.02)
Iterative method: 1715 iterations in 210.56 seconds (average 0.122773, setup 0.01)
Iterative method: 1163 iterations in 142.35 seconds (average 0.122387, setup 0.02)
Iterative method: 1990 iterations in 240.84 seconds (average 0.121017, setup 0.01)
Iterative method: 1028 iterations in 123.91 seconds (average 0.120514, setup 0.02)
Iterative method: 1556 iterations in 188.71 seconds (average 0.121272, setup 0.01)
Iterative method: 1058 iterations in 127.97 seconds (average 0.120941, setup 0.01)
Iterative method: 1127 iterations in 134.46 seconds (average 0.119297, setup 0.01)
Iterative method: 1288 iterations in 152.05 seconds (average 0.118034, setup 0.02)
Iterative method: 1620 iterations in 217.92 seconds (average 0.134511, setup 0.01)
The value iteration(s) took 1916.205 seconds altogether.
Number of weight vectors used: 11
Computed 10 points altogether:

[(-1.384051851851841, -19.967160493826817), (-1.3929111111110954, -16.417037037036774), (-1.383088888888877, -20.74888888888853), (-1.4001999999999852, -16.068395061728136), (-1.4410444444444281, -15.802962962962711), (-1.453177777777761, -15.76370370370345), (-1.4169777777777621, -15.888148148147895), (-1.4123259259259107, -15.930288065843367), (-1.403111111111096, -16.017530864197273), (-1.4021333333333184, -16.034238683127317)]
Multi-objective value iterations took 1916.206 s.

Value in the initial state: [(1.384051851851841,19.967160493826817),
(1.3929111111110954,16.417037037036774),
(1.383088888888877,20.74888888888853),
(1.384051851851841,19.967160493826817),
(1.3929111111110954,16.417037037036774),
(1.4001999999999852,16.068395061728136),
(1.4410444444444281,15.802962962962711),
(1.453177777777761,15.76370370370345),
(1.4169777777777621,15.888148148147895),
(1.4410444444444281,15.802962962962711),
(1.4123259259259107,15.930288065843367),
(1.4169777777777621,15.888148148147895),
(1.403111111111096,16.017530864197273),
(1.4123259259259107,15.930288065843367),
(1.4021333333333184,16.034238683127317),
(1.403111111111096,16.017530864197273),
(1.4001999999999852,16.068395061728136),
(1.4021333333333184,16.034238683127317)]

Time for model checking: 1939.008 seconds.

Result: [(1.384051851851841,19.967160493826817),
(1.3929111111110954,16.417037037036774),
(1.383088888888877,20.74888888888853),
(1.384051851851841,19.967160493826817),
(1.3929111111110954,16.417037037036774),
(1.4001999999999852,16.068395061728136),
(1.4410444444444281,15.802962962962711),
(1.453177777777761,15.76370370370345),
(1.4169777777777621,15.888148148147895),
(1.4410444444444281,15.802962962962711),
(1.4123259259259107,15.930288065843367),
(1.4169777777777621,15.888148148147895),
(1.403111111111096,16.017530864197273),
(1.4123259259259107,15.930288065843367),
(1.4021333333333184,16.034238683127317),
(1.403111111111096,16.017530864197273),
(1.4001999999999852,16.068395061728136),
(1.4021333333333184,16.034238683127317)] (value in the initial state)


real	32m52.716s
user	32m52.144s
sys	0m1.900s
