PRISM
=====

Version: 4.3.1
Date: Thu Apr 13 09:37:31 EDT 2017
Hostname: storm-eval
Memory limits: cudd=1g, java(heap)=17.8g
Command line: prism models/mdp/team/team2obj_3.nm models/mdp/team/team2obj_3_pareto.pctl -paretoepsilon 0.001 -sparse -javamaxmem 20g -gs

Parsing model file "models/mdp/team/team2obj_3.nm"...

Parsing properties file "models/mdp/team/team2obj_3_pareto.pctl"...

1 property:
(1) multi(Pmax=? [ F "task1_compl" ], R{"w_1_total"}max=? [ C ])

Type:        MDP
Modules:     controller sensor1 sensor2 sensor3 
Variables:   status t1_r1 t1_r2 t1_r3 t2_r1 t2_r2 t2_r3 turn1 turn2 turn3 state1 m1_t1 m1_t2 state2 m2_t1 m2_t2 state3 m3_t1 m3_t2 

---------------------------------------------------------------------

Model checking: multi(Pmax=? [ F "task1_compl" ], R{"w_1_total"}max=? [ C ])

Building model...

Computing reachable states...

Reachability (BFS): 13 iterations in 0.05 seconds (average 0.003692, setup 0.00)

Time for model construction: 0.174 seconds.

Type:        MDP
States:      12475 (1 initial)
Transitions: 15228
Choices:     14935

Transition matrix: 16500 nodes (4 terminal), 15228 minterms, vars: 24r/24c/10nd

Building deterministic Rabin automaton (for F "L0")...
Taking deterministic Rabin automaton from library...
DRA has 2 states, , 1 Rabin pairs.Time for Rabin translation: 0.025 seconds.

Constructing MDP-DRA product...

Reachability (BFS): 13 iterations in 0.04 seconds (average 0.003077, setup 0.00)
States:      12475 (1 initial)
Transitions: 15228
Choices:     14935

Transition matrix: 17753 nodes (4 terminal), 15228 minterms, vars: 25r/25c/10nd

States:      12475 (1 initial)
Transitions: 15228
Choices:     14935

Transition matrix: 17753 nodes (4 terminal), 15228 minterms, vars: 25r/25c/10nd

Finding accepting end components for F "task1_compl"...
Time for end component identification: 0.021 seconds.

Prob0A: 11 iterations in 0.05 seconds (average 0.004727, setup 0.00)

yes = 546, no = 0, maybe = 11929

Computing remaining probabilities...
Engine: Sparse
Iterative method: 14 iterations in 0.00 seconds (average 0.000286, setup 0.00)
Iterative method: 14 iterations in 0.01 seconds (average 0.000571, setup 0.00)
Iterative method: 14 iterations in 0.00 seconds (average 0.000286, setup 0.00)
The value iteration(s) took 0.089 seconds altogether.
Number of weight vectors used: 2
Computed 1 points altogether:

[(1.0000000000000007, 2.0204081632653077)]
Multi-objective value iterations took 0.089 s.

Value in the initial state: [(1.0000000000000007,2.0204081632653077),
(1.0000000000000007,2.0204081632653077)]

Time for model checking: 8.455 seconds.

Result: [(1.0000000000000007,2.0204081632653077),
(1.0000000000000007,2.0204081632653077)] (value in the initial state)


real	0m9.923s
user	0m10.240s
sys	0m0.248s
