PRISM
=====

Version: 4.3.1
Date: Thu Apr 13 02:59:03 EDT 2017
Hostname: storm-eval
Memory limits: cudd=1g, java(heap)=17.8g
Command line: prism models/mdp/zeroconf/zeroconf6.nm models/mdp/zeroconf/zeroconf6_pareto.pctl -paretoepsilon 0.001 -sparse -javamaxmem 20g

Parsing model file "models/mdp/zeroconf/zeroconf6.nm"...

Parsing properties file "models/mdp/zeroconf/zeroconf6_pareto.pctl"...

1 property:
(1) multi(Pmax=? [ F l=4&ip=1 ], Pmax=? [ G (error=0) ])

Type:        MDP
Modules:     host0 env_error6 
Variables:   x y coll probes mess defend ip l env k c1 c2 c3 c4 c5 c6 error 

---------------------------------------------------------------------

Model checking: multi(Pmax=? [ F l=4&ip=1 ], Pmax=? [ G (error=0) ])

Building model...

Computing reachable states...

Reachability (BFS): 128 iterations in 0.32 seconds (average 0.002500, setup 0.00)

Time for model construction: 0.526 seconds.

Type:        MDP
States:      10543 (1 initial)
Transitions: 32003
Choices:     31008

Transition matrix: 3238 nodes (4 terminal), 32003 minterms, vars: 40r/40c/7nd

Building deterministic Rabin automaton (for F "L0")...
Taking deterministic Rabin automaton from library...
DRA has 2 states, , 1 Rabin pairs.Time for Rabin translation: 0.032 seconds.

Constructing MDP-DRA product...

Reachability (BFS): 128 iterations in 0.30 seconds (average 0.002375, setup 0.00)
States:      10543 (1 initial)
Transitions: 32003
Choices:     31008

Transition matrix: 3325 nodes (4 terminal), 32003 minterms, vars: 41r/41c/7nd

Building deterministic Rabin automaton (for G "L0")...
Taking deterministic Rabin automaton from library...
DRA has 2 states, , 1 Rabin pairs.Time for Rabin translation: 0.004 seconds.

Constructing MDP-DRA product...

Reachability (BFS): 128 iterations in 0.30 seconds (average 0.002375, setup 0.00)
States:      10543 (1 initial)
Transitions: 32003
Choices:     31008

Transition matrix: 4445 nodes (4 terminal), 32003 minterms, vars: 42r/42c/7nd

States:      10543 (1 initial)
Transitions: 32003
Choices:     31008

Transition matrix: 4445 nodes (4 terminal), 32003 minterms, vars: 42r/42c/7nd

Finding accepting end components for F l=4&ip=1...
Time for end component identification: 0.153 seconds.

Finding accepting end components for G (error=0)...
Time for end component identification: 0.136 seconds.

Prob0A: 88 iterations in 0.07 seconds (average 0.000818, setup 0.00)

yes = 9673, no = 238, maybe = 632

Computing remaining probabilities...
Engine: Sparse
Iterative method: 91 iterations in 0.05 seconds (average 0.000484, setup 0.00)
Iterative method: 3 iterations in 0.00 seconds (average 0.001333, setup 0.00)
Iterative method: 91 iterations in 0.09 seconds (average 0.000967, setup 0.00)
The value iteration(s) took 0.186 seconds altogether.
Number of weight vectors used: 1
Computed 3 points altogether:

[(3.075787401574803E-4, 0.9996924212598424), (0.0, 1.0), (3.075787401574803E-4, 0.0)]
Multi-objective value iterations took 0.187 s.

Value in the initial state: [(3.075787401574803E-4,0.9996924212598424),
(0.0,1.0),
(3.075787401574803E-4,0.0),
(3.075787401574803E-4,0.9996924212598424)]

Time for model checking: 14.541 seconds.

Result: [(3.075787401574803E-4,0.9996924212598424),
(0.0,1.0),
(3.075787401574803E-4,0.0),
(3.075787401574803E-4,0.9996924212598424)] (value in the initial state)


real	0m17.139s
user	0m17.936s
sys	0m0.528s
