PRISM
=====

Version: 4.3.1
Date: Thu Apr 13 09:42:43 EDT 2017
Hostname: storm-eval
Memory limits: cudd=1g, java(heap)=17.8g
Command line: prism models/mdp/team/team3obj_4.nm models/mdp/team/team3obj_4_pareto.pctl -paretoepsilon 0.001 -sparse -javamaxmem 20g -gs

Parsing model file "models/mdp/team/team3obj_4.nm"...

Parsing properties file "models/mdp/team/team3obj_4_pareto.pctl"...

1 property:
(1) multi(Pmax=? [ F "task1_compl" ], R{"w_1_total"}max=? [ C ], Pmax=? [ F "task2_compl" ])

Type:        MDP
Modules:     controller sensor1 sensor2 sensor3 sensor4 
Variables:   status t1_r1 t1_r2 t1_r3 t2_r1 t2_r2 t2_r3 turn1 turn2 turn3 turn4 turn5 state1 m1_t1 m1_t2 state2 m2_t1 m2_t2 state3 m3_t1 m3_t2 state4 m4_t1 m4_t2 

---------------------------------------------------------------------

Model checking: multi(Pmax=? [ F "task1_compl" ], R{"w_1_total"}max=? [ C ], Pmax=? [ F "task2_compl" ])

Building model...

Computing reachable states...

Reachability (BFS): 16 iterations in 0.47 seconds (average 0.029500, setup 0.00)

Time for model construction: 1.416 seconds.

Type:        MDP
States:      96665 (1 initial)
Transitions: 116464
Choices:     115289

Transition matrix: 101788 nodes (4 terminal), 116464 minterms, vars: 36r/36c/13nd

Building deterministic Rabin automaton (for F "L0")...
Taking deterministic Rabin automaton from library...
DRA has 2 states, , 1 Rabin pairs.Time for Rabin translation: 0.02 seconds.

Constructing MDP-DRA product...

Reachability (BFS): 16 iterations in 0.45 seconds (average 0.028000, setup 0.00)
States:      96665 (1 initial)
Transitions: 116464
Choices:     115289

Transition matrix: 109827 nodes (4 terminal), 116464 minterms, vars: 37r/37c/13nd

Building deterministic Rabin automaton (for F "L0")...
Taking deterministic Rabin automaton from library...
DRA has 2 states, , 1 Rabin pairs.Time for Rabin translation: 0.001 seconds.

Constructing MDP-DRA product...

Reachability (BFS): 16 iterations in 0.48 seconds (average 0.029750, setup 0.00)
States:      96665 (1 initial)
Transitions: 116464
Choices:     115289

Transition matrix: 130439 nodes (4 terminal), 116464 minterms, vars: 38r/38c/13nd

States:      96665 (1 initial)
Transitions: 116464
Choices:     115289

Transition matrix: 130439 nodes (4 terminal), 116464 minterms, vars: 38r/38c/13nd

Finding accepting end components for F "task1_compl"...
Time for end component identification: 0.2 seconds.

Finding accepting end components for F "task2_compl"...
Time for end component identification: 0.093 seconds.

Prob0A: 13 iterations in 0.68 seconds (average 0.052615, setup 0.00)

yes = 8784, no = 0, maybe = 87881

Computing remaining probabilities...
Engine: Sparse

Error: Number of maximizing objectives must be at most 2.

Warning: CUDD reports 228157 non-zero references.


real	8m17.041s
user	8m17.828s
sys	0m0.824s
