PRISM
=====

Version: 4.3.1
Date: Thu Apr 13 02:59:20 EDT 2017
Hostname: storm-eval
Memory limits: cudd=1g, java(heap)=17.8g
Command line: prism models/mdp/zeroconf-tb/zeroconf-tb4_10.nm models/mdp/zeroconf-tb/zeroconf-tb4_10_pareto.pctl -paretoepsilon 0.001 -sparse -javamaxmem 20g

Parsing model file "models/mdp/zeroconf-tb/zeroconf-tb4_10.nm"...

Parsing properties file "models/mdp/zeroconf-tb/zeroconf-tb4_10_pareto.pctl"...

1 property:
(1) multi(Pmax=? [ F time_error=1 ], Pmax=? [ G (error=0) ])

Type:        MDP
Modules:     host0 env_error4 time_error 
Variables:   x y coll probes mess defend ip l env k c1 c2 c3 c4 error time_error done t 

---------------------------------------------------------------------

Model checking: multi(Pmax=? [ F time_error=1 ], Pmax=? [ G (error=0) ])

Building model...

Computing reachable states...

Reachability (BFS): 125 iterations in 0.55 seconds (average 0.004384, setup 0.00)

Time for model construction: 0.754 seconds.

Type:        MDP
States:      19670 (1 initial)
Transitions: 63353
Choices:     59358

Transition matrix: 9893 nodes (4 terminal), 63353 minterms, vars: 42r/42c/8nd

Building deterministic Rabin automaton (for F "L0")...
Taking deterministic Rabin automaton from library...
DRA has 2 states, , 1 Rabin pairs.Time for Rabin translation: 0.023 seconds.

Constructing MDP-DRA product...

Reachability (BFS): 125 iterations in 0.95 seconds (average 0.007616, setup 0.00)
States:      19670 (1 initial)
Transitions: 63353
Choices:     59358

Transition matrix: 11570 nodes (4 terminal), 63353 minterms, vars: 43r/43c/8nd

Building deterministic Rabin automaton (for G "L0")...
Taking deterministic Rabin automaton from library...
DRA has 2 states, , 1 Rabin pairs.Time for Rabin translation: 0.004 seconds.

Constructing MDP-DRA product...

Reachability (BFS): 125 iterations in 1.66 seconds (average 0.013312, setup 0.00)
States:      19670 (1 initial)
Transitions: 63353
Choices:     59358

Transition matrix: 14283 nodes (4 terminal), 63353 minterms, vars: 44r/44c/8nd

States:      19670 (1 initial)
Transitions: 63353
Choices:     59358

Transition matrix: 14283 nodes (4 terminal), 63353 minterms, vars: 44r/44c/8nd

Finding accepting end components for F time_error=1...
Time for end component identification: 0.256 seconds.

Finding accepting end components for G (error=0)...
Time for end component identification: 0.265 seconds.

Prob0A: 6 iterations in 0.02 seconds (average 0.003333, setup 0.00)

yes = 17645, no = 902, maybe = 1123

Computing remaining probabilities...
Engine: Sparse
Iterative method: 22 iterations in 0.02 seconds (average 0.000727, setup 0.00)
Iterative method: 3 iterations in 0.00 seconds (average 0.000000, setup 0.00)
Iterative method: 22 iterations in 0.02 seconds (average 0.001091, setup 0.00)
Iterative method: 3 iterations in 0.00 seconds (average 0.000000, setup 0.00)
Iterative method: 22 iterations in 0.03 seconds (average 0.001273, setup 0.00)
The value iteration(s) took 0.158 seconds altogether.
Number of weight vectors used: 3
Computed 3 points altogether:

[(0.33353838582677153, 0.9999999999999998), (0.0, 1.0), (0.33353838582677153, 0.3334358595800524)]
Multi-objective value iterations took 0.159 s.

Value in the initial state: [(0.33353838582677153,0.9999999999999998),
(0.0,1.0),
(0.33353838582677153,0.3334358595800524),
(0.33353838582677153,0.9999999999999998)]

Time for model checking: 42.518 seconds.

Result: [(0.33353838582677153,0.9999999999999998),
(0.0,1.0),
(0.33353838582677153,0.3334358595800524),
(0.33353838582677153,0.9999999999999998)] (value in the initial state)


real	0m44.697s
user	0m45.392s
sys	0m0.552s
