PRISM
=====

Version: 4.3.1
Date: Thu Apr 13 08:51:16 EDT 2017
Hostname: storm-eval
Memory limits: cudd=1g, java(heap)=17.8g
Command line: prism models/mdp/zeroconf-tb/zeroconf-tb2_14.nm models/mdp/zeroconf-tb/zeroconf-tb2_14_pareto.pctl -paretoepsilon 0.001 -sparse -javamaxmem 20g

Parsing model file "models/mdp/zeroconf-tb/zeroconf-tb2_14.nm"...

Parsing properties file "models/mdp/zeroconf-tb/zeroconf-tb2_14_pareto.pctl"...

1 property:
(1) multi(Pmax=? [ F time_error=1 ], Pmax=? [ G (error=0) ])

Type:        MDP
Modules:     host0 env_error2 time_error 
Variables:   x y coll probes mess defend ip l env k c1 c2 error time_error done t 

---------------------------------------------------------------------

Model checking: multi(Pmax=? [ F time_error=1 ], Pmax=? [ G (error=0) ])

Building model...

Computing reachable states...

Reachability (BFS): 126 iterations in 0.36 seconds (average 0.002825, setup 0.00)

Time for model construction: 0.472 seconds.

Type:        MDP
States:      29572 (1 initial)
Transitions: 92605
Choices:     86585

Transition matrix: 9057 nodes (4 terminal), 92605 minterms, vars: 36r/36c/8nd

Building deterministic Rabin automaton (for F "L0")...
Taking deterministic Rabin automaton from library...
DRA has 2 states, , 1 Rabin pairs.Time for Rabin translation: 0.01 seconds.

Constructing MDP-DRA product...

Reachability (BFS): 126 iterations in 0.44 seconds (average 0.003460, setup 0.00)
States:      29572 (1 initial)
Transitions: 92605
Choices:     86585

Transition matrix: 10373 nodes (4 terminal), 92605 minterms, vars: 37r/37c/8nd

Building deterministic Rabin automaton (for G "L0")...
Taking deterministic Rabin automaton from library...
DRA has 2 states, , 1 Rabin pairs.Time for Rabin translation: 0.0 seconds.

Constructing MDP-DRA product...

Reachability (BFS): 126 iterations in 0.46 seconds (average 0.003683, setup 0.00)
States:      29572 (1 initial)
Transitions: 92605
Choices:     86585

Transition matrix: 14230 nodes (4 terminal), 92605 minterms, vars: 38r/38c/8nd

States:      29572 (1 initial)
Transitions: 92605
Choices:     86585

Transition matrix: 14230 nodes (4 terminal), 92605 minterms, vars: 38r/38c/8nd

Finding accepting end components for F time_error=1...
Time for end component identification: 0.294 seconds.

Finding accepting end components for G (error=0)...
Time for end component identification: 0.366 seconds.

Prob0A: 20 iterations in 0.09 seconds (average 0.004400, setup 0.00)

yes = 23767, no = 3321, maybe = 2484

Computing remaining probabilities...
Engine: Sparse
Iterative method: 34 iterations in 0.04 seconds (average 0.001176, setup 0.00)
Iterative method: 3 iterations in 0.00 seconds (average 0.001333, setup 0.00)
Iterative method: 34 iterations in 0.06 seconds (average 0.001647, setup 0.00)
The value iteration(s) took 0.187 seconds altogether.
Number of weight vectors used: 1
Computed 2 points altogether:

[(8.059348391417451E-8, 0.0), (0.0, 1.0)]
Multi-objective value iterations took 0.188 s.

Value in the initial state: [(8.059348391417451E-8,0.0),
(0.0,1.0)]

Time for model checking: 41.423 seconds.

Result: [(8.059348391417451E-8,0.0),
(0.0,1.0)] (value in the initial state)


real	0m43.184s
user	0m43.984s
sys	0m0.388s
