PRISM
=====

Version: 4.3.1
Date: Thu Apr 13 17:57:46 EDT 2017
Hostname: storm-eval
Memory limits: cudd=1g, java(heap)=17.8g
Command line: prism models/mdp/scheduler/scheduler50.nm models/mdp/scheduler/scheduler50_pareto.pctl -paretoepsilon 0.001 -sparse -javamaxmem 20g -gs

Parsing model file "models/mdp/scheduler/scheduler50.nm"...

Parsing properties file "models/mdp/scheduler/scheduler50_pareto.pctl"...

1 property:
(1) multi(R{"energy"}min=? [ C ], R{"time"}min=? [ C ])

Type:        MDP
Modules:     scheduler P1 P2 
Variables:   task1 task2 task3 task4 task5 task6 p1 c1 x1 p2 c2 x2 

---------------------------------------------------------------------

Model checking: multi(R{"energy"}min=? [ C ], R{"time"}min=? [ C ])

Building model...

Computing reachable states...

Reachability (BFS): 819 iterations in 34.88 seconds (average 0.042589, setup 0.00)

Time for model construction: 35.391 seconds.

Type:        MDP
States:      2457510 (1 initial)
Transitions: 4564394
Choices:     4542575

Transition matrix: 45541 nodes (5 terminal), 4564394 minterms, vars: 37r/37c/10nd

States:      2457510 (1 initial)
Transitions: 4564394
Choices:     4542575

Transition matrix: 45541 nodes (5 terminal), 4564394 minterms, vars: 37r/37c/10nd

Prob0A: 1 iterations in 0.01 seconds (average 0.012000, setup 0.00)

yes = 0, no = 0, maybe = 2457510

Computing remaining probabilities...
Engine: Sparse
Iterative method: 2045 iterations in 241.53 seconds (average 0.118105, setup 0.00)
Iterative method: 1077 iterations in 130.65 seconds (average 0.121307, setup 0.00)
Iterative method: 1715 iterations in 201.90 seconds (average 0.117726, setup 0.00)
Iterative method: 1163 iterations in 136.50 seconds (average 0.117365, setup 0.00)
Iterative method: 1990 iterations in 234.06 seconds (average 0.117616, setup 0.01)
Iterative method: 1028 iterations in 122.63 seconds (average 0.119284, setup 0.01)
Iterative method: 1556 iterations in 182.68 seconds (average 0.117393, setup 0.01)
Iterative method: 1058 iterations in 123.94 seconds (average 0.117130, setup 0.01)
Iterative method: 1127 iterations in 131.82 seconds (average 0.116962, setup 0.01)
Iterative method: 1288 iterations in 151.24 seconds (average 0.117419, setup 0.01)
Iterative method: 1620 iterations in 201.71 seconds (average 0.124509, setup 0.01)
The value iteration(s) took 1870.075 seconds altogether.
Number of weight vectors used: 11
Computed 10 points altogether:

[(-1.384051851851841, -19.967160493826817), (-1.3929111111110954, -16.417037037036774), (-1.383088888888877, -20.74888888888853), (-1.4001999999999852, -16.068395061728136), (-1.4410444444444281, -15.802962962962711), (-1.453177777777761, -15.76370370370345), (-1.4169777777777621, -15.888148148147895), (-1.4123259259259107, -15.930288065843367), (-1.403111111111096, -16.017530864197273), (-1.4021333333333184, -16.034238683127317)]
Multi-objective value iterations took 1870.076 s.

Value in the initial state: [(1.384051851851841,19.967160493826817),
(1.3929111111110954,16.417037037036774),
(1.383088888888877,20.74888888888853),
(1.384051851851841,19.967160493826817),
(1.3929111111110954,16.417037037036774),
(1.4001999999999852,16.068395061728136),
(1.4410444444444281,15.802962962962711),
(1.453177777777761,15.76370370370345),
(1.4169777777777621,15.888148148147895),
(1.4410444444444281,15.802962962962711),
(1.4123259259259107,15.930288065843367),
(1.4169777777777621,15.888148148147895),
(1.403111111111096,16.017530864197273),
(1.4123259259259107,15.930288065843367),
(1.4021333333333184,16.034238683127317),
(1.403111111111096,16.017530864197273),
(1.4001999999999852,16.068395061728136),
(1.4021333333333184,16.034238683127317)]

Time for model checking: 1901.092 seconds.

Result: [(1.384051851851841,19.967160493826817),
(1.3929111111110954,16.417037037036774),
(1.383088888888877,20.74888888888853),
(1.384051851851841,19.967160493826817),
(1.3929111111110954,16.417037037036774),
(1.4001999999999852,16.068395061728136),
(1.4410444444444281,15.802962962962711),
(1.453177777777761,15.76370370370345),
(1.4169777777777621,15.888148148147895),
(1.4410444444444281,15.802962962962711),
(1.4123259259259107,15.930288065843367),
(1.4169777777777621,15.888148148147895),
(1.403111111111096,16.017530864197273),
(1.4123259259259107,15.930288065843367),
(1.4021333333333184,16.034238683127317),
(1.403111111111096,16.017530864197273),
(1.4001999999999852,16.068395061728136),
(1.4021333333333184,16.034238683127317)] (value in the initial state)


real	32m18.038s
user	32m8.084s
sys	0m2.788s
