PRISM
=====

Version: 4.3.1
Date: Thu Apr 13 08:50:56 EDT 2017
Hostname: storm-eval
Memory limits: cudd=1g, java(heap)=17.8g
Command line: prism models/mdp/zeroconf/zeroconf8.nm models/mdp/zeroconf/zeroconf8_pareto.pctl -paretoepsilon 0.001 -sparse -javamaxmem 20g

Parsing model file "models/mdp/zeroconf/zeroconf8.nm"...

Parsing properties file "models/mdp/zeroconf/zeroconf8_pareto.pctl"...

1 property:
(1) multi(Pmax=? [ F l=4&ip=1 ], Pmax=? [ G (error=0) ])

Type:        MDP
Modules:     host0 env_error8 
Variables:   x y coll probes mess defend ip l env k c1 c2 c3 c4 c5 c6 c7 c8 error 

---------------------------------------------------------------------

Model checking: multi(Pmax=? [ F l=4&ip=1 ], Pmax=? [ G (error=0) ])

Building model...

Computing reachable states...

Reachability (BFS): 140 iterations in 0.24 seconds (average 0.001714, setup 0.00)

Time for model construction: 0.326 seconds.

Type:        MDP
States:      17221 (1 initial)
Transitions: 52163
Choices:     50838

Transition matrix: 4321 nodes (4 terminal), 52163 minterms, vars: 46r/46c/7nd

Building deterministic Rabin automaton (for F "L0")...
Taking deterministic Rabin automaton from library...
DRA has 2 states, , 1 Rabin pairs.Time for Rabin translation: 0.013 seconds.

Constructing MDP-DRA product...

Reachability (BFS): 140 iterations in 0.16 seconds (average 0.001143, setup 0.00)
States:      17221 (1 initial)
Transitions: 52163
Choices:     50838

Transition matrix: 4412 nodes (4 terminal), 52163 minterms, vars: 47r/47c/7nd

Building deterministic Rabin automaton (for G "L0")...
Taking deterministic Rabin automaton from library...
DRA has 2 states, , 1 Rabin pairs.Time for Rabin translation: 0.001 seconds.

Constructing MDP-DRA product...

Reachability (BFS): 140 iterations in 0.19 seconds (average 0.001343, setup 0.00)
States:      17221 (1 initial)
Transitions: 52163
Choices:     50838

Transition matrix: 5586 nodes (4 terminal), 52163 minterms, vars: 48r/48c/7nd

States:      17221 (1 initial)
Transitions: 52163
Choices:     50838

Transition matrix: 5586 nodes (4 terminal), 52163 minterms, vars: 48r/48c/7nd

Finding accepting end components for F l=4&ip=1...
Time for end component identification: 0.13 seconds.

Finding accepting end components for G (error=0)...
Time for end component identification: 0.173 seconds.

Prob0A: 94 iterations in 0.06 seconds (average 0.000638, setup 0.00)

yes = 16117, no = 304, maybe = 800

Computing remaining probabilities...
Engine: Sparse
Iterative method: 97 iterations in 0.05 seconds (average 0.000536, setup 0.00)
Iterative method: 3 iterations in 0.00 seconds (average 0.000000, setup 0.00)
Iterative method: 97 iterations in 0.06 seconds (average 0.000660, setup 0.00)
The value iteration(s) took 0.171 seconds altogether.
Number of weight vectors used: 1
Computed 3 points altogether:

[(3.075787401574803E-4, 0.9996924212598424), (0.0, 1.0), (3.075787401574803E-4, 0.0)]
Multi-objective value iterations took 0.172 s.

Value in the initial state: [(3.075787401574803E-4,0.9996924212598424),
(0.0,1.0),
(3.075787401574803E-4,0.0),
(3.075787401574803E-4,0.9996924212598424)]

Time for model checking: 18.377 seconds.

Result: [(3.075787401574803E-4,0.9996924212598424),
(0.0,1.0),
(3.075787401574803E-4,0.0),
(3.075787401574803E-4,0.9996924212598424)] (value in the initial state)


real	0m19.960s
user	0m21.344s
sys	0m0.312s
