PRISM
=====

Version: 4.3.1
Date: Thu Apr 13 12:14:02 EDT 2017
Hostname: storm-eval
Memory limits: cudd=1g, java(heap)=17.8g
Command line: prism models/mdp/team/team3obj_5.nm models/mdp/team/team3obj_5_pareto.pctl -paretoepsilon 0.001 -sparse -javamaxmem 20g -gs

Parsing model file "models/mdp/team/team3obj_5.nm"...

Parsing properties file "models/mdp/team/team3obj_5_pareto.pctl"...

1 property:
(1) multi(Pmax=? [ F "task1_compl" ], R{"w_1_total"}max=? [ C ], Pmax=? [ F "task2_compl" ])

Type:        MDP
Modules:     controller sensor1 sensor2 sensor3 sensor4 sensor5 
Variables:   status t1_r1 t1_r2 t1_r3 t2_r1 t2_r2 t2_r3 turn1 turn2 turn3 turn4 turn5 state1 m1_t1 m1_t2 state2 m2_t1 m2_t2 state3 m3_t1 m3_t2 state4 m4_t1 m4_t2 state5 m5_t1 m5_t2 

---------------------------------------------------------------------

Model checking: multi(Pmax=? [ F "task1_compl" ], R{"w_1_total"}max=? [ C ], Pmax=? [ F "task2_compl" ])

Building model...

Computing reachable states...

Reachability (BFS): 19 iterations in 2.03 seconds (average 0.106737, setup 0.00)

Time for model construction: 7.755 seconds.

Type:        MDP
States:      907993 (1 initial)
Transitions: 1084752
Choices:     1078873

Transition matrix: 361071 nodes (4 terminal), 1084752 minterms, vars: 40r/40c/16nd

Building deterministic Rabin automaton (for F "L0")...
Taking deterministic Rabin automaton from library...
DRA has 2 states, , 1 Rabin pairs.Time for Rabin translation: 0.02 seconds.

Constructing MDP-DRA product...

Reachability (BFS): 19 iterations in 2.15 seconds (average 0.113053, setup 0.00)
States:      907993 (1 initial)
Transitions: 1084752
Choices:     1078873

Transition matrix: 388712 nodes (4 terminal), 1084752 minterms, vars: 41r/41c/16nd

Building deterministic Rabin automaton (for F "L0")...
Taking deterministic Rabin automaton from library...
DRA has 2 states, , 1 Rabin pairs.Time for Rabin translation: 0.0 seconds.

Constructing MDP-DRA product...

Reachability (BFS): 19 iterations in 1.97 seconds (average 0.103579, setup 0.00)
States:      907993 (1 initial)
Transitions: 1084752
Choices:     1078873

Transition matrix: 449699 nodes (4 terminal), 1084752 minterms, vars: 42r/42c/16nd

States:      907993 (1 initial)
Transitions: 1084752
Choices:     1078873

Transition matrix: 449699 nodes (4 terminal), 1084752 minterms, vars: 42r/42c/16nd

Finding accepting end components for F "task1_compl"...
Time for end component identification: 2.67 seconds.

Finding accepting end components for F "task2_compl"...
Time for end component identification: 1.741 seconds.

Prob0A: 15 iterations in 3.72 seconds (average 0.248267, setup 0.00)

yes = 90960, no = 0, maybe = 817033

Computing remaining probabilities...
Engine: Sparse

Error: Number of maximizing objectives must be at most 2.

Warning: CUDD reports 782808 non-zero references.


real	334m30.459s
user	208m40.416s
sys	0m9.448s
