PRISM
=====

Version: 4.3.1
Date: Thu Apr 13 09:34:20 EDT 2017
Hostname: storm-eval
Memory limits: cudd=1g, java(heap)=17.8g
Command line: prism models/mdp/consensus/consensus2_3_2.nm models/mdp/consensus/consensus2_3_2_pareto.pctl -paretoepsilon 0.001 -sparse -javamaxmem 20g -gs

Parsing model file "models/mdp/consensus/consensus2_3_2.nm"...

Parsing properties file "models/mdp/consensus/consensus2_3_2_pareto.pctl"...

1 property:
(1) multi(Pmax=? [ F "one_proc_err" ], Pmax=? [ G "one_coin_ok" ])

Type:        MDP
Modules:     process1 process2 coin1_error 
Variables:   s1 r1 p1 s2 r2 p2 c1 v1 

---------------------------------------------------------------------

Model checking: multi(Pmax=? [ F "one_proc_err" ], Pmax=? [ G "one_coin_ok" ])

Building model...

Computing reachable states...

Reachability (BFS): 23 iterations in 0.01 seconds (average 0.000522, setup 0.00)

Time for model construction: 0.075 seconds.

Type:        MDP
States:      691 (1 initial)
Transitions: 1190
Choices:     1190

Transition matrix: 2044 nodes (2 terminal), 1190 minterms, vars: 17r/17c/15nd

Building deterministic Rabin automaton (for F "L0")...
Taking deterministic Rabin automaton from library...
DRA has 2 states, , 1 Rabin pairs.Time for Rabin translation: 0.023 seconds.

Constructing MDP-DRA product...

Reachability (BFS): 23 iterations in 0.01 seconds (average 0.000348, setup 0.00)
States:      691 (1 initial)
Transitions: 1190
Choices:     1190

Transition matrix: 2210 nodes (2 terminal), 1190 minterms, vars: 18r/18c/15nd

Building deterministic Rabin automaton (for G "L0")...
Taking deterministic Rabin automaton from library...
DRA has 2 states, , 1 Rabin pairs.Time for Rabin translation: 0.0 seconds.

Constructing MDP-DRA product...

Reachability (BFS): 23 iterations in 0.01 seconds (average 0.000348, setup 0.00)
States:      691 (1 initial)
Transitions: 1190
Choices:     1190

Transition matrix: 2522 nodes (2 terminal), 1190 minterms, vars: 19r/19c/15nd

States:      691 (1 initial)
Transitions: 1190
Choices:     1190

Transition matrix: 2522 nodes (2 terminal), 1190 minterms, vars: 19r/19c/15nd

Finding accepting end components for F "one_proc_err"...
Time for end component identification: 0.001 seconds.

Finding accepting end components for G "one_coin_ok"...
Time for end component identification: 0.0 seconds.

Prob0A: 11 iterations in 0.01 seconds (average 0.000727, setup 0.00)

yes = 38, no = 116, maybe = 537

Computing remaining probabilities...
Engine: Sparse
Iterative method: 17 iterations in 0.00 seconds (average 0.000000, setup 0.00)
Iterative method: 9 iterations in 0.00 seconds (average 0.000000, setup 0.00)
Iterative method: 12 iterations in 0.00 seconds (average 0.000000, setup 0.00)
The value iteration(s) took 0.012 seconds altogether.
Number of weight vectors used: 1
Computed 2 points altogether:

[(1.0, 0.0), (0.0, 1.0)]
Multi-objective value iterations took 0.013 s.

Value in the initial state: [(1.0,0.0),
(0.0,1.0)]

Time for model checking: 0.125 seconds.

Result: [(1.0,0.0),
(0.0,1.0)] (value in the initial state)


real	0m2.013s
user	0m1.348s
sys	0m0.168s
