PRISM
=====

Version: 4.3.1
Date: Thu Apr 13 02:58:57 EDT 2017
Hostname: storm-eval
Memory limits: cudd=1g, java(heap)=17.8g
Command line: prism models/mdp/zeroconf/zeroconf4.nm models/mdp/zeroconf/zeroconf4_pareto.pctl -paretoepsilon 0.001 -sparse -javamaxmem 20g

Parsing model file "models/mdp/zeroconf/zeroconf4.nm"...

Parsing properties file "models/mdp/zeroconf/zeroconf4_pareto.pctl"...

1 property:
(1) multi(Pmax=? [ F l=4&ip=1 ], Pmax=? [ G (error=0) ])

Type:        MDP
Modules:     host0 env_error4 
Variables:   x y coll probes mess defend ip l env k c1 c2 c3 c4 error 

---------------------------------------------------------------------

Model checking: multi(Pmax=? [ F l=4&ip=1 ], Pmax=? [ G (error=0) ])

Building model...

Computing reachable states...

Reachability (BFS): 116 iterations in 0.11 seconds (average 0.000966, setup 0.00)

Time for model construction: 0.207 seconds.

Type:        MDP
States:      5449 (1 initial)
Transitions: 17152
Choices:     16487

Transition matrix: 2515 nodes (4 terminal), 17152 minterms, vars: 36r/36c/7nd

Building deterministic Rabin automaton (for F "L0")...
Taking deterministic Rabin automaton from library...
DRA has 2 states, , 1 Rabin pairs.Time for Rabin translation: 0.035 seconds.

Constructing MDP-DRA product...

Reachability (BFS): 116 iterations in 0.07 seconds (average 0.000621, setup 0.00)
States:      5449 (1 initial)
Transitions: 17152
Choices:     16487

Transition matrix: 2604 nodes (4 terminal), 17152 minterms, vars: 37r/37c/7nd

Building deterministic Rabin automaton (for G "L0")...
Taking deterministic Rabin automaton from library...
DRA has 2 states, , 1 Rabin pairs.Time for Rabin translation: 0.0 seconds.

Constructing MDP-DRA product...

Reachability (BFS): 116 iterations in 0.10 seconds (average 0.000897, setup 0.00)
States:      5449 (1 initial)
Transitions: 17152
Choices:     16487

Transition matrix: 3754 nodes (4 terminal), 17152 minterms, vars: 38r/38c/7nd

States:      5449 (1 initial)
Transitions: 17152
Choices:     16487

Transition matrix: 3754 nodes (4 terminal), 17152 minterms, vars: 38r/38c/7nd

Finding accepting end components for F l=4&ip=1...
Time for end component identification: 0.081 seconds.

Finding accepting end components for G (error=0)...
Time for end component identification: 0.068 seconds.

Prob0A: 82 iterations in 0.05 seconds (average 0.000634, setup 0.00)

yes = 4813, no = 172, maybe = 464

Computing remaining probabilities...
Engine: Sparse
Iterative method: 85 iterations in 0.03 seconds (average 0.000376, setup 0.00)
Iterative method: 3 iterations in 0.00 seconds (average 0.000000, setup 0.00)
Iterative method: 85 iterations in 0.02 seconds (average 0.000282, setup 0.00)
The value iteration(s) took 0.094 seconds altogether.
Number of weight vectors used: 1
Computed 3 points altogether:

[(3.075787401574803E-4, 0.9996924212598424), (0.0, 1.0), (3.075787401574803E-4, 0.0)]
Multi-objective value iterations took 0.096 s.

Value in the initial state: [(3.075787401574803E-4,0.9996924212598424),
(0.0,1.0),
(3.075787401574803E-4,0.0),
(3.075787401574803E-4,0.9996924212598424)]

Time for model checking: 3.977 seconds.

Result: [(3.075787401574803E-4,0.9996924212598424),
(0.0,1.0),
(3.075787401574803E-4,0.0),
(3.075787401574803E-4,0.9996924212598424)] (value in the initial state)


real	0m5.369s
user	0m5.272s
sys	0m0.232s
