PRISM
=====

Version: 4.3.1
Date: Thu Apr 13 09:34:28 EDT 2017
Hostname: storm-eval
Memory limits: cudd=1g, java(heap)=17.8g
Command line: prism models/mdp/consensus/consensus3_4_2.nm models/mdp/consensus/consensus3_4_2_pareto.pctl -paretoepsilon 0.001 -sparse -javamaxmem 20g -gs

Parsing model file "models/mdp/consensus/consensus3_4_2.nm"...

Parsing properties file "models/mdp/consensus/consensus3_4_2_pareto.pctl"...

1 property:
(1) multi(Pmax=? [ F "one_proc_err" ], Pmax=? [ G "one_coin_ok" ])

Type:        MDP
Modules:     process1 process2 process3 coin1_error coin2_error 
Variables:   s1 r1 p1 s2 r2 p2 s3 r3 p3 c1 v1 c2 v2 

---------------------------------------------------------------------

Model checking: multi(Pmax=? [ F "one_proc_err" ], Pmax=? [ G "one_coin_ok" ])

Building model...

Computing reachable states...

Reachability (BFS): 40 iterations in 0.32 seconds (average 0.007900, setup 0.00)

Time for model construction: 0.486 seconds.

Type:        MDP
States:      61017 (1 initial)
Transitions: 164012
Choices:     164012

Transition matrix: 25874 nodes (2 terminal), 164012 minterms, vars: 30r/30c/31nd

Building deterministic Rabin automaton (for F "L0")...
Taking deterministic Rabin automaton from library...
DRA has 2 states, , 1 Rabin pairs.Time for Rabin translation: 0.015 seconds.

Constructing MDP-DRA product...

Reachability (BFS): 40 iterations in 0.36 seconds (average 0.009000, setup 0.00)
States:      61017 (1 initial)
Transitions: 164012
Choices:     164012

Transition matrix: 29567 nodes (2 terminal), 164012 minterms, vars: 31r/31c/31nd

Building deterministic Rabin automaton (for G "L0")...
Taking deterministic Rabin automaton from library...
DRA has 2 states, , 1 Rabin pairs.Time for Rabin translation: 0.0 seconds.

Constructing MDP-DRA product...

Reachability (BFS): 40 iterations in 0.37 seconds (average 0.009200, setup 0.00)
States:      61017 (1 initial)
Transitions: 164012
Choices:     164012

Transition matrix: 31366 nodes (2 terminal), 164012 minterms, vars: 32r/32c/31nd

States:      61017 (1 initial)
Transitions: 164012
Choices:     164012

Transition matrix: 31366 nodes (2 terminal), 164012 minterms, vars: 32r/32c/31nd

Finding accepting end components for F "one_proc_err"...
Time for end component identification: 0.006 seconds.

Finding accepting end components for G "one_coin_ok"...
Time for end component identification: 0.003 seconds.

Prob0A: 20 iterations in 0.28 seconds (average 0.014200, setup 0.00)

yes = 492, no = 10320, maybe = 50205

Computing remaining probabilities...
Engine: Sparse
Iterative method: 26 iterations in 0.08 seconds (average 0.003077, setup 0.00)
Iterative method: 12 iterations in 0.04 seconds (average 0.003000, setup 0.00)
Iterative method: 18 iterations in 0.06 seconds (average 0.003333, setup 0.00)
The value iteration(s) took 0.338 seconds altogether.
Number of weight vectors used: 1
Computed 2 points altogether:

[(1.0, 0.0), (0.0, 1.0)]
Multi-objective value iterations took 0.339 s.

Value in the initial state: [(1.0,0.0),
(0.0,1.0)]

Time for model checking: 2.845 seconds.

Result: [(1.0,0.0),
(0.0,1.0)] (value in the initial state)


real	0m4.493s
user	0m4.480s
sys	0m0.236s
