PRISM
=====

Version: 4.3.1
Date: Thu Apr 13 18:30:04 EDT 2017
Hostname: storm-eval
Memory limits: cudd=1g, java(heap)=17.8g
Command line: prism models/mdp/dpm/dpm100.nm models/mdp/dpm/dpm100_pareto.pctl -paretoepsilon 0.001 -sparse -javamaxmem 20g -gs

Parsing model file "models/mdp/dpm/dpm100.nm"...

Parsing properties file "models/mdp/dpm/dpm100_pareto.pctl"...

1 property:
(1) multi(R{"power"}min=? [ C<=100 ], R{"queue"}min=? [ C<=100 ])

Type:        MDP
Modules:     timer PM SR SP SQ 
Variables:   c pm sr sp q 

---------------------------------------------------------------------

Model checking: multi(R{"power"}min=? [ C<=100 ], R{"queue"}min=? [ C<=100 ])

Building model...

Computing reachable states...

Reachability (BFS): 13 iterations in 0.00 seconds (average 0.000000, setup 0.00)

Time for model construction: 0.041 seconds.

Type:        MDP
States:      636 (1 initial)
Transitions: 2550
Choices:     1860

Transition matrix: 772 nodes (30 terminal), 2550 minterms, vars: 11r/11c/5nd

States:      636 (1 initial)
Transitions: 2550
Choices:     1860

Transition matrix: 772 nodes (30 terminal), 2550 minterms, vars: 11r/11c/5nd

Prob0A: 1 iterations in 0.00 seconds (average 0.000000, setup 0.00)

yes = 0, no = 0, maybe = 636

Computing remaining probabilities...
Engine: Sparse

Error: Cannot do Gauss Seidel method for step bounded objectives!.

Warning: CUDD reports 13 non-zero references.


real	0m2.360s
user	0m1.156s
sys	0m0.116s
