PRISM
=====

Version: 4.3.1
Date: Thu Apr 13 17:51:41 EDT 2017
Hostname: storm-eval
Memory limits: cudd=1g, java(heap)=17.8g
Command line: prism models/mdp/scheduler/scheduler25.nm models/mdp/scheduler/scheduler25_pareto.pctl -paretoepsilon 0.001 -sparse -javamaxmem 20g -gs

Parsing model file "models/mdp/scheduler/scheduler25.nm"...

Parsing properties file "models/mdp/scheduler/scheduler25_pareto.pctl"...

1 property:
(1) multi(R{"energy"}min=? [ C ], R{"time"}min=? [ C ])

Type:        MDP
Modules:     scheduler P1 P2 
Variables:   task1 task2 task3 task4 task5 task6 p1 c1 x1 p2 c2 x2 

---------------------------------------------------------------------

Model checking: multi(R{"energy"}min=? [ C ], R{"time"}min=? [ C ])

Building model...

Computing reachable states...

Reachability (BFS): 419 iterations in 9.18 seconds (average 0.021919, setup 0.00)

Time for model construction: 9.439 seconds.

Type:        MDP
States:      633735 (1 initial)
Transitions: 1179444
Choices:     1168375

Transition matrix: 25430 nodes (5 terminal), 1179444 minterms, vars: 35r/35c/10nd

States:      633735 (1 initial)
Transitions: 1179444
Choices:     1168375

Transition matrix: 25430 nodes (5 terminal), 1179444 minterms, vars: 35r/35c/10nd

Prob0A: 1 iterations in 0.01 seconds (average 0.008000, setup 0.00)

yes = 0, no = 0, maybe = 633735

Computing remaining probabilities...
Engine: Sparse
Iterative method: 1033 iterations in 33.21 seconds (average 0.032151, setup 0.00)
Iterative method: 552 iterations in 17.87 seconds (average 0.032377, setup 0.00)
Iterative method: 879 iterations in 27.72 seconds (average 0.031531, setup 0.00)
Iterative method: 594 iterations in 18.42 seconds (average 0.031017, setup 0.00)
Iterative method: 1009 iterations in 31.31 seconds (average 0.031029, setup 0.00)
Iterative method: 524 iterations in 15.69 seconds (average 0.029947, setup 0.00)
Iterative method: 790 iterations in 24.42 seconds (average 0.030901, setup 0.00)
Iterative method: 1005 iterations in 30.62 seconds (average 0.030460, setup 0.00)
Iterative method: 1025 iterations in 31.18 seconds (average 0.030412, setup 0.00)
Iterative method: 541 iterations in 16.27 seconds (average 0.030078, setup 0.00)
Iterative method: 577 iterations in 17.53 seconds (average 0.030385, setup 0.00)
Iterative method: 659 iterations in 19.99 seconds (average 0.030331, setup 0.00)
Iterative method: 822 iterations in 25.04 seconds (average 0.030457, setup 0.00)
Iterative method: 542 iterations in 16.40 seconds (average 0.030251, setup 0.00)
Iterative method: 540 iterations in 16.45 seconds (average 0.030459, setup 0.00)
The value iteration(s) took 344.726 seconds altogether.
Number of weight vectors used: 15
Computed 12 points altogether:

[(-1.3869925925925894, -20.045432098765176), (-1.3950814814814783, -16.476049382715875), (-1.4022518518518479, -16.124444444444276), (-1.3861777777777742, -20.83111111111084), (-1.3861777777777733, -21.275555555555272), (-1.4187703703703654, -15.936790123456623), (-1.4305481481481428, -15.886419753086253), (-1.4141580246913534, -15.979917695473084), (-1.4051111111111072, -16.072098765431928), (-1.403190123456786, -16.106502057613), (-1.4424592592592531, -15.84049382716033), (-1.4545037037036967, -15.799012345678848)]
Multi-objective value iterations took 344.727 s.

Value in the initial state: [(1.3869925925925894,20.045432098765176),
(1.3950814814814783,16.476049382715875),
(1.3950814814814783,16.476049382715875),
(1.4022518518518479,16.124444444444276),
(1.3861777777777742,20.83111111111084),
(1.3869925925925894,20.045432098765176),
(1.3861777777777733,21.275555555555272),
(1.3861777777777742,20.83111111111084),
(1.4187703703703654,15.936790123456623),
(1.4305481481481428,15.886419753086253),
(1.4141580246913534,15.979917695473084),
(1.4187703703703654,15.936790123456623),
(1.4051111111111072,16.072098765431928),
(1.4141580246913534,15.979917695473084),
(1.403190123456786,16.106502057613),
(1.4051111111111072,16.072098765431928),
(1.4022518518518479,16.124444444444276),
(1.403190123456786,16.106502057613),
(1.4424592592592531,15.84049382716033),
(1.4545037037036967,15.799012345678848),
(1.4305481481481428,15.886419753086253),
(1.4424592592592531,15.84049382716033)]

Time for model checking: 354.212 seconds.

Result: [(1.3869925925925894,20.045432098765176),
(1.3950814814814783,16.476049382715875),
(1.3950814814814783,16.476049382715875),
(1.4022518518518479,16.124444444444276),
(1.3861777777777742,20.83111111111084),
(1.3869925925925894,20.045432098765176),
(1.3861777777777733,21.275555555555272),
(1.3861777777777742,20.83111111111084),
(1.4187703703703654,15.936790123456623),
(1.4305481481481428,15.886419753086253),
(1.4141580246913534,15.979917695473084),
(1.4187703703703654,15.936790123456623),
(1.4051111111111072,16.072098765431928),
(1.4141580246913534,15.979917695473084),
(1.403190123456786,16.106502057613),
(1.4051111111111072,16.072098765431928),
(1.4022518518518479,16.124444444444276),
(1.403190123456786,16.106502057613),
(1.4424592592592531,15.84049382716033),
(1.4545037037036967,15.799012345678848),
(1.4305481481481428,15.886419753086253),
(1.4424592592592531,15.84049382716033)] (value in the initial state)


real	6m5.310s
user	6m2.784s
sys	0m0.848s
