PRISM
=====

Version: 4.3.1
Date: Thu Apr 13 09:34:14 EDT 2017
Hostname: storm-eval
Memory limits: cudd=1g, java(heap)=17.8g
Command line: prism models/mdp/dpm/dpm100.nm models/mdp/dpm/dpm100_pareto.pctl -paretoepsilon 0.001 -sparse -javamaxmem 20g

Parsing model file "models/mdp/dpm/dpm100.nm"...

Parsing properties file "models/mdp/dpm/dpm100_pareto.pctl"...

1 property:
(1) multi(R{"power"}min=? [ C<=100 ], R{"queue"}min=? [ C<=100 ])

Type:        MDP
Modules:     timer PM SR SP SQ 
Variables:   c pm sr sp q 

---------------------------------------------------------------------

Model checking: multi(R{"power"}min=? [ C<=100 ], R{"queue"}min=? [ C<=100 ])

Building model...

Computing reachable states...

Reachability (BFS): 13 iterations in 0.00 seconds (average 0.000000, setup 0.00)

Time for model construction: 0.03 seconds.

Type:        MDP
States:      636 (1 initial)
Transitions: 2550
Choices:     1860

Transition matrix: 772 nodes (30 terminal), 2550 minterms, vars: 11r/11c/5nd

States:      636 (1 initial)
Transitions: 2550
Choices:     1860

Transition matrix: 772 nodes (30 terminal), 2550 minterms, vars: 11r/11c/5nd

Prob0A: 1 iterations in 0.00 seconds (average 0.000000, setup 0.00)

yes = 0, no = 0, maybe = 636

Computing remaining probabilities...
Engine: Sparse
Iterative method: 102 iterations in 0.00 seconds (average 0.000039, setup 0.00)
Iterative method: 102 iterations in 0.00 seconds (average 0.000039, setup 0.00)
Iterative method: 102 iterations in 0.00 seconds (average 0.000039, setup 0.00)
Iterative method: 102 iterations in 0.01 seconds (average 0.000078, setup 0.00)
Iterative method: 102 iterations in 0.00 seconds (average 0.000039, setup 0.00)
Iterative method: 102 iterations in 0.00 seconds (average 0.000039, setup 0.00)
Iterative method: 102 iterations in 0.00 seconds (average 0.000039, setup 0.00)
Iterative method: 102 iterations in 0.00 seconds (average 0.000039, setup 0.00)
Iterative method: 102 iterations in 0.01 seconds (average 0.000078, setup 0.00)
Iterative method: 102 iterations in 0.00 seconds (average 0.000039, setup 0.00)
Iterative method: 102 iterations in 0.00 seconds (average 0.000039, setup 0.00)
The value iteration(s) took 0.067 seconds altogether.
Number of weight vectors used: 11
Computed 6 points altogether:

[(-44.11485403116869, -72.09945064466942), (-122.523145893904, -69.97534067026223), (-36.142819963883674, -72.31713470527798), (-5.000000000000007, -73.21179948749739), (-16.742721227264568, -72.86714591840907), (-27.067998725334856, -72.57112302203669)]
Multi-objective value iterations took 0.067 s.

Value in the initial state: [(44.11485403116869,72.09945064466942),
(122.523145893904,69.97534067026223),
(36.142819963883674,72.31713470527798),
(44.11485403116869,72.09945064466942),
(5.000000000000007,73.21179948749739),
(16.742721227264568,72.86714591840907),
(27.067998725334856,72.57112302203669),
(36.142819963883674,72.31713470527798),
(16.742721227264568,72.86714591840907),
(27.067998725334856,72.57112302203669)]

Time for model checking: 0.081 seconds.

Result: [(44.11485403116869,72.09945064466942),
(122.523145893904,69.97534067026223),
(36.142819963883674,72.31713470527798),
(44.11485403116869,72.09945064466942),
(5.000000000000007,73.21179948749739),
(16.742721227264568,72.86714591840907),
(27.067998725334856,72.57112302203669),
(36.142819963883674,72.31713470527798),
(16.742721227264568,72.86714591840907),
(27.067998725334856,72.57112302203669)] (value in the initial state)


real	0m1.949s
user	0m1.148s
sys	0m0.148s
