PRISM
=====

Version: 4.3.1
Date: Thu Apr 13 09:34:33 EDT 2017
Hostname: storm-eval
Memory limits: cudd=1g, java(heap)=17.8g
Command line: prism models/mdp/consensus/consensus3_5_2.nm models/mdp/consensus/consensus3_5_2_pareto.pctl -paretoepsilon 0.001 -sparse -javamaxmem 20g -gs

Parsing model file "models/mdp/consensus/consensus3_5_2.nm"...

Parsing properties file "models/mdp/consensus/consensus3_5_2_pareto.pctl"...

1 property:
(1) multi(Pmax=? [ F "one_proc_err" ], Pmax=? [ G "one_coin_ok" ])

Type:        MDP
Modules:     process1 process2 process3 coin1_error coin2_error coin3_error 
Variables:   s1 r1 p1 s2 r2 p2 s3 r3 p3 c1 v1 c2 v2 c3 v3 

---------------------------------------------------------------------

Model checking: multi(Pmax=? [ F "one_proc_err" ], Pmax=? [ G "one_coin_ok" ])

Building model...

Computing reachable states...

Reachability (BFS): 50 iterations in 0.52 seconds (average 0.010480, setup 0.00)

Time for model construction: 0.787 seconds.

Type:        MDP
States:      181129 (1 initial)
Transitions: 487456
Choices:     487456

Transition matrix: 39636 nodes (2 terminal), 487456 minterms, vars: 33r/33c/40nd

Building deterministic Rabin automaton (for F "L0")...
Taking deterministic Rabin automaton from library...
DRA has 2 states, , 1 Rabin pairs.Time for Rabin translation: 0.014 seconds.

Constructing MDP-DRA product...

Reachability (BFS): 50 iterations in 0.74 seconds (average 0.014800, setup 0.00)
States:      181129 (1 initial)
Transitions: 487456
Choices:     487456

Transition matrix: 43778 nodes (2 terminal), 487456 minterms, vars: 34r/34c/40nd

Building deterministic Rabin automaton (for G "L0")...
Taking deterministic Rabin automaton from library...
DRA has 2 states, , 1 Rabin pairs.Time for Rabin translation: 0.001 seconds.

Constructing MDP-DRA product...

Reachability (BFS): 50 iterations in 0.70 seconds (average 0.014000, setup 0.00)
States:      181129 (1 initial)
Transitions: 487456
Choices:     487456

Transition matrix: 46178 nodes (2 terminal), 487456 minterms, vars: 35r/35c/40nd

States:      181129 (1 initial)
Transitions: 487456
Choices:     487456

Transition matrix: 46178 nodes (2 terminal), 487456 minterms, vars: 35r/35c/40nd

Finding accepting end components for F "one_proc_err"...
Time for end component identification: 0.028 seconds.

Finding accepting end components for G "one_coin_ok"...
Time for end component identification: 0.022 seconds.

Prob0A: 24 iterations in 0.81 seconds (average 0.033833, setup 0.00)

yes = 1416, no = 29808, maybe = 149905

Computing remaining probabilities...
Engine: Sparse
Iterative method: 32 iterations in 0.40 seconds (average 0.012375, setup 0.00)
Iterative method: 12 iterations in 0.21 seconds (average 0.017333, setup 0.00)
Iterative method: 21 iterations in 0.31 seconds (average 0.014476, setup 0.00)
The value iteration(s) took 1.775 seconds altogether.
Number of weight vectors used: 1
Computed 2 points altogether:

[(1.0, 0.0), (0.0, 1.0)]
Multi-objective value iterations took 1.776 s.

Value in the initial state: [(1.0,0.0),
(0.0,1.0)]

Time for model checking: 8.862 seconds.

Result: [(1.0,0.0),
(0.0,1.0)] (value in the initial state)


real	0m11.039s
user	0m10.972s
sys	0m0.336s
