PRISM
=====

Version: 4.3.1
Date: Thu Apr 13 03:02:24 EDT 2017
Hostname: storm-eval
Memory limits: cudd=1g, java(heap)=17.8g
Command line: prism models/mdp/team/team2obj_4.nm models/mdp/team/team2obj_4_pareto.pctl -paretoepsilon 0.001 -sparse -javamaxmem 20g

Parsing model file "models/mdp/team/team2obj_4.nm"...

Parsing properties file "models/mdp/team/team2obj_4_pareto.pctl"...

1 property:
(1) multi(Pmax=? [ F "task1_compl" ], R{"w_1_total"}max=? [ C ])

Type:        MDP
Modules:     controller sensor1 sensor2 sensor3 sensor4 
Variables:   status t1_r1 t1_r2 t1_r3 t2_r1 t2_r2 t2_r3 turn1 turn2 turn3 turn4 turn5 state1 m1_t1 m1_t2 state2 m2_t1 m2_t2 state3 m3_t1 m3_t2 state4 m4_t1 m4_t2 

---------------------------------------------------------------------

Model checking: multi(Pmax=? [ F "task1_compl" ], R{"w_1_total"}max=? [ C ])

Building model...

Computing reachable states...

Reachability (BFS): 16 iterations in 0.95 seconds (average 0.059250, setup 0.00)

Time for model construction: 1.875 seconds.

Type:        MDP
States:      96665 (1 initial)
Transitions: 116464
Choices:     115289

Transition matrix: 101788 nodes (4 terminal), 116464 minterms, vars: 36r/36c/13nd

Building deterministic Rabin automaton (for F "L0")...
Taking deterministic Rabin automaton from library...
DRA has 2 states, , 1 Rabin pairs.Time for Rabin translation: 0.016 seconds.

Constructing MDP-DRA product...

Reachability (BFS): 16 iterations in 0.57 seconds (average 0.035750, setup 0.00)
States:      96665 (1 initial)
Transitions: 116464
Choices:     115289

Transition matrix: 109827 nodes (4 terminal), 116464 minterms, vars: 37r/37c/13nd

States:      96665 (1 initial)
Transitions: 116464
Choices:     115289

Transition matrix: 109827 nodes (4 terminal), 116464 minterms, vars: 37r/37c/13nd

Finding accepting end components for F "task1_compl"...
Time for end component identification: 0.378 seconds.

Prob0A: 13 iterations in 0.46 seconds (average 0.035385, setup 0.00)

yes = 4872, no = 0, maybe = 91793

Computing remaining probabilities...
Engine: Sparse
Iterative method: 17 iterations in 0.06 seconds (average 0.003529, setup 0.00)
Iterative method: 17 iterations in 0.06 seconds (average 0.003529, setup 0.00)
Iterative method: 17 iterations in 0.06 seconds (average 0.003529, setup 0.00)
The value iteration(s) took 0.866 seconds altogether.
Number of weight vectors used: 2
Computed 1 points altogether:

[(1.000000000000001, 2.3265306122448983)]
Multi-objective value iterations took 0.866 s.

Value in the initial state: [(1.000000000000001,2.3265306122448983),
(1.000000000000001,2.3265306122448983)]

Time for model checking: 310.607 seconds.

Result: [(1.000000000000001,2.3265306122448983),
(1.000000000000001,2.3265306122448983)] (value in the initial state)


real	5m13.889s
user	5m14.732s
sys	0m0.688s
