PRISM
=====

Version: 4.3.1
Date: Thu Apr 13 03:02:07 EDT 2017
Hostname: storm-eval
Memory limits: cudd=1g, java(heap)=17.8g
Command line: prism models/mdp/team/team3obj_3.nm models/mdp/team/team3obj_3_pareto.pctl -paretoepsilon 0.001 -sparse -javamaxmem 20g

Parsing model file "models/mdp/team/team3obj_3.nm"...

Parsing properties file "models/mdp/team/team3obj_3_pareto.pctl"...

1 property:
(1) multi(Pmax=? [ F "task1_compl" ], R{"w_1_total"}max=? [ C ], Pmax=? [ F "task2_compl" ])

Type:        MDP
Modules:     controller sensor1 sensor2 sensor3 
Variables:   status t1_r1 t1_r2 t1_r3 t2_r1 t2_r2 t2_r3 turn1 turn2 turn3 state1 m1_t1 m1_t2 state2 m2_t1 m2_t2 state3 m3_t1 m3_t2 

---------------------------------------------------------------------

Model checking: multi(Pmax=? [ F "task1_compl" ], R{"w_1_total"}max=? [ C ], Pmax=? [ F "task2_compl" ])

Building model...

Computing reachable states...

Reachability (BFS): 13 iterations in 0.28 seconds (average 0.021846, setup 0.00)

Time for model construction: 0.75 seconds.

Type:        MDP
States:      12475 (1 initial)
Transitions: 15228
Choices:     14935

Transition matrix: 16500 nodes (4 terminal), 15228 minterms, vars: 24r/24c/10nd

Building deterministic Rabin automaton (for F "L0")...
Taking deterministic Rabin automaton from library...
DRA has 2 states, , 1 Rabin pairs.Time for Rabin translation: 0.05 seconds.

Constructing MDP-DRA product...

Reachability (BFS): 13 iterations in 0.06 seconds (average 0.004615, setup 0.00)
States:      12475 (1 initial)
Transitions: 15228
Choices:     14935

Transition matrix: 17753 nodes (4 terminal), 15228 minterms, vars: 25r/25c/10nd

Building deterministic Rabin automaton (for F "L0")...
Taking deterministic Rabin automaton from library...
DRA has 2 states, , 1 Rabin pairs.Time for Rabin translation: 0.001 seconds.

Constructing MDP-DRA product...

Reachability (BFS): 13 iterations in 0.07 seconds (average 0.005538, setup 0.00)
States:      12475 (1 initial)
Transitions: 15228
Choices:     14935

Transition matrix: 21624 nodes (4 terminal), 15228 minterms, vars: 26r/26c/10nd

States:      12475 (1 initial)
Transitions: 15228
Choices:     14935

Transition matrix: 21624 nodes (4 terminal), 15228 minterms, vars: 26r/26c/10nd

Finding accepting end components for F "task1_compl"...
Time for end component identification: 0.021 seconds.

Finding accepting end components for F "task2_compl"...
Time for end component identification: 0.022 seconds.

Prob0A: 11 iterations in 0.11 seconds (average 0.009818, setup 0.00)

yes = 1020, no = 0, maybe = 11455

Computing remaining probabilities...
Engine: Sparse

Error: Number of maximizing objectives must be at most 2.

Warning: CUDD reports 37646 non-zero references.


real	0m17.734s
user	0m18.340s
sys	0m0.296s
