Storm 1.0.0

Command line arguments: --prism models/mdp/scheduler/scheduler05.nm --prop models/mdp/scheduler/scheduler05_pareto.pctl --multiobjective:precision 0.001 -tm -stats 
Current working directory: /home/storm/Desktop

Time for model construction: 0.477s.

-------------------------------------------------------------- 
Model type: 	MDP (sparse)
States: 	31965
Transitions: 	60434
Choices: 	57965
Reward Models:  time, energy
Labels: 	2
   * deadlock -> 0 state(s)
   * init -> 1 state(s)
choice labels: 	no
-------------------------------------------------------------- 

Model checking property multi(R[exp]{"energy"}min=? [C], R[exp]{"time"}min=? [C]) ...
ERROR (SparsePcaaPreprocessor.cpp:391): Infinite Rewards: For every scheduler, the induced reward for one or more of the objectives that minimize rewards is infinity.
ERROR (storm.cpp:39): An exception caused Storm to terminate. The message of the exception is: Infinite Rewards: For every scheduler, the induced reward for one or more of the objectives that minimize rewards is infinity.

real	0m0.546s
user	0m0.448s
sys	0m0.084s
