Storm 1.0.0

Command line arguments: --prism models/mdp/team/team3obj_3.nm --prop models/mdp/team/team3obj_3_pareto.pctl --multiobjective:precision 0.001 -tm -stats 
Current working directory: /home/storm/Desktop

Time for model construction: 0.225s.

-------------------------------------------------------------- 
Model type: 	MDP (sparse)
States: 	12475
Transitions: 	15228
Choices: 	14935
Reward Models:  w_1_total
Labels: 	4
   * init -> 1 state(s)
   * task2_compl -> 546 state(s)
   * deadlock -> 0 state(s)
   * task1_compl -> 546 state(s)
choice labels: 	no
-------------------------------------------------------------- 

Model checking property multi(Pmax=? [F "task1_compl"], R[exp]{"w_1_total"}max=? [C], Pmax=? [F "task2_compl"]) ...
Preprocessing done in 0.163s seconds.
 Result: 
---------------------------------------------------------------------------------------------------------------------------------------
                                                       Multi-objective Query                                              
---------------------------------------------------------------------------------------------------------------------------------------

Original Formula: 
--------------------------------------------------------------
	multi(Pmax=? [F "task1_compl"], R[exp]{"w_1_total"}max=? [C], Pmax=? [F "task2_compl"])

Objectives:
--------------------------------------------------------------
000000Pmax=? [F "task1_compl"] 	(toOrigVal:001*x +000, 	intern threshold:   none, 	intern reward model: objective1 (positive), 	time bounds: none)
00R[exp]{"w_1_total"}max=? [C] 	(toOrigVal:001*x +000, 	intern threshold:   none, 	intern reward model: objective2 (positive), 	time bounds: none)
000000Pmax=? [F "task2_compl"] 	(toOrigVal:001*x +000, 	intern threshold:   none, 	intern reward model: objective3 (positive), 	time bounds: none)
--------------------------------------------------------------

Original Model Information:
-------------------------------------------------------------- 
Model type: 	MDP (sparse)
States: 	12475
Transitions: 	15228
Choices: 	14935
Reward Models:  w_1_total
Labels: 	4
   * init -> 1 state(s)
   * task2_compl -> 546 state(s)
   * deadlock -> 0 state(s)
   * task1_compl -> 546 state(s)
choice labels: 	no
-------------------------------------------------------------- 

Preprocessed Model Information:
-------------------------------------------------------------- 
Model type: 	MDP (sparse)
States: 	12475
Transitions: 	15228
Choices: 	14935
Reward Models:  objective3, objective1, objective2
Labels: 	4
   * task2_compl -> 546 state(s)
   * init -> 1 state(s)
   * task1_compl -> 546 state(s)
   * deadlock -> 0 state(s)
choice labels: 	no
-------------------------------------------------------------- 

---------------------------------------------------------------------------------------------------------------------------------------

 WARN (SparsePcaaQuery.cpp:120): Numerical issues: The overapproximation would not contain the underapproximation. Hence, a halfspace is shifted by 3.53271e-16.
 WARN (SparsePcaaQuery.cpp:120): Numerical issues: The overapproximation would not contain the underapproximation. Hence, a halfspace is shifted by 1.88673e-15.
Solving multi-objective query took 0.690s seconds (consisting of 0.163s seconds for preprocessing and 0.525s seconds for value iteration-based exploration of achievable points).
Result (initial states): 
Underapproximation of achievable values: Polytope with 19 Halfspaces:
   (         1,   0.946667,  0.0533333) * x <= 2.98367
   (         1,   0.944444,          0) * x <= 2.96259
   (         0,          1,          0) * x <= 2.32653
   (         0,        0.5,          1) * x <= 2.0102
   (2.00865e-14,          1,          0) * x <= 2.32653
   (      0.35,          1,       0.35) * x <= 2.76224
   (         1,          1,          0) * x <= 3.08163
   (         1,          0,          0) * x <= 1
   (         0,          1,   0.368421) * x <= 2.60473
   (         0,          0,          1) * x <= 1
   (         1, 3.06623e-14,          1) * x <= 1.2449
   (         1, 4.5183e-14,          1) * x <= 1.2449
   (         1,        0.5,          0) * x <= 2.0102
   (         1, 1.27233e-14,          1) * x <= 1.2449
   (         1,          0,          1) * x <= 1.2449
   (         0,          1,          1) * x <= 3.08163
   (         1,          0,          1) * x <= 1.2449
   (         1, 2.42689e-13,          1) * x <= 1.2449
   (  0.775758,          1,   0.775758) * x <= 3.29227

Overapproximation of achievable values: Polytope with 12 Halfspaces:
   (         1,          0,          0) * x <= 1
   (         0,          1,          0) * x <= 2.32653
   (         0,          0,          1) * x <= 1
   (       0.5,          0,        0.5) * x <= 0.622449
   (         0,   0.615385,   0.384615) * x <= 1.72214
   (  0.535714,   0.464286,          0) * x <= 1.49781
   (         0,   0.444444,   0.555556) * x <= 1.47392
   (  0.473684,   0.526316,          0) * x <= 1.58217
   (  0.666667,   0.333333,          0) * x <= 1.34014
   (         0,   0.333333,   0.666667) * x <= 1.34014
   (         0,        0.5,        0.5) * x <= 1.54082
   (       0.5,        0.5,          0) * x <= 1.54082

9 pareto optimal points found (Note that these points are safe, i.e., contained in the underapproximation, but there is no guarantee for optimality):
   (0.306122449, 2.142857143, 0.9387755102 )
   (0000000001, 2.020408163, 0.2448979592 )
   (0.2448979592, 2.020408163, 0000000001 )
   (0.9387755102, 2.142857143, 0.306122449 )
   (0.9387755102, 2.142857143, 0.306122449 )
   (0.7346938776, 2.326530612, 0.5102040816 )
   (0.4897959184, 2.326530612, 0.7551020408 )
   (0.4897959184, 2.326530612, 0.7551020408 )
   (0.7551020408, 2.326530612, 0.4897959184 )


Time for model checking: 0.690s.

Performance statistics:
  * peak memory usage: 215MB
  * CPU time: 0.848s
  * wallclock time: 0.990s

real	0m1.042s
user	0m0.848s
sys	0m0.108s
