Storm 1.0.0

Command line arguments: --prism models/mdp/team/team2obj_4.nm --prop models/mdp/team/team2obj_4_pareto.pctl --multiobjective:precision 0.001 -tm -stats 
Current working directory: /home/storm/Desktop

Time for model construction: 1.259s.

-------------------------------------------------------------- 
Model type: 	MDP (sparse)
States: 	96665
Transitions: 	116464
Choices: 	115289
Reward Models:  w_1_total
Labels: 	3
   * init -> 1 state(s)
   * deadlock -> 0 state(s)
   * task1_compl -> 4872 state(s)
choice labels: 	no
-------------------------------------------------------------- 

Model checking property multi(Pmax=? [F "task1_compl"], R[exp]{"w_1_total"}max=? [C]) ...
Preprocessing done in 4.784s seconds.
 Result: 
---------------------------------------------------------------------------------------------------------------------------------------
                                                       Multi-objective Query                                              
---------------------------------------------------------------------------------------------------------------------------------------

Original Formula: 
--------------------------------------------------------------
	multi(Pmax=? [F "task1_compl"], R[exp]{"w_1_total"}max=? [C])

Objectives:
--------------------------------------------------------------
000000Pmax=? [F "task1_compl"] 	(toOrigVal:001*x +000, 	intern threshold:   none, 	intern reward model: objective1 (positive), 	time bounds: none)
00R[exp]{"w_1_total"}max=? [C] 	(toOrigVal:001*x +000, 	intern threshold:   none, 	intern reward model: objective2 (positive), 	time bounds: none)
--------------------------------------------------------------

Original Model Information:
-------------------------------------------------------------- 
Model type: 	MDP (sparse)
States: 	96665
Transitions: 	116464
Choices: 	115289
Reward Models:  w_1_total
Labels: 	3
   * init -> 1 state(s)
   * deadlock -> 0 state(s)
   * task1_compl -> 4872 state(s)
choice labels: 	no
-------------------------------------------------------------- 

Preprocessed Model Information:
-------------------------------------------------------------- 
Model type: 	MDP (sparse)
States: 	96665
Transitions: 	116464
Choices: 	115289
Reward Models:  objective2, objective1
Labels: 	3
   * init -> 1 state(s)
   * task1_compl -> 4872 state(s)
   * deadlock -> 0 state(s)
choice labels: 	no
-------------------------------------------------------------- 

---------------------------------------------------------------------------------------------------------------------------------------

 WARN (SparsePcaaQuery.cpp:120): Numerical issues: The overapproximation would not contain the underapproximation. Hence, a halfspace is shifted by 1.80561e-15.
Solving multi-objective query took 5.580s seconds (consisting of 4.784s seconds for preprocessing and 0.795s seconds for value iteration-based exploration of achievable points).
Result (initial states): 
Underapproximation of achievable values: Polytope with 6 Halfspaces:
   (         1,          1) * x <= 3.36735
   (3.34239e-12,          1) * x <= 2.55102
   (         1,        0.5) * x <= 2.16327
   (         1,          0) * x <= 1
   (         0,          1) * x <= 2.55102
   (         1,   0.328252) * x <= 1.76369

Overapproximation of achievable values: Polytope with 6 Halfspaces:
   (         1,          0) * x <= 1
   (         0,          1) * x <= 2.55102
   (  0.507692,   0.492308) * x <= 1.67253
   (  0.446809,   0.553191) * x <= 1.77594
   (  0.666667,   0.333333) * x <= 1.44218
   (       0.5,        0.5) * x <= 1.68367

5 pareto optimal points found (Note that these points are safe, i.e., contained in the underapproximation, but there is no guarantee for optimality):
   (0.8163265306, 2.551020408 )
   (0.9591836735, 2.408163265 )
   (0000000001, 2.326530612 )
   (0000000001, 2.326530612 )
   (0.7823129252, 2.551020408 )


Time for model checking: 5.581s.

Performance statistics:
  * peak memory usage: 219MB
  * CPU time: 6.688s
  * wallclock time: 6.884s

real	0m6.912s
user	0m6.688s
sys	0m0.156s
