Storm 1.0.0

Command line arguments: --prism models/mdp/team/team2obj_5.nm --prop models/mdp/team/team2obj_5_pareto.pctl --multiobjective:precision 0.001 -tm -stats 
Current working directory: /home/storm/Desktop

Time for model construction: 12.571s.

-------------------------------------------------------------- 
Model type: 	MDP (sparse)
States: 	907993
Transitions: 	1084752
Choices: 	1078873
Reward Models:  w_1_total
Labels: 	3
   * init -> 1 state(s)
   * deadlock -> 0 state(s)
   * task1_compl -> 52200 state(s)
choice labels: 	no
-------------------------------------------------------------- 

Model checking property multi(Pmax=? [F "task1_compl"], R[exp]{"w_1_total"}max=? [C]) ...
Preprocessing done in 924.904s seconds.
 Result: 
---------------------------------------------------------------------------------------------------------------------------------------
                                                       Multi-objective Query                                              
---------------------------------------------------------------------------------------------------------------------------------------

Original Formula: 
--------------------------------------------------------------
	multi(Pmax=? [F "task1_compl"], R[exp]{"w_1_total"}max=? [C])

Objectives:
--------------------------------------------------------------
000000Pmax=? [F "task1_compl"] 	(toOrigVal:001*x +000, 	intern threshold:   none, 	intern reward model: objective1 (positive), 	time bounds: none)
00R[exp]{"w_1_total"}max=? [C] 	(toOrigVal:001*x +000, 	intern threshold:   none, 	intern reward model: objective2 (positive), 	time bounds: none)
--------------------------------------------------------------

Original Model Information:
-------------------------------------------------------------- 
Model type: 	MDP (sparse)
States: 	907993
Transitions: 	1084752
Choices: 	1078873
Reward Models:  w_1_total
Labels: 	3
   * init -> 1 state(s)
   * deadlock -> 0 state(s)
   * task1_compl -> 52200 state(s)
choice labels: 	no
-------------------------------------------------------------- 

Preprocessed Model Information:
-------------------------------------------------------------- 
Model type: 	MDP (sparse)
States: 	907993
Transitions: 	1084752
Choices: 	1078873
Reward Models:  objective2, objective1
Labels: 	3
   * init -> 1 state(s)
   * task1_compl -> 52200 state(s)
   * deadlock -> 0 state(s)
choice labels: 	no
-------------------------------------------------------------- 

---------------------------------------------------------------------------------------------------------------------------------------

 WARN (SparsePcaaQuery.cpp:120): Numerical issues: The overapproximation would not contain the underapproximation. Hence, a halfspace is shifted by 6.28037e-16.
Solving multi-objective query took 936.290s seconds (consisting of 924.904s seconds for preprocessing and 11.377s seconds for value iteration-based exploration of achievable points).
Result (initial states): 
Underapproximation of achievable values: Polytope with 5 Halfspaces:
   (         0,          1) * x <= 2.89796
   (  0.999453,          1) * x <= 3.79543
   (         1,        0.5) * x <= 2.38776
   (         1,          0) * x <= 1
   (         1,          1) * x <= 3.79592

Overapproximation of achievable values: Polytope with 6 Halfspaces:
   (         1,          0) * x <= 1
   (         0,          1) * x <= 2.89796
   (  0.494505,   0.505495) * x <= 1.90895
   (  0.545455,   0.454545) * x <= 1.81447
   (  0.666667,   0.333333) * x <= 1.59184
   (       0.5,        0.5) * x <= 1.89796

4 pareto optimal points found (Note that these points are safe, i.e., contained in the underapproximation, but there is no guarantee for optimality):
   (0.9795918367, 2.816326531 )
   (0000000001, 2.775510204 )
   (0.8979591837, 2.897959184 )
   (0.8979591837, 2.897959184 )


Time for model checking: 936.305s.

Performance statistics:
  * peak memory usage: 553MB
  * CPU time: 943.776s
  * wallclock time: 948.956s

real	15m48.980s
user	15m43.780s
sys	0m1.920s
