Storm 1.0.0

Command line arguments: --prism models/mdp/zeroconf-tb/zeroconf-tb4_10.nm --prop models/mdp/zeroconf-tb/zeroconf-tb4_10_pareto.pctl --multiobjective:precision 0.001 -tm -stats 
Current working directory: /home/storm/Desktop

Time for model construction: 0.323s.

-------------------------------------------------------------- 
Model type: 	MDP (sparse)
States: 	19670
Transitions: 	63353
Choices: 	59358
Reward Models:  none
Labels: 	4
   * deadlock -> 0 state(s)
   * init -> 1 state(s)
   * (time_error = 1) -> 5420 state(s)
   * (error = 0) -> 18112 state(s)
choice labels: 	no
-------------------------------------------------------------- 

Model checking property multi(Pmax=? [F (time_error = 1)], Pmax=? [G (error = 0)]) ...
Preprocessing done in 0.696s seconds.
 Result: 
---------------------------------------------------------------------------------------------------------------------------------------
                                                       Multi-objective Query                                              
---------------------------------------------------------------------------------------------------------------------------------------

Original Formula: 
--------------------------------------------------------------
	multi(Pmax=? [F (time_error = 1)], Pmax=? [G (error = 0)])

Objectives:
--------------------------------------------------------------
000Pmax=? [F (time_error = 1)] 	(toOrigVal:001*x +000, 	intern threshold:   none, 	intern reward model: objective1 (positive), 	time bounds: none)
00000000Pmax=? [G (error = 0)] 	(toOrigVal:001*x +001, 	intern threshold:   none, 	intern reward model: objective2 (negative), 	time bounds: none)
--------------------------------------------------------------

Original Model Information:
-------------------------------------------------------------- 
Model type: 	MDP (sparse)
States: 	19670
Transitions: 	63353
Choices: 	59358
Reward Models:  none
Labels: 	4
   * deadlock -> 0 state(s)
   * init -> 1 state(s)
   * (time_error = 1) -> 5420 state(s)
   * (error = 0) -> 18112 state(s)
choice labels: 	no
-------------------------------------------------------------- 

Preprocessed Model Information:
-------------------------------------------------------------- 
Model type: 	MDP (sparse)
States: 	19670
Transitions: 	63353
Choices: 	59358
Reward Models:  objective2, objective1
Labels: 	4
   * init -> 1 state(s)
   * deadlock -> 0 state(s)
   * (time_error = 1) -> 5420 state(s)
   * (error = 0) -> 18112 state(s)
choice labels: 	no
-------------------------------------------------------------- 

---------------------------------------------------------------------------------------------------------------------------------------

Solving multi-objective query took 1.007s seconds (consisting of 0.696s seconds for preprocessing and 0.309s seconds for value iteration-based exploration of achievable points).
Result (initial states): 
Underapproximation of achievable values: Polytope with 2 Halfspaces:
   (         0,          1) * x <= 1
   (         1,          0) * x <= 0.333538

Overapproximation of achievable values: Polytope with 2 Halfspaces:
   (         1,          0) * x <= 0.333538
   (         0,          1) * x <= 1

1 pareto optimal points found (Note that these points are safe, i.e., contained in the underapproximation, but there is no guarantee for optimality):
   (0.3335383858, 0000000001 )


Time for model checking: 1.007s.

Performance statistics:
  * peak memory usage: 215MB
  * CPU time: 1.224s
  * wallclock time: 1.339s

real	0m1.359s
user	0m1.228s
sys	0m0.096s
