Storm 1.0.0

Command line arguments: --prism models/mdp/zeroconf-tb/zeroconf-tb2_14.nm --prop models/mdp/zeroconf-tb/zeroconf-tb2_14_pareto.pctl --multiobjective:precision 0.001 -tm -stats 
Current working directory: /home/storm/Desktop

Time for model construction: 0.396s.

-------------------------------------------------------------- 
Model type: 	MDP (sparse)
States: 	29572
Transitions: 	92605
Choices: 	86585
Reward Models:  none
Labels: 	4
   * deadlock -> 0 state(s)
   * init -> 1 state(s)
   * (time_error = 1) -> 1914 state(s)
   * (error = 0) -> 24820 state(s)
choice labels: 	no
-------------------------------------------------------------- 

Model checking property multi(Pmax=? [F (time_error = 1)], Pmax=? [G (error = 0)]) ...
Preprocessing done in 1.253s seconds.
 Result: 
---------------------------------------------------------------------------------------------------------------------------------------
                                                       Multi-objective Query                                              
---------------------------------------------------------------------------------------------------------------------------------------

Original Formula: 
--------------------------------------------------------------
	multi(Pmax=? [F (time_error = 1)], Pmax=? [G (error = 0)])

Objectives:
--------------------------------------------------------------
000Pmax=? [F (time_error = 1)] 	(toOrigVal:001*x +000, 	intern threshold:   none, 	intern reward model: objective1 (positive), 	time bounds: none)
00000000Pmax=? [G (error = 0)] 	(toOrigVal:001*x +001, 	intern threshold:   none, 	intern reward model: objective2 (negative), 	time bounds: none)
--------------------------------------------------------------

Original Model Information:
-------------------------------------------------------------- 
Model type: 	MDP (sparse)
States: 	29572
Transitions: 	92605
Choices: 	86585
Reward Models:  none
Labels: 	4
   * deadlock -> 0 state(s)
   * init -> 1 state(s)
   * (time_error = 1) -> 1914 state(s)
   * (error = 0) -> 24820 state(s)
choice labels: 	no
-------------------------------------------------------------- 

Preprocessed Model Information:
-------------------------------------------------------------- 
Model type: 	MDP (sparse)
States: 	29572
Transitions: 	92605
Choices: 	86585
Reward Models:  objective2, objective1
Labels: 	4
   * init -> 1 state(s)
   * deadlock -> 0 state(s)
   * (time_error = 1) -> 1914 state(s)
   * (error = 0) -> 24820 state(s)
choice labels: 	no
-------------------------------------------------------------- 

---------------------------------------------------------------------------------------------------------------------------------------

Solving multi-objective query took 1.616s seconds (consisting of 1.253s seconds for preprocessing and 0.362s seconds for value iteration-based exploration of achievable points).
Result (initial states): 
Underapproximation of achievable values: Polytope with 2 Halfspaces:
   (         0,          1) * x <= 1
   (         1,          0) * x <= 8.05935e-08

Overapproximation of achievable values: Polytope with 2 Halfspaces:
   (         1,          0) * x <= 8.05935e-08
   (         0,          1) * x <= 1

1 pareto optimal points found (Note that these points are safe, i.e., contained in the underapproximation, but there is no guarantee for optimality):
   (8.059348391e-08, 0000000001 )


Time for model checking: 1.617s.

Performance statistics:
  * peak memory usage: 216MB
  * CPU time: 1.908s
  * wallclock time: 2.020s

real	0m2.037s
user	0m1.908s
sys	0m0.100s
