Storm 1.0.0

Command line arguments: --prism models/mdp/team/team3obj_4.nm --prop models/mdp/team/team3obj_4_pareto.pctl --multiobjective:precision 0.001 -tm -stats 
Current working directory: /home/storm/Desktop

Time for model construction: 1.140s.

-------------------------------------------------------------- 
Model type: 	MDP (sparse)
States: 	96665
Transitions: 	116464
Choices: 	115289
Reward Models:  w_1_total
Labels: 	4
   * init -> 1 state(s)
   * task2_compl -> 4872 state(s)
   * deadlock -> 0 state(s)
   * task1_compl -> 4872 state(s)
choice labels: 	no
-------------------------------------------------------------- 

Model checking property multi(Pmax=? [F "task1_compl"], R[exp]{"w_1_total"}max=? [C], Pmax=? [F "task2_compl"]) ...
Preprocessing done in 6.882s seconds.
 Result: 
---------------------------------------------------------------------------------------------------------------------------------------
                                                       Multi-objective Query                                              
---------------------------------------------------------------------------------------------------------------------------------------

Original Formula: 
--------------------------------------------------------------
	multi(Pmax=? [F "task1_compl"], R[exp]{"w_1_total"}max=? [C], Pmax=? [F "task2_compl"])

Objectives:
--------------------------------------------------------------
000000Pmax=? [F "task1_compl"] 	(toOrigVal:001*x +000, 	intern threshold:   none, 	intern reward model: objective1 (positive), 	time bounds: none)
00R[exp]{"w_1_total"}max=? [C] 	(toOrigVal:001*x +000, 	intern threshold:   none, 	intern reward model: objective2 (positive), 	time bounds: none)
000000Pmax=? [F "task2_compl"] 	(toOrigVal:001*x +000, 	intern threshold:   none, 	intern reward model: objective3 (positive), 	time bounds: none)
--------------------------------------------------------------

Original Model Information:
-------------------------------------------------------------- 
Model type: 	MDP (sparse)
States: 	96665
Transitions: 	116464
Choices: 	115289
Reward Models:  w_1_total
Labels: 	4
   * init -> 1 state(s)
   * task2_compl -> 4872 state(s)
   * deadlock -> 0 state(s)
   * task1_compl -> 4872 state(s)
choice labels: 	no
-------------------------------------------------------------- 

Preprocessed Model Information:
-------------------------------------------------------------- 
Model type: 	MDP (sparse)
States: 	96665
Transitions: 	116464
Choices: 	115289
Reward Models:  objective3, objective1, objective2
Labels: 	4
   * task2_compl -> 4872 state(s)
   * init -> 1 state(s)
   * task1_compl -> 4872 state(s)
   * deadlock -> 0 state(s)
choice labels: 	no
-------------------------------------------------------------- 

---------------------------------------------------------------------------------------------------------------------------------------

 WARN (SparsePcaaQuery.cpp:120): Numerical issues: The overapproximation would not contain the underapproximation. Hence, a halfspace is shifted by 7.5469e-15.
Solving multi-objective query took 8.700s seconds (consisting of 6.882s seconds for preprocessing and 1.815s seconds for value iteration-based exploration of achievable points).
Result (initial states): 
Underapproximation of achievable values: Polytope with 21 Halfspaces:
   (         0,          1,          0) * x <= 2.55102
   (2.84626e-12,          1,          0) * x <= 2.55102
   (         1,   0.978022,   0.021978) * x <= 3.32474
   (         0,   0.883588,          1) * x <= 3.08701
   (         0,          1,          1) * x <= 3.36735
   (         1,          1,          0) * x <= 3.36735
   (         0,        0.5,          1) * x <= 2.16327
   (         1,          0,          0) * x <= 1
   (         0,          1, 3.65574e-14) * x <= 2.55102
   (         1,        0.5,          0) * x <= 2.16327
   (         0,          0,          1) * x <= 1
   (0.00948992,   0.495255,          1) * x <= 2.15629
   (         1,          0,          1) * x <= 1.42857
   (         0,   0.495261,          1) * x <= 2.15224
   (         1,          0,          1) * x <= 1.42857
   (         1,          0,          1) * x <= 1.42857
   (  0.115094,   0.884906,          1) * x <= 3.1442
   (         1,          0,          1) * x <= 1.42857
   (         1,   0.978205,          0) * x <= 3.31486
   (  0.802617,          1,   0.802617) * x <= 3.69762
   (         1, 7.05969e-13,          1) * x <= 1.42857

Overapproximation of achievable values: Polytope with 12 Halfspaces:
   (         1,          0,          0) * x <= 1
   (         0,          1,          0) * x <= 2.55102
   (         0,          0,          1) * x <= 1
   (       0.5,          0,        0.5) * x <= 0.714286
   (         0,   0.611765,   0.388235) * x <= 1.87755
   (  0.507692,   0.492308,          0) * x <= 1.67253
   (         0,       0.45,       0.55) * x <= 1.61122
   (  0.446809,   0.553191,          0) * x <= 1.77594
   (  0.666667,   0.333333,          0) * x <= 1.44218
   (         0,   0.333333,   0.666667) * x <= 1.44218
   (         0,        0.5,        0.5) * x <= 1.68367
   (       0.5,        0.5,          0) * x <= 1.68367

10 pareto optimal points found (Note that these points are safe, i.e., contained in the underapproximation, but there is no guarantee for optimality):
   (0.4285714286, 2.326530612, 0000000001 )
   (0000000001, 2.326530612, 0.4285714286 )
   (0.4285714286, 2.326530612, 0000000001 )
   (0.612244898, 2.551020408, 0.8163265306 )
   (0.4693877551, 2.408163265, 0.9591836735 )
   (0.4693877551, 2.408163265, 0.9591836735 )
   (0.7823129252, 2.551020408, 0.6462585034 )
   (0.8163265306, 2.551020408, 0.612244898 )
   (0.9591836735, 2.408163265, 0.4693877551 )
   (0.9591836735, 2.408163265, 0.4693877551 )


Time for model checking: 8.702s.

Performance statistics:
  * peak memory usage: 219MB
  * CPU time: 9.732s
  * wallclock time: 9.893s

real	0m9.929s
user	0m9.736s
sys	0m0.144s
