Storm 1.0.0

Command line arguments: --prism models/mdp/zeroconf/zeroconf4.nm --prop models/mdp/zeroconf/zeroconf4_pareto.pctl --multiobjective:precision 0.001 -tm -stats 
Current working directory: /home/storm/Desktop

Time for model construction: 0.194s.

-------------------------------------------------------------- 
Model type: 	MDP (sparse)
States: 	5449
Transitions: 	17152
Choices: 	16487
Reward Models:  none
Labels: 	4
   * init -> 1 state(s)
   * (error = 0) -> 4998 state(s)
   * deadlock -> 0 state(s)
   * ((l = 4) & (ip = 1)) -> 24 state(s)
choice labels: 	no
-------------------------------------------------------------- 

Model checking property multi(Pmax=? [F ((l = 4) & (ip = 1))], Pmax=? [G (error = 0)]) ...
Preprocessing done in 0.057s seconds.
 Result: 
---------------------------------------------------------------------------------------------------------------------------------------
                                                       Multi-objective Query                                              
---------------------------------------------------------------------------------------------------------------------------------------

Original Formula: 
--------------------------------------------------------------
	multi(Pmax=? [F ((l = 4) & (ip = 1))], Pmax=? [G (error = 0)])

Objectives:
--------------------------------------------------------------
Pmax=? [F ((l = 4) & (ip = 1))] 	(toOrigVal:001*x +000, 	intern threshold:   none, 	intern reward model: objective1 (positive), 	time bounds: none)
00000000Pmax=? [G (error = 0)] 	(toOrigVal:001*x +001, 	intern threshold:   none, 	intern reward model: objective2 (negative), 	time bounds: none)
--------------------------------------------------------------

Original Model Information:
-------------------------------------------------------------- 
Model type: 	MDP (sparse)
States: 	5449
Transitions: 	17152
Choices: 	16487
Reward Models:  none
Labels: 	4
   * init -> 1 state(s)
   * (error = 0) -> 4998 state(s)
   * deadlock -> 0 state(s)
   * ((l = 4) & (ip = 1)) -> 24 state(s)
choice labels: 	no
-------------------------------------------------------------- 

Preprocessed Model Information:
-------------------------------------------------------------- 
Model type: 	MDP (sparse)
States: 	5449
Transitions: 	17152
Choices: 	16487
Reward Models:  objective2, objective1
Labels: 	4
   * init -> 1 state(s)
   * (error = 0) -> 4998 state(s)
   * deadlock -> 0 state(s)
   * ((l = 4) & (ip = 1)) -> 24 state(s)
choice labels: 	no
-------------------------------------------------------------- 

---------------------------------------------------------------------------------------------------------------------------------------

Solving multi-objective query took 0.165s seconds (consisting of 0.057s seconds for preprocessing and 0.107s seconds for value iteration-based exploration of achievable points).
Result (initial states): 
Underapproximation of achievable values: Polytope with 2 Halfspaces:
   (         0,          1) * x <= 1
   (         1,          0) * x <= 0.000307579

Overapproximation of achievable values: Polytope with 2 Halfspaces:
   (         1,          0) * x <= 0.000307579
   (         0,          1) * x <= 1

1 pareto optimal points found (Note that these points are safe, i.e., contained in the underapproximation, but there is no guarantee for optimality):
   (0.0003075787402, 0000000001 )


Time for model checking: 0.165s.

Performance statistics:
  * peak memory usage: 214MB
  * CPU time: 0.260s
  * wallclock time: 0.368s

real	0m0.397s
user	0m0.260s
sys	0m0.096s
