Storm 1.0.0

Command line arguments: --prism models/ma/jobs/jobs10_2.ma --prop models/ma/jobs/jobs2.csl --multiobjective:precision 0.001 -stats -tm 
Current working directory: /home/storm/Desktop

Time for model construction: 0.294s.

-------------------------------------------------------------- 
Model type: 	Markov Automaton (sparse)
States: 	12554
Transitions: 	34581
Choices: 	23061
Markovian St.: 	11531
Max. Rate.: 	5.7
Reward Models:  none
Labels: 	4
   * init -> 1 state(s)
   * deadlock -> 1 state(s)
   * half_of_jobs_finished -> 2772 state(s)
   * all_jobs_finished -> 1 state(s)
choice labels: 	no
-------------------------------------------------------------- 

Time for model preprocessing: 0.000s.


Model checking property multi(T[exp]min=? [F "all_jobs_finished"], Pmax=? [true U<=(10 / (4 * 2)) "half_of_jobs_finished"]) ...
Preprocessing done in 0.017s seconds.
 Result: 
---------------------------------------------------------------------------------------------------------------------------------------
                                                       Multi-objective Query                                              
---------------------------------------------------------------------------------------------------------------------------------------

Original Formula: 
--------------------------------------------------------------
	multi(T[exp]min=? [F "all_jobs_finished"], Pmax=? [true U<=(10 / (4 * 2)) "half_of_jobs_finished"])

Objectives:
--------------------------------------------------------------
T[exp]min=? [F "all_jobs_finished"] 	(toOrigVal:0-1*x +000, 	intern threshold:   none, 	intern reward model: objective1 (negative), 	time bounds: none)
Pmax=? [true U<=(10 / (4 * 2)) "half_of_jobs_finished"] 	(toOrigVal:001*x +000, 	intern threshold:   none, 	intern reward model: objective2 (positive), 	time bounds:<=0000(10 / (4 * 2)))
--------------------------------------------------------------

Original Model Information:
-------------------------------------------------------------- 
Model type: 	Markov Automaton (sparse)
States: 	12554
Transitions: 	34581
Choices: 	23061
Markovian St.: 	11531
Max. Rate.: 	5.7
Reward Models:  none
Labels: 	4
   * init -> 1 state(s)
   * deadlock -> 1 state(s)
   * half_of_jobs_finished -> 2772 state(s)
   * all_jobs_finished -> 1 state(s)
choice labels: 	no
-------------------------------------------------------------- 

Preprocessed Model Information:
-------------------------------------------------------------- 
Model type: 	Markov Automaton (sparse)
States: 	12554
Transitions: 	34581
Choices: 	23061
Markovian St.: 	11531
Max. Rate.: 	5.7
Reward Models:  objective2, objective1
Labels: 	4
   * init -> 1 state(s)
   * half_of_jobs_finished -> 2772 state(s)
   * deadlock -> 1 state(s)
   * all_jobs_finished -> 1 state(s)
choice labels: 	no
-------------------------------------------------------------- 

---------------------------------------------------------------------------------------------------------------------------------------

Solving multi-objective query took 391.283s seconds (consisting of 0.017s seconds for preprocessing and 391.265s seconds for value iteration-based exploration of achievable points).
Result (initial states): 
Underapproximation of achievable values: Polytope with 22 Halfspaces:
   (        -1,   0.143228) * x <= -3.00985
   (        -1,   0.934449) * x <= -2.50533
   (        -1,   0.721461) * x <= -2.65558
   (-0.00451655,          1) * x <= 0.694742
   (        -1,   0.179531) * x <= -2.99719
   (        -1,   0.304904) * x <= -2.93821
   (        -1,          0) * x <= -3.05203
   ( -0.690884,          1) * x <= -1.48001
   (        -1,   0.340048) * x <= -2.9159
   (        -1,  0.0802753) * x <= -3.0292
   (        -1,   0.205622) * x <= -2.98719
   (        -1,   0.244348) * x <= -2.9708
   (         0,          1) * x <= 0.709257
   (        -1,  6.427e-05) * x <= -3.05203
   (        -1,   0.107519) * x <= -3.02106
   (        -1,   0.291461) * x <= -2.94649
   (        -1,   0.584722) * x <= -2.75112
   (        -1,   0.276308) * x <= -2.9549
   (        -1,   0.257979) * x <= -2.96461
   (        -1,   0.520919) * x <= -2.79522
   (        -1,   0.388914) * x <= -2.88412
   (        -1,    0.45078) * x <= -2.84294

Overapproximation of achievable values: Polytope with 21 Halfspaces:
   (        -1,          0) * x <= -3.05203
   (         0,          1) * x <= 0.709893
   ( -0.814506,   0.185494) * x <= -2.42493
   ( -0.672422,   0.327578) * x <= -1.89454
   (  -0.31125,    0.68875) * x <= -0.497351
   ( -0.950187,  0.0498127) * x <= -2.88523
   ( -0.773189,   0.226811) * x <= -2.27678
   ( -0.862163,   0.137837) * x <= -2.58942
   ( -0.603395,   0.396605) * x <= -1.62896
   ( -0.788149,   0.211851) * x <= -2.33152
   ( -0.731777,   0.268223) * x <= -2.12069
   (  -0.89216,    0.10784) * x <= -2.69096
   ( -0.539867,   0.460133) * x <= -1.38338
   ( -0.837899,   0.162101) * x <= -2.50632
   ( -0.797424,   0.202576) * x <= -2.36495
   ( -0.704588,   0.295412) * x <= -2.0174
   ( -0.646503,   0.353497) * x <= -1.79509
   ( -0.757267,   0.242733) * x <= -2.21699
   ( -0.476792,   0.523208) * x <= -1.13909
   (  -0.91378,  0.0862201) * x <= -2.76359
   ( -0.776991,   0.223009) * x <= -2.2908

21 pareto optimal points found (Note that these points are safe, i.e., contained in the underapproximation, but there is no guarantee for optimality):
   (3.142988498, 0.6656131241 )
   (3.101238629, 0.5296213627 )
   (3.155313567, 0.6912612508 )
   (3.108222522, 0.5548970906 )
   (3.052043983, 0.2845690056 )
   (3.137027961, 0.6502870148 )
   (3.149643803, 0.680377103 )
   (3.081730613, 0.454002772 )
   (3.052025694, 0000000000 )
   (3.054813202, 0.3139178059 )
   (3.166832703, 0.7079066117 )
   (3.164530375, 0.7054427774 )
   (3.168492233, 0.7090531543 )
   (3.125971248, 0.6157927609 )
   (3.059800286, 0.3487369579 )
   (3.053182357, 0.2987498819 )
   (3.131809901, 0.6349419376 )
   (3.07421364, 0.4232394114 )
   (3.159652222, 0.6986812872 )
   (3.06603442, 0.3834615385 )
   (3.213550074, 0.7092566604 )


Time for model checking: 391.283s.

Performance statistics:
  * peak memory usage: 216MB
  * CPU time: 391.480s
  * wallclock time: 391.596s

real	6m31.622s
user	6m31.480s
sys	0m0.108s
