Storm 1.0.0

Command line arguments: --prism models/ma/stream/stream.ma --prop models/ma/stream/stream2.csl -const N=250 --multiobjective:precision 0.01 -stats -tm 
Current working directory: /home/storm/Desktop

Time for model construction: 0.377s.

-------------------------------------------------------------- 
Model type: 	Markov Automaton (sparse)
States: 	94376
Transitions: 	187751
Choices: 	125501
Markovian St.: 	62751
Max. Rate.: 	8
Reward Models:  none
Labels: 	4
   * deadlock -> 0 state(s)
   * init -> 1 state(s)
   * underrun -> 31374 state(s)
   * running -> 31375 state(s)
choice labels: 	no
-------------------------------------------------------------- 

Time for model preprocessing: 0.000s.


Model checking property multi(T[exp]min=? [F "running"], Pmin=? [true U<=2 "underrun"]) ...
Preprocessing done in 0.146s seconds.
 Result: 
---------------------------------------------------------------------------------------------------------------------------------------
                                                       Multi-objective Query                                              
---------------------------------------------------------------------------------------------------------------------------------------

Original Formula: 
--------------------------------------------------------------
	multi(T[exp]min=? [F "running"], Pmin=? [true U<=2 "underrun"])

Objectives:
--------------------------------------------------------------
00000T[exp]min=? [F "running"] 	(toOrigVal:0-1*x +000, 	intern threshold:   none, 	intern reward model: objective1 (negative), 	time bounds: none)
0Pmin=? [true U<=2 "underrun"] 	(toOrigVal:0-1*x +000, 	intern threshold:   none, 	intern reward model: objective2 (negative), 	time bounds:<=00002)
--------------------------------------------------------------

Original Model Information:
-------------------------------------------------------------- 
Model type: 	Markov Automaton (sparse)
States: 	94376
Transitions: 	187751
Choices: 	125501
Markovian St.: 	62751
Max. Rate.: 	8
Reward Models:  none
Labels: 	4
   * deadlock -> 0 state(s)
   * init -> 1 state(s)
   * underrun -> 31374 state(s)
   * running -> 31375 state(s)
choice labels: 	no
-------------------------------------------------------------- 

Preprocessed Model Information:
-------------------------------------------------------------- 
Model type: 	Markov Automaton (sparse)
States: 	125502
Transitions: 	249753
Choices: 	156627
Markovian St.: 	93877
Max. Rate.: 	8
Reward Models:  objective2, objective1
Labels: 	4
   * underrun -> 31374 state(s)
   * running -> 62500 state(s)
   * init -> 1 state(s)
   * deadlock -> 0 state(s)
choice labels: 	no
-------------------------------------------------------------- 

---------------------------------------------------------------------------------------------------------------------------------------

Solving multi-objective query took 2899.300s seconds (consisting of 0.146s seconds for preprocessing and 2899.151s seconds for value iteration-based exploration of achievable points).
Result (initial states): 
Underapproximation of achievable values: Polytope with 16 Halfspaces:
   ( -0.703733,         -1) * x <= -0.861969
   ( -0.467072,         -1) * x <= -0.629524
   ( -0.346578,         -1) * x <= -0.494171
   ( -0.535681,         -1) * x <= -0.701248
   ( -0.730937,         -1) * x <= -0.885477
   ( -0.149365,         -1) * x <= -0.24655
   ( -0.244706,         -1) * x <= -0.37074
   (-0.0724872,         -1) * x <= -0.13884
   (         0,         -1) * x <= -0.0252984
   ( -0.844532,         -1) * x <= -0.969556
   (-0.000169081,         -1) * x <= -0.0291828
   (        -1,          0) * x <= -0.25
   (        -1, -0.0166031) * x <= -0.266603
   (        -1,   -0.90835) * x <= -0.972422
   ( -0.954387,         -1) * x <= -1.02532
   ( -0.893598,         -1) * x <= -0.999336

Overapproximation of achievable values: Polytope with 15 Halfspaces:
   (        -1,          0) * x <= -0.25
   (         0,         -1) * x <= -0.0189346
   (-0.0411296,   -0.95887) * x <= -0.083995
   ( -0.434019,  -0.565981) * x <= -0.511666
   ( -0.572169,  -0.427831) * x <= -0.479105
   ( -0.289033,  -0.710967) * x <= -0.394339
   (  -0.47876,   -0.52124) * x <= -0.521939
   ( -0.161914,  -0.838086) * x <= -0.249045
   ( -0.384751,  -0.615249) * x <= -0.479591
   ( -0.227735,  -0.772265) * x <= -0.328144
   ( -0.500217,  -0.499783) * x <= -0.515107
   ( -0.334955,  -0.665045) * x <= -0.439359
   (-0.0973892,  -0.902611) * x <= -0.164321
   ( -0.466011,  -0.533989) * x <= -0.522351
   ( -0.418378,  -0.581622) * x <= -0.504619

15 pareto optimal points found (Note that these points are safe, i.e., contained in the underapproximation, but there is no guarantee for optimality):
   (0.4273959688, 0.6174159644 )
   (0.3086438694, 0.7307514366 )
   (0.6069437414, 0.4569725036 )
   (1.045397995, 0.1412480246 )
   (0000000.25, 0.9999980869 )
   (0.864124355, 0.2538559304 )
   (22.9735371, 0.02529841446 )
   (1.123320732, 00.1048525 )
   (0.9563761823, 0.1889353007 )
   (1.211634447, 0.07424490731 )
   (0.253461697, 0.7915013649 )
   (1.401034809, 0.03728338802 )
   (0.7401683182, 0.3444600202 )
   (1.302588649, 0.05198783815 )
   (1.516323701, 0.02892642363 )


Time for model checking: 2899.301s.

Performance statistics:
  * peak memory usage: 224MB
  * CPU time: 2898.040s
  * wallclock time: 2899.683s

real	48m19.700s
user	48m18.044s
sys	0m0.880s
