Storm 1.0.0

Command line arguments: --prism models/ma/polling/polling.ma --prop models/ma/polling/polling2.csl -const N=4,Q=4 --multiobjective:precision 0.001 -stats -tm 
Current working directory: /home/storm/Desktop

Time for model construction: 4.509s.

-------------------------------------------------------------- 
Model type: 	Markov Automaton (sparse)
States: 	827735
Transitions: 	2160534
Choices: 	1689549
Markovian St.: 	472349
Max. Rate.: 	16
Reward Models:  queuesize1, processedjobs2, queuesize2, processedjobs1
Labels: 	4
   * init -> 1 state(s)
   * q2full -> 523520 state(s)
   * deadlock -> 0 state(s)
   * q1full -> 523520 state(s)
choice labels: 	no
-------------------------------------------------------------- 

Time for model preprocessing: 0.284s.


Model checking property multi(R[exp]{"processedjobs1"}max=? [F "q1full"], R[exp]{"processedjobs2"}max=? [F "q2full"], R[exp]{"queuesize1"}min=? [F "q1full"], R[exp]{"queuesize2"}min=? [F "q2full"]) ...
Preprocessing done in 47.576s seconds.
 Result: 
---------------------------------------------------------------------------------------------------------------------------------------
                                                       Multi-objective Query                                              
---------------------------------------------------------------------------------------------------------------------------------------

Original Formula: 
--------------------------------------------------------------
	multi(R[exp]{"processedjobs1"}max=? [F "q1full"], R[exp]{"processedjobs2"}max=? [F "q2full"], R[exp]{"queuesize1"}min=? [F "q1full"], R[exp]{"queuesize2"}min=? [F "q2full"])

Objectives:
--------------------------------------------------------------
R[exp]{"processedjobs1"}max=? [F "q1full"] 	(toOrigVal:001*x +000, 	intern threshold:   none, 	intern reward model: objective1 (positive), 	time bounds: none)
R[exp]{"processedjobs2"}max=? [F "q2full"] 	(toOrigVal:001*x +000, 	intern threshold:   none, 	intern reward model: objective2 (positive), 	time bounds: none)
R[exp]{"queuesize1"}min=? [F "q1full"] 	(toOrigVal:0-1*x +000, 	intern threshold:   none, 	intern reward model: objective3 (negative), 	time bounds: none)
R[exp]{"queuesize2"}min=? [F "q2full"] 	(toOrigVal:0-1*x +000, 	intern threshold:   none, 	intern reward model: objective4 (negative), 	time bounds: none)
--------------------------------------------------------------

Original Model Information:
-------------------------------------------------------------- 
Model type: 	Markov Automaton (sparse)
States: 	827735
Transitions: 	2146086
Choices: 	1682325
Markovian St.: 	465125
Max. Rate.: 	16
Reward Models:  queuesize1, processedjobs2, queuesize2, processedjobs1
Labels: 	4
   * init -> 1 state(s)
   * q2full -> 523520 state(s)
   * deadlock -> 0 state(s)
   * q1full -> 523520 state(s)
choice labels: 	no
-------------------------------------------------------------- 

Preprocessed Model Information:
-------------------------------------------------------------- 
Model type: 	Markov Automaton (sparse)
States: 	1486748
Transitions: 	4345240
Choices: 	3404628
Markovian St.: 	725908
Max. Rate.: 	16
Reward Models:  objective4, objective2, objective3, objective1
Labels: 	4
   * q2full -> 719360 state(s)
   * init -> 1 state(s)
   * q1full -> 719360 state(s)
   * deadlock -> 0 state(s)
choice labels: 	no
-------------------------------------------------------------- 

---------------------------------------------------------------------------------------------------------------------------------------

 WARN (SparsePcaaQuery.cpp:120): Numerical issues: The overapproximation would not contain the underapproximation. Hence, a halfspace is shifted by 9.18969e-07.
 WARN (SparsePcaaQuery.cpp:120): Numerical issues: The overapproximation would not contain the underapproximation. Hence, a halfspace is shifted by 1.65147e-07.
 WARN (SparsePcaaQuery.cpp:120): Numerical issues: The overapproximation would not contain the underapproximation. Hence, a halfspace is shifted by 3.10928e-07.
 WARN (SparsePcaaQuery.cpp:120): Numerical issues: The overapproximation would not contain the underapproximation. Hence, a halfspace is shifted by 2.03427e-06.
 WARN (SparsePcaaQuery.cpp:120): Numerical issues: The overapproximation would not contain the underapproximation. Hence, a halfspace is shifted by 3.5127e-08.
 WARN (SparsePcaaQuery.cpp:120): Numerical issues: The overapproximation would not contain the underapproximation. Hence, a halfspace is shifted by 2.12325e-07.

real	120m0.031s
user	119m41.636s
sys	0m17.220s
