Storm 1.0.0

Command line arguments: --prism models/ma/jobs/jobs17_2.ma --prop models/ma/jobs/jobs1.csl --multiobjective:precision 0.01 -stats -tm 
Current working directory: /home/storm/Desktop

Time for model construction: 280.302s.

-------------------------------------------------------------- 
Model type: 	Markov Automaton (sparse)
States: 	4587537
Transitions: 	13369379
Choices: 	8912931
Markovian St.: 	4456466
Max. Rate.: 	5.9
Reward Models:  avg_waiting_time
Labels: 	4
   * init -> 1 state(s)
   * deadlock -> 1 state(s)
   * half_of_jobs_finished -> 704990 state(s)
   * all_jobs_finished -> 1 state(s)
choice labels: 	no
-------------------------------------------------------------- 

Time for model preprocessing: 0.000s.


Model checking property multi(T[exp]min=? [F "all_jobs_finished"], T[exp]min=? [F "half_of_jobs_finished"], R[exp]{"avg_waiting_time"}min=? [F "all_jobs_finished"]) ...
Preprocessing done in 17.219s seconds.
 Result: 
---------------------------------------------------------------------------------------------------------------------------------------
                                                       Multi-objective Query                                              
---------------------------------------------------------------------------------------------------------------------------------------

Original Formula: 
--------------------------------------------------------------
	multi(T[exp]min=? [F "all_jobs_finished"], T[exp]min=? [F "half_of_jobs_finished"], R[exp]{"avg_waiting_time"}min=? [F "all_jobs_finished"])

Objectives:
--------------------------------------------------------------
T[exp]min=? [F "all_jobs_finished"] 	(toOrigVal:0-1*x +000, 	intern threshold:   none, 	intern reward model: objective1 (negative), 	time bounds: none)
T[exp]min=? [F "half_of_jobs_finished"] 	(toOrigVal:0-1*x +000, 	intern threshold:   none, 	intern reward model: objective2 (negative), 	time bounds: none)
R[exp]{"avg_waiting_time"}min=? [F "all_jobs_finished"] 	(toOrigVal:0-1*x +000, 	intern threshold:   none, 	intern reward model: objective3 (negative), 	time bounds: none)
--------------------------------------------------------------

Original Model Information:
-------------------------------------------------------------- 
Model type: 	Markov Automaton (sparse)
States: 	4587537
Transitions: 	13369379
Choices: 	8912931
Markovian St.: 	4456466
Max. Rate.: 	5.9
Reward Models:  avg_waiting_time
Labels: 	4
   * init -> 1 state(s)
   * deadlock -> 1 state(s)
   * half_of_jobs_finished -> 704990 state(s)
   * all_jobs_finished -> 1 state(s)
choice labels: 	no
-------------------------------------------------------------- 

Preprocessed Model Information:
-------------------------------------------------------------- 
Model type: 	Markov Automaton (sparse)
States: 	4587537
Transitions: 	13369379
Choices: 	8912931
Markovian St.: 	4456466
Max. Rate.: 	5.9
Reward Models:  objective3, objective1, objective2
Labels: 	4
   * init -> 1 state(s)
   * half_of_jobs_finished -> 704990 state(s)
   * deadlock -> 1 state(s)
   * all_jobs_finished -> 1 state(s)
choice labels: 	no
-------------------------------------------------------------- 

---------------------------------------------------------------------------------------------------------------------------------------

Solving multi-objective query took 249.484s seconds (consisting of 17.219s seconds for preprocessing and 232.079s seconds for value iteration-based exploration of achievable points).
Result (initial states): 
Underapproximation of achievable values: Polytope with 28 Halfspaces:
   (        -1, -0.0638108, -0.0806191) * x <= -5.33046
   (-6.04817e-06,         -1, -1.00073e-05) * x <= -1.84651
   (        -1, -0.0937706,          0) * x <= -5.20045
   (        -1,          0,  -0.338953) * x <= -5.79847
   (        -1, -0.0608688, -0.0837898) * x <= -5.3315
   (        -1,          0,   -0.48704) * x <= -6.13842
   (        -1,  -0.212126,          0) * x <= -5.43689
   ( -0.604374,          0,         -1) * x <= -5.23057
   (        -1, -0.0604918,          0) * x <= -5.12362
   (        -1, -0.0499268,          0) * x <= -5.09373
   (        -1,          0,          0) * x <= -4.93636
   (        -1,  -0.325421,          0) * x <= -5.65183
   (-2.88712e-06,         -1, -2.01042e-06) * x <= -1.84647
   (        -1,     -0.064, -0.0850218) * x <= -5.34122
   (        -1,  -0.998327,  -0.696341) * x <= -8.45133
   (        -1,          0,  -0.245012) * x <= -5.57774
   (        -1, -0.0579176, -0.0090295) * x <= -5.13999
   (        -1,          0, -0.0454394) * x <= -5.07147
   (        -1,          0,  -0.871698) * x <= -6.98247
   (-2.22011e-06,         -1, -1.18589e-06) * x <= -1.84647
   (         0,         -1,          0) * x <= -1.84645
   (        -1, -0.0286426,  -0.456851) * x <= -6.12536
   (         0,          0,         -1) * x <= -2.09386
   (        -1,  -0.194523,          0) * x <= -5.40232
   (  -0.22263,          0,         -1) * x <= -3.25746
   (        -1,  -0.221084, -0.0789371) * x <= -5.63568
   (-1.51963e-06,         -1,          0) * x <= -1.84646
   (        -1,          0,  -0.139239) * x <= -5.31714

Overapproximation of achievable values: Polytope with 14 Halfspaces:
   (        -1,          0,          0) * x <= -4.93636
   (         0,         -1,          0) * x <= -1.84645
   (         0,          0,         -1) * x <= -2.09386
   ( -0.759777,          0,  -0.240223) * x <= -4.36488
   ( -0.630282,  -0.369718,          0) * x <= -3.8662
   ( -0.447198,          0,  -0.552802) * x <= -3.47062
   ( -0.871507,  -0.128493,          0) * x <= -4.62594
   ( -0.904734,          0,  -0.095266) * x <= -4.73017
   (  -0.93216, -0.0678402,          0) * x <= -4.80247
   ( -0.589504,          0,  -0.410496) * x <= -3.88936
   (   -0.2833,          0,    -0.7167) * x <= -2.9742
   ( -0.844581,          0,  -0.155419) * x <= -4.58393
   ( -0.771693, -0.0540563,  -0.174251) * x <= -4.38034
   ( -0.792845,  -0.207155,          0) * x <= -4.38455

14 pareto optimal points found (Note that these points are safe, i.e., contained in the underapproximation, but there is no guarantee for optimality):
   (5.196714756, 1.846452849, 2.149885417 )
   (4.936359985, 3.152000319, 2.973334732 )
   (5.120787482, 1.84645307, 2.135699788 )
   (4.974083593, 2.480400876, 2.463766513 )
   (5.012566514, 2.003653421, 2.357236987 )
   (4.98397446, 2.308568473, 2.470549782 )
   (5.16866341, 1.84645307, 2.106764844 )
   (4.95245675, 2.829593142, 2.619087946 )
   (5.069704285, 1.856746548, 2.194301713 )
   (5.050958551, 1.84645307, 2.235979538 )
   (5.226642977, 1.846452849, 2.093856876 )
   (5.020379642, 1.963487744, 2.295576026 )
   (5.002023786, 2.178355656, 2.349730529 )
   (5.034434501, 1.897230556, 2.303095561 )


Time for model checking: 249.520s.

Performance statistics:
  * peak memory usage: 4562MB
  * CPU time: 482.036s
  * wallclock time: 529.937s

real	8m49.956s
user	8m2.040s
sys	0m45.920s
