Storm 1.0.0

Command line arguments: --prism models/ma/jobs/jobs17_2.ma --prop models/ma/jobs/jobs3.csl --multiobjective:precision 0.01 -stats -tm 
Current working directory: /home/storm/Desktop

Time for model construction: 268.216s.

-------------------------------------------------------------- 
Model type: 	Markov Automaton (sparse)
States: 	4587537
Transitions: 	13369379
Choices: 	8912931
Markovian St.: 	4456466
Max. Rate.: 	5.9
Reward Models:  avg_waiting_time
Labels: 	5
   * deadlock -> 1 state(s)
   * all_jobs_finished -> 1 state(s)
   * half_of_jobs_finished -> 704990 state(s)
   * slowest_before_fastest -> 1138689 state(s)
   * init -> 1 state(s)
choice labels: 	no
-------------------------------------------------------------- 

Time for model preprocessing: 0.000s.


Model checking property multi(T[exp]min=? [F "all_jobs_finished"], T[exp]min=? [F "half_of_jobs_finished"], R[exp]{"avg_waiting_time"}min=? [F "all_jobs_finished"], Pmin=? [F "slowest_before_fastest"]) ...
Preprocessing done in 24.495s seconds.
 Result: 
---------------------------------------------------------------------------------------------------------------------------------------
                                                       Multi-objective Query                                              
---------------------------------------------------------------------------------------------------------------------------------------

Original Formula: 
--------------------------------------------------------------
	multi(T[exp]min=? [F "all_jobs_finished"], T[exp]min=? [F "half_of_jobs_finished"], R[exp]{"avg_waiting_time"}min=? [F "all_jobs_finished"], Pmin=? [F "slowest_before_fastest"])

Objectives:
--------------------------------------------------------------
T[exp]min=? [F "all_jobs_finished"] 	(toOrigVal:0-1*x +000, 	intern threshold:   none, 	intern reward model: objective1 (negative), 	time bounds: none)
T[exp]min=? [F "half_of_jobs_finished"] 	(toOrigVal:0-1*x +000, 	intern threshold:   none, 	intern reward model: objective2 (negative), 	time bounds: none)
R[exp]{"avg_waiting_time"}min=? [F "all_jobs_finished"] 	(toOrigVal:0-1*x +000, 	intern threshold:   none, 	intern reward model: objective3 (negative), 	time bounds: none)
Pmin=? [F "slowest_before_fastest"] 	(toOrigVal:0-1*x +000, 	intern threshold:   none, 	intern reward model: objective4 (negative), 	time bounds: none)
--------------------------------------------------------------

Original Model Information:
-------------------------------------------------------------- 
Model type: 	Markov Automaton (sparse)
States: 	4587537
Transitions: 	13369379
Choices: 	8912931
Markovian St.: 	4456466
Max. Rate.: 	5.9
Reward Models:  avg_waiting_time
Labels: 	5
   * deadlock -> 1 state(s)
   * all_jobs_finished -> 1 state(s)
   * half_of_jobs_finished -> 704990 state(s)
   * slowest_before_fastest -> 1138689 state(s)
   * init -> 1 state(s)
choice labels: 	no
-------------------------------------------------------------- 

Preprocessed Model Information:
-------------------------------------------------------------- 
Model type: 	Markov Automaton (sparse)
States: 	5480480
Transitions: 	15949890
Choices: 	10633282
Markovian St.: 	5316642
Max. Rate.: 	5.9
Reward Models:  objective4, objective3, objective1, objective2
Labels: 	5
   * slowest_before_fastest -> 1138689 state(s)
   * all_jobs_finished -> 2 state(s)
   * deadlock -> 2 state(s)
   * half_of_jobs_finished -> 891605 state(s)
   * init -> 1 state(s)
choice labels: 	no
-------------------------------------------------------------- 

---------------------------------------------------------------------------------------------------------------------------------------

Solving multi-objective query took 1313.180s seconds (consisting of 24.495s seconds for preprocessing and 1288.446s seconds for value iteration-based exploration of achievable points).
Result (initial states): 
Underapproximation of achievable values: Polytope with 98 Halfspaces:
   (        -1, -0.0395147, -0.0042843, -0.00389444) * x <= -5.07754
   (        -1, -0.0475615,          0, -0.00330474) * x <= -5.08957
   ( -0.604374,          0,         -1,          0) * x <= -5.23057
   (        -1,          0, -0.0928654, -0.00272858) * x <= -5.19954
   (        -1, -0.0596468,   -0.01792, -0.00244046) * x <= -5.16864
   (        -1,          0,  -0.034201, -0.00582815) * x <= -5.04221
   (-0.000114084, -7.60696e-05,          0,         -1) * x <= -0.000736892
   (        -1,   -0.12639,          0,          0) * x <= -5.26679
   (        -1,          0,  -0.143489,          0) * x <= -5.32708
   (        -1, -0.0630374, -0.0573232,          0) * x <= -5.27254
   (  -0.02031, -0.00294649, -0.00350662,         -1) * x <= -0.116325
   (        -1, -0.0487359,          0, -0.00988191) * x <= -5.09351
   (        -1,          0,          0,          0) * x <= -4.93636
   (        -1, -0.0606927,          0, -0.000872188) * x <= -5.12382
   (        -1,          0, -0.0253462, -0.00512022) * x <= -5.01684
   (-0.0186891, -0.00512943, -0.000359671,         -1) * x <= -0.105255
   (-0.00655271, -0.000390556,          0,         -1) * x <= -0.0335951
   (        -1,          0,          0, -0.00786023) * x <= -4.94421
   (        -1,          0, -0.0254174,          0) * x <= -5.01193
   (-3.55252e-05,          0, -1.23513e-05,         -1) * x <= -0.000211696
   (-2.09094e-06,          0,          0,         -1) * x <= -1.09994e-05
   (-2.42261e-05, -5.2077e-06,          0,         -1) * x <= -0.000136394
   (         0,         -1,          0,          0) * x <= -1.84645
   (         0,          0, -1.55972e-18,         -1) * x <= -1.56927e-07
   (-0.00142123,          0, -0.000160107,         -1) * x <= -0.00748629
   (-4.27384e-05,          0, -1.73277e-05,         -1) * x <= -0.000259817
   (-6.91218e-05,          0, -1.65206e-05,         -1) * x <= -0.000389752
   (        -1, -0.0679609, -0.0235816,          0) * x <= -5.20127
   (-2.22011e-06,         -1, -1.18589e-06,          0) * x <= -1.84647
   (        -1, -0.0655833,          0,  -0.622428) * x <= -5.13904
   (        -1,          0, -0.0788007, -0.0009949) * x <= -5.16164
   (-6.04818e-06,         -1, -1.00074e-05,          0) * x <= -1.84651
   (        -1, -0.0504553,          0,          0) * x <= -5.09511
   (        -1, -0.0613865, -0.0199469, -0.00280794) * x <= -5.17842
   (        -1, -0.0610459, -0.0150838,          0) * x <= -5.16272
   (        -1, -0.0476476,          0,          0) * x <= -5.08655
   (        -1,  -0.252087,          0, -0.0553012) * x <= -5.51646
   (-2.88712e-06,         -1, -2.01042e-06,          0) * x <= -1.84647
   (        -1,          0, -0.0788172,          0) * x <= -5.16069
   (        -1, -0.0501129,          0,  -0.170138) * x <= -5.09773
   (-0.000125539, -2.62869e-05, -5.14556e-05,         -1) * x <= -0.000812584
   (        -1,  -0.050426,          0, -0.00275485) * x <= -5.09777
   (        -1, -0.0453026,          0, -0.00384454) * x <= -5.08299
   (        -1,          0,   -0.22759,          0) * x <= -5.53572
   (-2.57324e-06,         -1,          0, -0.000319311) * x <= -1.84647
   (        -1,          0,  -0.457743,   -0.51903) * x <= -6.07423
   (-2.20791e-06,         -1,          0, -0.000658443) * x <= -1.84646
   (-2.96755e-06,          0, -4.32565e-07,         -1) * x <= -1.6573e-05
   (        -1,  -0.047487, -0.00313862, -0.0151786) * x <= -5.09868
   (         0,          0,         -1,          0) * x <= -2.09386
   (-1.51963e-06,         -1,          0,          0) * x <= -1.84646
   (        -1, -0.00960008,  -0.447124,  -0.539515) * x <= -6.06876
   (        -1,  -0.263117,          0,          0) * x <= -5.53679
   (        -1, -0.0493526, -0.0058008, -0.00339727) * x <= -5.11041
   (        -1,          0,  -0.194799, -0.00380817) * x <= -5.45813
   (        -1, -0.0725216,          0, -0.00247648) * x <= -5.15385
   (        -1, -0.0817455,          0,          0) * x <= -5.17354
   (        -1,          0,  -0.293963,          0) * x <= -5.69276
   (-7.03641e-06,         -1,          0, -0.0281913) * x <= -1.84649
   (         0, -9.61709e-19,          0,         -1) * x <= -1.56927e-07
   (-0.000421671,          0, -0.000284717,         -1) * x <= -0.00278608
   (-0.000135314,          0, -9.53629e-05,         -1) * x <= -0.000907072
   (        -1,  -0.998327,  -0.696341,          0) * x <= -8.45133
   (-0.0178444, -0.00521144,          0,         -1) * x <= -0.100336
   (-0.0037462, -0.00163088,          0,         -1) * x <= -0.0222136
   (        -1, -0.0499134, -0.000798284, -0.00291018) * x <= -5.09858
   (        -1, -0.0629402, -0.0171719, -0.00235393) * x <= -5.17501
   (-0.00906079,          0, -0.00491918,         -1) * x <= -0.056923
   (        -1,          0,  -0.871698,          0) * x <= -6.98247
   (        -1, -0.0556556, -0.0470282, -0.00351117) * x <= -5.23183
   (         0,          0,          0,         -1) * x <= -1.56927e-07
   (  -0.22263,          0,         -1,          0) * x <= -3.25746
   (        -1,          0,   -0.14345, -0.000897146) * x <= -5.32787
   (        -1,          0, -0.0601122, -0.0676858) * x <= -5.11645
   (        -1, -0.0690881,   -0.46684,          0) * x <= -6.22237
   (        -1,          0,  -0.524349,          0) * x <= -6.22028
   (-0.0026592, -0.00011457, -9.70698e-05,         -1) * x <= -0.0137774
   (-0.0192266, -0.00546019,          0,         -1) * x <= -0.107776
   (-0.000316703, -7.32015e-05, -0.000111037,         -1) * x <= -0.00201279
   (-0.00498708, -0.000956551, -0.00120012,         -1) * x <= -0.0298858
   (        -1,          0,  -0.341791, -0.00448654) * x <= -5.80592
   (-0.0990438,          0,  -0.042895,         -1) * x <= -0.596441
   (        -1,  -0.112452,          0,          0) * x <= -5.23911
   (        -1, -0.0661287, -0.0616344,          0) * x <= -5.28959
   (        -1, -0.0606758,          0,          0) * x <= -5.12291
   (        -1, -0.0610799, -0.0149272, -0.00194778) * x <= -5.16434
   (        -1,  -0.245645,          0, -0.00164793) * x <= -5.50364
   (-0.00805871, -0.0230325,          0,         -1) * x <= -0.083814
   (-0.000249595, -0.000155715,          0,         -1) * x <= -0.00158437
   (        -1,  -0.258925,          0, -0.000658079) * x <= -5.52905
   (-2.9148e-06, -2.61975e-07,          0,         -1) * x <= -1.58753e-05
   (-2.57859e-06,         -1, -1.18131e-06, -0.000109463) * x <= -1.84647
   (        -1, -0.0499748,          0, -0.00298864) * x <= -5.09662
   (        -1,  -0.256421, -0.0063563,          0) * x <= -5.53864
   (        -1,          0,   -0.36225,          0) * x <= -5.85321
   (        -1,  -0.231941, -0.0200873,          0) * x <= -5.52286
   (        -1,          0,  -0.365053,          0) * x <= -5.85969
   (        -1, -0.0246318,  -0.237412,          0) * x <= -5.61353

Overapproximation of achievable values: Polytope with 22 Halfspaces:
   (        -1,          0,          0,          0) * x <= -4.93636
   (         0,         -1,          0,          0) * x <= -1.84645
   (         0,          0,         -1,          0) * x <= -2.09386
   (         0,          0,          0,         -1) * x <= -1.56927e-07
   ( -0.759777,          0,  -0.240223,          0) * x <= -4.36488
   ( -0.630282,  -0.369718,          0,          0) * x <= -3.8662
   ( -0.779435,          0,          0,  -0.220565) * x <= -3.85369
   ( -0.831744, -0.0730002,          0, -0.0952561) * x <= -4.31376
   ( -0.447198,          0,  -0.552802,          0) * x <= -3.47062
   ( -0.847476,  -0.152524,          0,          0) * x <= -4.55315
   ( -0.917533, -0.0284806, -0.0539861,          0) * x <= -4.76539
   ( -0.862292,          0,  -0.107011, -0.0306978) * x <= -4.55185
   ( -0.935982, -0.0614076,          0, -0.00261073) * x <= -4.80748
   ( -0.932358, -0.0676419,          0,          0) * x <= -4.80299
   ( -0.589504,          0,  -0.410496,          0) * x <= -3.88936
   ( -0.855996,          0,  -0.144004,          0) * x <= -4.6125
   (   -0.2833,          0,    -0.7167,          0) * x <= -2.9742
   (  -0.93983,          0, -0.0564908, -0.00367906) * x <= -4.80408
   ( -0.723596,          0,  -0.209354, -0.0670503) * x <= -4.11131
   ( -0.954979,          0, -0.0450205,          0) * x <= -4.84409
   ( -0.815538, -0.0854629, -0.0942419, -0.00475744) * x <= -4.47815
   (  -0.68569, -0.00473282,  -0.309577,          0) * x <= -4.16115

22 pareto optimal points found (Note that these points are safe, i.e., contained in the underapproximation, but there is no guarantee for optimality):
   (5.002023786, 2.178355656, 2.349730529, 0.1735072409 )
   (005.033341, 1.914472605, 2.263651118, 0.009092684166 )
   (5.185445007, 2.304832493, 2.376490009, 1.569267398e-07 )
   (5.196714756, 1.846452849, 2.149885417, 0.0001005130404 )
   (4.977086402, 2.403274033, 2.580562584, 0.9988090049 )
   (5.069704285, 1.856746548, 2.194301713, 0.0001933015851 )
   (4.997239361, 2.215722295, 2.366006128, 5.24554252e-06 )
   (5.226642977, 1.846452849, 2.093856876, 1.569267398e-07 )
   (4.936359985, 3.152000319, 2.973334732, 0.9988090049 )
   (5.050958551, 1.84645307, 2.235979538, 0.0005814522311 )
   (4.971108447, 2.525844563, 2.480821929, 0.9886474539 )
   (4.999007595, 2.135110182, 2.423807234, 4.168408829e-06 )
   (4.941128818, 3.051914842, 2.785714135, 0.9962005129 )
   (5.16866341, 1.84645307, 2.106764844, 6.771443696e-06 )
   (4.949910371, 2.931275353, 2.685902599, 0.07517243492 )
   (5.120787482, 1.84645307, 2.135699788, 1.87210502e-05 )
   (4.944210849, 3.063464625, 2.865360121, 6.61334065e-07 )
   (4.957909556, 2.71932848, 2.572807186, 0.9926692972 )
   (5.017195361, 1.974772974, 2.371156456, 0.8180739402 )
   (5.015767437, 1.986070729, 2.311790855, 0.0004957176336 )
   (4.96395557, 2.669376417, 2.536868049, 2.51933491e-05 )
   (4.969769133, 2.538125162, 2.648709737, 0.004514590002 )


Time for model checking: 1313.225s.

Performance statistics:
  * peak memory usage: 5579MB
  * CPU time: 1502.920s
  * wallclock time: 1581.552s

real	26m21.570s
user	25m2.924s
sys	1m18.376s
