Storm 1.0.0

Command line arguments: --prism models/ma/polling/polling.ma --prop models/ma/polling/polling2.csl -const N=3,Q=3 --multiobjective:precision 0.01 -stats -tm 
Current working directory: /home/storm/Desktop

Time for model construction: 0.125s.

-------------------------------------------------------------- 
Model type: 	Markov Automaton (sparse)
States: 	9858
Transitions: 	24872
Choices: 	18463
Markovian St.: 	4969
Max. Rate.: 	14
Reward Models:  queuesize1, processedjobs2, queuesize2, processedjobs1
Labels: 	4
   * init -> 1 state(s)
   * q2full -> 5373 state(s)
   * deadlock -> 0 state(s)
   * q1full -> 5373 state(s)
choice labels: 	no
-------------------------------------------------------------- 

Time for model preprocessing: 0.002s.


Model checking property multi(R[exp]{"processedjobs1"}max=? [F "q1full"], R[exp]{"processedjobs2"}max=? [F "q2full"], R[exp]{"queuesize1"}min=? [F "q1full"], R[exp]{"queuesize2"}min=? [F "q2full"]) ...
Preprocessing done in 0.109s seconds.
 Result: 
---------------------------------------------------------------------------------------------------------------------------------------
                                                       Multi-objective Query                                              
---------------------------------------------------------------------------------------------------------------------------------------

Original Formula: 
--------------------------------------------------------------
	multi(R[exp]{"processedjobs1"}max=? [F "q1full"], R[exp]{"processedjobs2"}max=? [F "q2full"], R[exp]{"queuesize1"}min=? [F "q1full"], R[exp]{"queuesize2"}min=? [F "q2full"])

Objectives:
--------------------------------------------------------------
R[exp]{"processedjobs1"}max=? [F "q1full"] 	(toOrigVal:001*x +000, 	intern threshold:   none, 	intern reward model: objective1 (positive), 	time bounds: none)
R[exp]{"processedjobs2"}max=? [F "q2full"] 	(toOrigVal:001*x +000, 	intern threshold:   none, 	intern reward model: objective2 (positive), 	time bounds: none)
R[exp]{"queuesize1"}min=? [F "q1full"] 	(toOrigVal:0-1*x +000, 	intern threshold:   none, 	intern reward model: objective3 (negative), 	time bounds: none)
R[exp]{"queuesize2"}min=? [F "q2full"] 	(toOrigVal:0-1*x +000, 	intern threshold:   none, 	intern reward model: objective4 (negative), 	time bounds: none)
--------------------------------------------------------------

Original Model Information:
-------------------------------------------------------------- 
Model type: 	Markov Automaton (sparse)
States: 	9858
Transitions: 	24536
Choices: 	18295
Markovian St.: 	4801
Max. Rate.: 	14
Reward Models:  queuesize1, processedjobs2, queuesize2, processedjobs1
Labels: 	4
   * init -> 1 state(s)
   * q2full -> 5373 state(s)
   * deadlock -> 0 state(s)
   * q1full -> 5373 state(s)
choice labels: 	no
-------------------------------------------------------------- 

Preprocessed Model Information:
-------------------------------------------------------------- 
Model type: 	Markov Automaton (sparse)
States: 	19512
Transitions: 	52343
Choices: 	38665
Markovian St.: 	8431
Max. Rate.: 	14
Reward Models:  objective4, objective2, objective3, objective1
Labels: 	4
   * q2full -> 7830 state(s)
   * init -> 1 state(s)
   * q1full -> 7830 state(s)
   * deadlock -> 0 state(s)
choice labels: 	no
-------------------------------------------------------------- 

---------------------------------------------------------------------------------------------------------------------------------------

Solving multi-objective query took 4.738s seconds (consisting of 0.109s seconds for preprocessing and 4.628s seconds for value iteration-based exploration of achievable points).
Result (initial states): 
Underapproximation of achievable values: Polytope with 32 Halfspaces:
   (         0,          1,          0,          0) * x <= 0.542198
   (  0.764445,          1,          0,          0) * x <= 1.08215
   (0.000880382, 0.00476437,  -0.135247,         -1) * x <= -0.00689131
   ( 0.0329899,  0.0426189,         -1,  -0.933771) * x <= 0.0231111
   (         0,          0,          0,         -1) * x <= -0.006208
   ( 0.0425034,  0.0556004,         -1,          0) * x <= 0.0441678
   (         0, 0.00476406,          0,         -1) * x <= -0.00552233
   ( 0.0076053,  0.0019453,         -1,          0) * x <= -0.00839544
   (         0, 0.00482892, -0.00941993,         -1) * x <= -0.00564844
   (         0, 0.00294635,         -1,          0) * x <= -0.009718
   (         0, 0.00509963, -1.33199e-05,         -1) * x <= -0.00539522
   (         0,  0.0067275,  -0.917947,         -1) * x <= -0.0148995
   (4.41127e-06, 0.00510599,          0,         -1) * x <= -0.00538862
   (0.00750168, 2.60041e-06,         -1,          0) * x <= -0.00922609
   (         0,          0,         -1,  -0.876589) * x <= -0.0159091
   (         0,          1, -0.000117562,          0) * x <= 0.542196
   (0.00676753, 0.00476644,  -0.961585,         -1) * x <= -0.0147967
   (0.00559097,          0,   -0.63072,         -1) * x <= -0.0122828
   (0.00750239,          0,         -1,          0) * x <= -0.00922638
   (         0, 0.00476406, -0.00656965,         -1) * x <= -0.00562745
   (0.00418788, 0.00452378,  -0.608881,         -1) * x <= -0.0115699
   (         0, 0.00460185,          0,         -1) * x <= -0.00558079
   (         1, 0.000266936,          0,          0) * x <= 0.902956
   (0.00729548, 0.000693699,         -1,          0) * x <= -0.00915004
   (0.00127529,          0,          0,         -1) * x <= -0.00608778
   (         0, 0.00509975,          0,         -1) * x <= -0.00539497
   (         1,          0,          0,          0) * x <= 0.902859
   (  0.536225,          1,          0,          0) * x <= 0.902848
   (         1,   0.935412,          0,          0) * x <= 1.25777
   (   0.03533,   0.045642,          0,         -1) * x <= 0.0418854
   (         0,          0,         -1,          0) * x <= -0.0101505
   ( 0.0183895,  0.0172017,         -1,          0) * x <= 0.00712974

Overapproximation of achievable values: Polytope with 8 Halfspaces:
   (         1,          0,          0,          0) * x <= 0.902859
   (         0,          1,          0,          0) * x <= 0.542198
   (         0,          0,         -1,          0) * x <= -0.0101505
   (         0,          0,          0,         -1) * x <= -0.006208
   (  0.216607,   0.783393,          0,          0) * x <= 0.570438
   (  0.441201,   0.558799,          0,          0) * x <= 0.616792
   (  0.385745,   0.614255,          0,          0) * x <= 0.598863
   (  0.604952,   0.395048,          0,          0) * x <= 0.696073

8 pareto optimal points found (Note that these points are safe, i.e., contained in the underapproximation, but there is no guarantee for optimality):
   (0.2452667533, 0.542197767, 0.01131550104, 0.008160082009 )
   (0.09427452561, 0.1362958019, 0.01046727623, 0.006208002434 )
   (0.6725727185, 0.5421981491, 0.01456529143, 0.008160040671 )
   (0.9028594573, 0.3603745047, 0.01599998914, 0.007239179063 )
   (0.7856387875, 0.4815693179, 0.01600000052, 0.007850969192 )
   (0.8616723675, 0.4234458099, 0.01599999843, 0.007884365678 )
   (0.1231750937, 0.1467889219, 0.01015048907, 0.006569388688 )
   (0.9028543733, 0.3794202637, 0.01600000053, 0.007329914149 )


Time for model checking: 4.738s.

Performance statistics:
  * peak memory usage: 216MB
  * CPU time: 4.812s
  * wallclock time: 4.871s

real	0m4.889s
user	0m4.812s
sys	0m0.072s
