Storm 1.0.0

Command line arguments: --prism models/ma/stream/stream.ma --prop models/ma/stream/stream2.csl -const N=30 --multiobjective:precision 0.001 -stats -tm 
Current working directory: /home/storm/Desktop

Time for model construction: 0.078s.

-------------------------------------------------------------- 
Model type: 	Markov Automaton (sparse)
States: 	1426
Transitions: 	2731
Choices: 	1861
Markovian St.: 	931
Max. Rate.: 	8
Reward Models:  none
Labels: 	4
   * deadlock -> 0 state(s)
   * init -> 1 state(s)
   * underrun -> 464 state(s)
   * running -> 465 state(s)
choice labels: 	no
-------------------------------------------------------------- 

Time for model preprocessing: 0.000s.


Model checking property multi(T[exp]min=? [F "running"], Pmin=? [true U<=2 "underrun"]) ...
Preprocessing done in 0.001s seconds.
 Result: 
---------------------------------------------------------------------------------------------------------------------------------------
                                                       Multi-objective Query                                              
---------------------------------------------------------------------------------------------------------------------------------------

Original Formula: 
--------------------------------------------------------------
	multi(T[exp]min=? [F "running"], Pmin=? [true U<=2 "underrun"])

Objectives:
--------------------------------------------------------------
00000T[exp]min=? [F "running"] 	(toOrigVal:0-1*x +000, 	intern threshold:   none, 	intern reward model: objective1 (negative), 	time bounds: none)
0Pmin=? [true U<=2 "underrun"] 	(toOrigVal:0-1*x +000, 	intern threshold:   none, 	intern reward model: objective2 (negative), 	time bounds:<=00002)
--------------------------------------------------------------

Original Model Information:
-------------------------------------------------------------- 
Model type: 	Markov Automaton (sparse)
States: 	1426
Transitions: 	2731
Choices: 	1861
Markovian St.: 	931
Max. Rate.: 	8
Reward Models:  none
Labels: 	4
   * deadlock -> 0 state(s)
   * init -> 1 state(s)
   * underrun -> 464 state(s)
   * running -> 465 state(s)
choice labels: 	no
-------------------------------------------------------------- 

Preprocessed Model Information:
-------------------------------------------------------------- 
Model type: 	Markov Automaton (sparse)
States: 	1862
Transitions: 	3573
Choices: 	2297
Markovian St.: 	1367
Max. Rate.: 	8
Reward Models:  objective2, objective1
Labels: 	4
   * underrun -> 464 state(s)
   * running -> 900 state(s)
   * init -> 1 state(s)
   * deadlock -> 0 state(s)
choice labels: 	no
-------------------------------------------------------------- 

---------------------------------------------------------------------------------------------------------------------------------------

Solving multi-objective query took 1248.929s seconds (consisting of 0.001s seconds for preprocessing and 1248.926s seconds for value iteration-based exploration of achievable points).
Result (initial states): 
Underapproximation of achievable values: Polytope with 47 Halfspaces:
   ( -0.620635,         -1) * x <= -0.775944
   ( -0.676579,         -1) * x <= -0.82921
   ( -0.300668,         -1) * x <= -0.432709
   ( -0.837519,         -1) * x <= -0.95631
   (        -1, -0.00353864) * x <= -0.253539
   ( -0.168568,         -1) * x <= -0.265533
   ( -0.918946,         -1) * x <= -1.0026
   (  -0.90125,         -1) * x <= -0.994602
   ( -0.192821,         -1) * x <= -0.297448
   ( -0.113076,         -1) * x <= -0.190085
   ( -0.446892,         -1) * x <= -0.60041
   ( -0.886533,         -1) * x <= -0.987147
   ( -0.494141,         -1) * x <= -0.651506
   ( -0.353473,         -1) * x <= -0.495111
   ( -0.416045,         -1) * x <= -0.566158
   (-0.0442812,         -1) * x <= -0.0904493
   (-0.0639823,         -1) * x <= -0.119844
   ( -0.970119,         -1) * x <= -1.02189
   (-0.0281661,         -1) * x <= -0.0657065
   (        -1,  -0.988074) * x <= -1.0229
   (        -1,  -0.682011) * x <= -0.786863
   (-0.0156419,         -1) * x <= -0.0458721
   ( -0.704616,         -1) * x <= -0.855561
   ( -0.540894,         -1) * x <= -0.699235
   ( -0.940849,         -1) * x <= -1.0114
   (        -1,          0) * x <= -0.25
   (         0,         -1) * x <= -0.019575
   (-0.0068413,         -1) * x <= -0.0314481
   ( -0.874585,         -1) * x <= -0.980372
   (        -1,  -0.822454) * x <= -0.896536
   (-0.0870808,         -1) * x <= -0.153361
   ( -0.861392,         -1) * x <= -0.972123
   ( -0.732767,         -1) * x <= -0.879743
   (        -1,  -0.902259) * x <= -0.958165
   ( -0.721863,         -1) * x <= -0.870795
   (        -1,  -0.944097) * x <= -0.990094
   (-3.9988e-05,         -1) * x <= -0.0198352
   ( -0.527114,         -1) * x <= -0.685599
   ( -0.812203,         -1) * x <= -0.938537
   ( -0.381757,         -1) * x <= -0.527508
   ( -0.512099,         -1) * x <= -0.670287
   ( -0.472638,         -1) * x <= -0.628498
   (  -0.21838,         -1) * x <= -0.330439
   ( -0.141697,         -1) * x <= -0.22948
   ( -0.245491,         -1) * x <= -0.364776
   ( -0.326901,         -1) * x <= -0.46404
   ( -0.273515,         -1) * x <= -0.399613

Overapproximation of achievable values: Polytope with 46 Halfspaces:
   (        -1,          0) * x <= -0.25
   (         0,         -1) * x <= -0.0189386
   ( -0.135457,  -0.864543) * x <= -0.215219
   ( -0.468062,  -0.531938) * x <= -0.522655
   ( -0.619193,  -0.380807) * x <= -0.454144
   ( -0.364882,  -0.635118) * x <= -0.46417
   ( -0.268718,  -0.731282) * x <= -0.373288
   ( -0.436183,  -0.563817) * x <= -0.512611
   (-0.0038155,  -0.996184) * x <= -0.0255723
   (  -0.48813,   -0.51187) * x <= -0.519599
   (-0.0508514,  -0.949149) * x <= -0.0984076
   ( -0.205819,  -0.794181) * x <= -0.30267
   (  -0.32586,   -0.67414) * x <= -0.430961
   ( -0.416712,  -0.583288) * x <= -0.503633
   ( -0.509615,  -0.490385) * x <= -0.511023
   (-0.0906358,  -0.909364) * x <= -0.155052
   ( -0.459321,  -0.540679) * x <= -0.520906
   ( -0.476295,  -0.523705) * x <= -0.522373
   (  -0.23871,   -0.76129) * x <= -0.340631
   ( -0.170296,  -0.829704) * x <= -0.259565
   (-0.0209679,  -0.979032) * x <= -0.0532412
   ( -0.341939,  -0.658061) * x <= -0.445663
   ( -0.301385,  -0.698615) * x <= -0.406957
   ( -0.533417,  -0.466583) * x <= -0.4993
   ( -0.408187,  -0.591813) * x <= -0.49759
   ( -0.421294,  -0.578706) * x <= -0.50639
   ( -0.497193,  -0.502807) * x <= -0.516359
   (  -0.11273,   -0.88727) * x <= -0.185157
   ( -0.452091,  -0.547909) * x <= -0.51875
   (-0.0698893,  -0.930111) * x <= -0.125935
   ( -0.481638,  -0.518362) * x <= -0.521385
   (-0.0345529,  -0.965447) * x <= -0.0741218
   ( -0.564955,  -0.435045) * x <= -0.48293
   ( -0.223091,  -0.776909) * x <= -0.322863
   ( -0.471882,  -0.528118) * x <= -0.522748
   (  -0.18809,   -0.81191) * x <= -0.281417
   ( -0.253671,  -0.746329) * x <= -0.357161
   ( -0.152901,  -0.847099) * x <= -0.237686
   ( -0.347975,  -0.652025) * x <= -0.450796
   ( -0.010659,  -0.989341) * x <= -0.0368599
   ( -0.284812,  -0.715188) * x <= -0.390061
   ( -0.465082,  -0.534918) * x <= -0.522249
   ( -0.394563,  -0.605437) * x <= -0.487233
   (  -0.31517,   -0.68483) * x <= -0.420653
   ( -0.334866,  -0.665134) * x <= -0.439345
   ( -0.518224,  -0.481776) * x <= -0.506933

46 pareto optimal points found (Note that these points are safe, i.e., contained in the underapproximation, but there is no guarantee for optimality):
   (1.243129221, 0.0595988893 )
   (1.266501351, 0.0538612492 )
   (0.7401415711, 0.3373915346 )
   (0.8206233978, 0.2784170965 )
   (0.2614040034, 0.7722401634 )
   (6.507490665, 0.01957498617 )
   (0.8832980443, 0.2331745861 )
   (1.638986329, 0.02023530359 )
   (0.6252604526, 0.4335286269 )
   (0.2542753741, 0.7809076699 )
   (0.2858792486, 0.7459132495 )
   (1.583681252, 0.02110037874 )
   (1.535385964, 0.02246066899 )
   (1.492028789, 0.02438057493 )
   (1.127216083, 0.09718581565 )
   (1.169334851, 0.08178322319 )
   (0.318238529, 0.7131634036 )
   (1.145415521, 0.09023805337 )
   (0000000.25, 0.9999980869 )
   (0.2507570276, 0.7860664544 )
   (1.376413454, 0.03444636772 )
   (1.451047424, 0.0270026574 )
   (0.662378035, 0.4015558554 )
   (0.9895240631, 0.1640072234 )
   (1.341733405, 0.03936043112 )
   (1.218846585, 0.06624055598 )
   (0.9619817032, 0.1789047158 )
   (1.090918258, 0.112887672 )
   (0.9398353538, 0.1933374676 )
   (0.4019475338, 0.6332301702 )
   (0.2695971358, 0.7631594745 )
   (0.702057864, 0.3683232253 )
   (1.707448932, 0.01976693046 )
   (0.4518455836, 0.5873765473 )
   (0.9521326563, 0.1850173744 )
   (0.5065392057, 0.5380839436 )
   (1.019759262, 0.1480698356 )
   (0.3584051693, 0.674196971 )
   (1.290826669, 0.04854909324 )
   (1.11037992, 0.1041904149 )
   (1.412748448, 0.03033776365 )
   (1.315871531, 0.0437199078 )
   (1.045843273, 0.134712242 )
   (0.5670958388, 0.4843985145 )
   (1.194344231, 0.07360762874 )
   (1.070045506, 0.1227529356 )


Time for model checking: 1248.929s.

Performance statistics:
  * peak memory usage: 214MB
  * CPU time: 1248.816s
  * wallclock time: 1249.011s

real	20m49.031s
user	20m48.816s
sys	0m0.068s
