Storm 1.0.0

Command line arguments: --prism models/ma/stream/stream.ma --prop models/ma/stream/stream1.csl -const N=30 --multiobjective:precision 0.001 -stats -tm 
Current working directory: /home/storm/Desktop

Time for model construction: 0.082s.

-------------------------------------------------------------- 
Model type: 	Markov Automaton (sparse)
States: 	1426
Transitions: 	2731
Choices: 	1861
Markovian St.: 	931
Max. Rate.: 	8
Reward Models:  numrestarts, buffering
Labels: 	3
   * deadlock -> 0 state(s)
   * init -> 1 state(s)
   * done -> 1 state(s)
choice labels: 	no
-------------------------------------------------------------- 

Time for model preprocessing: 0.000s.


Model checking property multi(R[exp]{"buffering"}min=? [F "done"], R[exp]{"numrestarts"}min=? [F "done"]) ...
Preprocessing done in 0.002s seconds.
 Result: 
---------------------------------------------------------------------------------------------------------------------------------------
                                                       Multi-objective Query                                              
---------------------------------------------------------------------------------------------------------------------------------------

Original Formula: 
--------------------------------------------------------------
	multi(R[exp]{"buffering"}min=? [F "done"], R[exp]{"numrestarts"}min=? [F "done"])

Objectives:
--------------------------------------------------------------
R[exp]{"buffering"}min=? [F "done"] 	(toOrigVal:0-1*x +000, 	intern threshold:   none, 	intern reward model: objective1 (negative), 	time bounds: none)
R[exp]{"numrestarts"}min=? [F "done"] 	(toOrigVal:0-1*x +000, 	intern threshold:   none, 	intern reward model: objective2 (negative), 	time bounds: none)
--------------------------------------------------------------

Original Model Information:
-------------------------------------------------------------- 
Model type: 	Markov Automaton (sparse)
States: 	1426
Transitions: 	2731
Choices: 	1861
Markovian St.: 	931
Max. Rate.: 	8
Reward Models:  numrestarts, buffering
Labels: 	3
   * deadlock -> 0 state(s)
   * init -> 1 state(s)
   * done -> 1 state(s)
choice labels: 	no
-------------------------------------------------------------- 

Preprocessed Model Information:
-------------------------------------------------------------- 
Model type: 	Markov Automaton (sparse)
States: 	1426
Transitions: 	2731
Choices: 	1861
Markovian St.: 	931
Max. Rate.: 	8
Reward Models:  objective1, objective2
Labels: 	3
   * init -> 1 state(s)
   * done -> 1 state(s)
   * deadlock -> 0 state(s)
choice labels: 	no
-------------------------------------------------------------- 

---------------------------------------------------------------------------------------------------------------------------------------

Solving multi-objective query took 2.388s seconds (consisting of 0.002s seconds for preprocessing and 2.386s seconds for value iteration-based exploration of achievable points).
Result (initial states): 
Underapproximation of achievable values: Polytope with 52 Halfspaces:
   (        -1,  -0.245959) * x <= -2.10319
   (        -1,  -0.227459) * x <= -2.08148
   ( -0.913538,         -1) * x <= -2.45174
   (  -0.76461,         -1) * x <= -2.12086
   (        -1, -0.0946342) * x <= -1.87089
   (        -1,  -0.047517) * x <= -1.74965
   ( -0.601443,         -1) * x <= -1.74535
   (-0.0464276,         -1) * x <= -0.23537
   ( -0.116808,         -1) * x <= -0.473589
   (        -1, -0.0417377) * x <= -1.7327
   (        -1,   -0.44072) * x <= -2.29505
   (        -1,  -0.378699) * x <= -2.24396
   (        -1,  -0.370555) * x <= -2.23573
   (        -1, -0.0563704) * x <= -1.7741
   (        -1, -0.0723828) * x <= -1.81587
   ( -0.231926,         -1) * x <= -0.813809
   (-0.00346487,         -1) * x <= -0.0610132
   (-0.0551258,         -1) * x <= -0.267335
   (        -1,  -0.512486) * x <= -2.35092
   (-0.000215181,         -1) * x <= -0.0448581
   (        -1,  -0.847443) * x <= -2.56254
   (        -1,          0) * x <= -1.53867
   (-0.0370237,         -1) * x <= -0.200588
   (        -1,  -0.029119) * x <= -1.68877
   (        -1, -0.0310454) * x <= -1.69698
   ( -0.101985,         -1) * x <= -0.425396
   ( -0.284474,         -1) * x <= -0.955827
   (        -1,  -0.099839) * x <= -1.88138
   (-0.0804985,         -1) * x <= -0.355289
   ( -0.362889,         -1) * x <= -1.1619
   (        -1,  -0.742366) * x <= -2.50353
   ( -0.438895,         -1) * x <= -1.35389
   (        -1,   -0.12862) * x <= -1.93344
   (        -1, -0.0358984) * x <= -1.71445
   (        -1,  -0.672573) * x <= -2.46267
   (        -1,  -0.207173) * x <= -2.05644
   (        -1,  -0.109909) * x <= -1.90073
   (        -1,  -0.622337) * x <= -2.43267
   (        -1,   -0.94858) * x <= -2.61759
   ( -0.690393,         -1) * x <= -1.95475
   (        -1,   -0.97149) * x <= -2.62992
   (        -1,  -0.317033) * x <= -2.18064
   (        -1,   -0.15102) * x <= -1.9702
   (         0,         -1) * x <= -0.0434117
   (        -1,  -0.271564) * x <= -2.13178
   (        -1,  -0.182839) * x <= -2.01972
   ( -0.165432,         -1) * x <= -0.622404
   (-0.0142687,         -1) * x <= -0.109063
   (-0.0232589,         -1) * x <= -0.146347
   ( -0.476808,         -1) * x <= -1.44924
   (-0.00831595,         -1) * x <= -0.0831412
   ( -0.332608,         -1) * x <= -1.08503

Overapproximation of achievable values: Polytope with 51 Halfspaces:
   (        -1,          0) * x <= -1.53867
   (         0,         -1) * x <= -0.0434117
   ( -0.496514,  -0.503486) * x <= -1.31503
   ( -0.876226,  -0.123774) * x <= -1.7123
   (-0.0802236,  -0.919776) * x <= -0.34696
   ( -0.713822,  -0.286178) * x <= -1.61485
   ( -0.245798,  -0.754202) * x <= -0.804761
   ( -0.950324,  -0.049676) * x <= -1.67521
   ( -0.338429,  -0.661571) * x <= -1.01339
   ( -0.795907,  -0.204093) * x <= -1.68325
   ( -0.585989,  -0.414011) * x <= -1.45475
   (-0.0140329,  -0.985967) * x <= -0.107377
   ( -0.146872,  -0.853128) * x <= -0.547505
   (  -0.96775, -0.0322497) * x <= -1.6502
   ( -0.915135, -0.0848646) * x <= -1.70781
   ( -0.040187,  -0.959813) * x <= -0.20973
   ( -0.414554,  -0.585446) * x <= -1.1676
   (  -0.63514,   -0.36486) * x <= -1.52245
   ( -0.831651,  -0.168349) * x <= -1.70428
   ( -0.287103,  -0.712897) * x <= -0.900053
   ( -0.738976,  -0.261024) * x <= -1.63897
   ( -0.122347,  -0.877653) * x <= -0.476338
   ( -0.521066,  -0.478934) * x <= -1.35559
   ( -0.191542,  -0.808458) * x <= -0.668847
   ( -0.906801, -0.0931989) * x <= -1.71116
   ( -0.062362,  -0.937638) * x <= -0.287665
   ( -0.970929,  -0.029071) * x <= -1.64308
   (  -0.02486,   -0.97514) * x <= -0.151296
   ( -0.614983,  -0.385017) * x <= -1.49742
   ( -0.822394,  -0.177606) * x <= -1.70012
   ( -0.961904, -0.0380961) * x <= -1.66028
   ( -0.321576,  -0.678424) * x <= -0.978417
   (-0.00148367,  -0.998516) * x <= -0.0510991
   ( -0.403478,  -0.596522) * x <= -1.14638
   ( -0.679574,  -0.320426) * x <= -1.57595
   ( -0.103915,  -0.896085) * x <= -0.421922
   ( -0.895253,  -0.104747) * x <= -1.71274
   ( -0.939938, -0.0600616) * x <= -1.686
   ( -0.725725,  -0.274275) * x <= -1.62793
   ( -0.772136,  -0.227864) * x <= -1.66556
   ( -0.860278,  -0.139722) * x <= -1.71018
   ( -0.507577,  -0.492423) * x <= -1.33452
   ( -0.456397,  -0.543603) * x <= -1.24345
   ( -0.559801,  -0.440199) * x <= -1.41531
   (-0.00506659,  -0.994933) * x <= -0.0680903
   (-0.0514478,  -0.948552) * x <= -0.250488
   ( -0.250934,  -0.749066) * x <= -0.817299
   (  -0.80876,   -0.19124) * x <= -1.69196
   (-0.0184103,   -0.98159) * x <= -0.12532
   ( -0.912811, -0.0871889) * x <= -1.70939
   (  -0.95743, -0.0425701) * x <= -1.66659

51 pareto optimal points found (Note that these points are safe, i.e., contained in the underapproximation, but there is no guarantee for optimality):
   (4.354545156, 0.04692899635 )
   (1.735177682, 1.556261682 )
   (01.8399856, 1.074510437 )
   (2.107193205, 0.5380686203 )
   (2.514940855, 0.2500975151 )
   (1.95199171, 0.7784092721 )
   (1.689461499, 1.922235688 )
   (1.708625711, 1.747872053 )
   (1.861487714, 1.009951789 )
   (3.060567788, 0.1160891058 )
   (2.238214178, 0.409500005 )
   (3.251273837, 0.09381307309 )
   (1.931958883, 0.8238640329 )
   (1.585233479, 3.599580405 )
   (1.800723259, 1.234301142 )
   (1.828549974, 1.116620751 )
   (1.969495368, 0.744254848 )
   (1.602289971, 3.124447745 )
   (1.680144421, 2.015556714 )
   (1.610285722, 2.932876247 )
   (3.698661355, 0.06364997139 )
   (1.618408614, 2.761929063 )
   (2.086657661, 0.5615512474 )
   (2.101234018, 0.544350842 )
   (2.22173428, 0.422100699 )
   (2.878508831, 0.1462074241 )
   (4.971280496, 0.04378833597 )
   (4.561458014, 0.04520831938 )
   (2.375789852, 0.3164458328 )
   (3.46645791, 0.07624427013 )
   (1.854322579, 1.029288024 )
   (3.262760193, 0.092641632 )
   (04.1471857, 0.04988775303 )
   (2.702660543, 0.1869912599 )
   (6.721723861, 0.04341167443 )
   (2.205029456, 0.4373611864 )
   (3.940585678, 0.05469304453 )
   (1.564622333, 4.263484449 )
   (2.538522441, 0.2406955609 )
   (2.684184497, 0.1922472065 )
   (1.627053381, 2.608572588 )
   (3.674967249, 0.0647500311 )
   (2.354125031, 0.3294759876 )
   (1.74386241, 1.508762302 )
   (1.538671301, 5.154690105 )
   (2.52605132, 0.2452211917 )
   (2.068921006, 0.585443315 )
   (1.722320535, 1.641396979 )
   (1.636905105, 2.472466784 )
   (1.814467113, 1.173877657 )
   (2.06100488, 0.5972132206 )


Time for model checking: 2.389s.

Performance statistics:
  * peak memory usage: 214MB
  * CPU time: 2.428s
  * wallclock time: 2.475s

real	0m2.492s
user	0m2.432s
sys	0m0.052s
