Storm 1.0.0

Command line arguments: --prism models/ma/stream/stream.ma --prop models/ma/stream/stream1.csl -const N=1000 --multiobjective:precision 0.001 -stats -tm 
Current working directory: /home/storm/Desktop

Time for model construction: 4.854s.

-------------------------------------------------------------- 
Model type: 	Markov Automaton (sparse)
States: 	1502501
Transitions: 	3001001
Choices: 	2002001
Markovian St.: 	1001001
Max. Rate.: 	8
Reward Models:  numrestarts, buffering
Labels: 	3
   * deadlock -> 0 state(s)
   * init -> 1 state(s)
   * done -> 1 state(s)
choice labels: 	no
-------------------------------------------------------------- 

Time for model preprocessing: 0.000s.


Model checking property multi(R[exp]{"buffering"}min=? [F "done"], R[exp]{"numrestarts"}min=? [F "done"]) ...
Preprocessing done in 3.884s seconds.
 Result: 
---------------------------------------------------------------------------------------------------------------------------------------
                                                       Multi-objective Query                                              
---------------------------------------------------------------------------------------------------------------------------------------

Original Formula: 
--------------------------------------------------------------
	multi(R[exp]{"buffering"}min=? [F "done"], R[exp]{"numrestarts"}min=? [F "done"])

Objectives:
--------------------------------------------------------------
R[exp]{"buffering"}min=? [F "done"] 	(toOrigVal:0-1*x +000, 	intern threshold:   none, 	intern reward model: objective1 (negative), 	time bounds: none)
R[exp]{"numrestarts"}min=? [F "done"] 	(toOrigVal:0-1*x +000, 	intern threshold:   none, 	intern reward model: objective2 (negative), 	time bounds: none)
--------------------------------------------------------------

Original Model Information:
-------------------------------------------------------------- 
Model type: 	Markov Automaton (sparse)
States: 	1502501
Transitions: 	3001001
Choices: 	2002001
Markovian St.: 	1001001
Max. Rate.: 	8
Reward Models:  numrestarts, buffering
Labels: 	3
   * deadlock -> 0 state(s)
   * init -> 1 state(s)
   * done -> 1 state(s)
choice labels: 	no
-------------------------------------------------------------- 

Preprocessed Model Information:
-------------------------------------------------------------- 
Model type: 	Markov Automaton (sparse)
States: 	1502501
Transitions: 	3001001
Choices: 	2002001
Markovian St.: 	1001001
Max. Rate.: 	8
Reward Models:  objective1, objective2
Labels: 	3
   * init -> 1 state(s)
   * done -> 1 state(s)
   * deadlock -> 0 state(s)
choice labels: 	no
-------------------------------------------------------------- 

---------------------------------------------------------------------------------------------------------------------------------------

Solving multi-objective query took 4430.727s seconds (consisting of 3.884s seconds for preprocessing and 4426.807s seconds for value iteration-based exploration of achievable points).
Result (initial states): 
Underapproximation of achievable values: Polytope with 119 Halfspaces:
   ( -0.935705,         -1) * x <= -11.611
   (   -0.9017,         -1) * x <= -11.2429
   (        -1,  -0.984138) * x <= -12.278
   (        -1,  -0.798144) * x <= -11.9661
   (        -1,  -0.901857) * x <= -12.1447
   ( -0.476168,         -1) * x <= -6.50362
   ( -0.383571,         -1) * x <= -5.42176
   ( -0.649802,         -1) * x <= -8.47404
   ( -0.672731,         -1) * x <= -8.7296
   ( -0.616729,         -1) * x <= -8.10321
   (        -1,  -0.434214) * x <= -11.1999
   (        -1,   -0.41314) * x <= -11.1453
   (        -1,  -0.361343) * x <= -11.0049
   (  -0.51562,         -1) * x <= -6.95743
   (        -1, -0.0702734) * x <= -9.81778
   (-0.0447841,         -1) * x <= -0.979005
   (        -1, -0.00687929) * x <= -9.13424
   (        -1,  -0.460002) * x <= -11.2645
   (        -1,   -0.17548) * x <= -10.3733
   (        -1,  -0.328979) * x <= -10.9108
   (        -1, -0.00455208) * x <= -9.07733
   ( -0.431627,         -1) * x <= -5.98656
   ( -0.554243,         -1) * x <= -7.39766
   (        -1,  -0.241249) * x <= -10.6273
   (        -1,  -0.516959) * x <= -11.3998
   (        -1,   -0.64573) * x <= -11.6767
   (        -1, -0.0346176) * x <= -9.52313
   (        -1, -0.0318464) * x <= -9.49522
   (        -1,  -0.225738) * x <= -10.5712
   (-0.0404658,         -1) * x <= -0.903656
   (        -1,  -0.188228) * x <= -10.4264
   (-0.0496564,         -1) * x <= -1.06045
   (        -1, -0.0797936) * x <= -9.8814
   (        -1,  -0.345476) * x <= -10.9593
   (-0.0750441,         -1) * x <= -1.45692
   ( -0.858311,         -1) * x <= -10.7716
   (        -1,  -0.207977) * x <= -10.504
   (        -1, -0.00471491) * x <= -9.0823
   (        -1, -0.0885472) * x <= -9.93616
   ( -0.270778,         -1) * x <= -4.06027
   ( -0.417023,         -1) * x <= -5.81553
   (-0.00161269,         -1) * x <= -0.0602572
   (        -1, -0.00602193) * x <= -9.11537
   (        -1,  -0.763312) * x <= -11.9028
   (        -1, -0.0429998) * x <= -9.60281
   (        -1, -0.00519748) * x <= -9.0958
   (-0.0979767,         -1) * x <= -1.7934
   (-0.00465815,         -1) * x <= -0.13049
   (        -1,  -0.267369) * x <= -10.717
   (        -1, -0.0739235) * x <= -9.84305
   (        -1, -0.0164326) * x <= -9.30591
   (        -1,  -0.144398) * x <= -10.235
   (        -1, -0.0144673) * x <= -9.27661
   ( -0.174509,         -1) * x <= -2.83806
   (        -1,  -0.314251) * x <= -10.8664
   (         0,         -1) * x <= -0.0189204
   ( -0.352778,         -1) * x <= -5.0558
   (-0.000555556,         -1) * x <= -0.0340874
   (        -1, -0.0239493) * x <= -9.40483
   (        -1, -0.0382343) * x <= -9.5582
   (        -1,  -0.939234) * x <= -12.2064
   (-0.00921679,         -1) * x <= -0.230668
   (-0.0697365,         -1) * x <= -1.37657
   (-0.0240821,         -1) * x <= -0.551042
   ( -0.399285,         -1) * x <= -5.60708
   ( -0.775607,         -1) * x <= -9.8677
   ( -0.585577,         -1) * x <= -7.75247
   (        -1, -0.0100487) * x <= -9.19704
   (-1.96978e-05,         -1) * x <= -0.0195744
   (        -1,          0) * x <= -8.91948
   ( -0.458194,         -1) * x <= -6.29544
   ( -0.248552,         -1) * x <= -3.78422
   (        -1, -0.0133914) * x <= -9.25856
   (        -1,  -0.611881) * x <= -11.6077
   (        -1,   -0.53562) * x <= -11.4421
   (        -1, -0.0295245) * x <= -9.47085
   (        -1, -0.00812217) * x <= -9.15977
   (        -1,   -0.01939) * x <= -9.34651
   (-0.00281275,         -1) * x <= -0.0886131
   ( -0.975222,         -1) * x <= -12.0367
   (        -1, -0.0467183) * x <= -9.63656
   (        -1, -0.0571599) * x <= -9.7209
   (        -1, -0.0523954) * x <= -9.68372
   (-0.0419022,         -1) * x <= -0.929322
   (        -1,  -0.835515) * x <= -12.0326
   (        -1,  -0.135789) * x <= -10.1937
   (        -1,  -0.385456) * x <= -11.0717
   (        -1,  -0.124909) * x <= -10.1388
   (        -1, -0.0634376) * x <= -9.76811
   (        -1,  -0.159275) * x <= -10.3026
   (        -1,  -0.680482) * x <= -11.746
   (        -1, -0.0984833) * x <= -9.996
   (        -1,  -0.113069) * x <= -10.0772
   (        -1,  -0.591039) * x <= -11.5634
   ( -0.323051,         -1) * x <= -4.69862
   (        -1,  -0.715293) * x <= -11.8138
   (        -1,  -0.104639) * x <= -10.0315
   (-0.0593391,         -1) * x <= -1.21569
   (-0.0809535,         -1) * x <= -1.54517
   ( -0.064606,         -1) * x <= -1.29782
   (  -0.72149,         -1) * x <= -9.27139
   (        -1, -0.0279656) * x <= -9.45354
   (-0.0549213,         -1) * x <= -1.14547
   ( -0.130816,         -1) * x <= -2.25315
   (        -1,  -0.561279) * x <= -11.4989
   ( -0.143189,         -1) * x <= -2.42142
   ( -0.158486,         -1) * x <= -2.62666
   (  -0.82471,         -1) * x <= -10.4056
   (-0.0888487,         -1) * x <= -1.66146
   ( -0.118356,         -1) * x <= -2.08135
   ( -0.107394,         -1) * x <= -1.9275
   (        -1, -0.0487589) * x <= -9.65417
   ( -0.295638,         -1) * x <= -4.36568
   ( -0.208383,         -1) * x <= -3.2766
   ( -0.189984,         -1) * x <= -3.03985
   ( -0.227294,         -1) * x <= -3.51707
   (        -1,  -0.285589) * x <= -10.7766
   (        -1,  -0.297102) * x <= -10.8135
   (        -1,  -0.493661) * x <= -11.3452

Overapproximation of achievable values: Polytope with 118 Halfspaces:
   (        -1,          0) * x <= -8.91948
   (         0,         -1) * x <= -0.0189204
   ( -0.588042,  -0.411958) * x <= -6.93012
   ( -0.078033,  -0.921967) * x <= -1.47462
   ( -0.956133, -0.0438674) * x <= -9.20656
   ( -0.270072,  -0.729928) * x <= -3.83976
   ( -0.855046,  -0.144954) * x <= -8.84744
   (  -0.42548,   -0.57452) * x <= -5.44747
   ( -0.017753,  -0.982247) * x <= -0.414071
   ( -0.748101,  -0.251899) * x <= -8.1794
   ( -0.988683, -0.0113173) * x <= -9.11839
   (  -0.15213,   -0.84787) * x <= -2.46067
   ( -0.922644,  -0.077356) * x <= -9.14038
   (-0.0449008,  -0.955099) * x <= -0.970613
   ( -0.675325,  -0.324675) * x <= -7.6408
   ( -0.511348,  -0.488652) * x <= -6.25508
   ( -0.346105,  -0.653895) * x <= -4.65137
   ( -0.978964, -0.0210358) * x <= -9.17617
   ( -0.809046,  -0.190954) * x <= -8.58268
   ( -0.206559,  -0.793441) * x <= -3.11865
   (  -0.99434, -0.00565962) * x <= -9.05599
   ( -0.893562,  -0.106438) * x <= -9.03275
   ( -0.110425,  -0.889575) * x <= -1.92236
   ( -0.943252,  -0.056748) * x <= -9.19055
   (-0.0394027,  -0.960597) * x <= -0.877544
   ( -0.970217, -0.0297833) * x <= -9.20072
   (  -0.63457,   -0.36543) * x <= -7.31692
   ( -0.713427,  -0.286573) * x <= -7.92964
   (-0.0580199,   -0.94198) * x <= -1.17827
   (  -0.46835,   -0.53165) * x <= -5.85738
   ( -0.308641,  -0.691359) * x <= -4.25782
   (  -0.55062,   -0.44938) * x <= -6.60641
   ( -0.388621,  -0.611379) * x <= -5.08381
   ( -0.781835,  -0.218165) * x <= -8.4088
   ( -0.236637,  -0.763363) * x <= -3.46569
   ( -0.984843, -0.0151572) * x <= -9.14956
   (-0.00112404,  -0.998876) * x <= -0.0481376
   (  -0.17854,   -0.82146) * x <= -2.7852
   ( -0.835316,  -0.164684) * x <= -8.73862
   ( -0.876178,  -0.123822) * x <= -8.95475
   ( -0.131282,  -0.868718) * x <= -2.19599
   ( -0.908006, -0.0919944) * x <= -9.09123
   (-0.0931414,  -0.906859) * x <= -1.68745
   ( -0.995184, -0.00481616) * x <= -9.04203
   ( -0.932739, -0.0672611) * x <= -9.1693
   (-0.00363698,  -0.996363) * x <= -0.107227
   ( -0.992617, -0.0073828) * x <= -9.07819
   ( -0.613832,  -0.386168) * x <= -7.14673
   ( -0.964944, -0.0350559) * x <= -9.2053
   ( -0.973506, -0.0264939) * x <= -9.19421
   (-0.0673365,  -0.932664) * x <= -1.31863
   (  -0.53179,   -0.46821) * x <= -6.43918
   ( -0.951973, -0.0480275) * x <= -9.20359
   ( -0.655966,  -0.344034) * x <= -7.48906
   ( -0.694673,  -0.305327) * x <= -7.78951
   ( -0.766199,  -0.233801) * x <= -8.3043
   ( -0.289328,  -0.710672) * x <= -4.05023
   ( -0.488009,  -0.511991) * x <= -6.041
   ( -0.731286,  -0.268714) * x <= -8.06012
   ( -0.448044,  -0.551956) * x <= -5.66499
   (  -0.36744,   -0.63256) * x <= -4.87024
   ( -0.329218,  -0.670782) * x <= -4.4754
   ( -0.407673,  -0.592327) * x <= -5.27296
   (-0.0507342,  -0.949266) * x <= -1.06474
   ( -0.252614,  -0.747386) * x <= -3.6459
   ( -0.573343,  -0.426657) * x <= -6.80402
   ( -0.797838,  -0.202162) * x <= -8.51211
   ( -0.220825,  -0.779175) * x <= -3.28456
   ( -0.986226, -0.0137737) * x <= -9.14054
   (  -0.19213,   -0.80787) * x <= -2.94824
   ( -0.982571, -0.0174292) * x <= -9.16133
   ( -0.165703,  -0.834297) * x <= -2.62878
   ( -0.821426,  -0.178574) * x <= -8.65754
   (  -0.84576,   -0.15424) * x <= -8.79758
   ( -0.869056,  -0.130944) * x <= -8.91956
   ( -0.141644,  -0.858356) * x <= -2.32859
   (-0.00630949,  -0.993691) * x <= -0.166601
   ( -0.120453,  -0.879547) * x <= -2.0551
   (-0.0387698,   -0.96123) * x <= -0.865884
   ( -0.101868,  -0.898132) * x <= -1.80712
   ( -0.902525, -0.0974755) * x <= -9.07012
   ( -0.883777,  -0.116223) * x <= -8.98989
   (-0.0849538,  -0.915046) * x <= -1.57312
   ( -0.914257, -0.0857427) * x <= -9.11304
   (  -0.99111, -0.00889014) * x <= -9.09459
   ( -0.929061, -0.0709389) * x <= -9.15956
   ( -0.936883, -0.0631174) * x <= -9.17834
   (-0.0414206,  -0.958579) * x <= -0.912447
   ( -0.623062,  -0.376938) * x <= -7.22318
   (  -0.96115, -0.0388496) * x <= -9.20653
   ( -0.995408, -0.00459236) * x <= -9.03751
   ( -0.948213,  -0.051787) * x <= -9.19865
   ( -0.993629, -0.00637121) * x <= -9.06583
   ( -0.601039,  -0.398961) * x <= -7.03978
   ( -0.972246,  -0.027754) * x <= -9.19743
   (-0.0723438,  -0.927656) * x <= -1.39227
   (-0.00215261,  -0.997847) * x <= -0.0729671
   ( -0.519573,  -0.480427) * x <= -6.32961
   (  -0.70153,   -0.29847) * x <= -7.84114
   ( -0.319653,  -0.680347) * x <= -4.37484
   ( -0.663109,  -0.336891) * x <= -7.54547
   ( -0.773448,  -0.226552) * x <= -8.35333
   (-0.000167409,  -0.999833) * x <= -0.0235717
   (-0.0627834,  -0.937217) * x <= -1.25063
   ( -0.737989,  -0.262011) * x <= -8.10812
   ( -0.479992,  -0.520008) * x <= -5.96657
   ( -0.279809,  -0.720191) * x <= -3.94675
   ( -0.455662,  -0.544338) * x <= -5.73758
   ( -0.374415,  -0.625585) * x <= -4.94088
   ( -0.299176,  -0.700824) * x <= -4.15666
   (-0.0542197,   -0.94578) * x <= -1.11955
   (  -0.96792, -0.0320803) * x <= -9.20325
   ( -0.396708,  -0.603292) * x <= -5.16457
   ( -0.646079,  -0.353921) * x <= -7.40991
   ( -0.954381, -0.0456193) * x <= -9.20586
   ( -0.756302,  -0.243698) * x <= -8.23644
   (  -0.56146,   -0.43854) * x <= -6.70106
   ( -0.499127,  -0.500873) * x <= -6.14338

118 pareto optimal points found (Note that these points are safe, i.e., contained in the underapproximation, but there is no guarantee for optimality):
   (12.71607729, 0.6267862027 )
   (12.86776323, 0.5951774742 )
   (14.03578462, 0.4201301827 )
   (13.41710416, 0.5002395885 )
   (13.78741095, 0.4495266952 )
   (13.60063235, 0.4739603873 )
   (14.72962017, 0.3527544974 )
   (15.89539166, 0.2724763942 )
   (12.14537311, 0.7750463047 )
   (10.28172253, 2.168543015 )
   (9.463560174, 5.427269007 )
   (9.428567204, 5.761686639 )
   (9.488674085, 5.205157656 )
   (9.143021716, 11.1034769 )
   (10.36079415, 2.037841164 )
   (11.21228602, 1.188265246 )
   (9.402911444, 6.022195435 )
   (9.798953115, 3.433522777 )
   (9.754995786, 3.615730407 )
   (9.002639873, 19.34582709 )
   (11.32401995, 1.121391943 )
   (9.642552473, 4.164256932 )
   (11.62645114, 0.9682671317 )
   (11.71092113, 0.931807593 )
   (09.8615076, 3.204394659 )
   (12.28506149, 0.7337491031 )
   (9.274911371, 7.802405147 )
   (8.938474636, 30.50436874 )
   (10.51513395, 1.817918015 )
   (10.38901385, 1.994139149 )
   (14.93319232, 0.3362746262 )
   (14.23912663, 0.398292381 )
   (9.918467798, 3.016371674 )
   (9.94333097, 2.940794813 )
   (8.992903093, 20.54461703 )
   (11.14583602, 1.231444616 )
   (9.307121624, 7.266756954 )
   (15.34968352, 0.3061398046 )
   (11.39797576, 1.080402419 )
   (21.5518887, 0.03202818391 )
   (10.62185151, 1.688529177 )
   (10.89475061, 1.420550721 )
   (10.54479409, 1.78075663 )
   (10.7707675, 1.532770229 )
   (10.04802889, 2.655866742 )
   (11.25865524, 1.159667991 )
   (9.233408498, 8.629490144 )
   (9.033898758, 16.77643358 )
   (10.74091763, 1.561880474 )
   (9.174476089, 10.07149473 )
   (11.50257572, 1.026468598 )
   (16.71673077, 0.2303613462 )
   (10.82704697, 1.480109271 )
   (10.70849767, 1.594822968 )
   (9.257980043, 8.125550633 )
   (9.717258539, 3.782902965 )
   (21.97519398, 0.02812666604 )
   (8.919476194, 34.67794254 )
   (11.58283106, 0.9882536059 )
   (10.11302097, 2.50310836 )
   (10.22976893, 2.263383913 )
   (9.33126229, 6.923232187 )
   (10.65480905, 1.651985105 )
   (10.86041422, 1.450022014 )
   (10.07425442, 2.592388203 )
   (9.080335458, 13.7274401 )
   (11.01897117, 1.321315367 )
   (17.23968578, 0.206941293 )
   (9.966492906, 2.873751191 )
   (9.187408579, 9.697913225 )
   (15.13859509, 0.3208603694 )
   (9.60773385, 4.362675946 )
   (9.212532764, 9.076333044 )
   (21.52214397, 0.03274449861 )
   (9.200275006, 9.361398276 )
   (10.9535876, 1.372027292 )
   (9.686460899, 3.930984913 )
   (8.950408161, 27.97335112 )
   (11.7933258, 0.8981855438 )
   (10.48786116, 1.853647575 )
   (12.42031704, 0.6971249015 )
   (10.16130985, 2.398133012 )
   (10.18675122, 2.346596877 )
   (9.060887065, 14.91096859 )
   (9.382211843, 6.255964635 )
   (11.88435428, 0.8632696839 )
   (11.75146187, 0.9149011678 )
   (24.75546212, 0.02033433321 )
   (9.578753692, 4.544626064 )
   (23.62877798, 0.02215132604 )
   (8.972397282, 23.74262197 )
   (15.59301055, 0.2904194217 )
   (9.291027448, 7.520457696 )
   (9.114401131, 12.12689865 )
   (14.45364856, 0.3772742196 )
   (22.69277465, 0.02478406798 )
   (9.508880929, 5.043384804 )
   (9.160957343, 10.49599325 )
   (12.01558436, 0.8169746573 )
   (9.841244567, 3.275346427 )
   (27.08370284, 0.01904086555 )
   (10.30731037, 2.125249995 )
   (9.542744203, 4.794002342 )
   (10.00318981, 2.772194197 )
   (13.19342088, 0.5356902029 )
   (13.03946064, 0.5625576615 )
   (11.11177193, 1.254360593 )
   (9.898344272, 3.080408119 )
   (16.14806999, 0.2585989762 )
   (9.098478687, 012.791739 )
   (9.360152626, 6.532418195 )
   (033.200121, 0.01892038568 )
   (9.012105671, 18.40383289 )
   (10.42117729, 1.946873478 )
   (8.982892281, 21.99982625 )
   (12.56680924, 0.6607139377 )
   (17.86878811, 0.1805805136 )
   (10.25645957, 2.213552651 )


Time for model checking: 4430.730s.

Performance statistics:
  * peak memory usage: 1386MB
  * CPU time: 4377.468s
  * wallclock time: 4435.608s

real	73m55.639s
user	72m57.476s
sys	0m57.332s
