Storm 1.0.0

Command line arguments: --prism models/ma/polling/polling.ma --prop models/ma/polling/polling1.csl -const N=3,Q=3 --multiobjective:precision 0.001 -stats -tm 
Current working directory: /home/storm/Desktop

Time for model construction: 0.121s.

-------------------------------------------------------------- 
Model type: 	Markov Automaton (sparse)
States: 	9858
Transitions: 	24872
Choices: 	18463
Markovian St.: 	4969
Max. Rate.: 	14
Reward Models:  processedjobs2, processedjobs1
Labels: 	4
   * init -> 1 state(s)
   * q2full -> 5373 state(s)
   * deadlock -> 0 state(s)
   * q1full -> 5373 state(s)
choice labels: 	no
-------------------------------------------------------------- 

Time for model preprocessing: 0.002s.


Model checking property multi(R[exp]{"processedjobs1"}max=? [F "q1full"], R[exp]{"processedjobs2"}max=? [F "q2full"]) ...
Preprocessing done in 0.058s seconds.
 Result: 
---------------------------------------------------------------------------------------------------------------------------------------
                                                       Multi-objective Query                                              
---------------------------------------------------------------------------------------------------------------------------------------

Original Formula: 
--------------------------------------------------------------
	multi(R[exp]{"processedjobs1"}max=? [F "q1full"], R[exp]{"processedjobs2"}max=? [F "q2full"])

Objectives:
--------------------------------------------------------------
R[exp]{"processedjobs1"}max=? [F "q1full"] 	(toOrigVal:001*x +000, 	intern threshold:   none, 	intern reward model: objective1 (positive), 	time bounds: none)
R[exp]{"processedjobs2"}max=? [F "q2full"] 	(toOrigVal:001*x +000, 	intern threshold:   none, 	intern reward model: objective2 (positive), 	time bounds: none)
--------------------------------------------------------------

Original Model Information:
-------------------------------------------------------------- 
Model type: 	Markov Automaton (sparse)
States: 	9858
Transitions: 	24536
Choices: 	18295
Markovian St.: 	4801
Max. Rate.: 	14
Reward Models:  processedjobs2, processedjobs1
Labels: 	4
   * init -> 1 state(s)
   * q2full -> 5373 state(s)
   * deadlock -> 0 state(s)
   * q1full -> 5373 state(s)
choice labels: 	no
-------------------------------------------------------------- 

Preprocessed Model Information:
-------------------------------------------------------------- 
Model type: 	Markov Automaton (sparse)
States: 	19512
Transitions: 	52343
Choices: 	38665
Markovian St.: 	8431
Max. Rate.: 	14
Reward Models:  objective1, objective2
Labels: 	4
   * q2full -> 7830 state(s)
   * init -> 1 state(s)
   * q1full -> 7830 state(s)
   * deadlock -> 0 state(s)
choice labels: 	no
-------------------------------------------------------------- 

---------------------------------------------------------------------------------------------------------------------------------------

 WARN (SparsePcaaQuery.cpp:120): Numerical issues: The overapproximation would not contain the underapproximation. Hence, a halfspace is shifted by 1.08911e-07.
Solving multi-objective query took 0.840s seconds (consisting of 0.058s seconds for preprocessing and 0.781s seconds for value iteration-based exploration of achievable points).
Result (initial states): 
Underapproximation of achievable values: Polytope with 7 Halfspaces:
   (  0.479653,          1) * x <= 0.864799
   (  0.612789,          1) * x <= 0.963
   (         1,          0) * x <= 0.902859
   (         0,          1) * x <= 0.542198
   (         1, 0.000214159) * x <= 0.902937
   (         1,   0.935414) * x <= 1.25777
   (  0.764447,          1) * x <= 1.08215

Overapproximation of achievable values: Polytope with 10 Halfspaces:
   (         1,          0) * x <= 0.902859
   (         0,          1) * x <= 0.542198
   (  0.216607,   0.783393) * x <= 0.570438
   (  0.441201,   0.558799) * x <= 0.616792
   (  0.385745,   0.614255) * x <= 0.598863
   (  0.604952,   0.395048) * x <= 0.696073
   (  0.349054,   0.650946) * x <= 0.5901
   (  0.516686,   0.483314) * x <= 0.649871
   (  0.324166,   0.675834) * x <= 0.584461
   (   0.43325,    0.56675) * x <= 0.613307

6 pareto optimal points found (Note that these points are safe, i.e., contained in the underapproximation, but there is no guarantee for optimality):
   (0.9028553787, 0.3794192841 )
   (0.7375957734, 0.5110096775 )
   (0.9028594573, 0.3603745047 )
   (0.8616723675, 0.4234458099 )
   (0.7856388678, 0.4815694182 )
   (0.6725727185, 0.5421981491 )


Time for model checking: 0.840s.

Performance statistics:
  * peak memory usage: 216MB
  * CPU time: 0.932s
  * wallclock time: 0.969s

real	0m0.985s
user	0m0.932s
sys	0m0.052s
