Storm 1.0.0

Command line arguments: --prism models/ma/polling/polling.ma --prop models/ma/polling/polling2.csl -const N=3,Q=3 --multiobjective:precision 0.001 -stats -tm 
Current working directory: /home/storm/Desktop

Time for model construction: 0.120s.

-------------------------------------------------------------- 
Model type: 	Markov Automaton (sparse)
States: 	9858
Transitions: 	24872
Choices: 	18463
Markovian St.: 	4969
Max. Rate.: 	14
Reward Models:  queuesize1, processedjobs2, queuesize2, processedjobs1
Labels: 	4
   * init -> 1 state(s)
   * q2full -> 5373 state(s)
   * deadlock -> 0 state(s)
   * q1full -> 5373 state(s)
choice labels: 	no
-------------------------------------------------------------- 

Time for model preprocessing: 0.002s.


Model checking property multi(R[exp]{"processedjobs1"}max=? [F "q1full"], R[exp]{"processedjobs2"}max=? [F "q2full"], R[exp]{"queuesize1"}min=? [F "q1full"], R[exp]{"queuesize2"}min=? [F "q2full"]) ...
Preprocessing done in 0.112s seconds.
 Result: 
---------------------------------------------------------------------------------------------------------------------------------------
                                                       Multi-objective Query                                              
---------------------------------------------------------------------------------------------------------------------------------------

Original Formula: 
--------------------------------------------------------------
	multi(R[exp]{"processedjobs1"}max=? [F "q1full"], R[exp]{"processedjobs2"}max=? [F "q2full"], R[exp]{"queuesize1"}min=? [F "q1full"], R[exp]{"queuesize2"}min=? [F "q2full"])

Objectives:
--------------------------------------------------------------
R[exp]{"processedjobs1"}max=? [F "q1full"] 	(toOrigVal:001*x +000, 	intern threshold:   none, 	intern reward model: objective1 (positive), 	time bounds: none)
R[exp]{"processedjobs2"}max=? [F "q2full"] 	(toOrigVal:001*x +000, 	intern threshold:   none, 	intern reward model: objective2 (positive), 	time bounds: none)
R[exp]{"queuesize1"}min=? [F "q1full"] 	(toOrigVal:0-1*x +000, 	intern threshold:   none, 	intern reward model: objective3 (negative), 	time bounds: none)
R[exp]{"queuesize2"}min=? [F "q2full"] 	(toOrigVal:0-1*x +000, 	intern threshold:   none, 	intern reward model: objective4 (negative), 	time bounds: none)
--------------------------------------------------------------

Original Model Information:
-------------------------------------------------------------- 
Model type: 	Markov Automaton (sparse)
States: 	9858
Transitions: 	24536
Choices: 	18295
Markovian St.: 	4801
Max. Rate.: 	14
Reward Models:  queuesize1, processedjobs2, queuesize2, processedjobs1
Labels: 	4
   * init -> 1 state(s)
   * q2full -> 5373 state(s)
   * deadlock -> 0 state(s)
   * q1full -> 5373 state(s)
choice labels: 	no
-------------------------------------------------------------- 

Preprocessed Model Information:
-------------------------------------------------------------- 
Model type: 	Markov Automaton (sparse)
States: 	19512
Transitions: 	52343
Choices: 	38665
Markovian St.: 	8431
Max. Rate.: 	14
Reward Models:  objective4, objective2, objective3, objective1
Labels: 	4
   * q2full -> 7830 state(s)
   * init -> 1 state(s)
   * q1full -> 7830 state(s)
   * deadlock -> 0 state(s)
choice labels: 	no
-------------------------------------------------------------- 

---------------------------------------------------------------------------------------------------------------------------------------

 WARN (SparsePcaaQuery.cpp:120): Numerical issues: The overapproximation would not contain the underapproximation. Hence, a halfspace is shifted by 1.08911e-07.
Solving multi-objective query took 628.636s seconds (consisting of 0.112s seconds for preprocessing and 628.523s seconds for value iteration-based exploration of achievable points).
Result (initial states): 
Underapproximation of achievable values: Polytope with 88 Halfspaces:
   ( 0.0358411,  0.0465063,         -1,  -0.652662) * x <= 0.0294304
   ( 0.0358447,  0.0465138,         -1,  -0.653425) * x <= 0.0294306
   ( 0.0328067,  0.0422996,         -1,   -0.92202) * x <= 0.0229107
   ( 0.0311088,  0.0385539,         -1,  -0.750717) * x <= 0.0212121
   (5.69307e-07,  0.0082581,          0,         -1) * x <= -0.00368209
   (  0.023172,  0.0483106,          0,         -1) * x <= 0.0336187
   (  0.764447,          1,          0,          0) * x <= 1.08215
   ( 0.0581898,  0.0761197,         -1,          0) * x <= 0.0663731
   (  0.612789,          1,          0,          0) * x <= 0.963
   ( 0.0104457,  0.0114327,  -0.958073,         -1) * x <= -0.00889036
   (1.35915e-06, 0.00825946, -0.00013851,         -1) * x <= -0.00368284
   (  0.010103,  0.0108241,         -1,  -0.824578) * x <= -0.00863003
   ( 0.0103621, 0.00611264,         -1,  -0.388244) * x <= -0.00717106
   (0.00299221,  0.0106774,          0,         -1) * x <= -0.000358267
   ( 0.0104041,  0.0104997,         -1,  -0.950185) * x <= -0.00958762
   (0.00523932,  0.0111132,          0,         -1) * x <= 0.00161704
   ( 0.0284575,  0.0362699,         -1,          0) * x <= 0.0242399
   (         0, 0.00327709, -0.0341607,         -1) * x <= -0.00611892
   (         0,          0,         -1,          0) * x <= -0.0101505
   (0.00980072, 0.00722043,  -0.977169,         -1) * x <= -0.011312
   ( 0.0180513, 0.00476659,          0,         -1) * x <= 0.0107764
   ( 0.0103331,  0.0030817,         -1,          0) * x <= -0.00550145
   (         0,          0,         -1,  -0.876589) * x <= -0.0159091
   (0.00095525, 0.00412152,  -0.917119,         -1) * x <= -0.0151559
   (         0,          0,          0,         -1) * x <= -0.006208
   (         1,   0.935414,          0,          0) * x <= 1.25777
   ( 0.0418957,          0,          0,         -1) * x <= 0.0305868
   (         0, 0.00822681, -0.0140743,         -1) * x <= -0.00385565
   ( 0.0101234, 0.00160379,         -1,  -0.249615) * x <= -0.00808123
   (1.32873e-07,          1,          0,          0) * x <= 0.542198
   ( 0.0101438, 0.00111327,         -1,  -0.232986) * x <= -0.00812704
   ( 0.0101552, 0.00654731,         -1,  -0.917391) * x <= -0.0110715
   (  0.010107,          0,         -1, -0.0326179) * x <= -0.00711091
   (1.03152e-05, 0.00821897,          0,         -1) * x <= -0.00369676
   (         0, 0.00809205, -0.000585138,         -1) * x <= -0.00376253
   (0.00384275,          0,  -0.790211,         -1) * x <= -0.0141171
   (  0.010103,    0.05159,         -1,          0) * x <= 0.0202017
   (         0, 0.00826302,          0,         -1) * x <= -0.00367981
   (0.00237703,          0,         -1,          0) * x <= -0.0098577
   (  0.010103,  0.0108241,         -1,          0) * x <= -0.00190146
   ( 0.0101532, 0.00133798,         -1,  -0.280167) * x <= -0.00837909
   (         0, 0.00813106,          0,         -1) * x <= -0.0037386
   ( 0.0101279, 3.30145e-06,         -1,          0) * x <= -0.00685471
   (0.00197709, 0.00175627,  -0.240544,         -1) * x <= -0.00830009
   (         0,  0.0051635,  -0.969752,         -1) * x <= -0.0156549
   (6.02275e-05, 0.00407099,         -1,  -0.424181) * x <= -0.0123321
   (         0, 0.00414831,         -1,  -0.435596) * x <= -0.0124032
   (0.00091006,          0, -0.00281792,         -1) * x <= -0.0061517
   (  0.479653,          1,          0,          0) * x <= 0.864799
   (         0,  0.0025803,          0,         -1) * x <= -0.00585632
   ( 0.0358414,  0.0465067,         -1, -0.0364524) * x <= 0.0344591
   (0.00954834, 0.00659251,         -1,          0) * x <= -0.00437852
   (0.000876831, 0.00193878,         -1,          0) * x <= -0.00975789
   (  0.016046, 4.8812e-06,         -1,          0) * x <= -0.00151093
   ( 0.0101932, 0.00597216,         -1,  -0.927447) * x <= -0.0113292
   (0.00297945, 0.000505179,  -0.321644,         -1) * x <= -0.009225
   (3.61964e-05, 0.00822194, -0.0032637,         -1) * x <= -0.00372527
   (         0,          1,          0,          0) * x <= 0.542198
   ( 0.0102906,  0.0111042,  -0.993738,         -1) * x <= -0.00969226
   (0.00955528,          0,         -1,          0) * x <= -0.00709238
   (1.29467e-07,   0.449903,          0,         -1) * x <= 0.235776
   ( 0.0329894,  0.0426177,         -1,  -0.933704) * x <= 0.0231107
   ( 0.0101159, 0.00044993,         -1, -0.0937504) * x <= -0.00738327
   (0.00630137,  0.0123318,  -0.190876,         -1) * x <= -1.57418e-05
   (3.77908e-05, 0.00823129, -0.00374454,         -1) * x <= -0.00372614
   (  0.154101,   0.321278,          0,         -1) * x <= 0.26968
   (0.00982806,   0.010947,  -0.953889,         -1) * x <= -0.00950813
   (         0,   0.112929,          0,         -1) * x <= 0.0530701
   (         0, 0.00825995, -0.000238531,         -1) * x <= -0.00368413
   (         0, 0.00825795,          0,         -1) * x <= -0.00368232
   (         1, 0.000214159,          0,          0) * x <= 0.902937
   (0.000894693,          0,          0,         -1) * x <= -0.00612048
   (         0, 0.00239602,         -1,          0) * x <= -0.00979878
   ( 0.0353318,  0.0456441,          0,         -1) * x <= 0.0418879
   (         1,          0,          0,          0) * x <= 0.902859
   (0.00513996, 0.00648399,          0,         -1) * x <= -0.000229088
   (         0, 0.00826326, -3.98033e-06,         -1) * x <= -0.00367974
   (0.00344259, 0.00268289,         -1,          0) * x <= -0.00850936
   (0.00983738,  0.0114662,  -0.973713,         -1) * x <= -0.0095091
   (0.000890229,          0,          0,         -1) * x <= -0.00612408
   ( 0.0045827, 0.00553746,         -1,  -0.451914) * x <= -0.0102737
   ( 0.0358415,  0.0465068,         -1,          0) * x <= 0.0347566
   ( 0.0380119,   0.047528,         -1,          0) * x <= 0.0368794
   ( 0.0101331,          0,         -1,  -0.119933) * x <= -0.00771939
   ( 0.0101276,          0,         -1,          0) * x <= -0.00685621
   (  0.181106,   0.169408,         -1,          0) * x <= 0.211789
   ( 0.0236679,  0.0221392,         -1,          0) * x <= 0.0137687
   (0.00339557,          0,  -0.365196,         -1) * x <= -0.00971049

Overapproximation of achievable values: Polytope with 21 Halfspaces:
   (         1,          0,          0,          0) * x <= 0.902859
   (         0,          1,          0,          0) * x <= 0.542198
   (         0,          0,         -1,          0) * x <= -0.0101505
   (         0,          0,          0,         -1) * x <= -0.006208
   (  0.216607,   0.783393,          0,          0) * x <= 0.570438
   (  0.441201,   0.558799,          0,          0) * x <= 0.616792
   (  0.385745,   0.614255,          0,          0) * x <= 0.598863
   (  0.604952,   0.395048,          0,          0) * x <= 0.696073
   (  0.349054,   0.650946,          0,          0) * x <= 0.5901
   ( 0.0177575,  0.0166105,  -0.965632,          0) * x <= 0.007156
   (0.00685873,          0,  -0.903998, -0.0891435) * x <= -0.00772843
   ( 0.0099963,          0,  -0.990004,          0) * x <= -0.00680007
   (  0.516686,   0.483314,          0,          0) * x <= 0.649871
   (  0.324166,   0.675834,          0,          0) * x <= 0.584461
   ( 0.0014885, 0.00608215,  -0.195739,   -0.79669) * x <= -0.00475762
   (         0, 0.00815219, -2.52024e-05,  -0.991823) * x <= -0.00366945
   (0.000731384, 0.00642461,          0,  -0.992844) * x <= -0.00375189
   (         0, 0.00819271,          0,  -0.991807) * x <= -0.00365096
   (0.00745951,  0.0117082,  -0.980832,          0) * x <= -0.00208007
   (   0.43325,    0.56675,          0,          0) * x <= 0.613307
   (0.00405675,          0,          0,  -0.995943) * x <= -0.00326149

19 pareto optimal points found (Note that these points are safe, i.e., contained in the underapproximation, but there is no guarantee for optimality):
   (0.8952763722, 0.3224408311, 0.01596125103, 0.006921480213 )
   (0.9028594573, 0.3603745047, 0.01599998914, 0.007239179063 )
   (0.09427452561, 0.1362958019, 0.01046727623, 0.006208002434 )
   (0.3648844916, 0.412514342, 0.01102420919, 0.007094169344 )
   (0.6725727185, 0.5421981491, 0.01456529143, 0.008160040671 )
   (0.7487878024, 0.4872228092, 0.01474022889, 0.008159997437 )
   (0.7375957734, 0.5110096775, 0.01544533998, 0.008159987336 )
   (0.4126779079, 0.4120924007, 0.0110356383, 0.007548364654 )
   (0.8616723675, 0.4234458099, 0.01599999843, 0.007884365678 )
   (0.3293688971, 0.5421981947, 0.01109789953, 0.008160016754 )
   (0.6725726465, 0.5421980628, 0.01456528626, 0.008160001863 )
   (0.2764727562, 0.4435444683, 0.01133419964, 0.007345085417 )
   (0.2632587043, 0.4948814983, 0.0117648365, 0.007769024063 )
   (0.7856388678, 0.4815694182, 0.01599997501, 0.007850964989 )
   (0.3852349635, 0.3495664886, 0.01077341322, 0.007084177937 )
   (0.9028553787, 0.3794192841, 0.01600001665, 0.007329884019 )
   (0.1231750937, 0.1467889219, 0.01015048907, 0.006569388688 )
   (0.9028543733, 0.3794202637, 0.01600000053, 0.007329914149 )
   (0.8050440594, 0.381518702, 0.01546919249, 0.006840750018 )


Time for model checking: 628.637s.

Performance statistics:
  * peak memory usage: 216MB
  * CPU time: 628.548s
  * wallclock time: 628.765s

real	10m28.781s
user	10m28.552s
sys	0m0.108s
