Storm 1.0.0

Command line arguments: --prism models/ma/polling/polling.ma --prop models/ma/polling/polling2.csl -const N=4,Q=4 --multiobjective:precision 0.01 -stats -tm 
Current working directory: /home/storm/Desktop

Time for model construction: 4.575s.

-------------------------------------------------------------- 
Model type: 	Markov Automaton (sparse)
States: 	827735
Transitions: 	2160534
Choices: 	1689549
Markovian St.: 	472349
Max. Rate.: 	16
Reward Models:  queuesize1, processedjobs2, queuesize2, processedjobs1
Labels: 	4
   * init -> 1 state(s)
   * q2full -> 523520 state(s)
   * deadlock -> 0 state(s)
   * q1full -> 523520 state(s)
choice labels: 	no
-------------------------------------------------------------- 

Time for model preprocessing: 0.273s.


Model checking property multi(R[exp]{"processedjobs1"}max=? [F "q1full"], R[exp]{"processedjobs2"}max=? [F "q2full"], R[exp]{"queuesize1"}min=? [F "q1full"], R[exp]{"queuesize2"}min=? [F "q2full"]) ...
Preprocessing done in 47.603s seconds.
 Result: 
---------------------------------------------------------------------------------------------------------------------------------------
                                                       Multi-objective Query                                              
---------------------------------------------------------------------------------------------------------------------------------------

Original Formula: 
--------------------------------------------------------------
	multi(R[exp]{"processedjobs1"}max=? [F "q1full"], R[exp]{"processedjobs2"}max=? [F "q2full"], R[exp]{"queuesize1"}min=? [F "q1full"], R[exp]{"queuesize2"}min=? [F "q2full"])

Objectives:
--------------------------------------------------------------
R[exp]{"processedjobs1"}max=? [F "q1full"] 	(toOrigVal:001*x +000, 	intern threshold:   none, 	intern reward model: objective1 (positive), 	time bounds: none)
R[exp]{"processedjobs2"}max=? [F "q2full"] 	(toOrigVal:001*x +000, 	intern threshold:   none, 	intern reward model: objective2 (positive), 	time bounds: none)
R[exp]{"queuesize1"}min=? [F "q1full"] 	(toOrigVal:0-1*x +000, 	intern threshold:   none, 	intern reward model: objective3 (negative), 	time bounds: none)
R[exp]{"queuesize2"}min=? [F "q2full"] 	(toOrigVal:0-1*x +000, 	intern threshold:   none, 	intern reward model: objective4 (negative), 	time bounds: none)
--------------------------------------------------------------

Original Model Information:
-------------------------------------------------------------- 
Model type: 	Markov Automaton (sparse)
States: 	827735
Transitions: 	2146086
Choices: 	1682325
Markovian St.: 	465125
Max. Rate.: 	16
Reward Models:  queuesize1, processedjobs2, queuesize2, processedjobs1
Labels: 	4
   * init -> 1 state(s)
   * q2full -> 523520 state(s)
   * deadlock -> 0 state(s)
   * q1full -> 523520 state(s)
choice labels: 	no
-------------------------------------------------------------- 

Preprocessed Model Information:
-------------------------------------------------------------- 
Model type: 	Markov Automaton (sparse)
States: 	1486748
Transitions: 	4345240
Choices: 	3404628
Markovian St.: 	725908
Max. Rate.: 	16
Reward Models:  objective4, objective2, objective3, objective1
Labels: 	4
   * q2full -> 719360 state(s)
   * init -> 1 state(s)
   * q1full -> 719360 state(s)
   * deadlock -> 0 state(s)
choice labels: 	no
-------------------------------------------------------------- 

---------------------------------------------------------------------------------------------------------------------------------------

Solving multi-objective query took 1016.839s seconds (consisting of 47.603s seconds for preprocessing and 969.203s seconds for value iteration-based exploration of achievable points).
Result (initial states): 
Underapproximation of achievable values: Polytope with 88 Halfspaces:
   (  0.436259,          1,          0,          0) * x <= 2.8031
   (0.00638914,          0,         -1,          0) * x <= -0.019512
   (         0,          0,         -1,          0) * x <= -0.0203186
   ( 0.0746632,   0.181874,  -0.973255,         -1) * x <= 0.413084
   ( 0.0342815,  0.0629526,         -1,  -0.473756) * x <= 0.128665
   ( 0.0211948,   0.050015,  -0.437682,         -1) * x <= 0.0887765
   (  0.340721,          1,          0,          0) * x <= 2.49303
   (  0.012324,  0.0337443,  -0.229059,         -1) * x <= 0.0499349
   ( 0.0321024,  0.0578853,         -1,   -0.65603) * x <= 0.110311
   (         0,          1,          0,          0) * x <= 1.63584
   (   0.35256,          1,          0,          0) * x <= 2.52706
   ( 0.0408411,  0.0736554,         -1,          0) * x <= 0.17601
   (   0.03712,  0.0695517,         -1,          0) * x <= 0.158428
   (0.00717555,          0,         -1,  -0.118835) * x <= -0.0210619
   (         0,  0.0122335,          0,         -1) * x <= -0.00463999
   (         0, 0.00524559,         -1,          0) * x <= -0.0186457
   (0.00576317,  0.0127511,  -0.509931,         -1) * x <= -0.0137752
   (         0, 0.00545645,          0,         -1) * x <= -0.0117524
   (0.00215766,  0.0142019,          0,         -1) * x <= 0.00375128
   (0.000863249, 0.00277757,          0,         -1) * x <= -0.0120332
   (2.43031e-08,  0.0122335,          0,         -1) * x <= -0.00463999
   ( 0.0225421,  0.0613602,          0,         -1) * x <= 0.134603
   (0.00251288,  0.0115086,          0,         -1) * x <= 0.00196612
   ( 0.0107778, 0.00970425,         -1,          0) * x <= -0.0047234
   (  0.135225,   0.383347,          0,         -1) * x <= 0.944772
   (0.00482228,  0.0146446,  -0.199402,         -1) * x <= 0.00163629
   ( 0.0129647, 0.00814057,         -1, -0.0688967) * x <= -0.00361015
   (0.00729406, 0.00506125,         -1,          0) * x <= -0.0144612
   (0.00702914,          0,         -1,          0) * x <= -0.0191304
   ( 0.0321014,  0.0578841,         -1,  -0.656094) * x <= 0.110305
   (0.00161662, 0.00527057,  -0.143036,         -1) * x <= -0.0146623
   (         0,  0.0125145, -0.0150249,         -1) * x <= -0.00472509
   ( 0.0129721, 0.00721636,         -1,          0) * x <= -0.00310612
   ( 0.0158829,  0.0126918,         -1,          0) * x <= 0.0136569
   (0.00958994,          0,         -1,  -0.963696) * x <= -0.0324823
   (0.00728929,  0.0142554,  -0.755582,         -1) * x <= -0.0175571
   ( 0.0317757,  0.0571267,         -1,  -0.662864) * x <= 0.108069
   (0.00452939, 0.00917678,  -0.400763,         -1) * x <= -0.0154545
   (0.00637557,   0.013802,  -0.591544,         -1) * x <= -0.0143944
   ( 0.0038574, 0.00385356,  -0.306976,         -1) * x <= -0.0181237
   (  0.013018,          0,         -1,          0) * x <= -0.00905055
   ( 0.0254925,  0.0429173,         -1,  -0.974203) * x <= 0.0616528
   (0.00715594,  0.0292979,          0,         -1) * x <= 0.0407401
   (0.00788249,  0.0031146,  -0.922934,         -1) * x <= -0.0310364
   (         0,          0,  -0.986372,         -1) * x <= -0.03392
   (  0.244355,          1,          0,          0) * x <= 2.23687
   ( 0.0128093, 0.00773574,         -1,          0) * x <= -0.00294682
   (         1,   0.798963,          0,          0) * x <= 4.83885
   ( 0.0399958,  0.0679868,         -1,          0) * x <= 0.165723
   (0.00352267, 0.00441928,  -0.292969,         -1) * x <= -0.0177813
   ( 0.0240201,  0.0407142,  -0.954617,         -1) * x <= 0.0559256
   (0.00968488,  0.0138376,  -0.752469,         -1) * x <= -0.0137772
   (0.00131021,          0,          0,         -1) * x <= -0.0123841
   (4.83375e-08, 0.00545643,          0,         -1) * x <= -0.0117524
   (0.00707746,          0,  -0.558966,         -1) * x <= -0.0237214
   (0.00651394, 0.00800957,  -0.506041,         -1) * x <= -0.0163477
   (         1,          0,          0, -0.0114699) * x <= 4.15937
   (         0, 0.00658271,   -0.27948,         -1) * x <= -0.0176386
   (0.00194527, 0.00801157,          0,         -1) * x <= -0.00336805
   ( 0.0296238,  0.0515231,         -1,  -0.681968) * x <= 0.0931359
   (         0,  0.0075969,  -0.732523,         -1) * x <= -0.0273001
   (  0.013018,          0,         -1, -0.000538264) * x <= -0.00906043
   (  0.165347,   0.438479,         -1,          0) * x <= 1.08489
   ( 0.0240167,  0.0407096,          0,         -1) * x <= 0.116239
   (  0.779901,          1,          0,          0) * x <= 4.12437
   ( 0.0185539,  0.0226959,         -1,   -0.36569) * x <= 0.0265909
   ( 0.0317804,  0.0571375,         -1,          0) * x <= 0.124529
   ( 0.0252871,  0.0324218,         -1,          0) * x <= 0.0705246
   ( 0.0325553,  0.0572611,         -1,  -0.575086) * x <= 0.112964
   (         0,  0.0154843,         -1,  -0.977333) * x <= -0.0261227
   (         0,          0,          0,         -1) * x <= -0.0125585
   (  0.524468,          1,          0,          0) * x <= 3.11993
   (2.01827e-05,  0.0124812,          0,         -1) * x <= -0.00432095
   ( 0.0241591,  0.0372927,         -1,  -0.601456) * x <= 0.0584118
   (  0.026171,    0.04406,          0,         -1) * x <= 0.128179
   (  0.548348,          1,          0,          0) * x <= 3.20933
   ( 0.0412562,  0.0725115,         -1,          0) * x <= 0.175843
   (  0.185244,   0.337823,         -1,          0) * x <= 1.02098
   (0.00477151,  0.0212038,          0,         -1) * x <= 0.0216346
   (0.000228445,  0.0124763,  -0.020211,         -1) * x <= -0.00476878
   (         0, 0.00429619,         -1,          0) * x <= -0.0194919
   (0.000247878,  0.0125169, -0.0229946,         -1) * x <= -0.00478577
   (         1,          0,          0,          0) * x <= 4.15958
   (         0,  0.0125709,          0,         -1) * x <= -0.00422369
   (9.71419e-07,          1,          0,          0) * x <= 1.63584
   (  0.012159,  0.0391848,          0,         -1) * x <= 0.070086
   (  0.367226,          1,          0,          0) * x <= 2.57356
   (4.82616e-08,  0.0125709,          0,         -1) * x <= -0.00422365

Overapproximation of achievable values: Polytope with 20 Halfspaces:
   (         1,          0,          0,          0) * x <= 4.15958
   (         0,          1,          0,          0) * x <= 1.63584
   (         0,          0,         -1,          0) * x <= -0.0203186
   (         0,          0,          0,         -1) * x <= -0.0125585
   (  0.191617,   0.808383,          0,          0) * x <= 1.7937
   (   0.33077,    0.66923,          0,          0) * x <= 2.01533
   (  0.436893,   0.563107,          0,          0) * x <= 2.31347
   (  0.260931,   0.739069,          0,          0) * x <= 1.86883
   (  0.542809,   0.457191,          0,          0) * x <= 2.64844
   ( 0.0329694,  0.0554922,  -0.911538,          0) * x <= 0.131082
   (   0.01052,          0,   -0.98948,          0) * x <= -0.0129293
   (  0.678037,   0.321963,          0,          0) * x <= 3.09408
   (  0.241709,   0.758291,          0,          0) * x <= 1.84616
   (0.00209859, 0.00567233,  -0.402737,  -0.589492) * x <= -0.0130996
   (  0.291261,   0.708739,          0,          0) * x <= 1.92704
   (  0.058929,   0.172092,          0,  -0.768979) * x <= 0.411283
   (4.57474e-08,  0.0103675,          0,  -0.989632) * x <= -0.00641705
   (         0,  0.0101624, -0.0396243,  -0.950213) * x <= -0.00694548
   (         0,  0.0123114,          0,  -0.987689) * x <= -0.00430092
   (  0.349925,   0.650075,          0,          0) * x <= 2.06181

20 pareto optimal points found (Note that these points are safe, i.e., contained in the underapproximation, but there is no guarantee for optimality):
   (4.095732011, 0.9301042698, 0.06320009079, 0.01999077322 )
   (4.159576362, 0.7956514802, 0.06320010617, 0.0178339619 )
   (2.931677307, 1.049493921, 0.0521133043, 0.01747904431 )
   (1.683106266, 0.8344436261, 0.03096120702, 0.01832729069 )
   (0.6150216426, 1.635843111, 0.02722660982, 0.02478776118 )
   (0.5962060797, 0.8913353011, 0.02332122981, 0.01698819952 )
   (3.325063797, 1.352509569, 0.05940916843, 0.02334109393 )
   (0.5583617319, 1.049485505, 0.02529050576, 0.01747888367 )
   (0.1262549526, 0.1924408724, 0.0203186462, 0.0138782262 )
   (2.658155578, 1.58733943, 0.05064457063, 0.02478720727 )
   (3.951754369, 1.042392615, 0.06319990354, 0.02117015581 )
   (0.1331521967, 0.1477337977, 0.02165658528, 0.01255852006 )
   (3.170697119, 1.40919705, 0.05728000684, 0.02419777479 )
   (0.6674111396, 1.233773385, 0.02873688668, 0.01973337112 )
   (2.874317186, 1.513688687, 0.05409190733, 0.02417623737 )
   (4.159581374, 0.8501889372, 0.06319993623, 0.01827090224 )
   (3.591868654, 1.236113517, 0.06197645521, 0.02221336278 )
   (3.259466677, 1.328703739, 0.05497668525, 0.0247871416 )
   (2.459665782, 1.635841319, 0.04710776176, 0.02478782768 )
   (3.743529797, 1.156572122, 0.06319992373, 0.02075145461 )


Time for model checking: 1016.850s.

Performance statistics:
  * peak memory usage: 876MB
  * CPU time: 1016.828s
  * wallclock time: 1021.721s

real	17m1.750s
user	16m56.832s
sys	0m4.848s
