Storm 1.0.0

Command line arguments: --prism models/ma/mutex/mutex.ma --prop models/ma/mutex/mutex1.csl -const N=3 --multiobjective:precision 0.01 -stats -tm 
Current working directory: /home/storm/Desktop

Time for model construction: 0.437s.

-------------------------------------------------------------- 
Model type: 	Markov Automaton (sparse)
States: 	38453
Transitions: 	111687
Choices: 	99132
Markovian St.: 	8487
Max. Rate.: 	3
Reward Models:  none
Labels: 	5
   * deadlock -> 0 state(s)
   * crit1 -> 2829 state(s)
   * crit2 -> 2829 state(s)
   * crit3 -> 2829 state(s)
   * init -> 1 state(s)
choice labels: 	no
-------------------------------------------------------------- 

Time for model preprocessing: 0.013s.


Model checking property multi(Pmax=? [true U<=1/2 "crit1"], Pmax=? [true U<=1/2 "crit2"], Pmax=? [true U<=1/2 "crit3"]) ...
Preprocessing done in 0.087s seconds.
 Result: 
---------------------------------------------------------------------------------------------------------------------------------------
                                                       Multi-objective Query                                              
---------------------------------------------------------------------------------------------------------------------------------------

Original Formula: 
--------------------------------------------------------------
	multi(Pmax=? [true U<=1/2 "crit1"], Pmax=? [true U<=1/2 "crit2"], Pmax=? [true U<=1/2 "crit3"])

Objectives:
--------------------------------------------------------------
00Pmax=? [true U<=1/2 "crit1"] 	(toOrigVal:001*x +000, 	intern threshold:   none, 	intern reward model: objective1 (positive), 	time bounds:<=1/20000)
00Pmax=? [true U<=1/2 "crit2"] 	(toOrigVal:001*x +000, 	intern threshold:   none, 	intern reward model: objective2 (positive), 	time bounds:<=1/20000)
00Pmax=? [true U<=1/2 "crit3"] 	(toOrigVal:001*x +000, 	intern threshold:   none, 	intern reward model: objective3 (positive), 	time bounds:<=1/20000)
--------------------------------------------------------------

Original Model Information:
-------------------------------------------------------------- 
Model type: 	Markov Automaton (sparse)
States: 	38453
Transitions: 	103929
Choices: 	91374
Markovian St.: 	729
Max. Rate.: 	3
Reward Models:  none
Labels: 	5
   * deadlock -> 0 state(s)
   * crit1 -> 2829 state(s)
   * crit2 -> 2829 state(s)
   * crit3 -> 2829 state(s)
   * init -> 1 state(s)
choice labels: 	no
-------------------------------------------------------------- 

Preprocessed Model Information:
-------------------------------------------------------------- 
Model type: 	Markov Automaton (sparse)
States: 	68507
Transitions: 	169374
Choices: 	150861
Markovian St.: 	1620
Max. Rate.: 	3
Reward Models:  objective3, objective1, objective2
Labels: 	5
   * init -> 1 state(s)
   * crit1 -> 4530 state(s)
   * crit2 -> 4530 state(s)
   * crit3 -> 4530 state(s)
   * deadlock -> 0 state(s)
choice labels: 	no
-------------------------------------------------------------- 

---------------------------------------------------------------------------------------------------------------------------------------

Solving multi-objective query took 1101.631s seconds (consisting of 0.087s seconds for preprocessing and 1101.543s seconds for value iteration-based exploration of achievable points).
Result (initial states): 
Underapproximation of achievable values: Polytope with 19 Halfspaces:
   (3.7256e-07,          1,          1) * x <= 1.77687
   (  0.571874,   0.999856,          1) * x <= 2.01126
   (         0,          1,          1) * x <= 1.77687
   (  0.570552,          1,   0.999755) * x <= 2.01059
   (         1,          1, 2.31712e-08) * x <= 1.77687
   (         1,   0.999984,   0.571389) * x <= 2.01116
   (  0.999993,   0.999991,          1) * x <= 2.21836
   (  0.999995,   0.999995,          1) * x <= 2.21836
   (         0,          1,          0) * x <= 1
   (         1,          1,          0) * x <= 1.77687
   (   0.99694,   0.999771,          1) * x <= 2.21666
   (  0.999997,   0.999997,          1) * x <= 2.21837
   (         1,          0,          1) * x <= 1.77687
   (         1,          0,          0) * x <= 1
   (         0,          0,          1) * x <= 1
   (         1,   0.999996,    0.57143) * x <= 2.01119
   (  0.999867,   0.570974,          1) * x <= 2.01087
   (         1,   0.999993,   0.999989) * x <= 2.21836
   (  0.999996,   0.571438,          1) * x <= 2.01119

Overapproximation of achievable values: Polytope with 28 Halfspaces:
   (         1,          0,          0) * x <= 1.00519
   (         0,          1,          0) * x <= 1.00519
   (         0,          0,          1) * x <= 1.00519
   (   0.32693,   0.343816,   0.329254) * x <= 0.746841
   (  0.503039,  0.0555132,   0.441447) * x <= 0.872232
   (  0.533191,   0.466809,          0) * x <= 0.899522
   (         0,   0.235025,   0.764975) * x <= 0.951717
   (  0.254395,          0,   0.745605) * x <= 0.947319
   (  0.232021,   0.232024,   0.535955) * x <= 0.821896
   (  0.301647,   0.698353,          0) * x <= 0.936633
   (         0,   0.542936,   0.457064) * x <= 0.901697
   (  0.413402,   0.376837,   0.209761) * x <= 0.795272
   (       0.5,          0,        0.5) * x <= 0.892104
   (  0.322756,   0.523804,    0.15344) * x <= 0.840749
   (  0.322754,   0.153465,   0.523781) * x <= 0.840735
   ( 0.0535383,   0.466958,   0.479503) * x <= 0.867705
   (  0.346598,    0.32666,   0.326742) * x <= 0.747647
   ( 0.0587169,   0.502221,   0.439062) * x <= 0.870864
   (         0,        0.5,        0.5) * x <= 0.892104
   (  0.333857,   0.301563,   0.364579) * x <= 0.758733
   (  0.344439,   0.344503,   0.311058) * x <= 0.751016
   (       0.5,        0.5, 1.15856e-08) * x <= 0.892104
   (       0.5,        0.5,          0) * x <= 0.892104
   (  0.389032,   0.221983,   0.388985) * x <= 0.785327
   (   0.36455,   0.333883,   0.301567) * x <= 0.758724
   (  0.222137,   0.388903,   0.388959) * x <= 0.785254
   (  0.333333,   0.333333,   0.333335) * x <= 0.742453
   (  0.388932,   0.388977,   0.222091) * x <= 0.785275

15 pareto optimal points found (Note that these points are safe, i.e., contained in the underapproximation, but there is no guarantee for optimality):
   (0.776869117, 0.410010511, 0000000001 )
   (0.7349486911, 0000000001, 0.4834229018 )
   (0.734948109, 0.4834209417, 0000000001 )
   (0.483422523, 0000000001, 0.7349483361 )
   (0000000001, 0.4834225234, 0.7349483361 )
   (0.4833693895, 0.7349406793, 0000000001 )
   (0000000001, 0.7768691591, 0.4100561436 )
   (0.4099664868, 0000000001, 0.7768690764 )
   (0.4100622512, 0.7768691648, 0000000001 )
   (0000000001, 0.4100622527, 0.7768691647 )
   (0.1699548154, 0000000001, 0.7768691659 )
   (0.7768691648, 0000000001, 0.4100622518 )
   (0000000001, 0.7768691659, 0.1177207461 )
   (0000000001, 0.7349484654, 0.4834212973 )
   (0.5043823016, 0.7139872635, 0000000001 )


Time for model checking: 1101.632s.

Performance statistics:
  * peak memory usage: 220MB
  * CPU time: 1096.416s
  * wallclock time: 1102.090s

real	18m22.109s
user	18m16.420s
sys	0m5.416s
