Storm 1.0.0

Command line arguments: --prism models/ma/polling/polling.ma --prop models/ma/polling/polling4.csl -const N=3,Q=2 --multiobjective:precision 0.001 -stats -tm 
Current working directory: /home/storm/Desktop

Time for model construction: 0.080s.

-------------------------------------------------------------- 
Model type: 	Markov Automaton (sparse)
States: 	1020
Transitions: 	2507
Choices: 	1867
Markovian St.: 	523
Max. Rate.: 	14
Reward Models:  processedjobs2, processedjobs1
Labels: 	4
   * init -> 1 state(s)
   * q2full -> 576 state(s)
   * deadlock -> 0 state(s)
   * q1full -> 576 state(s)
choice labels: 	no
-------------------------------------------------------------- 

Time for model preprocessing: 0.000s.


Model checking property multi(R[exp]{"processedjobs1"}max=? [F "q1full"], R[exp]{"processedjobs2"}max=? [F "q2full"], Pmin=? [true U<=2 "q1full"], Pmin=? [true U<=2 "q2full"]) ...
Preprocessing done in 0.006s seconds.
 Result: 
---------------------------------------------------------------------------------------------------------------------------------------
                                                       Multi-objective Query                                              
---------------------------------------------------------------------------------------------------------------------------------------

Original Formula: 
--------------------------------------------------------------
	multi(R[exp]{"processedjobs1"}max=? [F "q1full"], R[exp]{"processedjobs2"}max=? [F "q2full"], Pmin=? [true U<=2 "q1full"], Pmin=? [true U<=2 "q2full"])

Objectives:
--------------------------------------------------------------
R[exp]{"processedjobs1"}max=? [F "q1full"] 	(toOrigVal:001*x +000, 	intern threshold:   none, 	intern reward model: objective1 (positive), 	time bounds: none)
R[exp]{"processedjobs2"}max=? [F "q2full"] 	(toOrigVal:001*x +000, 	intern threshold:   none, 	intern reward model: objective2 (positive), 	time bounds: none)
000Pmin=? [true U<=2 "q1full"] 	(toOrigVal:0-1*x +000, 	intern threshold:   none, 	intern reward model: objective3 (negative), 	time bounds:<=00002)
000Pmin=? [true U<=2 "q2full"] 	(toOrigVal:0-1*x +000, 	intern threshold:   none, 	intern reward model: objective4 (negative), 	time bounds:<=00002)
--------------------------------------------------------------

Original Model Information:
-------------------------------------------------------------- 
Model type: 	Markov Automaton (sparse)
States: 	1020
Transitions: 	2477
Choices: 	1852
Markovian St.: 	508
Max. Rate.: 	14
Reward Models:  processedjobs2, processedjobs1
Labels: 	4
   * init -> 1 state(s)
   * q2full -> 576 state(s)
   * deadlock -> 0 state(s)
   * q1full -> 576 state(s)
choice labels: 	no
-------------------------------------------------------------- 

Preprocessed Model Information:
-------------------------------------------------------------- 
Model type: 	Markov Automaton (sparse)
States: 	1980
Transitions: 	5183
Choices: 	3853
Markovian St.: 	871
Max. Rate.: 	14
Reward Models:  objective4, objective3, objective1, objective2
Labels: 	4
   * q2full -> 828 state(s)
   * init -> 1 state(s)
   * q1full -> 828 state(s)
   * deadlock -> 0 state(s)
choice labels: 	no
-------------------------------------------------------------- 

---------------------------------------------------------------------------------------------------------------------------------------


real	120m0.002s
user	119m57.108s
sys	0m1.300s
