Storm 1.0.0

Command line arguments: --prism models/ma/stream/stream.ma --prop models/ma/stream/stream1.csl -const N=250 --multiobjective:precision 0.01 -stats -tm 
Current working directory: /home/storm/Desktop

Time for model construction: 0.375s.

-------------------------------------------------------------- 
Model type: 	Markov Automaton (sparse)
States: 	94376
Transitions: 	187751
Choices: 	125501
Markovian St.: 	62751
Max. Rate.: 	8
Reward Models:  numrestarts, buffering
Labels: 	3
   * deadlock -> 0 state(s)
   * init -> 1 state(s)
   * done -> 1 state(s)
choice labels: 	no
-------------------------------------------------------------- 

Time for model preprocessing: 0.000s.


Model checking property multi(R[exp]{"buffering"}min=? [F "done"], R[exp]{"numrestarts"}min=? [F "done"]) ...
Preprocessing done in 0.174s seconds.
 Result: 
---------------------------------------------------------------------------------------------------------------------------------------
                                                       Multi-objective Query                                              
---------------------------------------------------------------------------------------------------------------------------------------

Original Formula: 
--------------------------------------------------------------
	multi(R[exp]{"buffering"}min=? [F "done"], R[exp]{"numrestarts"}min=? [F "done"])

Objectives:
--------------------------------------------------------------
R[exp]{"buffering"}min=? [F "done"] 	(toOrigVal:0-1*x +000, 	intern threshold:   none, 	intern reward model: objective1 (negative), 	time bounds: none)
R[exp]{"numrestarts"}min=? [F "done"] 	(toOrigVal:0-1*x +000, 	intern threshold:   none, 	intern reward model: objective2 (negative), 	time bounds: none)
--------------------------------------------------------------

Original Model Information:
-------------------------------------------------------------- 
Model type: 	Markov Automaton (sparse)
States: 	94376
Transitions: 	187751
Choices: 	125501
Markovian St.: 	62751
Max. Rate.: 	8
Reward Models:  numrestarts, buffering
Labels: 	3
   * deadlock -> 0 state(s)
   * init -> 1 state(s)
   * done -> 1 state(s)
choice labels: 	no
-------------------------------------------------------------- 

Preprocessed Model Information:
-------------------------------------------------------------- 
Model type: 	Markov Automaton (sparse)
States: 	94376
Transitions: 	187751
Choices: 	125501
Markovian St.: 	62751
Max. Rate.: 	8
Reward Models:  objective1, objective2
Labels: 	3
   * init -> 1 state(s)
   * done -> 1 state(s)
   * deadlock -> 0 state(s)
choice labels: 	no
-------------------------------------------------------------- 

---------------------------------------------------------------------------------------------------------------------------------------

Solving multi-objective query took 23.344s seconds (consisting of 0.174s seconds for preprocessing and 23.167s seconds for value iteration-based exploration of achievable points).
Result (initial states): 
Underapproximation of achievable values: Polytope with 32 Halfspaces:
   (        -1,  -0.835058) * x <= -6.54839
   ( -0.825004,         -1) * x <= -5.72359
   (        -1,  -0.366464) * x <= -5.86632
   (        -1,  -0.609507) * x <= -6.2598
   ( -0.582006,         -1) * x <= -4.28181
   (        -1,  -0.520159) * x <= -6.1294
   ( -0.107514,         -1) * x <= -1.12234
   ( -0.161046,         -1) * x <= -1.53033
   (-0.0135253,         -1) * x <= -0.229875
   (        -1, -0.00983308) * x <= -4.62358
   ( -0.692325,         -1) * x <= -4.9446
   (-0.000496827,         -1) * x <= -0.0578727
   (         0,         -1) * x <= -0.0449205
   (-0.0396333,         -1) * x <= -0.535564
   (        -1,          0) * x <= -4.45806
   (        -1,  -0.693708) * x <= -6.37438
   (        -1,  -0.295212) * x <= -5.72579
   ( -0.457436,         -1) * x <= -3.51726
   (        -1, -0.0556051) * x <= -4.9745
   (        -1, -0.0150252) * x <= -4.68305
   (        -1,    -0.1508) * x <= -5.35565
   (        -1,  -0.212887) * x <= -5.53352
   ( -0.332912,         -1) * x <= -2.71811
   (        -1, -0.0717713) * x <= -5.05512
   (        -1, -0.0286336) * x <= -4.80312
   (        -1,  -0.423155) * x <= -5.97028
   (        -1, -0.0359503) * x <= -4.85505
   (        -1,  -0.104126) * x <= -5.19399
   ( -0.235399,         -1) * x <= -2.06229
   (-0.0486137,         -1) * x <= -0.622792
   ( -0.988213,         -1) * x <= -6.66278
   (-0.0715778,         -1) * x <= -0.82606

Overapproximation of achievable values: Polytope with 31 Halfspaces:
   (        -1,          0) * x <= -4.45806
   (         0,         -1) * x <= -0.0449205
   ( -0.437181,  -0.562819) * x <= -3.06196
   ( -0.918622, -0.0813778) * x <= -4.71004
   (-0.0396926,  -0.960307) * x <= -0.530163
   ( -0.752195,  -0.247805) * x <= -4.35769
   ( -0.159524,  -0.840476) * x <= -1.45912
   ( -0.977473,  -0.022527) * x <= -4.64673
   ( -0.600199,  -0.399801) * x <= -3.80336
   (  -0.28105,   -0.71895) * x <= -2.22182
   ( -0.854034,  -0.145966) * x <= -4.62312
   (-0.00641961,   -0.99358) * x <= -0.135736
   (-0.0816599,   -0.91834) * x <= -0.889918
   (  -0.95842, -0.0415802) * x <= -4.69647
   ( -0.521777,  -0.478223) * x <= -3.46339
   ( -0.988593, -0.0114071) * x <= -4.59015
   ( -0.680691,  -0.319309) * x <= -4.11521
   ( -0.353062,  -0.646938) * x <= -2.62608
   ( -0.216381,  -0.783619) * x <= -1.83072
   ( -0.802308,  -0.197692) * x <= -4.50239
   ( -0.889911,  -0.110089) * x <= -4.68255
   (-0.0276705,   -0.97233) * x <= -0.393517
   ( -0.115385,  -0.884615) * x <= -1.14738
   ( -0.941712, -0.0582885) * x <= -4.71409
   (-0.0549146,  -0.945085) * x <= -0.667994
   ( -0.969603, -0.0303971) * x <= -4.67581
   (  -0.47595,   -0.52405) * x <= -3.25038
   ( -0.566325,  -0.433675) * x <= -3.66021
   ( -0.389746,  -0.610254) * x <= -2.82071
   ( -0.644454,  -0.355546) * x <= -3.97978
   ( -0.714538,  -0.285462) * x <= -4.235

31 pareto optimal points found (Note that these points are safe, i.e., contained in the underapproximation, but there is no guarantee for optimality):
   (8.85157839, 0.192483722 )
   (6.725469592, 0.479123856 )
   (4.83333557, 3.463633437 )
   (4.550472134, 8.823575387 )
   (4.636565815, 6.077372372 )
   (6.137483165, 0.709756129 )
   (5.633103537, 1.096074997 )
   (11.70862819, 0.0715127968 )
   (8.244624193, 0.2359281547 )
   (4.697201892, 4.986894851 )
   (5.370225557, 1.459499657 )
   (5.520401088, 1.231038618 )
   (5.754516098, 0.9760935822 )
   (5.194307494, 1.833769109 )
   (5.14357918, 1.972195438 )
   (4.747063513, 4.292165648 )
   (5.430377574, 1.360810055 )
   (6.417626944, 0.5816082814 )
   (6.007973336, 0.7851316485 )
   (4.599911745, 7.096947331 )
   (5.871243091, 0.8797933789 )
   (4.923642508, 02.8647825 )
   (5.276149749, 1.640359251 )
   (13.20206749, 0.051313594 )
   (7.621343018, 0.302939478 )
   (7.154605078, 0.3781056783 )
   (9.713080779, 0.1506029088 )
   (4.510941906, 11.45450599 )
   (4.458061639, 16.83229728 )
   (26.06982158, 0.04492054672 )
   (5.036300721, 2.33559012 )


Time for model checking: 23.344s.

Performance statistics:
  * peak memory usage: 227MB
  * CPU time: 22.804s
  * wallclock time: 23.724s

real	0m23.740s
user	0m22.804s
sys	0m0.932s
