Storm 1.0.0

Command line arguments: --prism models/ma/jobs/jobs17_2.ma --prop models/ma/jobs/jobs1.csl --multiobjective:precision 0.001 -stats -tm 
Current working directory: /home/storm/Desktop

Time for model construction: 267.099s.

-------------------------------------------------------------- 
Model type: 	Markov Automaton (sparse)
States: 	4587537
Transitions: 	13369379
Choices: 	8912931
Markovian St.: 	4456466
Max. Rate.: 	5.9
Reward Models:  avg_waiting_time
Labels: 	4
   * init -> 1 state(s)
   * deadlock -> 1 state(s)
   * half_of_jobs_finished -> 704990 state(s)
   * all_jobs_finished -> 1 state(s)
choice labels: 	no
-------------------------------------------------------------- 

Time for model preprocessing: 0.000s.


Model checking property multi(T[exp]min=? [F "all_jobs_finished"], T[exp]min=? [F "half_of_jobs_finished"], R[exp]{"avg_waiting_time"}min=? [F "all_jobs_finished"]) ...
Preprocessing done in 15.648s seconds.
 Result: 
---------------------------------------------------------------------------------------------------------------------------------------
                                                       Multi-objective Query                                              
---------------------------------------------------------------------------------------------------------------------------------------

Original Formula: 
--------------------------------------------------------------
	multi(T[exp]min=? [F "all_jobs_finished"], T[exp]min=? [F "half_of_jobs_finished"], R[exp]{"avg_waiting_time"}min=? [F "all_jobs_finished"])

Objectives:
--------------------------------------------------------------
T[exp]min=? [F "all_jobs_finished"] 	(toOrigVal:0-1*x +000, 	intern threshold:   none, 	intern reward model: objective1 (negative), 	time bounds: none)
T[exp]min=? [F "half_of_jobs_finished"] 	(toOrigVal:0-1*x +000, 	intern threshold:   none, 	intern reward model: objective2 (negative), 	time bounds: none)
R[exp]{"avg_waiting_time"}min=? [F "all_jobs_finished"] 	(toOrigVal:0-1*x +000, 	intern threshold:   none, 	intern reward model: objective3 (negative), 	time bounds: none)
--------------------------------------------------------------

Original Model Information:
-------------------------------------------------------------- 
Model type: 	Markov Automaton (sparse)
States: 	4587537
Transitions: 	13369379
Choices: 	8912931
Markovian St.: 	4456466
Max. Rate.: 	5.9
Reward Models:  avg_waiting_time
Labels: 	4
   * init -> 1 state(s)
   * deadlock -> 1 state(s)
   * half_of_jobs_finished -> 704990 state(s)
   * all_jobs_finished -> 1 state(s)
choice labels: 	no
-------------------------------------------------------------- 

Preprocessed Model Information:
-------------------------------------------------------------- 
Model type: 	Markov Automaton (sparse)
States: 	4587537
Transitions: 	13369379
Choices: 	8912931
Markovian St.: 	4456466
Max. Rate.: 	5.9
Reward Models:  objective3, objective1, objective2
Labels: 	4
   * init -> 1 state(s)
   * half_of_jobs_finished -> 704990 state(s)
   * deadlock -> 1 state(s)
   * all_jobs_finished -> 1 state(s)
choice labels: 	no
-------------------------------------------------------------- 

---------------------------------------------------------------------------------------------------------------------------------------

Solving multi-objective query took 939.930s seconds (consisting of 15.648s seconds for preprocessing and 924.106s seconds for value iteration-based exploration of achievable points).
Result (initial states): 
Underapproximation of achievable values: Polytope with 116 Halfspaces:
   (        -1,  -0.190777,          0) * x <= -5.39412
   (        -1,  -0.197082, -0.00606933) * x <= -5.42069
   (        -1, -0.0126788,  -0.281886) * x <= -5.692
   (        -1,  -0.289402,          0) * x <= -5.5835
   (        -1,  -0.249397, -0.0163263) * x <= -5.5452
   (        -1,  -0.158638,          0) * x <= -5.33042
   (        -1,  -0.146798, -0.00664164) * x <= -5.32235
   (        -1,   -0.25684, -0.0160138) * x <= -5.5586
   (        -1,  -0.117614, -0.0957185) * x <= -5.47104
   (        -1,  -0.130319,          0) * x <= -5.27368
   (        -1,  -0.330323,          0) * x <= -5.66021
   (-6.80675e-06,         -1, -1.34147e-05) * x <= -1.84652
   (        -1,  -0.245245,   -0.12683) * x <= -5.78702
   (        -1,  -0.372667,          0) * x <= -5.73907
   (-5.95445e-06,         -1, -1.05257e-05) * x <= -1.84651
   (        -1,          0,  -0.328711) * x <= -5.77441
   (        -1, -0.0175648,   -0.27731) * x <= -5.69145
   (        -1,  -0.113417,  -0.194113) * x <= -5.68867
   (        -1,  -0.158722, -0.0626774) * x <= -5.47591
   (-1.17275e-05,         -1, -3.55174e-05) * x <= -1.84659
   ( -0.507411,          0,         -1) * x <= -4.7294
   (-3.29303e-06,         -1, -3.19606e-06) * x <= -1.84648
   (        -1, -0.0974571, -0.0168921) * x <= -5.24681
   (        -1,  -0.093607, -0.00203753) * x <= -5.2033
   (-1.43318e-05,         -1, -5.00451e-05) * x <= -1.84663
   (        -1,          0,  -0.724624) * x <= -6.65962
   (        -1, -0.0136881,  -0.272827) * x <= -5.67291
   (-0.0412293,         -1, -0.0312852) * x <= -2.12411
   (        -1, -0.0535335,  -0.449387) * x <= -6.15249
   (        -1, -0.0584426,  -0.475839) * x <= -6.22087
   ( -0.887235,          0,         -1) * x <= -6.67904
   (        -1,  -0.148905,  -0.426317) * x <= -6.27914
   (-3.77372e-06,         -1, -4.25336e-06) * x <= -1.84648
   (        -1,          0,  -0.377895) * x <= -5.88787
   (        -1,          0,  -0.354159) * x <= -5.83338
   (        -1, -0.0377199,  -0.173843) * x <= -5.49138
   (        -1, -0.0277327,  -0.207729) * x <= -5.54987
   (        -1, -0.0064231,   -0.45453) * x <= -6.07481
   ( -0.565703,          0,         -1) * x <= -5.02954
   (        -1,          0,  -0.970558) * x <= -7.19159
   (        -1, -0.0429083,  -0.209462) * x <= -5.58547
   (        -1, -0.0951218,          0) * x <= -5.20153
   (        -1,  -0.074695, -0.000416677) * x <= -5.15744
   (-1.51963e-06,         -1,          0) * x <= -1.84646
   (        -1,  -0.125215,  -0.197112) * x <= -5.71832
   (        -1, -0.0294359, -0.0570696) * x <= -5.18522
   (        -1,  -0.230903,  -0.171961) * x <= -5.86181
   (        -1, -0.0316168, -0.0347575) * x <= -5.13295
   (        -1, -0.0315042, -0.0171411) * x <= -5.08503
   (        -1,          0,  -0.302696) * x <= -5.71328
   (-5.51406e-05,         -1, -0.000367596) * x <= -1.84751
   (        -1,          0,  -0.702144) * x <= -6.61042
   (        -1,          0,  -0.240371) * x <= -5.56532
   (        -1, -0.0540896, -0.00414479) * x <= -5.11506
   (        -1, -0.0729929, -0.00305311) * x <= -5.16003
   (         0,          0,         -1) * x <= -2.09386
   (        -1, -0.0213119,   -0.15567) * x <= -5.41048
   (        -1,          0,  -0.638666) * x <= -6.47113
   ( -0.754904,          0,         -1) * x <= -6.0014
   (        -1,   -0.02687, -0.0131724) * x <= -5.05983
   (        -1,          0,  -0.162723) * x <= -5.375
   ( -0.150003,          0,         -1) * x <= -2.87727
   (        -1,          0,  -0.116268) * x <= -5.25697
   (        -1,          0, -0.0811974) * x <= -5.16512
   (        -1,  -0.240799,          0) * x <= -5.49129
   (        -1, -0.0332156, -0.0313781) * x <= -5.12854
   (        -1, -0.0209737,  -0.110487) * x <= -5.29832
   (-2.03108e-06,         -1, -8.65879e-07) * x <= -1.84647
   (-2.73315e-06,         -1, -2.07394e-06) * x <= -1.84647
   (        -1,  -0.045883, -0.0042051) * x <= -5.09152
   (        -1, -0.0392394, -0.0446977) * x <= -5.17998
   (        -1, -0.0287334,          0) * x <= -5.02693
   (         0,         -1,          0) * x <= -1.84645
   (-2.13826e-06,         -1, -1.14217e-06) * x <= -1.84647
   (        -1,  -0.159726,  -0.319721) * x <= -6.06077
   (        -1, -0.0935075, -0.00208571) * x <= -5.2032
   (        -1, -0.0554235, -0.00426286) * x <= -5.11905
   (        -1, -0.0269413, -0.0101479) * x <= -5.05138
   (        -1,          0,  -0.203218) * x <= -5.47477
   (        -1,          0, -0.0347401) * x <= -5.0379
   (        -1,          0,          0) * x <= -4.93636
   (        -1, -0.0410795,          0) * x <= -5.06497
   (        -1,          0,  -0.253432) * x <= -5.59655
   (        -1,  -0.125461,          0) * x <= -5.26389
   (        -1,          0,  -0.055014) * x <= -5.09438
   (        -1,  -0.224286,          0) * x <= -5.45938
   (        -1, -0.0322899,  -0.015465) * x <= -5.08276
   (-2.39755e-06,         -1, -1.53237e-06) * x <= -1.84647
   (-4.39238e-06,         -1, -5.81848e-06) * x <= -1.84649
   (        -1, -0.0259904, -0.0097385) * x <= -5.04724
   (-0.0961251,          0,         -1) * x <= -2.59627
   (        -1,          0, -0.0181435) * x <= -4.99031
   (        -1,          0,  -0.814941) * x <= -6.85562
   (        -1, -0.0453272,          0) * x <= -5.07779
   (        -1, -0.0745239,          0) * x <= -5.15602
   (        -1, -0.0401739, -0.0847771) * x <= -5.2826
   (        -1, -0.0693627,          0) * x <= -5.1441
   (        -1, -0.0690007, -0.0011623) * x <= -5.14614
   (        -1, -0.0518365,  -0.148104) * x <= -5.46053
   (        -1, -0.0538445, -0.00382189) * x <= -5.11347
   (        -1, -0.0493011, -0.0237135) * x <= -5.15295
   (        -1, -0.0198561,  -0.169676) * x <= -5.44109
   (        -1, -0.0651368, -0.00951789) * x <= -5.15752
   (        -1, -0.0642782,  -0.477905) * x <= -6.2364
   (        -1, -0.0560466, -0.0755261) * x <= -5.29726
   (        -1, -0.0554227,          0) * x <= -5.10703
   (        -1, -0.0622148,          0) * x <= -5.12567
   (        -1, -0.0191349,  -0.613743) * x <= -6.45197
   (        -1,          0,  -0.510999) * x <= -6.18881
   (        -1, -0.0345951,  -0.639134) * x <= -6.53639
   (        -1,          0,  -0.460658) * x <= -6.07635
   (        -1, -0.0496646, -0.0951693) * x <= -5.33021
   (        -1, -0.0467234, -0.0685821) * x <= -5.25867
   (        -1, -0.0511751, -0.0895035) * x <= -5.32
   ( -0.330189,          0,         -1) * x <= -3.8134
   ( -0.286377,          0,         -1) * x <= -3.58622

Overapproximation of achievable values: Polytope with 58 Halfspaces:
   (        -1,          0,          0) * x <= -4.93636
   (         0,         -1,          0) * x <= -1.84645
   (         0,          0,         -1) * x <= -2.09386
   ( -0.759777,          0,  -0.240223) * x <= -4.36488
   ( -0.630282,  -0.369718,          0) * x <= -3.8662
   ( -0.447198,          0,  -0.552802) * x <= -3.47062
   ( -0.871507,  -0.128493,          0) * x <= -4.62594
   ( -0.904734,          0,  -0.095266) * x <= -4.73017
   (  -0.93216, -0.0678402,          0) * x <= -4.80247
   ( -0.589504,          0,  -0.410496) * x <= -3.88936
   (   -0.2833,          0,    -0.7167) * x <= -2.9742
   ( -0.844581,          0,  -0.155419) * x <= -4.58393
   ( -0.771693, -0.0540563,  -0.174251) * x <= -4.38034
   ( -0.792845,  -0.207155,          0) * x <= -4.38455
   ( -0.952447, -0.0475527,          0) * x <= -4.84902
   ( -0.672477,          0,  -0.327523) * x <= -4.12584
   ( -0.956536,          0, -0.0434644) * x <= -4.84744
   ( -0.873797, -0.0557577, -0.0704448) * x <= -4.65384
   ( -0.371103,  -0.370482,  -0.258414) * x <= -3.13251
   ( -0.182091,          0,  -0.817909) * x <= -2.66215
   ( -0.529158,          0,  -0.470842) * x <= -3.71322
   ( -0.937254, -0.0542835, -0.00846293) * x <= -4.81529
   ( -0.376704,          0,  -0.623296) * x <= -3.2587
   ( -0.624249, -0.0761668,  -0.299584) * x <= -3.96237
   ( -0.822467, -0.0145455,  -0.162988) * x <= -4.52713
   ( -0.703325, -0.0666128,  -0.230062) * x <= -4.18776
   ( -0.904563, -0.0954374,          0) * x <= -4.72442
   ( -0.861422, -0.0844102, -0.0541674) * x <= -4.61293
   ( -0.877779,          0,  -0.122221) * x <= -4.66569
   ( -0.824997,  -0.175003,          0) * x <= -4.48443
   ( -0.757033,   -0.23244, -0.0105272) * x <= -4.27569
   ( -0.815091,          0,  -0.184909) * x <= -4.5094
   ( -0.948801, -0.0398025, -0.0113967) * x <= -4.84012
   ( -0.936344,          0, -0.0636565) * x <= -4.8029
   ( -0.959138, -0.0353304, -0.00553193) * x <= -4.86157
   ( -0.907893, -0.0537726, -0.0383341) * x <= -4.74237
   ( -0.702927,          0,  -0.297073) * x <= -4.21034
   ( -0.738542,  -0.261458,          0) * x <= -4.2129
   ( -0.651596,  -0.070618,  -0.277786) * x <= -4.04209
   ( -0.975213,          0, -0.0247874) * x <= -4.88695
   ( -0.944324, -0.0556764,          0) * x <= -4.83186
   ( -0.798769, -0.0220021,  -0.179229) * x <= -4.46386
   ( -0.966609, -0.0333907,          0) * x <= -4.87638
   ( -0.914478,  -0.042457, -0.0430646) * x <= -4.75909
   ( -0.935052, -0.0416646,  -0.023283) * x <= -4.80893
   ( -0.639862,          0,  -0.360138) * x <= -4.03333
   ( -0.810911,  -0.172536, -0.0165528) * x <= -4.44685
   ( -0.922608, -0.0773924,          0) * x <= -4.77606
   ( -0.113877,          0,  -0.886123) * x <= -2.45029
   ( -0.843193,  -0.143328,  -0.013479) * x <= -4.54479
   (  -0.48605,          0,   -0.51395) * x <= -3.58617
   ( -0.346281,          0,  -0.653719) * x <= -3.16675
   ( -0.870664, -0.0328288, -0.0965076) * x <= -4.64947
   ( -0.237079,          0,  -0.762921) * x <= -2.83243
   ( -0.783248,          0,  -0.216752) * x <= -4.42674
   ( -0.746852,          0,  -0.253148) * x <= -4.33035
   ( -0.568566,          0,  -0.431434) * x <= -3.82862
   ( -0.918919,  -0.072808, -0.00827291) * x <= -4.76755

58 pareto optimal points found (Note that these points are safe, i.e., contained in the underapproximation, but there is no guarantee for optimality):
   (4.965248186, 2.578544725, 2.554627497 )
   (4.938396162, 3.081135756, 2.95337517 )
   (4.938272138, 3.117918307, 2.867944157 )
   (4.981924332, 2.355408781, 2.430510873 )
   (4.974083593, 2.480400876, 2.463766513 )
   (4.968857108, 2.530904964, 2.501483518 )
   (4.954938609, 2.744254004, 2.81862596 )
   (4.979444834, 2.421542156, 2.437384815 )
   (4.982920398, 2.324407901, 2.437107326 )
   (5.106263534, 1.84645307, 2.148585947 )
   (4.95245675, 2.829593142, 2.619087946 )
   (5.096225911, 1.84645307, 2.158928068 )
   (4.991350766, 2.209589403, 2.511190169 )
   (5.18532267, 1.84645307, 2.101264131 )
   (5.050958551, 1.84645307, 2.235979538 )
   (5.226642977, 1.846452849, 2.093856876 )
   (5.022566729, 1.947578961, 2.354255109 )
   (5.066054502, 1.84645307, 2.200569397 )
   (5.020379642, 1.963487744, 2.295576026 )
   (4.940984499, 3.018127775, 2.86559119 )
   (5.012660349, 2.058848745, 2.317372166 )
   (5.040938227, 1.874757613, 2.257398984 )
   (5.148902802, 1.84645307, 2.116791587 )
   (5.027267591, 1.933952337, 2.27734886 )
   (5.069704285, 1.856746548, 2.194301713 )
   (5.034434501, 1.897230556, 2.303095561 )
   (4.996080718, 2.221199282, 2.369364288 )
   (5.136661014, 1.84645307, 2.123716801 )
   (5.045055907, 1.862292005, 2.24903702 )
   (5.016009337, 1.981951042, 2.318547134 )
   (5.198606972, 1.84645307, 2.097459816 )
   (5.006414704, 2.07875823, 2.338633324 )
   (5.011101328, 2.014896526, 2.329340822 )
   (4.990536751, 2.257249979, 2.391239823 )
   (4.946483282, 2.896814802, 2.881623075 )
   (5.012566514, 2.003653421, 2.357236987 )
   (5.047227972, 1.892614136, 2.234018724 )
   (5.196714756, 1.846452849, 2.149885417 )
   (5.035601208, 1.895402477, 2.259559053 )
   (5.026044783, 1.93207177, 02.2847471 )
   (4.941128818, 3.051914842, 2.785714135 )
   (5.073672442, 1.84645307, 2.188650229 )
   (4.997857498, 2.143066497, 2.373903706 )
   (5.087057695, 1.846479106, 2.17017823 )
   (5.046536528, 1.869462759, 2.238315285 )
   (4.936359985, 3.152000319, 2.973334732 )
   (5.16866341, 1.84645307, 2.106764844 )
   (5.058793873, 1.878997163, 2.211384838 )
   (4.961585955, 2.671684337, 2.540569543 )
   (4.945754766, 2.950829911, 2.701627328 )
   (4.990736707, 2.218361875, 2.412310795 )
   (4.98397446, 2.308568473, 2.470549782 )
   (4.954806058, 2.762497369, 2.612529577 )
   (5.006010722, 2.05547169, 002.396607 )
   (4.947589643, 2.888511872, 2.709118339 )
   (5.002023786, 2.178355656, 2.349730529 )
   (5.120787482, 1.84645307, 2.135699788 )
   (5.215459352, 1.84645307, 2.094931903 )


Time for model checking: 939.979s.

Performance statistics:
  * peak memory usage: 4588MB
  * CPU time: 1053.972s
  * wallclock time: 1207.197s

real	20m7.227s
user	17m33.972s
sys	2m32.788s
