Storm 1.0.0

Command line arguments: --prism models/ma/polling/polling.ma --prop models/ma/polling/polling1.csl -const N=3,Q=2 --multiobjective:precision 0.01 -stats -tm 
Current working directory: /home/storm/Desktop

Time for model construction: 0.075s.

-------------------------------------------------------------- 
Model type: 	Markov Automaton (sparse)
States: 	1020
Transitions: 	2507
Choices: 	1867
Markovian St.: 	523
Max. Rate.: 	14
Reward Models:  processedjobs2, processedjobs1
Labels: 	4
   * init -> 1 state(s)
   * q2full -> 576 state(s)
   * deadlock -> 0 state(s)
   * q1full -> 576 state(s)
choice labels: 	no
-------------------------------------------------------------- 

Time for model preprocessing: 0.000s.


Model checking property multi(R[exp]{"processedjobs1"}max=? [F "q1full"], R[exp]{"processedjobs2"}max=? [F "q2full"]) ...
Preprocessing done in 0.004s seconds.
 Result: 
---------------------------------------------------------------------------------------------------------------------------------------
                                                       Multi-objective Query                                              
---------------------------------------------------------------------------------------------------------------------------------------

Original Formula: 
--------------------------------------------------------------
	multi(R[exp]{"processedjobs1"}max=? [F "q1full"], R[exp]{"processedjobs2"}max=? [F "q2full"])

Objectives:
--------------------------------------------------------------
R[exp]{"processedjobs1"}max=? [F "q1full"] 	(toOrigVal:001*x +000, 	intern threshold:   none, 	intern reward model: objective1 (positive), 	time bounds: none)
R[exp]{"processedjobs2"}max=? [F "q2full"] 	(toOrigVal:001*x +000, 	intern threshold:   none, 	intern reward model: objective2 (positive), 	time bounds: none)
--------------------------------------------------------------

Original Model Information:
-------------------------------------------------------------- 
Model type: 	Markov Automaton (sparse)
States: 	1020
Transitions: 	2477
Choices: 	1852
Markovian St.: 	508
Max. Rate.: 	14
Reward Models:  processedjobs2, processedjobs1
Labels: 	4
   * init -> 1 state(s)
   * q2full -> 576 state(s)
   * deadlock -> 0 state(s)
   * q1full -> 576 state(s)
choice labels: 	no
-------------------------------------------------------------- 

Preprocessed Model Information:
-------------------------------------------------------------- 
Model type: 	Markov Automaton (sparse)
States: 	1980
Transitions: 	5183
Choices: 	3853
Markovian St.: 	871
Max. Rate.: 	14
Reward Models:  objective1, objective2
Labels: 	4
   * q2full -> 828 state(s)
   * init -> 1 state(s)
   * q1full -> 828 state(s)
   * deadlock -> 0 state(s)
choice labels: 	no
-------------------------------------------------------------- 

---------------------------------------------------------------------------------------------------------------------------------------

Solving multi-objective query took 0.036s seconds (consisting of 0.004s seconds for preprocessing and 0.031s seconds for value iteration-based exploration of achievable points).
Result (initial states): 
Underapproximation of achievable values: Polytope with 5 Halfspaces:
   (  0.926623,          1) * x <= 0.531574
   (         0,          1) * x <= 0.269025
   (         1,          0) * x <= 0.31357
   (5.70216e-07,          1) * x <= 0.269025
   (         1, 1.92982e-05) * x <= 0.313574

Overapproximation of achievable values: Polytope with 4 Halfspaces:
   (         1,          0) * x <= 0.31357
   (         0,          1) * x <= 0.269025
   (  0.192545,   0.807455) * x <= 0.271781
   (  0.535671,   0.464329) * x <= 0.279879

4 pareto optimal points found (Note that these points are safe, i.e., contained in the underapproximation, but there is no guarantee for optimality):
   (0.3135697332, 0.2341498482 )
   (0.1673170721, 0.2690252222 )
   (0.3135696007, 0.2410129673 )
   (0.2833391982, 0.269025156 )


Time for model checking: 0.036s.

Performance statistics:
  * peak memory usage: 214MB
  * CPU time: 0.068s
  * wallclock time: 0.117s

real	0m0.132s
user	0m0.068s
sys	0m0.060s
