Storm 1.0.0

Command line arguments: --prism models/ma/polling/polling.ma --prop models/ma/polling/polling1.csl -const N=4,Q=4 --multiobjective:precision 0.001 -stats -tm 
Current working directory: /home/storm/Desktop

Time for model construction: 4.136s.

-------------------------------------------------------------- 
Model type: 	Markov Automaton (sparse)
States: 	827735
Transitions: 	2160534
Choices: 	1689549
Markovian St.: 	472349
Max. Rate.: 	16
Reward Models:  processedjobs2, processedjobs1
Labels: 	4
   * init -> 1 state(s)
   * q2full -> 523520 state(s)
   * deadlock -> 0 state(s)
   * q1full -> 523520 state(s)
choice labels: 	no
-------------------------------------------------------------- 

Time for model preprocessing: 0.278s.


Model checking property multi(R[exp]{"processedjobs1"}max=? [F "q1full"], R[exp]{"processedjobs2"}max=? [F "q2full"]) ...
Preprocessing done in 23.389s seconds.
 Result: 
---------------------------------------------------------------------------------------------------------------------------------------
                                                       Multi-objective Query                                              
---------------------------------------------------------------------------------------------------------------------------------------

Original Formula: 
--------------------------------------------------------------
	multi(R[exp]{"processedjobs1"}max=? [F "q1full"], R[exp]{"processedjobs2"}max=? [F "q2full"])

Objectives:
--------------------------------------------------------------
R[exp]{"processedjobs1"}max=? [F "q1full"] 	(toOrigVal:001*x +000, 	intern threshold:   none, 	intern reward model: objective1 (positive), 	time bounds: none)
R[exp]{"processedjobs2"}max=? [F "q2full"] 	(toOrigVal:001*x +000, 	intern threshold:   none, 	intern reward model: objective2 (positive), 	time bounds: none)
--------------------------------------------------------------

Original Model Information:
-------------------------------------------------------------- 
Model type: 	Markov Automaton (sparse)
States: 	827735
Transitions: 	2146086
Choices: 	1682325
Markovian St.: 	465125
Max. Rate.: 	16
Reward Models:  processedjobs2, processedjobs1
Labels: 	4
   * init -> 1 state(s)
   * q2full -> 523520 state(s)
   * deadlock -> 0 state(s)
   * q1full -> 523520 state(s)
choice labels: 	no
-------------------------------------------------------------- 

Preprocessed Model Information:
-------------------------------------------------------------- 
Model type: 	Markov Automaton (sparse)
States: 	1486748
Transitions: 	4345240
Choices: 	3404628
Markovian St.: 	725908
Max. Rate.: 	16
Reward Models:  objective1, objective2
Labels: 	4
   * q2full -> 719360 state(s)
   * init -> 1 state(s)
   * q1full -> 719360 state(s)
   * deadlock -> 0 state(s)
choice labels: 	no
-------------------------------------------------------------- 

---------------------------------------------------------------------------------------------------------------------------------------

 WARN (SparsePcaaQuery.cpp:120): Numerical issues: The overapproximation would not contain the underapproximation. Hence, a halfspace is shifted by 9.18969e-07.
 WARN (SparsePcaaQuery.cpp:120): Numerical issues: The overapproximation would not contain the underapproximation. Hence, a halfspace is shifted by 3.10928e-07.
 WARN (SparsePcaaQuery.cpp:120): Numerical issues: The overapproximation would not contain the underapproximation. Hence, a halfspace is shifted by 3.5127e-08.
Solving multi-objective query took 579.281s seconds (consisting of 23.389s seconds for preprocessing and 555.866s seconds for value iteration-based exploration of achievable points).
Result (initial states): 
Underapproximation of achievable values: Polytope with 12 Halfspaces:
   (  0.340726,          1) * x <= 2.49304
   (  0.548348,          1) * x <= 3.20933
   (  0.779884,          1) * x <= 4.1243
   (   0.24435,          1) * x <= 2.23686
   (         1,          0) * x <= 4.15958
   (  0.367226,          1) * x <= 2.57356
   (  0.352559,          1) * x <= 2.52706
   (  0.524472,          1) * x <= 3.11995
   (9.36238e-07,          1) * x <= 1.63584
   (         0,          1) * x <= 1.63584
   (  0.436257,          1) * x <= 2.80309
   (         1,   0.798916) * x <= 4.83881

Overapproximation of achievable values: Polytope with 19 Halfspaces:
   (         1,          0) * x <= 4.15958
   (         0,          1) * x <= 1.63584
   (  0.191617,   0.808383) * x <= 1.7937
   (   0.33077,    0.66923) * x <= 2.01533
   (  0.436893,   0.563107) * x <= 2.31347
   (  0.260931,   0.739069) * x <= 1.86883
   (  0.542809,   0.457191) * x <= 2.64844
   (  0.678037,   0.321963) * x <= 3.09408
   (  0.241709,   0.758291) * x <= 1.84616
   (  0.291261,   0.708739) * x <= 1.92704
   (  0.349925,   0.650075) * x <= 2.06181
   (  0.303747,   0.696253) * x <= 1.95167
   (  0.555876,   0.444124) * x <= 2.6898
   (  0.257922,   0.742078) * x <= 1.86462
   (   0.35415,    0.64585) * x <= 2.07274
   (  0.268592,   0.731408) * x <= 1.88232
   (  0.196371,   0.803629) * x <= 1.79762
   (  0.344033,   0.655967) * x <= 2.04657
   (  0.254133,   0.745867) * x <= 1.85947

11 pareto optimal points found (Note that these points are safe, i.e., contained in the underapproximation, but there is no guarantee for optimality):
   (0.6150216426, 1.635843111 )
   (3.951754369, 1.042392615 )
   (2.874316978, 01.5136886 )
   (2.658155944, 1.587340332 )
   (3.743529797, 1.156572122 )
   (4.095736761, 0.9301029939 )
   (2.459665803, 1.635841384 )
   (4.159581374, 0.8501889372 )
   (3.170697119, 1.40919705 )
   (3.325063797, 1.352509569 )
   (3.591868731, 1.236114055 )


Time for model checking: 579.294s.

Performance statistics:
  * peak memory usage: 747MB
  * CPU time: 579.844s
  * wallclock time: 583.725s

real	9m43.748s
user	9m39.848s
sys	0m3.632s
