Storm 1.0.0

Command line arguments: --prism models/ma/stream/stream.ma --prop models/ma/stream/stream3.csl -const N=250 --multiobjective:precision 0.01 -stats -tm 
Current working directory: /home/storm/Desktop

Time for model construction: 0.352s.

-------------------------------------------------------------- 
Model type: 	Markov Automaton (sparse)
States: 	94376
Transitions: 	187751
Choices: 	125501
Markovian St.: 	62751
Max. Rate.: 	8
Reward Models:  none
Labels: 	4
   * deadlock -> 0 state(s)
   * init -> 1 state(s)
   * underrun -> 31374 state(s)
   * running -> 31375 state(s)
choice labels: 	no
-------------------------------------------------------------- 

Time for model preprocessing: 0.000s.


Model checking property multi(Pmax=? [true U<=1/2 "running"], Pmin=? [true U<=2 "underrun"]) ...
Preprocessing done in 0.083s seconds.
 Result: 
---------------------------------------------------------------------------------------------------------------------------------------
                                                       Multi-objective Query                                              
---------------------------------------------------------------------------------------------------------------------------------------

Original Formula: 
--------------------------------------------------------------
	multi(Pmax=? [true U<=1/2 "running"], Pmin=? [true U<=2 "underrun"])

Objectives:
--------------------------------------------------------------
Pmax=? [true U<=1/2 "running"] 	(toOrigVal:001*x +000, 	intern threshold:   none, 	intern reward model: objective1 (positive), 	time bounds:<=1/20000)
0Pmin=? [true U<=2 "underrun"] 	(toOrigVal:0-1*x +000, 	intern threshold:   none, 	intern reward model: objective2 (negative), 	time bounds:<=00002)
--------------------------------------------------------------

Original Model Information:
-------------------------------------------------------------- 
Model type: 	Markov Automaton (sparse)
States: 	94376
Transitions: 	187751
Choices: 	125501
Markovian St.: 	62751
Max. Rate.: 	8
Reward Models:  none
Labels: 	4
   * deadlock -> 0 state(s)
   * init -> 1 state(s)
   * underrun -> 31374 state(s)
   * running -> 31375 state(s)
choice labels: 	no
-------------------------------------------------------------- 

Preprocessed Model Information:
-------------------------------------------------------------- 
Model type: 	Markov Automaton (sparse)
States: 	125502
Transitions: 	249753
Choices: 	156627
Markovian St.: 	93877
Max. Rate.: 	8
Reward Models:  objective2, objective1
Labels: 	4
   * underrun -> 31374 state(s)
   * running -> 62500 state(s)
   * init -> 1 state(s)
   * deadlock -> 0 state(s)
choice labels: 	no
-------------------------------------------------------------- 

---------------------------------------------------------------------------------------------------------------------------------------

Solving multi-objective query took 2383.704s seconds (consisting of 0.083s seconds for preprocessing and 2383.618s seconds for value iteration-based exploration of achievable points).
Result (initial states): 
Underapproximation of achievable values: Polytope with 17 Halfspaces:
   (  0.396041,         -1) * x <= 0.00103216
   (  0.279902,         -1) * x <= -0.0138045
   (         1,  -0.941313) * x <= 0.277549
   (  0.856996,         -1) * x <= 0.167624
   (  0.563399,         -1) * x <= 0.0402493
   (         1,  -0.617997) * x <= 0.440717
   (  0.950079,         -1) * x <= 0.222415
   (         1,  -0.835571) * x <= 0.324826
   (         0,         -1) * x <= -0.0252981
   (  0.141823,         -1) * x <= -0.0224904
   (         1, -2.75907e-13) * x <= 0.864665
   (   0.62709,         -1) * x <= 0.0614843
   (         1,   -0.51487) * x <= 0.50544
   (         1,          0) * x <= 0.864665
   (  0.463342,         -1) * x <= 0.0143962
   (  0.744142,         -1) * x <= 0.108723
   (         1,  -0.726674) * x <= 0.379211

Overapproximation of achievable values: Polytope with 16 Halfspaces:
   (         1,          0) * x <= 0.871026
   (         0,         -1) * x <= -0.0189346
   (  0.448577,  -0.551423) * x <= 0.0844331
   (  0.558132,  -0.441868) * x <= 0.198058
   (  0.336242,  -0.663758) * x <= 0.0217045
   (  0.634979,  -0.365021) * x <= 0.301699
   (  0.251171,  -0.748829) * x <= -7.20764e-07
   (   0.49949,   -0.50051) * x <= 0.131284
   (  0.398144,  -0.601856) * x <= 0.0499608
   (  0.701917,  -0.298083) * x <= 0.403803
   (  0.183516,  -0.816484) * x <= -0.00877787
   (  0.597223,  -0.402777) * x <= 0.24872
   (  0.299159,  -0.700841) * x <= 0.0098609
   (  0.372717,  -0.627283) * x <= 0.036328
   (  0.528966,  -0.471034) * x <= 0.163343
   (  0.473607,  -0.526393) * x <= 0.10598

16 pareto optimal points found (Note that these points are safe, i.e., contained in the underapproximation, but there is no guarantee for optimality):
   (0.4035661641, 0.1915878753 )
   (0.8646647168, 0.6976993425 )
   (0.7421170872, 0.499407698 )
   (0.06290480834, 0.03141169398 )
   (0.7904789137, 0.5659600131 )
   (0.1985706589, 0.0776100343 )
   (0.698413124, 0.44710342 )
   (0.2583849711, 0.1053245368 )
   (0.6452297689, 0.3906043174 )
   (0.8646647168, 0.7125877643 )
   (0.01979745335, 0.0252980983 )
   (0.1277487826, 0.0495616405 )
   (0.5219208453, 0.2796605197 )
   (0.5886294305, 0.3368295145 )
   (0.3334083748, 0.1475926455 )
   (0.8285747414, 0.6276040683 )


Time for model checking: 2383.705s.

Performance statistics:
  * peak memory usage: 224MB
  * CPU time: 2382.940s
  * wallclock time: 2384.062s

real	39m44.079s
user	39m42.940s
sys	0m0.568s
