Storm 1.0.0

Command line arguments: --prism models/ma/stream/stream.ma --prop models/ma/stream/stream4.csl -const N=250 --multiobjective:precision 0.001 -stats -tm 
Current working directory: /home/storm/Desktop

Time for model construction: 0.392s.

-------------------------------------------------------------- 
Model type: 	Markov Automaton (sparse)
States: 	94376
Transitions: 	187751
Choices: 	125501
Markovian St.: 	62751
Max. Rate.: 	8
Reward Models:  buffering
Labels: 	5
   * deadlock -> 0 state(s)
   * done -> 1 state(s)
   * running -> 31375 state(s)
   * underrun -> 31374 state(s)
   * init -> 1 state(s)
choice labels: 	no
-------------------------------------------------------------- 

Time for model preprocessing: 0.000s.


Model checking property multi(R[exp]{"buffering"}min=? [F "done"], T[exp]min=? [F "running"], Pmin=? [true U<=2 "underrun"]) ...
Preprocessing done in 0.273s seconds.
 Result: 
---------------------------------------------------------------------------------------------------------------------------------------
                                                       Multi-objective Query                                              
---------------------------------------------------------------------------------------------------------------------------------------

Original Formula: 
--------------------------------------------------------------
	multi(R[exp]{"buffering"}min=? [F "done"], T[exp]min=? [F "running"], Pmin=? [true U<=2 "underrun"])

Objectives:
--------------------------------------------------------------
R[exp]{"buffering"}min=? [F "done"] 	(toOrigVal:0-1*x +000, 	intern threshold:   none, 	intern reward model: objective1 (negative), 	time bounds: none)
00000T[exp]min=? [F "running"] 	(toOrigVal:0-1*x +000, 	intern threshold:   none, 	intern reward model: objective2 (negative), 	time bounds: none)
0Pmin=? [true U<=2 "underrun"] 	(toOrigVal:0-1*x +000, 	intern threshold:   none, 	intern reward model: objective3 (negative), 	time bounds:<=00002)
--------------------------------------------------------------

Original Model Information:
-------------------------------------------------------------- 
Model type: 	Markov Automaton (sparse)
States: 	94376
Transitions: 	187751
Choices: 	125501
Markovian St.: 	62751
Max. Rate.: 	8
Reward Models:  buffering
Labels: 	5
   * deadlock -> 0 state(s)
   * done -> 1 state(s)
   * running -> 31375 state(s)
   * underrun -> 31374 state(s)
   * init -> 1 state(s)
choice labels: 	no
-------------------------------------------------------------- 

Preprocessed Model Information:
-------------------------------------------------------------- 
Model type: 	Markov Automaton (sparse)
States: 	125502
Transitions: 	249753
Choices: 	156627
Markovian St.: 	93877
Max. Rate.: 	8
Reward Models:  objective3, objective1, objective2
Labels: 	5
   * underrun -> 31374 state(s)
   * deadlock -> 0 state(s)
   * done -> 2 state(s)
   * init -> 1 state(s)
   * running -> 62500 state(s)
choice labels: 	no
-------------------------------------------------------------- 

---------------------------------------------------------------------------------------------------------------------------------------


real	120m0.007s
user	119m57.300s
sys	0m1.412s
