Storm 1.0.0

Command line arguments: --prism models/ma/polling/polling.ma --prop models/ma/polling/polling4.csl -const N=3,Q=2 --multiobjective:precision 0.01 -stats -tm 
Current working directory: /home/storm/Desktop

Time for model construction: 0.077s.

-------------------------------------------------------------- 
Model type: 	Markov Automaton (sparse)
States: 	1020
Transitions: 	2507
Choices: 	1867
Markovian St.: 	523
Max. Rate.: 	14
Reward Models:  processedjobs2, processedjobs1
Labels: 	4
   * init -> 1 state(s)
   * q2full -> 576 state(s)
   * deadlock -> 0 state(s)
   * q1full -> 576 state(s)
choice labels: 	no
-------------------------------------------------------------- 

Time for model preprocessing: 0.000s.


Model checking property multi(R[exp]{"processedjobs1"}max=? [F "q1full"], R[exp]{"processedjobs2"}max=? [F "q2full"], Pmin=? [true U<=2 "q1full"], Pmin=? [true U<=2 "q2full"]) ...
Preprocessing done in 0.006s seconds.
 Result: 
---------------------------------------------------------------------------------------------------------------------------------------
                                                       Multi-objective Query                                              
---------------------------------------------------------------------------------------------------------------------------------------

Original Formula: 
--------------------------------------------------------------
	multi(R[exp]{"processedjobs1"}max=? [F "q1full"], R[exp]{"processedjobs2"}max=? [F "q2full"], Pmin=? [true U<=2 "q1full"], Pmin=? [true U<=2 "q2full"])

Objectives:
--------------------------------------------------------------
R[exp]{"processedjobs1"}max=? [F "q1full"] 	(toOrigVal:001*x +000, 	intern threshold:   none, 	intern reward model: objective1 (positive), 	time bounds: none)
R[exp]{"processedjobs2"}max=? [F "q2full"] 	(toOrigVal:001*x +000, 	intern threshold:   none, 	intern reward model: objective2 (positive), 	time bounds: none)
000Pmin=? [true U<=2 "q1full"] 	(toOrigVal:0-1*x +000, 	intern threshold:   none, 	intern reward model: objective3 (negative), 	time bounds:<=00002)
000Pmin=? [true U<=2 "q2full"] 	(toOrigVal:0-1*x +000, 	intern threshold:   none, 	intern reward model: objective4 (negative), 	time bounds:<=00002)
--------------------------------------------------------------

Original Model Information:
-------------------------------------------------------------- 
Model type: 	Markov Automaton (sparse)
States: 	1020
Transitions: 	2477
Choices: 	1852
Markovian St.: 	508
Max. Rate.: 	14
Reward Models:  processedjobs2, processedjobs1
Labels: 	4
   * init -> 1 state(s)
   * q2full -> 576 state(s)
   * deadlock -> 0 state(s)
   * q1full -> 576 state(s)
choice labels: 	no
-------------------------------------------------------------- 

Preprocessed Model Information:
-------------------------------------------------------------- 
Model type: 	Markov Automaton (sparse)
States: 	1980
Transitions: 	5183
Choices: 	3853
Markovian St.: 	871
Max. Rate.: 	14
Reward Models:  objective4, objective3, objective1, objective2
Labels: 	4
   * q2full -> 828 state(s)
   * init -> 1 state(s)
   * q1full -> 828 state(s)
   * deadlock -> 0 state(s)
choice labels: 	no
-------------------------------------------------------------- 

---------------------------------------------------------------------------------------------------------------------------------------

Solving multi-objective query took 285.776s seconds (consisting of 0.006s seconds for preprocessing and 285.769s seconds for value iteration-based exploration of achievable points).
Result (initial states): 
Underapproximation of achievable values: Polytope with 45 Halfspaces:
   (         0,  0.0471463,          0,         -1) * x <= -0.915209
   (  0.164221,          0,          0,         -1) * x <= -0.881362
   (         1,          0,          0,          0) * x <= 0.31357
   ( 0.0334919,          0,  -0.283369,         -1) * x <= -1.13072
   (         0,          0,         -1,          0) * x <= -0.724039
   (         1, 2.79976e-06,          0,          0) * x <= 0.31357
   (  0.195654,          1,          0,          0) * x <= 0.324462
   (         0,          0,   -0.38713,         -1) * x <= -1.21669
   (  0.195966,          1,          0, -9.91576e-10) * x <= 0.32455
   (         0,  0.0955818,         -1,   -0.19064) * x <= -0.883476
   (  0.732523,          1,  -0.296916,          0) * x <= 0.253528
   (         0,          1,          0, -1.05792e-11) * x <= 0.269025
   (         1,          0, -7.10822e-07,          0) * x <= 0.313569
   (         0,          0,          0,         -1) * x <= -0.927243
   (         1,          0,          0, -3.41754e-06) * x <= 0.313566
   (         1, 2.79976e-06,          0, -3.15104e-06) * x <= 0.313567
   (  0.926609,          1,          0,          0) * x <= 0.53157
   (         0,          1, -1.06263e-11,          0) * x <= 0.269025
   (  0.999624,          1,          0, -0.0496872) * x <= 0.506153
   ( 0.0623879,   0.655435,         -1,          0) * x <= -0.549995
   (         0,          0,         -1,  -0.227867) * x <= -0.941484
   ( 0.0616712,          0,         -1,          0) * x <= -0.707238
   (         0,          1,          0,          0) * x <= 0.269025
   (         0,   0.176677,  -0.501429,         -1) * x <= -1.25705
   (         1,   0.791855,          0,  -0.855855) * x <= -0.297773
   (         0,  0.0647322,         -1,          0) * x <= -0.711068
   ( 0.0686695,   0.752193,         -1,          0) * x <= -0.52455
   (         0,          1,  -0.757159,          0) * x <= -0.299768
   (         1, 2.79976e-06, -6.55392e-07,          0) * x <= 0.31357
   (  0.970255,          1, -0.00530418,          0) * x <= 0.539952
   (  0.926609,          1, -4.75714e-07,          0) * x <= 0.531569
   (         0,   0.505835,  -0.880556,         -1) * x <= -1.4533
   (         0,   0.513249,         -1,  -0.389135) * x <= -0.967566
   ( 0.0408406,          0,  -0.194609,         -1) * x <= -1.06251
   (  0.131733,          1,  -0.998069,          0) * x <= -0.443419
   (         0,   0.687465,         -1,          0) * x <= -0.558639
   (  0.987433,          1,          0, -0.0255019) * x <= 0.525141
   (         0,          0,         -1,  -0.114815) * x <= -0.834861
   (  0.197064,          1, -1.00151e-09,          0) * x <= 0.324861
   (         0,   0.166286,         -1,          0) * x <= -0.68674
   (         1,          0,          0,  -0.439328) * x <= -0.100774
   (  0.323849,          0,          0,         -1) * x <= -0.834316
   (  0.926609,          1,          0, -1.64127e-06) * x <= 0.531568
   (  0.023528,  0.0866865,  -0.370319,         -1) * x <= -1.1761
   ( 0.0197651,          0,          0,         -1) * x <= -0.922292

Overapproximation of achievable values: Polytope with 15 Halfspaces:
   (         1,          0,          0,          0) * x <= 0.31357
   (         0,          1,          0,          0) * x <= 0.269025
   (         0,          0,         -1,          0) * x <= -0.719539
   (         0,          0,          0,         -1) * x <= -0.922977
   (  0.281175,   0.603085,   -0.11574,          0) * x <= 0.155561
   (         0,   0.412989,  -0.587011,          0) * x <= -0.322378
   (  0.583634,          0,  -0.203012,  -0.213355) * x <= -0.162773
   (  0.119693,   0.250573,          0,  -0.629733) * x <= -0.479903
   (  0.493563,   0.506437,          0, -2.47611e-09) * x <= 0.276824
   ( 0.0217991,          0,  -0.357204,  -0.620997) * x <= -0.830666
   (  0.491129,   0.506186, -0.0026849,          0) * x <= 0.276001
   (  0.480952,   0.519048,          0,          0) * x <= 0.27591
   (         0,          0,  -0.229543,  -0.770457) * x <= -0.882405
   (  0.203368,          0,          0,  -0.796632) * x <= -0.677041
   (         0,   0.330748,  -0.447134,  -0.222118) * x <= -0.448951

12 pareto optimal points found (Note that these points are safe, i.e., contained in the underapproximation, but there is no guarantee for optimality):
   (0.3135697748, 0.2341498472, 0000000001, 0000000001 )
   (0.2947254365, 0.2566668286, 0.7440018158, 0.9297625333 )
   (0.2647509707, 0.2457896484, 0.7276111272, 0.9408206256 )
   (0.250494976, 0.2552559721, 0.7476637731, 0.9272434868 )
   (0.2833390693, 0.2690251764, 0.7512206853, 0.9278926537 )
   (0.2542150869, 0.2569670431, 0.7352951932, 0.9358165115 )
   (0.3098485869, 0.2428618967, 0.7285057224, 0.934660144 )
   (0.2724304302, 0.2003693528, 0.7240386493, 0.9652271076 )
   (0.2833392312, 0.2690251447, 0000000001, 0000000001 )
   (0.3135695804, 0.2395631416, 0.7265757484, 0.9431298885 )
   (0.3135697556, 0.2410132619, 0000000001, 0000000001 )
   (0.2833390694, 0.2690251764, 0.7723410682, 0.9491070263 )


Time for model checking: 285.776s.

Performance statistics:
  * peak memory usage: 214MB
  * CPU time: 285.752s
  * wallclock time: 285.858s

real	4m45.875s
user	4m45.756s
sys	0m0.056s
