Storm 1.0.0

Command line arguments: --prism models/ma/mutex/mutex.ma --prop models/ma/mutex/mutex2.csl -const N=3 --multiobjective:precision 0.01 -stats -tm 
Current working directory: /home/storm/Desktop

Time for model construction: 0.448s.

-------------------------------------------------------------- 
Model type: 	Markov Automaton (sparse)
States: 	38453
Transitions: 	111687
Choices: 	99132
Markovian St.: 	8487
Max. Rate.: 	3
Reward Models:  none
Labels: 	5
   * deadlock -> 0 state(s)
   * crit1 -> 2829 state(s)
   * crit2 -> 2829 state(s)
   * crit3 -> 2829 state(s)
   * init -> 1 state(s)
choice labels: 	no
-------------------------------------------------------------- 

Time for model preprocessing: 0.013s.


Model checking property multi(Pmax=? [true U<=1 "crit1"], Pmax=? [true U<=1 "crit2"], Pmax=? [true U<=1 "crit3"]) ...
Preprocessing done in 0.083s seconds.
 Result: 
---------------------------------------------------------------------------------------------------------------------------------------
                                                       Multi-objective Query                                              
---------------------------------------------------------------------------------------------------------------------------------------

Original Formula: 
--------------------------------------------------------------
	multi(Pmax=? [true U<=1 "crit1"], Pmax=? [true U<=1 "crit2"], Pmax=? [true U<=1 "crit3"])

Objectives:
--------------------------------------------------------------
0000Pmax=? [true U<=1 "crit1"] 	(toOrigVal:001*x +000, 	intern threshold:   none, 	intern reward model: objective1 (positive), 	time bounds:<=00001)
0000Pmax=? [true U<=1 "crit2"] 	(toOrigVal:001*x +000, 	intern threshold:   none, 	intern reward model: objective2 (positive), 	time bounds:<=00001)
0000Pmax=? [true U<=1 "crit3"] 	(toOrigVal:001*x +000, 	intern threshold:   none, 	intern reward model: objective3 (positive), 	time bounds:<=00001)
--------------------------------------------------------------

Original Model Information:
-------------------------------------------------------------- 
Model type: 	Markov Automaton (sparse)
States: 	38453
Transitions: 	103929
Choices: 	91374
Markovian St.: 	729
Max. Rate.: 	3
Reward Models:  none
Labels: 	5
   * deadlock -> 0 state(s)
   * crit1 -> 2829 state(s)
   * crit2 -> 2829 state(s)
   * crit3 -> 2829 state(s)
   * init -> 1 state(s)
choice labels: 	no
-------------------------------------------------------------- 

Preprocessed Model Information:
-------------------------------------------------------------- 
Model type: 	Markov Automaton (sparse)
States: 	68507
Transitions: 	169374
Choices: 	150861
Markovian St.: 	1620
Max. Rate.: 	3
Reward Models:  objective3, objective1, objective2
Labels: 	5
   * init -> 1 state(s)
   * crit1 -> 4530 state(s)
   * crit2 -> 4530 state(s)
   * crit3 -> 4530 state(s)
   * deadlock -> 0 state(s)
choice labels: 	no
-------------------------------------------------------------- 

---------------------------------------------------------------------------------------------------------------------------------------

Solving multi-objective query took 3414.225s seconds (consisting of 0.083s seconds for preprocessing and 3414.140s seconds for value iteration-based exploration of achievable points).
Result (initial states): 
Underapproximation of achievable values: Polytope with 20 Halfspaces:
   (         1,    0.99925,   0.999535) * x <= 2.74983
   (         1,   0.400056,   0.999781) * x <= 2.25911
   (  0.999999,          1, 1.00309e-07) * x <= 1.95021
   ( 0.0045707,   0.999999,          1) * x <= 1.95374
   (  0.999987,          1,   0.399729) * x <= 2.25904
   (  0.399841,   0.999979,          1) * x <= 2.25913
   (  0.999972,          1,   0.999952) * x <= 2.75085
   (  0.999727,          1,   0.399349) * x <= 2.25849
   (         0,          1,          1) * x <= 1.95021
   (  0.999935,   0.999958,          1) * x <= 2.75082
   (  0.399483,          1,   0.999771) * x <= 2.25864
   (         1,          0,          0) * x <= 1
   (         0,          0,          1) * x <= 1
   (         1,          0,          1) * x <= 1.95021
   (         1,   0.999998,   0.999999) * x <= 2.75091
   (         0,          1,          0) * x <= 1
   (  0.999783,   0.399505,          1) * x <= 2.25867
   (         1, 0.00539178,          1) * x <= 1.95438
   (2.05117e-08,          1,          1) * x <= 1.95021
   (  0.999999,          1,          0) * x <= 1.95021

Overapproximation of achievable values: Polytope with 26 Halfspaces:
   (         1,          0,          0) * x <= 1.00519
   (         0,          1,          0) * x <= 1.00519
   (         0,          0,          1) * x <= 1.00519
   (  0.309466,   0.367713,   0.322821) * x <= 0.925009
   (  0.728021,          0,   0.271979) * x <= 0.990494
   (  0.753445,   0.246555,          0) * x <= 0.991841
   (  0.661421,   0.157155,   0.181424) * x <= 0.962843
   (  0.451986,   0.451913,  0.0961011) * x <= 0.959008
   (         0,  0.0916763,   0.908324) * x <= 1.00017
   ( 0.0942368,  0.0387409,   0.867022) * x <= 0.991082
   ( 0.0607217,   0.285473,   0.653805) * x <= 0.975698
   (  0.216093,   0.783907,          0) * x <= 0.993466
   (         0,   0.579013,   0.420987) * x <= 0.982758
   (   0.49232,  0.0153122,   0.492368) * x <= 0.975624
   (  0.240284,   0.708631,  0.0510854) * x <= 0.980315
   (       0.5,          0,        0.5) * x <= 0.978779
   (  0.354202,   0.354141,   0.291657) * x <= 0.926085
   (       0.5,        0.5,          0) * x <= 0.978779
   (  0.333281,   0.333222,   0.333497) * x <= 0.919994
   (  0.264481,   0.321265,   0.414254) * x <= 0.933282
   (  0.166513,   0.416739,   0.416748) * x <= 0.944576
   (  0.321262,   0.414279,   0.264459) * x <= 0.933287
   (     0.564,  0.0154242,   0.420575) * x <= 0.979208
   ( 0.0193911,   0.560121,   0.420488) * x <= 0.978296
   (         0,        0.5,        0.5) * x <= 0.978779
   (  0.416739,   0.166614,   0.416647) * x <= 0.944558

16 pareto optimal points found (Note that these points are safe, i.e., contained in the underapproximation, but there is no guarantee for optimality):
   (0.9502125782, 0.7726192429, 0000000001 )
   (0.5547242192, 0.9502125727, 0000000001 )
   (0.8193872542, 0.9315232333, 0000000001 )
   (0000000001, 0.772646658, 0.9502124137 )
   (0.7726177671, 0000000001, 0.9502125759 )
   (0000000001, 0.9315237278, 0.8193894002 )
   (0000000001, 0.8193613766, 0.9315197893 )
   (0.9315235602, 0.8193895001, 0000000001 )
   (0000000001, 0.7726168346, 0.9502125745 )
   (0000000001, 0.9502126037, 0.7726355849 )
   (0.8193895889, 0000000001, 0.9315237533 )
   (0.9502125509, 0000000001, 0.7726016682 )
   (0.9502125727, 0000000001, 0.5547240069 )
   (0.7726466577, 0.9502124137, 0000000001 )
   (0.9315234814, 0000000001, 0.8193877049 )
   (0.7726128385, 0.9502125683, 0000000001 )


Time for model checking: 3414.226s.

Performance statistics:
  * peak memory usage: 220MB
  * CPU time: 3403.888s
  * wallclock time: 3414.695s

real	56m54.712s
user	56m43.888s
sys	0m10.184s
