Storm 1.0.0

Command line arguments: --prism models/ma/stream/stream.ma --prop models/ma/stream/stream1.csl -const N=1000 --multiobjective:precision 0.01 -stats -tm 
Current working directory: /home/storm/Desktop

Time for model construction: 4.824s.

-------------------------------------------------------------- 
Model type: 	Markov Automaton (sparse)
States: 	1502501
Transitions: 	3001001
Choices: 	2002001
Markovian St.: 	1001001
Max. Rate.: 	8
Reward Models:  numrestarts, buffering
Labels: 	3
   * deadlock -> 0 state(s)
   * init -> 1 state(s)
   * done -> 1 state(s)
choice labels: 	no
-------------------------------------------------------------- 

Time for model preprocessing: 0.000s.


Model checking property multi(R[exp]{"buffering"}min=? [F "done"], R[exp]{"numrestarts"}min=? [F "done"]) ...
Preprocessing done in 3.872s seconds.
 Result: 
---------------------------------------------------------------------------------------------------------------------------------------
                                                       Multi-objective Query                                              
---------------------------------------------------------------------------------------------------------------------------------------

Original Formula: 
--------------------------------------------------------------
	multi(R[exp]{"buffering"}min=? [F "done"], R[exp]{"numrestarts"}min=? [F "done"])

Objectives:
--------------------------------------------------------------
R[exp]{"buffering"}min=? [F "done"] 	(toOrigVal:0-1*x +000, 	intern threshold:   none, 	intern reward model: objective1 (negative), 	time bounds: none)
R[exp]{"numrestarts"}min=? [F "done"] 	(toOrigVal:0-1*x +000, 	intern threshold:   none, 	intern reward model: objective2 (negative), 	time bounds: none)
--------------------------------------------------------------

Original Model Information:
-------------------------------------------------------------- 
Model type: 	Markov Automaton (sparse)
States: 	1502501
Transitions: 	3001001
Choices: 	2002001
Markovian St.: 	1001001
Max. Rate.: 	8
Reward Models:  numrestarts, buffering
Labels: 	3
   * deadlock -> 0 state(s)
   * init -> 1 state(s)
   * done -> 1 state(s)
choice labels: 	no
-------------------------------------------------------------- 

Preprocessed Model Information:
-------------------------------------------------------------- 
Model type: 	Markov Automaton (sparse)
States: 	1502501
Transitions: 	3001001
Choices: 	2002001
Markovian St.: 	1001001
Max. Rate.: 	8
Reward Models:  objective1, objective2
Labels: 	3
   * init -> 1 state(s)
   * done -> 1 state(s)
   * deadlock -> 0 state(s)
choice labels: 	no
-------------------------------------------------------------- 

---------------------------------------------------------------------------------------------------------------------------------------

Solving multi-objective query took 1586.472s seconds (consisting of 3.872s seconds for preprocessing and 1582.564s seconds for value iteration-based exploration of achievable points).
Result (initial states): 
Underapproximation of achievable values: Polytope with 42 Halfspaces:
   ( -0.198614,         -1) * x <= -3.15238
   ( -0.283408,         -1) * x <= -4.21715
   ( -0.490798,         -1) * x <= -6.67451
   (  -0.40712,         -1) * x <= -5.70162
   ( -0.337996,         -1) * x <= -4.88014
   ( -0.688256,         -1) * x <= -8.90519
   ( -0.580877,         -1) * x <= -7.70122
   ( -0.811738,         -1) * x <= -10.2658
   (        -1,  -0.150674) * x <= -10.2651
   (        -1,  -0.131508) * x <= -10.1732
   (        -1,  -0.744156) * x <= -11.87
   (        -1,  -0.439527) * x <= -11.2154
   (        -1,  -0.367454) * x <= -11.0239
   (        -1,  -0.629111) * x <= -11.646
   ( -0.237823,         -1) * x <= -3.65097
   ( -0.165018,         -1) * x <= -2.71431
   (        -1,  -0.524468) * x <= -11.4191
   (        -1, -0.0363294) * x <= -9.54227
   (        -1, -0.00743771) * x <= -9.14899
   (        -1,  -0.013966) * x <= -9.26913
   (        -1,  -0.101315) * x <= -10.016
   (-0.00365025,         -1) * x <= -0.110698
   (-0.000167437,         -1) * x <= -0.0244793
   (        -1,  -0.880441) * x <= -12.1126
   (        -1, -0.0504505) * x <= -9.67044
   (        -1,          0) * x <= -8.91948
   (        -1,  -0.217395) * x <= -10.541
   (         0,         -1) * x <= -0.0189204
   (        -1, -0.00483946) * x <= -9.0873
   (        -1, -0.0177383) * x <= -9.32538
   (        -1,  -0.182369) * x <= -10.4034
   (-0.0534458,         -1) * x <= -1.1238
   (        -1, -0.0721114) * x <= -9.83334
   ( -0.072198,         -1) * x <= -1.4162
   (        -1,  -0.027215) * x <= -9.44661
   (-0.0403335,         -1) * x <= -0.901291
   (        -1,  -0.253387) * x <= -10.6712
   (-0.0432104,         -1) * x <= -0.952698
   ( -0.953161,         -1) * x <= -11.8017
   (        -1,  -0.305144) * x <= -10.8407
   ( -0.136948,         -1) * x <= -2.33769
   ( -0.102708,         -1) * x <= -1.8656

Overapproximation of achievable values: Polytope with 41 Halfspaces:
   (        -1,          0) * x <= -8.91948
   (         0,         -1) * x <= -0.0189204
   ( -0.588042,  -0.411958) * x <= -6.93012
   ( -0.078033,  -0.921967) * x <= -1.47462
   ( -0.956133, -0.0438674) * x <= -9.20656
   ( -0.270072,  -0.729928) * x <= -3.83976
   ( -0.855046,  -0.144954) * x <= -8.84744
   (  -0.42548,   -0.57452) * x <= -5.44747
   ( -0.017753,  -0.982247) * x <= -0.414071
   ( -0.748101,  -0.251899) * x <= -8.1794
   ( -0.988683, -0.0113173) * x <= -9.11839
   (  -0.15213,   -0.84787) * x <= -2.46067
   ( -0.922644,  -0.077356) * x <= -9.14038
   (-0.0449008,  -0.955099) * x <= -0.970613
   ( -0.675325,  -0.324675) * x <= -7.6408
   ( -0.511348,  -0.488652) * x <= -6.25508
   ( -0.346105,  -0.653895) * x <= -4.65137
   ( -0.978964, -0.0210358) * x <= -9.17617
   ( -0.809046,  -0.190954) * x <= -8.58268
   ( -0.206559,  -0.793441) * x <= -3.11865
   (  -0.99434, -0.00565962) * x <= -9.05599
   ( -0.893562,  -0.106438) * x <= -9.03275
   ( -0.110425,  -0.889575) * x <= -1.92236
   ( -0.943252,  -0.056748) * x <= -9.19055
   (-0.0394027,  -0.960597) * x <= -0.877544
   ( -0.970217, -0.0297833) * x <= -9.20072
   (  -0.63457,   -0.36543) * x <= -7.31692
   ( -0.713427,  -0.286573) * x <= -7.92964
   (-0.0580199,   -0.94198) * x <= -1.17827
   (  -0.46835,   -0.53165) * x <= -5.85738
   ( -0.308641,  -0.691359) * x <= -4.25782
   (  -0.55062,   -0.44938) * x <= -6.60641
   ( -0.388621,  -0.611379) * x <= -5.08381
   ( -0.781835,  -0.218165) * x <= -8.4088
   ( -0.236637,  -0.763363) * x <= -3.46569
   ( -0.984843, -0.0151572) * x <= -9.14956
   (-0.00112404,  -0.998876) * x <= -0.0481376
   (  -0.17854,   -0.82146) * x <= -2.7852
   ( -0.835316,  -0.164684) * x <= -8.73862
   ( -0.876178,  -0.123822) * x <= -8.95475
   ( -0.131282,  -0.868718) * x <= -2.19599

41 pareto optimal points found (Note that these points are safe, i.e., contained in the underapproximation, but there is no guarantee for optimality):
   (9.841244567, 3.275346427 )
   (17.86878811, 0.1805805136 )
   (16.71673077, 0.2303613462 )
   (9.754995786, 3.615730407 )
   (9.686460899, 3.930984913 )
   (9.098478687, 012.791739 )
   (8.919476194, 34.67794254 )
   (10.70849767, 1.594822968 )
   (9.291027448, 7.520457696 )
   (033.200121, 0.01892038568 )
   (14.72962017, 0.3527544974 )
   (24.75546212, 0.02033433321 )
   (9.382211843, 6.255964635 )
   (9.060887065, 14.91096859 )
   (8.972397282, 23.74262197 )
   (9.012105671, 18.40383289 )
   (10.86041422, 1.450022014 )
   (11.21228602, 1.188265246 )
   (9.212532764, 9.076333044 )
   (11.62645114, 0.9682671317 )
   (21.5518887, 0.03202818391 )
   (9.488674085, 5.205157656 )
   (12.71607729, 0.6267862027 )
   (13.41710416, 0.5002395885 )
   (11.01897117, 1.321315367 )
   (10.04802889, 2.655866742 )
   (11.88435428, 0.8632696839 )
   (12.42031704, 0.6971249015 )
   (15.59301055, 0.2904194217 )
   (9.60773385, 4.362675946 )
   (13.03946064, 0.5625576615 )
   (10.54479409, 1.78075663 )
   (10.28172253, 2.168543015 )
   (9.542744203, 4.794002342 )
   (10.42117729, 1.946873478 )
   (13.78741095, 0.4495266952 )
   (12.14537311, 0.7750463047 )
   (11.39797576, 1.080402419 )
   (10.16130985, 2.398133012 )
   (9.94333097, 2.940794813 )
   (9.160957343, 10.49599325 )


Time for model checking: 1586.475s.

Performance statistics:
  * peak memory usage: 1378MB
  * CPU time: 1571.036s
  * wallclock time: 1591.331s

real	26m31.352s
user	26m11.040s
sys	0m20.100s
