Storm 1.0.0

Command line arguments: --prism models/ma/stream/stream.ma --prop models/ma/stream/stream1.csl -const N=250 --multiobjective:precision 0.001 -stats -tm 
Current working directory: /home/storm/Desktop

Time for model construction: 0.374s.

-------------------------------------------------------------- 
Model type: 	Markov Automaton (sparse)
States: 	94376
Transitions: 	187751
Choices: 	125501
Markovian St.: 	62751
Max. Rate.: 	8
Reward Models:  numrestarts, buffering
Labels: 	3
   * deadlock -> 0 state(s)
   * init -> 1 state(s)
   * done -> 1 state(s)
choice labels: 	no
-------------------------------------------------------------- 

Time for model preprocessing: 0.000s.


Model checking property multi(R[exp]{"buffering"}min=? [F "done"], R[exp]{"numrestarts"}min=? [F "done"]) ...
Preprocessing done in 0.163s seconds.
 Result: 
---------------------------------------------------------------------------------------------------------------------------------------
                                                       Multi-objective Query                                              
---------------------------------------------------------------------------------------------------------------------------------------

Original Formula: 
--------------------------------------------------------------
	multi(R[exp]{"buffering"}min=? [F "done"], R[exp]{"numrestarts"}min=? [F "done"])

Objectives:
--------------------------------------------------------------
R[exp]{"buffering"}min=? [F "done"] 	(toOrigVal:0-1*x +000, 	intern threshold:   none, 	intern reward model: objective1 (negative), 	time bounds: none)
R[exp]{"numrestarts"}min=? [F "done"] 	(toOrigVal:0-1*x +000, 	intern threshold:   none, 	intern reward model: objective2 (negative), 	time bounds: none)
--------------------------------------------------------------

Original Model Information:
-------------------------------------------------------------- 
Model type: 	Markov Automaton (sparse)
States: 	94376
Transitions: 	187751
Choices: 	125501
Markovian St.: 	62751
Max. Rate.: 	8
Reward Models:  numrestarts, buffering
Labels: 	3
   * deadlock -> 0 state(s)
   * init -> 1 state(s)
   * done -> 1 state(s)
choice labels: 	no
-------------------------------------------------------------- 

Preprocessed Model Information:
-------------------------------------------------------------- 
Model type: 	Markov Automaton (sparse)
States: 	94376
Transitions: 	187751
Choices: 	125501
Markovian St.: 	62751
Max. Rate.: 	8
Reward Models:  objective1, objective2
Labels: 	3
   * init -> 1 state(s)
   * done -> 1 state(s)
   * deadlock -> 0 state(s)
choice labels: 	no
-------------------------------------------------------------- 

---------------------------------------------------------------------------------------------------------------------------------------

Solving multi-objective query took 77.794s seconds (consisting of 0.163s seconds for preprocessing and 77.628s seconds for value iteration-based exploration of achievable points).
Result (initial states): 
Underapproximation of achievable values: Polytope with 91 Halfspaces:
   (-0.0813784,         -1) * x <= -0.906863
   (-0.0630181,         -1) * x <= -0.750293
   (-0.0707077,         -1) * x <= -0.816747
   ( -0.518791,         -1) * x <= -3.89383
   ( -0.438652,         -1) * x <= -3.39417
   ( -0.141591,         -1) * x <= -1.38206
   ( -0.673653,         -1) * x <= -4.83242
   ( -0.270122,         -1) * x <= -2.29582
   ( -0.205813,         -1) * x <= -1.85062
   ( -0.291195,         -1) * x <= -2.43755
   ( -0.314816,         -1) * x <= -2.5953
   (        -1,  -0.223533) * x <= -5.5571
   (        -1,  -0.236903) * x <= -5.58961
   (        -1,  -0.179083) * x <= -5.43668
   (        -1,  -0.302633) * x <= -5.73852
   (-0.0755859,         -1) * x <= -0.858106
   (        -1,  -0.257459) * x <= -5.63762
   (        -1,  -0.283591) * x <= -5.69672
   (        -1,  -0.108374) * x <= -5.20746
   (        -1,  -0.117643) * x <= -5.24081
   (        -1, -0.0955267) * x <= -5.15708
   (   -0.1133,         -1) * x <= -1.1645
   (        -1,  -0.101704) * x <= -5.18237
   (        -1,  -0.164182) * x <= -5.39399
   (        -1,  -0.129932) * x <= -5.28337
   (        -1,  -0.676206) * x <= -6.35056
   (        -1, -0.0333907) * x <= -4.83688
   (        -1, -0.0391109) * x <= -4.87426
   (        -1, -0.00928214) * x <= -4.6143
   ( -0.163569,         -1) * x <= -1.54574
   ( -0.610217,         -1) * x <= -4.4513
   (        -1,  -0.029472) * x <= -4.80907
   ( -0.483647,         -1) * x <= -3.67672
   (        -1, -0.00959299) * x <= -4.61887
   (        -1,  -0.145232) * x <= -5.33467
   (        -1, -0.0202257) * x <= -4.72894
   (         0,         -1) * x <= -0.0449205
   ( -0.152553,         -1) * x <= -1.46397
   (        -1, -0.0272066) * x <= -4.79053
   (        -1,  -0.637185) * x <= -6.29746
   ( -0.239834,         -1) * x <= -2.0885
   (        -1,  -0.851257) * x <= -6.56614
   (        -1, -0.0163976) * x <= -4.69335
   (        -1,  -0.579046) * x <= -6.21534
   ( -0.222285,         -1) * x <= -1.96622
   (        -1, -0.0121958) * x <= -4.65064
   (        -1,  -0.798216) * x <= -6.50304
   (        -1, -0.0105428) * x <= -4.6317
   ( -0.414192,         -1) * x <= -3.23974
   ( -0.375393,         -1) * x <= -2.99074
   (-0.0443479,         -1) * x <= -0.581358
   (-0.0314893,         -1) * x <= -0.440209
   (        -1, -0.0661853) * x <= -5.02726
   ( -0.356466,         -1) * x <= -2.86863
   (        -1, -0.0139286) * x <= -4.66898
   (-3.19267e-05,         -1) * x <= -0.0457529
   (        -1,  -0.729263) * x <= -6.41815
   (-0.0153185,         -1) * x <= -0.248632
   (        -1,  -0.314888) * x <= -5.7646
   (-0.0534954,         -1) * x <= -0.666002
   ( -0.965827,         -1) * x <= -6.53396
   (-0.00427774,         -1) * x <= -0.107789
   (-0.0221999,         -1) * x <= -0.331443
   (-0.00761289,         -1) * x <= -0.151819
   (-0.0107964,         -1) * x <= -0.192552
   ( -0.126706,         -1) * x <= -1.26861
   (-0.0903536,         -1) * x <= -0.98086
   ( -0.570017,         -1) * x <= -4.20822
   (        -1,  -0.444002) * x <= -6.00447
   ( -0.100972,         -1) * x <= -1.06679
   (        -1,  -0.199727) * x <= -5.49362
   (-0.0404582,         -1) * x <= -0.543577
   (        -1, -0.0577801) * x <= -4.98443
   (        -1,  -0.059772) * x <= -4.99528
   ( -0.183062,         -1) * x <= -1.68784
   (        -1,  -0.082959) * x <= -5.10314
   (-0.00135412,         -1) * x <= -0.0663828
   (        -1, -0.0456089) * x <= -4.91375
   (        -1,  -0.346843) * x <= -5.82762
   (        -1,  -0.384491) * x <= -5.89937
   (        -1, -0.0516112) * x <= -4.9491
   (        -1,  -0.413218) * x <= -5.95205
   (        -1, -0.0748122) * x <= -5.06694
   ( -0.866038,         -1) * x <= -5.95972
   (        -1,          0) * x <= -4.45806
   (        -1,  -0.534933) * x <= -6.15096
   ( -0.732337,         -1) * x <= -5.17952
   (        -1,  -0.496212) * x <= -6.09012
   (        -1,  -0.962164) * x <= -6.68771
   (        -1,  -0.155886) * x <= -5.36927
   ( -0.806894,         -1) * x <= -5.61727

Overapproximation of achievable values: Polytope with 90 Halfspaces:
   (        -1,          0) * x <= -4.45806
   (         0,         -1) * x <= -0.0449205
   ( -0.437181,  -0.562819) * x <= -3.06196
   ( -0.918622, -0.0813778) * x <= -4.71004
   (-0.0396926,  -0.960307) * x <= -0.530163
   ( -0.752195,  -0.247805) * x <= -4.35769
   ( -0.159524,  -0.840476) * x <= -1.45912
   ( -0.977473,  -0.022527) * x <= -4.64673
   ( -0.600199,  -0.399801) * x <= -3.80336
   (  -0.28105,   -0.71895) * x <= -2.22182
   ( -0.854034,  -0.145966) * x <= -4.62312
   (-0.00641961,   -0.99358) * x <= -0.135736
   (-0.0816599,   -0.91834) * x <= -0.889918
   (  -0.95842, -0.0415802) * x <= -4.69647
   ( -0.521777,  -0.478223) * x <= -3.46339
   ( -0.988593, -0.0114071) * x <= -4.59015
   ( -0.680691,  -0.319309) * x <= -4.11521
   ( -0.353062,  -0.646938) * x <= -2.62608
   ( -0.216381,  -0.783619) * x <= -1.83072
   ( -0.802308,  -0.197692) * x <= -4.50239
   ( -0.889911,  -0.110089) * x <= -4.68255
   (-0.0276705,   -0.97233) * x <= -0.393517
   ( -0.115385,  -0.884615) * x <= -1.14738
   ( -0.941712, -0.0582885) * x <= -4.71409
   (-0.0549146,  -0.945085) * x <= -0.667994
   ( -0.969603, -0.0303971) * x <= -4.67581
   (  -0.47595,   -0.52405) * x <= -3.25038
   ( -0.566325,  -0.433675) * x <= -3.66021
   ( -0.389746,  -0.610254) * x <= -2.82071
   ( -0.644454,  -0.355546) * x <= -3.97978
   ( -0.714538,  -0.285462) * x <= -4.235
   ( -0.313864,  -0.686136) * x <= -2.4098
   ( -0.824479,  -0.175521) * x <= -4.55831
   ( -0.190545,  -0.809455) * x <= -1.66553
   ( -0.249763,  -0.750237) * x <= -2.03619
   ( -0.990263, -0.00973733) * x <= -4.57711
   (-0.0133448,  -0.986655) * x <= -0.223373
   ( -0.905693, -0.0943066) * x <= -4.70189
   ( -0.772074,  -0.227926) * x <= -4.41799
   (  -0.86896,   -0.13104) * x <= -4.65133
   ( -0.138708,  -0.861292) * x <= -1.3152
   ( -0.985197, -0.0148028) * x <= -4.61053
   (-0.0970767,  -0.902923) * x <= -1.01005
   (-0.00049658,  -0.999503) * x <= -0.0529803
   (-0.0667966,  -0.933203) * x <= -0.769075
   ( -0.947324,  -0.052676) * x <= -4.71007
   ( -0.933035, -0.0669651) * x <= -4.71458
   ( -0.497036,  -0.502964) * x <= -3.35019
   ( -0.544942,  -0.455058) * x <= -3.56766
   ( -0.409097,  -0.590903) * x <= -2.92075
   (  -0.04636,   -0.95364) * x <= -0.592049
   (-0.00251739,  -0.997483) * x <= -0.0827387
   ( -0.972163, -0.0278366) * x <= -4.66853
   ( -0.657826,  -0.342174) * x <= -4.03099
   (-0.0381224,  -0.961878) * x <= -0.513709
   ( -0.965297, -0.0347028) * x <= -4.68517
   ( -0.702664,  -0.297336) * x <= -4.19419
   ( -0.452056,  -0.547944) * x <= -3.1354
   ( -0.330473,  -0.669527) * x <= -2.5028
   ( -0.814739,  -0.185261) * x <= -4.53522
   ( -0.367891,  -0.632109) * x <= -2.70588
   ( -0.621308,  -0.378692) * x <= -3.88838
   ( -0.203035,  -0.796965) * x <= -1.74589
   (-0.0182128,  -0.981787) * x <= -0.282291
   ( -0.731816,  -0.268184) * x <= -4.29211
   ( -0.235471,  -0.764529) * x <= -1.94935
   (  -0.59042,   -0.40958) * x <= -3.76267
   ( -0.295887,  -0.704113) * x <= -2.30797
   ( -0.173703,  -0.826297) * x <= -1.55471
   ( -0.841294,  -0.158706) * x <= -4.59603
   ( -0.982203,  -0.017797) * x <= -4.62554
   ( -0.265174,  -0.734826) * x <= -2.12881
   ( -0.147782,  -0.852218) * x <= -1.37843
   ( -0.762664,  -0.237336) * x <= -4.39046
   ( -0.863272,  -0.136728) * x <= -4.64156
   (  -0.90958, -0.0904197) * x <= -4.70523
   ( -0.106881,  -0.893119) * x <= -1.08423
   ( -0.787492,  -0.212508) * x <= -4.46166
   (  -0.12613,   -0.87387) * x <= -1.22566
   ( -0.879202,  -0.120798) * x <= -4.66715
   ( -0.898832,  -0.101168) * x <= -4.69415
   ( -0.990693, -0.0093067) * x <= -4.57299
   (-0.0875238,  -0.912476) * x <= -0.936109
   (-0.00909336,  -0.990907) * x <= -0.170267
   ( -0.987192, -0.0128083) * x <= -4.59921
   ( -0.926938, -0.0730617) * x <= -4.71325
   (-0.0622577,  -0.937742) * x <= -0.730916
   ( -0.944268, -0.0557318) * x <= -4.71302
   ( -0.953847, -0.0461527) * x <= -4.70256
   (-0.0739559,  -0.926044) * x <= -0.827976

90 pareto optimal points found (Note that these points are safe, i.e., contained in the underapproximation, but there is no guarantee for optimality):
   (4.734527361, 4.443278218 )
   (5.276149749, 1.640359251 )
   (8.092813074, 0.2496448379 )
   (4.645150215, 5.889154802 )
   (12.79474753, 0.05441447625 )
   (5.310390379, 1.571355205 )
   (13.20206749, 0.051313594 )
   (5.67008282, 1.057641551 )
   (14.16250727, 0.04720507957 )
   (5.754516098, 0.9760935822 )
   (4.653513884, 5.727103475 )
   (5.14357918, 1.972195438 )
   (5.166568217, 1.905914627 )
   (15.60281893, 0.04525472396 )
   (4.722854545, 4.599306353 )
   (4.697201892, 4.986894851 )
   (11.52508217, 0.07729252809 )
   (5.248431354, 1.702787769 )
   (9.713080779, 0.1506029088 )
   (9.253328795, 0.1709919378 )
   (6.45135542, 0.5689468453 )
   (6.417626944, 0.5816082814 )
   (4.521566868, 10.58330707 )
   (4.531471423, 9.872212354 )
   (5.633103537, 1.096074997 )
   (5.370225557, 1.459499657 )
   (5.397430512, 1.41251731 )
   (26.06982158, 0.04492054672 )
   (11.70862819, 0.0715127968 )
   (5.036300721, 2.33559012 )
   (5.013684644, 2.431055625 )
   (4.669633613, 5.448119149 )
   (8.478317518, 0.2172648939 )
   (6.678464677, 0.4928114605 )
   (5.553301847, 1.189820731 )
   (4.489276249, 13.50951961 )
   (7.154605078, 0.3781056783 )
   (8.417146392, 0.2218885664 )
   (6.968071162, 0.4173186795 )
   (4.79986612, 3.760995895 )
   (7.765942313, 0.2846178262 )
   (4.567856663, 8.184594032 )
   (7.017965994, 0.4062277969 )
   (8.244624193, 0.2359281547 )
   (4.54093253, 9.295232726 )
   (5.074210112, 2.195108879 )
   (8.85157839, 0.192483722 )
   (6.725469592, 0.479123856 )
   (6.137483165, 0.709756129 )
   (7.621343018, 0.302939478 )
   (4.765922322, 4.094746406 )
   (5.520401088, 1.231038618 )
   (7.422877607, 0.3315850718 )
   (12.40142956, 0.05866089286 )
   (6.845023863, 0.446829665 )
   (6.562705571, 0.5292543182 )
   (4.477792748, 14.70659126 )
   (6.279565128, 0.6396256124 )
   (12.03403121, 0.0642888798 )
   (6.313631534, 0.6246823275 )
   (8.642043794, 0.2056881937 )
   (7.472561262, 0.3240056933 )
   (4.923642508, 02.8647825 )
   (5.094551628, 02.1278937 )
   (5.194307494, 1.833769109 )
   (7.925594402, 0.2665291666 )
   (6.007973336, 0.7851316485 )
   (5.055314142, 2.261739947 )
   (4.550472134, 8.823575387 )
   (4.847735114, 3.352809621 )
   (4.817557343, 3.597752855 )
   (4.86306387, 3.247262675 )
   (4.83333557, 3.463633437 )
   (5.871243091, 0.8797933789 )
   (4.904737009, 2.979932423 )
   (6.046599123, 0.7615615444 )
   (4.747063513, 4.292165648 )
   (5.79025708, 0.945140537 )
   (5.430377574, 1.360810055 )
   (5.489181971, 1.273847752 )
   (4.961006818, 2.666716233 )
   (4.618722027, 6.533607828 )
   (4.510941906, 11.45450599 )
   (6.177688197, 0.6888981199 )
   (4.94268224, 2.758464325 )
   (4.599911745, 7.096947331 )
   (4.636565815, 6.077372372 )
   (4.458061639, 16.83229728 )
   (5.914747618, 0.8479334078 )
   (7.29001515, 0.3533172239 )


Time for model checking: 77.795s.

Performance statistics:
  * peak memory usage: 227MB
  * CPU time: 75.568s
  * wallclock time: 78.175s

real	1m18.191s
user	1m15.572s
sys	0m2.612s
