Storm 1.0.0

Command line arguments: --prism models/ma/jobs/jobs10_2.ma --prop models/ma/jobs/jobs1.csl --multiobjective:precision 0.001 -stats -tm 
Current working directory: /home/storm/Desktop

Time for model construction: 0.287s.

-------------------------------------------------------------- 
Model type: 	Markov Automaton (sparse)
States: 	12554
Transitions: 	34581
Choices: 	23061
Markovian St.: 	11531
Max. Rate.: 	5.7
Reward Models:  avg_waiting_time
Labels: 	4
   * init -> 1 state(s)
   * deadlock -> 1 state(s)
   * half_of_jobs_finished -> 2772 state(s)
   * all_jobs_finished -> 1 state(s)
choice labels: 	no
-------------------------------------------------------------- 

Time for model preprocessing: 0.000s.


Model checking property multi(T[exp]min=? [F "all_jobs_finished"], T[exp]min=? [F "half_of_jobs_finished"], R[exp]{"avg_waiting_time"}min=? [F "all_jobs_finished"]) ...
Preprocessing done in 0.032s seconds.
 Result: 
---------------------------------------------------------------------------------------------------------------------------------------
                                                       Multi-objective Query                                              
---------------------------------------------------------------------------------------------------------------------------------------

Original Formula: 
--------------------------------------------------------------
	multi(T[exp]min=? [F "all_jobs_finished"], T[exp]min=? [F "half_of_jobs_finished"], R[exp]{"avg_waiting_time"}min=? [F "all_jobs_finished"])

Objectives:
--------------------------------------------------------------
T[exp]min=? [F "all_jobs_finished"] 	(toOrigVal:0-1*x +000, 	intern threshold:   none, 	intern reward model: objective1 (negative), 	time bounds: none)
T[exp]min=? [F "half_of_jobs_finished"] 	(toOrigVal:0-1*x +000, 	intern threshold:   none, 	intern reward model: objective2 (negative), 	time bounds: none)
R[exp]{"avg_waiting_time"}min=? [F "all_jobs_finished"] 	(toOrigVal:0-1*x +000, 	intern threshold:   none, 	intern reward model: objective3 (negative), 	time bounds: none)
--------------------------------------------------------------

Original Model Information:
-------------------------------------------------------------- 
Model type: 	Markov Automaton (sparse)
States: 	12554
Transitions: 	34581
Choices: 	23061
Markovian St.: 	11531
Max. Rate.: 	5.7
Reward Models:  avg_waiting_time
Labels: 	4
   * init -> 1 state(s)
   * deadlock -> 1 state(s)
   * half_of_jobs_finished -> 2772 state(s)
   * all_jobs_finished -> 1 state(s)
choice labels: 	no
-------------------------------------------------------------- 

Preprocessed Model Information:
-------------------------------------------------------------- 
Model type: 	Markov Automaton (sparse)
States: 	12554
Transitions: 	34581
Choices: 	23061
Markovian St.: 	11531
Max. Rate.: 	5.7
Reward Models:  objective3, objective1, objective2
Labels: 	4
   * init -> 1 state(s)
   * half_of_jobs_finished -> 2772 state(s)
   * deadlock -> 1 state(s)
   * all_jobs_finished -> 1 state(s)
choice labels: 	no
-------------------------------------------------------------- 

---------------------------------------------------------------------------------------------------------------------------------------

Solving multi-objective query took 28.411s seconds (consisting of 0.032s seconds for preprocessing and 28.377s seconds for value iteration-based exploration of achievable points).
Result (initial states): 
Underapproximation of achievable values: Polytope with 87 Halfspaces:
   (        -1, -0.0378598,  -0.365658) * x <= -3.72966
   (        -1, -0.0264018,  -0.413015) * x <= -3.78582
   (        -1,   -0.17053, -0.00980665) * x <= -3.36209
   (        -1,  -0.163982,          0) * x <= -3.33632
   (        -1,   -0.15801, -0.00819333) * x <= -3.34108
   (        -1,  -0.171395, -0.00826711) * x <= -3.36082
   (-4.56309e-13,         -1, -6.96196e-13) * x <= -1.04911
   (-1.23134e-13,         -1, -1.95791e-13) * x <= -1.04911
   (        -1,  -0.066753,  -0.257919) * x <= -3.6044
   (        -1, -0.0776266,   -0.25681) * x <= -3.61685
   (        -1,  -0.120507,  -0.102157) * x <= -3.43804
   (        -1, -0.0846982,  -0.182622) * x <= -3.51353
   (        -1,  -0.123948,  -0.148365) * x <= -3.51258
   (        -1, -0.0163113,  -0.476478) * x <= -3.86747
   (        -1,          0,  -0.482411) * x <= -3.85548
   (        -1,  -0.140975, -0.0440574) * x <= -3.3747
   (-2.25331e-13,         -1, -2.19213e-13) * x <= -1.04911
   (        -1, -0.0885618,  -0.468239) * x <= -3.93628
   (        -1,          0,  -0.696437) * x <= -4.1687
   (        -1, -0.0536358,  -0.159871) * x <= -3.42973
   (        -1, -0.0970867,  -0.280728) * x <= -3.67525
   (        -1,  -0.152248, -0.0515307) * x <= -3.40251
   (        -1, -0.0586512,   -0.16205) * x <= -3.44138
   (        -1,  -0.024501,   -0.13886) * x <= -3.34613
   (        -1, -0.0591924, -0.0703822) * x <= -3.285
   (        -1,  -0.058968,  -0.408816) * x <= -3.81835
   (        -1,          0,  -0.266067) * x <= -3.51983
   (        -1,  -0.123155,  -0.157998) * x <= -3.52586
   (        -1,  -0.153162, -0.0244478) * x <= -3.36079
   (        -1,          0,  -0.272199) * x <= -3.52975
   (        -1,  -0.118997, -0.0212847) * x <= -3.30059
   ( -0.136204,          0,         -1) * x <= -1.80761
   (        -1,          0,  -0.675882) * x <= -4.13907
   ( -0.761319,          0,         -1) * x <= -3.83605
   (        -1,          0,  -0.434596) * x <= -3.78355
   (        -1,          0,  -0.535206) * x <= -3.93411
   (        -1,  -0.128109,  -0.340277) * x <= -3.79492
   (        -1,          0,  -0.166389) * x <= -3.35237
   (        -1,  -0.131918,          0) * x <= -3.28445
   (        -1,  -0.098956, -0.0361943) * x <= -3.29288
   (        -1, -0.0834824,  -0.131828) * x <= -3.43051
   (        -1,  -0.122435, -0.0403014) * x <= -3.33956
   (        -1,  -0.121071, -0.0961443) * x <= -3.42928
   (        -1,          0,          0) * x <= -3.05203
   (        -1, -0.0877352,  -0.040506) * x <= -3.28127
   (        -1, -0.0979606,          0) * x <= -3.22573
   (        -1,          0,  -0.228891) * x <= -3.45821
   (        -1,          0,  -0.110459) * x <= -3.25295
   ( -0.430865,          0,         -1) * x <= -2.77
   (         0,         -1,          0) * x <= -1.04911
   (        -1,  -0.175607,          0) * x <= -3.35335
   (        -1,          0,  -0.130907) * x <= -3.28946
   (         0,          0,         -1) * x <= -1.3583
   (        -1,  -0.146065, -0.0146119) * x <= -3.33326
   (-2.96229e-14,         -1, -3.49987e-14) * x <= -1.04911
   (        -1, -0.0356765,  -0.360198) * x <= -3.71857
   (        -1,  -0.107182,  -0.412553) * x <= -3.8763
   (        -1, -0.0848553, -0.0864315) * x <= -3.35683
   (-2.87304e-15,         -1,          0) * x <= -1.04911
   (        -1, -0.0675657, -0.0979932) * x <= -3.34791
   ( -0.626032,          0,         -1) * x <= -3.40135
   (        -1, -0.0225925, -0.0986721) * x <= -3.27157
   (        -1,  -0.338194,          0) * x <= -3.52959
   (        -1,  -0.121282, -0.0615575) * x <= -3.3734
   (-5.83734e-13,         -1, -2.01294e-12) * x <= -1.04911
   (     -0.27,          0,         -1) * x <= -2.24632
   (        -1,          0,  -0.324982) * x <= -3.61439
   (        -1,  -0.220053,          0) * x <= -3.40318
   (        -1,  -0.149795,          0) * x <= -3.31376
   (        -1,  -0.257425, -0.0422051) * x <= -3.50473
   (        -1,  -0.107976,  -0.266258) * x <= -3.66627
   (        -1,  -0.204418, -0.0240101) * x <= -3.42104
   (        -1,  -0.211611, -0.0151159) * x <= -3.41599
   ( -0.947739,          0,         -1) * x <= -4.43337
   (        -1,          0,  -0.352182) * x <= -3.65693
   (        -1,          0,  -0.870371) * x <= -4.41756
   (        -1,   -0.17218, -0.0490704) * x <= -3.42184
   (        -1, -0.0194227,   -0.46914) * x <= -3.86038
   (        -1,  -0.123056,  -0.157671) * x <= -3.52527
   (        -1, -0.0301949,  -0.276358) * x <= -3.58219
   ( -0.303932,          0,         -1) * x <= -2.35721
   (        -1, -0.0858971,  -0.138219) * x <= -3.44454
   (        -1,  -0.049677,  -0.237722) * x <= -3.54977
   (        -1, -0.0554355,  -0.212856) * x <= -3.51862
   (        -1,  -0.119298, -0.0461005) * x <= -3.3444
   (        -1,          0,  -0.747227) * x <= -4.24173
   (        -1,  -0.292023,          0) * x <= -3.48083

Overapproximation of achievable values: Polytope with 45 Halfspaces:
   (        -1,          0,          0) * x <= -3.05203
   (         0,         -1,          0) * x <= -1.04911
   (         0,          0,         -1) * x <= -1.3583
   ( -0.756025,  -0.243975,          0) * x <= -2.65609
   ( -0.762754,          0,  -0.237246) * x <= -2.73984
   ( -0.367471,          0,  -0.632529) * x <= -2.05922
   ( -0.853062,  -0.146938,          0) * x <= -2.85642
   ( -0.684512,          0,  -0.315488) * x <= -2.61696
   ( -0.839322,          0,  -0.160678) * x <= -2.84932
   ( -0.470631,          0,  -0.529369) * x <= -2.24733
   ( -0.218787,          0,  -0.781213) * x <= -1.78054
   ( -0.629714,          0,  -0.370286) * x <= -2.52582
   ( -0.870593,  -0.118394, -0.0110129) * x <= -2.88454
   ( -0.892177,  -0.107823,          0) * x <= -2.91324
   ( -0.177164,  -0.822836,          0) * x <= -1.4257
   (    -0.801, -0.0942412,  -0.104759) * x <= -2.78567
   ( -0.841239,  -0.158761,          0) * x <= -2.83334
   ( -0.837033,  -0.101666, -0.0613016) * x <= -2.83976
   ( -0.871079,          0,  -0.128921) * x <= -2.89178
   ( -0.515126,          0,  -0.484874) * x <= -2.32705
   ( -0.765626,   -0.10154,  -0.132834) * x <= -2.72472
   ( -0.747662, -0.0224343,  -0.229904) * x <= -2.71384
   ( -0.798582,          0,  -0.201418) * x <= -2.79254
   (  -0.63884, -0.0313992,  -0.329761) * x <= -2.53136
   ( -0.717444, -0.0390074,  -0.243549) * x <= -2.66238
   ( -0.866448, -0.0858927, -0.0476594) * x <= -2.88181
   ( -0.799095, -0.0689444,  -0.131961) * x <= -2.78724
   (    -0.577,          0,     -0.423) * x <= -2.43576
   ( -0.800375,  -0.199625,          0) * x <= -2.74918
   ( -0.270074,          0,  -0.729926) * x <= -1.87742
   ( -0.155398,          0,  -0.844602) * x <= -1.65905
   ( -0.862069,  -0.137931,          0) * x <= -2.87068
   (  -0.82175,  -0.125489, -0.0527606) * x <= -2.81179
   ( -0.839098,  -0.127246, -0.0336563) * x <= -2.8391
   ( -0.848593, -0.0902816, -0.0611251) * x <= -2.85733
   ( -0.399691,          0,  -0.600309) * x <= -2.11859
   ( -0.748369,          0,  -0.251631) * x <= -2.71807
   ( -0.813958, -0.0548672,  -0.131175) * x <= -2.81087
   ( -0.658435,          0,  -0.341565) * x <= -2.57422
   ( -0.854163,   -0.12182, -0.0240172) * x <= -2.86191
   ( -0.881948, -0.0688252, -0.0492265) * x <= -2.90304
   (  -0.73173,   -0.03924,   -0.22903) * x <= -2.68587
   (  -0.70711, -0.0524323,  -0.240457) * x <= -2.64129
   ( -0.895949,          0,  -0.104051) * x <= -2.92355
   ( -0.739632,  -0.129829,  -0.130539) * x <= -2.66997

44 pareto optimal points found (Note that these points are safe, i.e., contained in the underapproximation, but there is no guarantee for optimality):
   (3.164946849, 1.083246117, 1.44353776 )
   (3.172478169, 1.055932489, 1.431687989 )
   (3.063194464, 1.682802906, 1.745173077 )
   (3.056303848, 1.729484709, 1.807922509 )
   (3.093255787, 1.515866228, 1.603576479 )
   (3.278932107, 1.049111451, 1.361008646 )
   (3.068224419, 1.639120947, 1.753070136 )
   (3.057363212, 1.737632349, 1.772987626 )
   (3.165727886, 1.079048054, 1.450637549 )
   (3.160605938, 1.103533005, 1.451614183 )
   (3.055693143, 1.75583474, 1.785745346 )
   (3.14950095, 1.174394132, 1.466665467 )
   (3.07691901, 1.596303982, 1.671303522 )
   (3.078781906, 1.60223085, 1.657662594 )
   (3.167362242, 1.080404795, 1.437802226 )
   (3.156501265, 1.120977091, 1.474054565 )
   (3.059903845, 1.710846201, 1.759417484 )
   (3.070615668, 1.64814162, 1.693339987 )
   (3.075533021, 1.590330101, 1.74061824 )
   (3.105476783, 1.413473467, 1.587995417 )
   (3.298795433, 1.049111451, 1.358303191 )
   (3.081503317, 1.55587077, 1.676494015 )
   (3.213194653, 1.049111451, 1.389783011 )
   (3.151177919, 1.152064914, 1.473456618 )
   (3.089555661, 1.530417893, 1.617169943 )
   (3.142880778, 1.212112397, 1.479215208 )
   (3.129802362, 1.315637196, 1.504263151 )
   (3.20415839, 1.049111451, 1.396662487 )
   (3.154360115, 1.159532887, 1.456923121 )
   (3.136919657, 1.276858043, 1.489509558 )
   (3.234891211, 1.049111451, 1.376200269 )
   (3.174785003, 1.049111451, 1.42786849 )
   (3.106065943, 1.452390467, 1.564158377 )
   (3.096033683, 1.465312391, 1.649487272 )
   (3.164697312, 1.090264618, 1.441628746 )
   (3.252070718, 1.049111451, 1.368798213 )
   (3.126508251, 1.299515929, 1.516548954 )
   (3.115868099, 1.382498593, 1.536325728 )
   (3.267896372, 1.049111451, 1.363988295 )
   (3.052025694, 1.77315689, 1.818947201 )
   (3.097796271, 1.472511127, 1.593536478 )
   (3.127993529, 1.298943673, 1.510938369 )
   (3.090242884, 1.510006501, 1.624882784 )
   (3.191523411, 1.049111451, 1.408637144 )


Time for model checking: 28.411s.

Performance statistics:
  * peak memory usage: 216MB
  * CPU time: 28.540s
  * wallclock time: 28.708s

real	0m28.726s
user	0m28.544s
sys	0m0.156s
