Storm 1.0.0

Command line arguments: --prism models/ma/jobs/jobs10_2.ma --prop models/ma/jobs/jobs3.csl --multiobjective:precision 0.01 -stats -tm 
Current working directory: /home/storm/Desktop

Time for model construction: 0.286s.

-------------------------------------------------------------- 
Model type: 	Markov Automaton (sparse)
States: 	12554
Transitions: 	34581
Choices: 	23061
Markovian St.: 	11531
Max. Rate.: 	5.7
Reward Models:  avg_waiting_time
Labels: 	5
   * deadlock -> 1 state(s)
   * all_jobs_finished -> 1 state(s)
   * half_of_jobs_finished -> 2772 state(s)
   * slowest_before_fastest -> 3073 state(s)
   * init -> 1 state(s)
choice labels: 	no
-------------------------------------------------------------- 

Time for model preprocessing: 0.000s.


Model checking property multi(T[exp]min=? [F "all_jobs_finished"], T[exp]min=? [F "half_of_jobs_finished"], R[exp]{"avg_waiting_time"}min=? [F "all_jobs_finished"], Pmin=? [F "slowest_before_fastest"]) ...
Preprocessing done in 0.052s seconds.
 Result: 
---------------------------------------------------------------------------------------------------------------------------------------
                                                       Multi-objective Query                                              
---------------------------------------------------------------------------------------------------------------------------------------

Original Formula: 
--------------------------------------------------------------
	multi(T[exp]min=? [F "all_jobs_finished"], T[exp]min=? [F "half_of_jobs_finished"], R[exp]{"avg_waiting_time"}min=? [F "all_jobs_finished"], Pmin=? [F "slowest_before_fastest"])

Objectives:
--------------------------------------------------------------
T[exp]min=? [F "all_jobs_finished"] 	(toOrigVal:0-1*x +000, 	intern threshold:   none, 	intern reward model: objective1 (negative), 	time bounds: none)
T[exp]min=? [F "half_of_jobs_finished"] 	(toOrigVal:0-1*x +000, 	intern threshold:   none, 	intern reward model: objective2 (negative), 	time bounds: none)
R[exp]{"avg_waiting_time"}min=? [F "all_jobs_finished"] 	(toOrigVal:0-1*x +000, 	intern threshold:   none, 	intern reward model: objective3 (negative), 	time bounds: none)
Pmin=? [F "slowest_before_fastest"] 	(toOrigVal:0-1*x +000, 	intern threshold:   none, 	intern reward model: objective4 (negative), 	time bounds: none)
--------------------------------------------------------------

Original Model Information:
-------------------------------------------------------------- 
Model type: 	Markov Automaton (sparse)
States: 	12554
Transitions: 	34581
Choices: 	23061
Markovian St.: 	11531
Max. Rate.: 	5.7
Reward Models:  avg_waiting_time
Labels: 	5
   * deadlock -> 1 state(s)
   * all_jobs_finished -> 1 state(s)
   * half_of_jobs_finished -> 2772 state(s)
   * slowest_before_fastest -> 3073 state(s)
   * init -> 1 state(s)
choice labels: 	no
-------------------------------------------------------------- 

Preprocessed Model Information:
-------------------------------------------------------------- 
Model type: 	Markov Automaton (sparse)
States: 	14610
Transitions: 	39974
Choices: 	26662
Markovian St.: 	13332
Max. Rate.: 	5.7
Reward Models:  objective4, objective3, objective1, objective2
Labels: 	5
   * slowest_before_fastest -> 3073 state(s)
   * all_jobs_finished -> 2 state(s)
   * deadlock -> 2 state(s)
   * half_of_jobs_finished -> 3388 state(s)
   * init -> 1 state(s)
choice labels: 	no
-------------------------------------------------------------- 

---------------------------------------------------------------------------------------------------------------------------------------

Solving multi-objective query took 113.992s seconds (consisting of 0.052s seconds for preprocessing and 113.938s seconds for value iteration-based exploration of achievable points).
Result (initial states): 
Underapproximation of achievable values: Polytope with 64 Halfspaces:
   (        -1,          0,  -0.944045,          0) * x <= -4.52276
   (        -1,          0,  -0.465787,          0) * x <= -3.83202
   (        -1,   -0.10063,  -0.235298, -0.0830997) * x <= -3.61707
   (        -1,  -0.121413,  -0.206953,          0) * x <= -3.59766
   (        -1,  -0.170535, -0.00285102,          0) * x <= -3.35187
   (        -1,  -0.172109,          0,          0) * x <= -3.34943
   (        -1,  -0.113346, -0.0603159, -0.00388512) * x <= -3.36393
   (        -1, -0.0982015, -0.0597754, -0.00212689) * x <= -3.33696
   (        -1,          0,          0,          0) * x <= -3.05203
   (        -1,  -0.125167,  -0.115181, -0.000567991) * x <= -3.4666
   (-3.3824e-14,         -1, -8.35536e-14,          0) * x <= -1.04911
   (        -1,  -0.117252,  -0.149503,          0) * x <= -3.50831
   (        -1,          0,   -0.65973,          0) * x <= -4.11679
   ( -0.036357,          0, -0.0673557,         -1) * x <= -0.211542
   (-0.0120655,          0,          0,         -1) * x <= -0.0384196
   (        -1, -0.0849626,  -0.112425, -0.00619029) * x <= -3.40709
   (-2.42258e-17,          0, -5.81928e-18,         -1) * x <= -0.000117673
   (        -1,          0,  -0.931877,   -0.03606) * x <= -4.5058
   (-2.10961e-17, -2.41429e-18,          0,         -1) * x <= -0.000117673
   (-0.0666733,          0, -0.0199084,         -1) * x <= -0.240213
   (        -1,   -0.17169,          0, -0.000210372) * x <= -3.34896
   (        -1,  -0.134252,          0, -0.0167889) * x <= -3.29767
   ( -0.278926, -0.0444119,          0,         -1) * x <= -0.93253
   (        -1,          0,          0, -0.0200741) * x <= -3.07162
   (        -1,  -0.254416,          0,          0) * x <= -3.4417
   (-0.0090902,    -0.1351,          0,         -1) * x <= -0.171839
   (         0,          0, -2.74291e-19,         -1) * x <= -0.000117673
   (        -1,          0,  -0.298637,          0) * x <= -3.57413
   (        -1,          0,  -0.162662,          0) * x <= -3.3479
   (         0,          0,         -1,          0) * x <= -1.3583
   (        -1,          0,  -0.162357, -0.00191036) * x <= -3.34921
   ( -0.259099,         -1,          0,  -0.724837) * x <= -1.88007
   (-0.0319603,          0, -0.0564947,         -1) * x <= -0.182285
   (-1.1257e-13,         -1,          0,          0) * x <= -1.04911
   (        -1,          0,  -0.247475, -0.00818842) * x <= -3.4968
   (        -1, -0.0978992, -0.0604307,          0) * x <= -3.33554
   (        -1,  -0.125782,          0,          0) * x <= -3.27506
   (        -1,  -0.127921, -0.0626119,          0) * x <= -3.38753
   (-2.58567e-17,          0,          0,         -1) * x <= -0.000117673
   ( -0.280061,          0,         -1,          0) * x <= -2.28217
   (        -1,          0,          0,  -0.042529) * x <= -3.07724
   (        -1,          0,  -0.540352,  -0.151292) * x <= -3.94647
   (        -1,  -0.125782,          0, -0.00565192) * x <= -3.28057
   (        -1,  -0.113638,  -0.101309,          0) * x <= -3.4289
   (        -1,  -0.173249,          0,  -0.964734) * x <= -3.35781
   (        -1,  -0.126168,  -0.112681,          0) * x <= -3.46403
   ( -0.666052,          0,         -1,          0) * x <= -3.53081
   (        -1,  -0.104977,  -0.233181, -0.0667238) * x <= -3.61864
   (        -1,  -0.119706,  -0.138834,          0) * x <= -3.49534
   (        -1,          0,  -0.210015, -0.00693467) * x <= -3.43328
   (        -1,  -0.181376,          0,  -0.589592) * x <= -3.36636
   (        -1,          0,   -0.45607,          0) * x <= -3.81714
   (        -1,   -0.15446,          0,  -0.976765) * x <= -3.3321
   (        -1, -0.0750232,  -0.127036, -0.00661415) * x <= -3.41579
   (        -1,          0,  -0.650538, -0.0174894) * x <= -4.10387
   (        -1, -0.0817748,  -0.117591, -0.00753347) * x <= -3.41086
   (        -1,          0,  -0.253205, -0.0125509) * x <= -3.50652
   (         0,          0,          0,         -1) * x <= -0.000117673
   (         0, -1.29772e-19,          0,         -1) * x <= -0.000117673
   (        -1,  -0.255432,          0,   -0.16138) * x <= -3.44463
   (        -1,  -0.157641, -0.0550708,  -0.499016) * x <= -3.41993
   (         0,         -1,          0,          0) * x <= -1.04911
   (        -1,  -0.141403,          0, -0.00746849) * x <= -3.30743
   (        -1, -0.0826214,  -0.115665, -0.0070845) * x <= -3.40899

Overapproximation of achievable values: Polytope with 17 Halfspaces:
   (        -1,          0,          0,          0) * x <= -3.05203
   (         0,         -1,          0,          0) * x <= -1.04911
   (         0,          0,         -1,          0) * x <= -1.3583
   (         0,          0,          0,         -1) * x <= -0.000117673
   ( -0.766357,          0, -0.0916305,  -0.142013) * x <= -2.51377
   ( -0.739892,  -0.260108,          0,          0) * x <= -2.62188
   ( -0.732799,          0,  -0.267201,          0) * x <= -2.69376
   ( -0.845516,  -0.139405,          0, -0.0150784) * x <= -2.8238
   (  -0.35937,          0,   -0.64063,          0) * x <= -2.04416
   (  -0.86734,   -0.13266,          0,          0) * x <= -2.87842
   ( -0.974847,          0,          0, -0.0251532) * x <= -2.99576
   ( -0.806577,          0,  -0.193423,          0) * x <= -2.80386
   ( -0.672007,          0,  -0.280961, -0.0470322) * x <= -2.52615
   ( -0.648648,          0,  -0.351352,          0) * x <= -2.5579
   ( -0.259395,          0,   -0.19227,  -0.548335) * x <= -1.09819
   ( -0.840311,  -0.159689,          0,          0) * x <= -2.83145
   ( -0.453749,          0,   -0.52326, -0.0229908) * x <= -2.18475

16 pareto optimal points found (Note that these points are safe, i.e., contained in the underapproximation, but there is no guarantee for optimality):
   (3.276177057, 1.257977894, 1.457121737, 0.0001176734799 )
   (3.298795433, 1.049111451, 1.358303191, 0.0001176734799 )
   (3.077182113, 1.642198163, 1.69554417, 0.001291793313 )
   (3.113150187, 1.402462731, 1.543601587, 0.2008379309 )
   (3.052025694, 1.77315689, 1.818947201, 0.9762651682 )
   (3.118766595, 1.369827054, 1.531286793, 0.001789329092 )
   (3.148090327, 1.200007825, 1.468331547, 0.03281718282 )
   (3.156501265, 1.120977091, 1.474054565, 0.01109981843 )
   (3.073122703, 1.605429601, 1.741558602, 0.9762651682 )
   (3.204372449, 1.049111451, 1.396527359, 0.0009759976866 )
   (3.174785003, 1.049111451, 1.42786849, 0.01155226353 )
   (3.113209187, 1.373135162, 1.575915897, 0.006955810147 )
   (3.066604808, 1.689883032, 1.737696315, 0000000.25 )
   (3.234891211, 1.049111451, 1.376200269, 0.001235571539 )
   (3.17449398, 1.057475069, 1.428623261, 0.0001176734799 )
   (3.07727171, 1.611083297, 1.663742232, 0.9514870472 )


Time for model checking: 113.992s.

Performance statistics:
  * peak memory usage: 216MB
  * CPU time: 114.132s
  * wallclock time: 114.288s

real	1m54.305s
user	1m54.132s
sys	0m0.104s
