Storm 1.0.0

Command line arguments: --prism models/ma/polling/polling.ma --prop models/ma/polling/polling1.csl -const N=4,Q=4 --multiobjective:precision 0.01 -stats -tm 
Current working directory: /home/storm/Desktop

Time for model construction: 4.235s.

-------------------------------------------------------------- 
Model type: 	Markov Automaton (sparse)
States: 	827735
Transitions: 	2160534
Choices: 	1689549
Markovian St.: 	472349
Max. Rate.: 	16
Reward Models:  processedjobs2, processedjobs1
Labels: 	4
   * init -> 1 state(s)
   * q2full -> 523520 state(s)
   * deadlock -> 0 state(s)
   * q1full -> 523520 state(s)
choice labels: 	no
-------------------------------------------------------------- 

Time for model preprocessing: 0.279s.


Model checking property multi(R[exp]{"processedjobs1"}max=? [F "q1full"], R[exp]{"processedjobs2"}max=? [F "q2full"]) ...
Preprocessing done in 23.694s seconds.
 Result: 
---------------------------------------------------------------------------------------------------------------------------------------
                                                       Multi-objective Query                                              
---------------------------------------------------------------------------------------------------------------------------------------

Original Formula: 
--------------------------------------------------------------
	multi(R[exp]{"processedjobs1"}max=? [F "q1full"], R[exp]{"processedjobs2"}max=? [F "q2full"])

Objectives:
--------------------------------------------------------------
R[exp]{"processedjobs1"}max=? [F "q1full"] 	(toOrigVal:001*x +000, 	intern threshold:   none, 	intern reward model: objective1 (positive), 	time bounds: none)
R[exp]{"processedjobs2"}max=? [F "q2full"] 	(toOrigVal:001*x +000, 	intern threshold:   none, 	intern reward model: objective2 (positive), 	time bounds: none)
--------------------------------------------------------------

Original Model Information:
-------------------------------------------------------------- 
Model type: 	Markov Automaton (sparse)
States: 	827735
Transitions: 	2146086
Choices: 	1682325
Markovian St.: 	465125
Max. Rate.: 	16
Reward Models:  processedjobs2, processedjobs1
Labels: 	4
   * init -> 1 state(s)
   * q2full -> 523520 state(s)
   * deadlock -> 0 state(s)
   * q1full -> 523520 state(s)
choice labels: 	no
-------------------------------------------------------------- 

Preprocessed Model Information:
-------------------------------------------------------------- 
Model type: 	Markov Automaton (sparse)
States: 	1486748
Transitions: 	4345240
Choices: 	3404628
Markovian St.: 	725908
Max. Rate.: 	16
Reward Models:  objective1, objective2
Labels: 	4
   * q2full -> 719360 state(s)
   * init -> 1 state(s)
   * q1full -> 719360 state(s)
   * deadlock -> 0 state(s)
choice labels: 	no
-------------------------------------------------------------- 

---------------------------------------------------------------------------------------------------------------------------------------

Solving multi-objective query took 342.649s seconds (consisting of 23.694s seconds for preprocessing and 318.929s seconds for value iteration-based exploration of achievable points).
Result (initial states): 
Underapproximation of achievable values: Polytope with 11 Halfspaces:
   (  0.548348,          1) * x <= 3.20933
   (  0.779901,          1) * x <= 4.12437
   (         1,   0.798963) * x <= 4.83885
   (         1,          0) * x <= 4.15958
   (  0.524468,          1) * x <= 3.11993
   (  0.367226,          1) * x <= 2.57356
   (9.71419e-07,          1) * x <= 1.63584
   (         0,          1) * x <= 1.63584
   (  0.347567,          1) * x <= 2.51123
   (  0.244355,          1) * x <= 2.23687
   (  0.436259,          1) * x <= 2.8031

Overapproximation of achievable values: Polytope with 11 Halfspaces:
   (         1,          0) * x <= 4.15958
   (         0,          1) * x <= 1.63584
   (  0.191617,   0.808383) * x <= 1.7937
   (   0.33077,    0.66923) * x <= 2.01533
   (  0.436893,   0.563107) * x <= 2.31347
   (  0.260931,   0.739069) * x <= 1.86883
   (  0.542809,   0.457191) * x <= 2.64844
   (  0.678037,   0.321963) * x <= 3.09408
   (  0.241709,   0.758291) * x <= 1.84616
   (  0.291261,   0.708739) * x <= 1.92704
   (  0.349925,   0.650075) * x <= 2.06181

10 pareto optimal points found (Note that these points are safe, i.e., contained in the underapproximation, but there is no guarantee for optimality):
   (2.658155578, 1.58733943 )
   (2.459665782, 1.635841319 )
   (0.6150216426, 1.635843111 )
   (3.325063797, 1.352509569 )
   (3.170697119, 1.40919705 )
   (3.591868654, 1.236113517 )
   (3.743529797, 1.156572122 )
   (3.951754369, 1.042392615 )
   (4.095732011, 0.9301042698 )
   (4.159581374, 0.8501889372 )


Time for model checking: 342.662s.

Performance statistics:
  * peak memory usage: 747MB
  * CPU time: 344.680s
  * wallclock time: 347.194s

real	5m47.216s
user	5m44.684s
sys	0m2.408s
