Storm 1.0.0

Command line arguments: --prism models/ma/stream/stream.ma --prop models/ma/stream/stream4.csl -const N=30 --multiobjective:precision 0.001 -stats -tm 
Current working directory: /home/storm/Desktop

Time for model construction: 0.076s.

-------------------------------------------------------------- 
Model type: 	Markov Automaton (sparse)
States: 	1426
Transitions: 	2731
Choices: 	1861
Markovian St.: 	931
Max. Rate.: 	8
Reward Models:  buffering
Labels: 	5
   * deadlock -> 0 state(s)
   * done -> 1 state(s)
   * running -> 465 state(s)
   * underrun -> 464 state(s)
   * init -> 1 state(s)
choice labels: 	no
-------------------------------------------------------------- 

Time for model preprocessing: 0.000s.


Model checking property multi(R[exp]{"buffering"}min=? [F "done"], T[exp]min=? [F "running"], Pmin=? [true U<=2 "underrun"]) ...
Preprocessing done in 0.003s seconds.
 Result: 
---------------------------------------------------------------------------------------------------------------------------------------
                                                       Multi-objective Query                                              
---------------------------------------------------------------------------------------------------------------------------------------

Original Formula: 
--------------------------------------------------------------
	multi(R[exp]{"buffering"}min=? [F "done"], T[exp]min=? [F "running"], Pmin=? [true U<=2 "underrun"])

Objectives:
--------------------------------------------------------------
R[exp]{"buffering"}min=? [F "done"] 	(toOrigVal:0-1*x +000, 	intern threshold:   none, 	intern reward model: objective1 (negative), 	time bounds: none)
00000T[exp]min=? [F "running"] 	(toOrigVal:0-1*x +000, 	intern threshold:   none, 	intern reward model: objective2 (negative), 	time bounds: none)
0Pmin=? [true U<=2 "underrun"] 	(toOrigVal:0-1*x +000, 	intern threshold:   none, 	intern reward model: objective3 (negative), 	time bounds:<=00002)
--------------------------------------------------------------

Original Model Information:
-------------------------------------------------------------- 
Model type: 	Markov Automaton (sparse)
States: 	1426
Transitions: 	2731
Choices: 	1861
Markovian St.: 	931
Max. Rate.: 	8
Reward Models:  buffering
Labels: 	5
   * deadlock -> 0 state(s)
   * done -> 1 state(s)
   * running -> 465 state(s)
   * underrun -> 464 state(s)
   * init -> 1 state(s)
choice labels: 	no
-------------------------------------------------------------- 

Preprocessed Model Information:
-------------------------------------------------------------- 
Model type: 	Markov Automaton (sparse)
States: 	1862
Transitions: 	3573
Choices: 	2297
Markovian St.: 	1367
Max. Rate.: 	8
Reward Models:  objective3, objective1, objective2
Labels: 	5
   * underrun -> 464 state(s)
   * deadlock -> 0 state(s)
   * done -> 2 state(s)
   * init -> 1 state(s)
   * running -> 900 state(s)
choice labels: 	no
-------------------------------------------------------------- 

---------------------------------------------------------------------------------------------------------------------------------------

Solving multi-objective query took 4443.007s seconds (consisting of 0.003s seconds for preprocessing and 4443.003s seconds for value iteration-based exploration of achievable points).
Result (initial states): 
Underapproximation of achievable values: Polytope with 190 Halfspaces:
   ( -0.432311,  -0.141282,         -1) * x <= -1.01197
   (-0.0271361,  -0.198334,         -1) * x <= -0.35433
   (        -1,  -0.296539,  -0.465943) * x <= -1.97106
   (        -1,   -0.33724,  -0.516608) * x <= -2.01948
   ( -0.656891,          0,         -1) * x <= -1.2436
   (  -0.58183,          0,         -1) * x <= -1.10951
   (-0.00179617,   -0.81661,         -1) * x <= -0.944481
   (         0,  -0.808407,         -1) * x <= -0.935541
   (        -1,  -0.342298,  -0.591947) * x <= -2.06095
   ( -0.489883,  -0.813039,         -1) * x <= -1.72044
   ( -0.878909,          0,         -1) * x <= -1.63556
   (-0.00938045,  -0.464963,         -1) * x <= -0.636489
   (        -1,          0,  -0.946333) * x <= -1.8426
   (         0,  -0.463776,         -1) * x <= -0.618846
   ( -0.186169,  -0.213464,         -1) * x <= -0.660299
   (         0,  -0.211652,         -1) * x <= -0.321661
   (-0.00221964,  -0.879428,         -1) * x <= -0.986935
   (-0.00213224,   -0.88002,         -1) * x <= -0.987114
   ( -0.384936,  -0.842124,         -1) * x <= -1.57051
   ( -0.581292,   -0.82625,         -1) * x <= -1.87097
   (-0.000686559,  -0.907892,         -1) * x <= -0.998725
   (         0,  -0.710567,         -1) * x <= -0.860736
   (-0.00342377,  -0.732407,         -1) * x <= -0.885107
   (-0.00651206,  -0.728976,         -1) * x <= -0.887566
   ( -0.934028,  -0.812501,         -1) * x <= -2.41572
   ( -0.844776,  -0.811502,         -1) * x <= -2.27625
   (  -0.37206,  -0.867669,         -1) * x <= -1.56209
   ( -0.194129,  -0.902498,         -1) * x <= -1.29875
   ( -0.519142,  -0.896367,         -1) * x <= -1.80173
   (        -1,  -0.519322,  -0.672436) * x <= -2.19181
   ( -0.569904,          0,         -1) * x <= -1.08808
   (        -1,          0,  -0.119485) * x <= -1.63084
   (-0.0137737,  -0.367489,         -1) * x <= -0.535543
   (-0.0198618,  -0.398984,         -1) * x <= -0.581887
   (-0.0276497,  -0.381758,         -1) * x <= -0.576172
   (-0.0284079,  -0.198433,         -1) * x <= -0.356784
   (         0,  -0.635854,         -1) * x <= -0.79031
   (-0.00855725,  -0.616608,         -1) * x <= -0.786516
   (        -1,  -0.304908,  -0.468727) * x <= -1.97648
   (         0,  -0.823677,         -1) * x <= -0.946489
   (        -1,  -0.428772,  -0.602588) * x <= -2.11174
   ( -0.354115,          0,         -1) * x <= -0.695719
   (        -1,  -0.383436,  -0.587344) * x <= -2.08125
   (-0.000741407,         -1,  -0.969235) * x <= -1.01015
   ( -0.027312,  -0.191719,         -1) * x <= -0.346095
   (        -1,  -0.478572,   -0.62358) * x <= -2.14405
   (         0, -0.0141574,         -1) * x <= -0.0433543
   ( -0.413835,  -0.922454,         -1) * x <= -1.64728
   (         0, -0.0579721,         -1) * x <= -0.11084
   (        -1,          0, -2.55673e-07) * x <= -1.53867
   (        -1,          0,  -0.121255) * x <= -1.6319
   (        -1,  -0.768427,  -0.985647) * x <= -2.49137
   (         0,   -0.14683,         -1) * x <= -0.23625
   (         0,  -0.320817,         -1) * x <= -0.456713
   (        -1,  -0.804272,   -0.99797) * x <= -2.51384
   (-0.000684122,         -1,  -0.604299) * x <= -0.727002
   (-0.00892506,          0,         -1) * x <= -0.0382155
   (        -1,          0,  -0.777489) * x <= -1.82239
   (        -1,  -0.447197,  -0.618148) * x <= -2.12907
   (-0.00491631,  -0.318666,         -1) * x <= -0.462958
   ( -0.984534,  -0.865283,         -1) * x <= -2.51199
   (         0,   -0.92953,         -1) * x <= -1.00679
   (        -1,  -0.785649,  -0.960489) * x <= -2.48198
   (        -1,          0,  -0.331703) * x <= -1.7272
   (-0.00113092,         -1,  -0.868394) * x <= -0.934092
   (        -1,          0,  -0.502456) * x <= -1.77401
   (        -1,          0,  -0.424127) * x <= -1.75839
   ( -0.432395,          0,         -1) * x <= -0.838869
   (         0,  -0.170164,         -1) * x <= -0.267558
   (        -1,          0,  -0.441729) * x <= -1.76264
   ( -0.597944,  -0.806554,         -1) * x <= -1.88738
   (         0,         -1,  -0.956207) * x <= -0.9991
   (        -1,  -0.478323,  -0.669955) * x <= -2.17407
   (  -0.13373,          0,         -1) * x <= -0.283055
   (-2.85115e-05,          0,         -1) * x <= -0.0196499
   ( -0.757598,          0,         -1) * x <= -1.42197
   (-0.000623881,  -0.904897,         -1) * x <= -0.997229
   (        -1,          0,  -0.255366) * x <= -1.70123
   ( -0.101738,          0,         -1) * x <= -0.22156
   (         0,         -1,   -0.40867) * x <= -0.571871
   (        -1,          0,  -0.111599) * x <= -1.6256
   (         0,  -0.913353,         -1) * x <= -0.999959
   (         0,    -0.9905,         -1) * x <= -1.02825
   (         0,  -0.974139,         -1) * x <= -1.02293
   (         0, -0.0801901,         -1) * x <= -0.143349
   (         0,         -1,          0) * x <= -0.25
   (        -1,          0,  -0.733555) * x <= -1.81496
   ( -0.066555,          0,         -1) * x <= -0.153266
   (         0,  -0.237065,         -1) * x <= -0.354085
   (         0,  -0.431524,         -1) * x <= -0.583259
   (         0,  -0.692897,         -1) * x <= -0.844493
   (-0.0188697,  -0.228143,         -1) * x <= -0.377234
   (-0.0210682,  -0.153212,         -1) * x <= -0.28407
   (         0,          0,         -1) * x <= -0.0194583
   (-0.0235717,  -0.227916,         -1) * x <= -0.385495
   (-0.0275786,  -0.241507,         -1) * x <= -0.409739
   (        -1,  -0.398687,  -0.966839) * x <= -2.2369
   (-0.0233352, -0.0262358,         -1) * x <= -0.108638
   (         0,  -0.293665,         -1) * x <= -0.424122
   (        -1,          0,  -0.095629) * x <= -1.61379
   (        -1,          0,  -0.107764) * x <= -1.62281
   ( -0.842042,  -0.776524,         -1) * x <= -2.2558
   (        -1,          0,  -0.201011) * x <= -1.67625
   (         0, -0.00409969,         -1) * x <= -0.0266675
   (         0,         -1,  -0.906931) * x <= -0.961643
   (         0,         -1,  -0.670557) * x <= -0.777733
   (        -1,          0,  -0.235707) * x <= -1.69336
   (-0.0082931,          0,         -1) * x <= -0.0369097
   (         0,         -1,  -0.989832) * x <= -1.02386
   (        -1,  -0.311004,  -0.500681) * x <= -1.99757
   (        -1,  -0.699883,  -0.931636) * x <= -2.42817
   ( -0.026527,   -0.29225,         -1) * x <= -0.470048
   (        -1, -0.0641836,  -0.933821) * x <= -1.91084
   (         0,  -0.887102,         -1) * x <= -0.987313
   (         0, -2.76296e-05,         -1) * x <= -0.0196381
   (-0.000337475,  -0.952229,         -1) * x <= -1.01598
   (-0.0837947,  -0.333687,         -1) * x <= -0.619947
   (         0,  -0.957376,         -1) * x <= -1.01721
   (        -1,          0,  -0.224165) * x <= -1.68801
   (         0,  -0.873448,         -1) * x <= -0.979578
   ( -0.011974,  -0.324012,         -1) * x <= -0.481831
   (         0,   -0.40635,         -1) * x <= -0.555138
   ( -0.169952,         -1,  -0.993455) * x <= -1.28935
   (        -1,  -0.123564,  -0.208902) * x <= -1.73366
   (         0, -0.0251566,         -1) * x <= -0.0608612
   ( -0.968338,  -0.764598,         -1) * x <= -2.44821
   (-0.0297385,          0,         -1) * x <= -0.0805328
   (-0.00281416,  -0.635108,         -1) * x <= -0.794413
   (-0.0350272,  -0.128399,         -1) * x <= -0.276788
   (-0.0290119,          0,         -1) * x <= -0.0790737
   ( -0.346746,  -0.867308,         -1) * x <= -1.52238
   (         0, -0.0339751,         -1) * x <= -0.0745601
   (         0, -0.00792325,         -1) * x <= -0.0330973
   (         0, -0.0478632,         -1) * x <= -0.0957106
   ( -0.212139,          0,         -1) * x <= -0.431717
   (-0.00746457,  -0.055527,         -1) * x <= -0.12167
   ( -0.338976,  -0.893054,         -1) * x <= -1.52067
   (-0.0101961,  -0.071233,         -1) * x <= -0.149923
   (         0,   -0.19299,         -1) * x <= -0.297515
   (-0.000454473,  -0.847984,         -1) * x <= -0.964043
   (         0,  -0.119892,         -1) * x <= -0.199498
   ( -0.697474,          0,         -1) * x <= -1.3157
   (        -1,          0,  -0.206985) * x <= -1.67938
   (         0,  -0.116533,         -1) * x <= -0.19487
   (         0,  -0.662867,         -1) * x <= -0.816013
   (        -1,          0, -0.0630341) * x <= -1.58832
   ( -0.037561,  -0.126265,         -1) * x <= -0.278628
   ( -0.419183,  -0.143942,         -1) * x <= -0.991871
   (        -1,          0,  -0.802699) * x <= -1.82602
   (         0,         -1,  -0.811979) * x <= -0.88826
   (         0,  -0.846816,         -1) * x <= -0.962505
   (        -1,  -0.510896,  -0.701321) * x <= -2.20736
   (        -1,          0,  -0.246003) * x <= -1.6977
   ( -0.492518,          0,         -1) * x <= -0.948182
   (-0.00719587,  -0.527665,         -1) * x <= -0.698408
   (         0,   -0.72379,         -1) * x <= -0.872262
   (         0,  -0.367747,         -1) * x <= -0.511512
   (         0,  -0.340851,         -1) * x <= -0.480251
   ( -0.969073,          0,         -1) * x <= -1.79386
   (         0,  -0.944206,         -1) * x <= -1.01239
   (         0,   -0.53391,         -1) * x <= -0.692309
   (         0,   -0.57961,         -1) * x <= -0.736401
   ( -0.271707,          0,         -1) * x <= -0.543291
   (        -1,          0,  -0.115541) * x <= -1.62831
   (        -1,          0,  -0.865457) * x <= -1.83394
   (-0.00850437,  -0.701227,         -1) * x <= -0.866679
   (        -1,  -0.369925,  -0.525268) * x <= -2.03867
   (-0.00032309,  -0.981779,         -1) * x <= -1.02604
   ( -0.170479,          0,         -1) * x <= -0.353051
   ( -0.162872,  -0.929033,         -1) * x <= -1.2602
   (         0, -0.0861913,         -1) * x <= -0.151955
   (  -0.02062, -0.0843055,         -1) * x <= -0.188526
   (         0,   -0.48561,         -1) * x <= -0.642257
   (         0,  -0.519929,         -1) * x <= -0.678156
   (         0,  -0.113891,         -1) * x <= -0.191159
   (         0,   -0.79902,         -1) * x <= -0.928629
   (         0,  -0.732866,         -1) * x <= -0.879656
   ( -0.263088,  -0.858229,         -1) * x <= -1.38698
   (         0,  -0.900548,         -1) * x <= -0.994064
   (         0,  -0.864099,         -1) * x <= -0.973608
   ( -0.353541,          0,         -1) * x <= -0.694663
   ( -0.767913,  -0.218239,         -1) * x <= -1.68167
   (         0,  -0.503725,         -1) * x <= -0.661514
   (        -1,  -0.056401,  -0.982653) * x <= -1.90872
   ( -0.718185,  -0.901293,         -1) * x <= -2.11148
   (-0.0208311,  -0.401342,         -1) * x <= -0.586228
   (         0,  -0.266515,         -1) * x <= -0.390843
   ( -0.816505,  -0.795601,         -1) * x <= -2.22514
   (        -1,          0,          0) * x <= -1.53867
   ( -0.120364,  -0.860048,         -1) * x <= -1.16287

Overapproximation of achievable values: Polytope with 109 Halfspaces:
   (        -1,          0,          0) * x <= -1.53867
   (         0,         -1,          0) * x <= -0.25
   (         0,          0,         -1) * x <= -0.0189387
   (         0,  -0.135471,  -0.864529) * x <= -0.215237
   (         0,  -0.468096,  -0.531904) * x <= -0.522659
   ( -0.747425,          0,  -0.252575) * x <= -1.29218
   ( -0.161856,  -0.470667,  -0.367477) * x <= -0.655374
   ( -0.546171,          0,  -0.453829) * x <= -0.998895
   (         0,  -0.395775,  -0.604225) * x <= -0.488164
   ( -0.385448,          0,  -0.614552) * x <= -0.731286
   ( -0.853474,          0,  -0.146526) * x <= -1.4165
   (         0,  -0.281637,  -0.718363) * x <= -0.386784
   (  -0.65903,          0,   -0.34097) * x <= -1.17059
   (-0.00405628,          0,  -0.995944) * x <= -0.0274646
   ( -0.080317,          0,  -0.919683) * x <= -0.177566
   (         0,  -0.486828,  -0.513172) * x <= -0.520001
   ( -0.286417,          0,  -0.713583) * x <= -0.557729
   (-0.0221923,  -0.466958,   -0.51085) * x <= -0.545307
   ( -0.544391,  -0.188542,  -0.267067) * x <= -1.09205
   (-0.0243548,  -0.403168,  -0.572477) * x <= -0.529569
   ( -0.318504,  -0.288586,   -0.39291) * x <= -0.857053
   (         0,  -0.424102,  -0.575898) * x <= -0.507735
   (         0,  -0.343605,  -0.656395) * x <= -0.447108
   ( -0.905426,          0, -0.0945735) * x <= -1.46703
   (         0, -0.0891762,  -0.910824) * x <= -0.153032
   (         0,  -0.202015,  -0.797985) * x <= -0.298154
   ( -0.801484,          0,  -0.198516) * x <= -1.36103
   (  -0.18968,          0,   -0.81032) * x <= -0.382699
   ( -0.476131,          0,  -0.523869) * x <= -0.88401
   (         0,  -0.505287,  -0.494713) * x <= -0.512971
   ( -0.702839,          0,  -0.297161) * x <= -1.23515
   ( -0.436025,  -0.236537,  -0.327438) * x <= -0.980963
   (         0, -0.0191603,   -0.98084) * x <= -0.0504084
   (-0.00577277,  -0.450635,  -0.543592) * x <= -0.525404
   (-0.00467447,  -0.497096,   -0.49823) * x <= -0.520283
   (         0,  -0.983524, -0.0164757) * x <= -0.25883
   (-0.00685255,  -0.976773, -0.0163746) * x <= -0.267607
   (         0,  -0.906306, -0.0936941) * x <= -0.300231
   (         0,  -0.250388,  -0.749612) * x <= -0.353578
   (-0.0421876,  -0.282121,  -0.675691) * x <= -0.456747
   (-0.00548243,  -0.901284,  -0.093234) * x <= -0.30705
   (         0,  -0.724471,  -0.275529) * x <= -0.397723
   ( -0.131395,          0,  -0.868605) * x <= -0.274426
   ( -0.568207,          0,  -0.431793) * x <= -1.03344
   (         0,   -0.44919,   -0.55081) * x <= -0.51774
   ( -0.341927,          0,  -0.658073) * x <= -0.655793
   ( -0.380188,   -0.27172,  -0.348092) * x <= -0.9218
   (-0.00104681,  -0.516644,  -0.482309) * x <= -0.508524
   (         0,  -0.324896,  -0.675104) * x <= -0.430047
   (         0,  -0.535252,  -0.464748) * x <= -0.498364
   ( -0.665461, -0.0978738,  -0.236665) * x <= -1.22073
   ( -0.604049,  -0.150275,  -0.245677) * x <= -1.15593
   ( -0.252188,  -0.335468,  -0.412343) * x <= -0.788212
   (         0, -0.0639099,   -0.93609) * x <= -0.117378
   (-0.0464656,          0,  -0.953534) * x <= -0.11207
   (         0,  -0.412551,  -0.587449) * x <= -0.500788
   ( -0.237032,          0,  -0.762968) * x <= -0.469087
   ( -0.420972,          0,  -0.579028) * x <= -0.791706
   (-0.00120466,  -0.471541,  -0.527254) * x <= -0.524008
   ( -0.820987,          0,  -0.179013) * x <= -1.38315
   ( -0.213848,  -0.367947,  -0.418205) * x <= -0.745607
   (         0,  -0.475521,  -0.524479) * x <= -0.522472
   (         0,  -0.181102,  -0.818898) * x <= -0.272899
   ( -0.888029,          0,  -0.111971) * x <= -1.4514
   (-0.00223631,  -0.722786,  -0.274977) * x <= -0.400309
   (         0,  -0.463124,  -0.536876) * x <= -0.521831
   (-0.0261847,  -0.202885,  -0.770931) * x <= -0.344781
   ( -0.689607,          0,  -0.310393) * x <= -1.21637
   ( -0.457082,  -0.242489,  -0.300429) * x <= -0.998148
   (-0.00749309,  -0.347494,  -0.645013) * x <= -0.461799
   (-0.0258679,  -0.324431,  -0.649701) * x <= -0.470734
   ( -0.412101,  -0.243533,  -0.344366) * x <= -0.955795
   (         0,  -0.235033,  -0.764967) * x <= -0.336494
   (-0.00460603,  -0.152517,  -0.842877) * x <= -0.245476
   (         0, -0.0388321,  -0.961168) * x <= -0.0805709
   ( -0.503284,          0,  -0.496716) * x <= -0.929016
   ( -0.015053,          0,  -0.984947) * x <= -0.0498665
   (         0,  -0.623342,  -0.376658) * x <= -0.451928
   (-0.0307748,  -0.239265,   -0.72996) * x <= -0.393437
   ( -0.617178,  -0.138091,  -0.244731) * x <= -1.16998
   ( -0.313608,  -0.317817,  -0.368575) * x <= -0.848923
   (-0.0159576,   -0.39151,  -0.592532) * x <= -0.508756
   (-0.00356443,  -0.461854,  -0.534582) * x <= -0.525738
   ( -0.253754,  -0.338535,  -0.407711) * x <= -0.789415
   (-0.00572588,  -0.440966,  -0.553308) * x <= -0.521856
   ( -0.156775,  -0.384747,  -0.458478) * x <= -0.687918
   (         0,  -0.421608,  -0.578392) * x <= -0.50656
   (         0,  -0.120513,  -0.879487) * x <= -0.195554
   (-0.000368986,  -0.491238,  -0.508393) * x <= -0.51889
   ( -0.160072,          0,  -0.839928) * x <= -0.32797
   ( -0.535782,  -0.188732,  -0.275486) * x <= -1.08437
   ( -0.423353,  -0.252068,  -0.324578) * x <= -0.966078
   ( -0.230385,  -0.105354,  -0.664261) * x <= -0.584649
   (         0,  -0.295409,  -0.704591) * x <= -0.400912
   ( -0.277195,  -0.346918,  -0.375886) * x <= -0.806892
   (         0,  -0.168164,  -0.831836) * x <= -0.256912
   (-0.0184301,  -0.317714,  -0.663856) * x <= -0.452819
   ( -0.104832,          0,  -0.895168) * x <= -0.224314
   ( -0.316034,          0,  -0.683966) * x <= -0.610258
   ( -0.502295,  -0.203859,  -0.293845) * x <= -1.04997
   ( -0.275381,  -0.319549,   -0.40507) * x <= -0.812547
   (         0,  -0.495415,  -0.504585) * x <= -0.51705
   (-0.000472277,   -0.48415,  -0.515378) * x <= -0.521189
   ( -0.315746,   -0.07538,  -0.608874) * x <= -0.69602
   (         0, -0.00578144,  -0.994219) * x <= -0.0288647
   ( -0.372932,  -0.271829,  -0.355239) * x <= -0.914802
   ( -0.204556,  -0.368785,  -0.426659) * x <= -0.73699
   (         0,  -0.378534,  -0.621466) * x <= -0.474836
   ( -0.137085,  -0.399834,  -0.463081) * x <= -0.666995

95 pareto optimal points found (Note that these points are safe, i.e., contained in the underapproximation, but there is no guarantee for optimality):
   (1.902964404, 1.415294153, 0.0299694369 )
   (1.732770555, 0.6424626799, 0.4184567335 )
   (1.888314237, 1.405083631, 0.03113232548 )
   (1.873046119, 1.377289181, 0.03437128551 )
   (1.924756451, 0.3659311275, 0.6668772444 )
   (1.84973879, 1.334067929, 0.04070404866 )
   (6.721724128, 6.507490665, 0.01945828116 )
   (1.922188675, 1.464539607, 0.02600037116 )
   (1.724740816, 1.063799588, 0.1261732107 )
   (1.690991412, 0.9811944932, 0.1689985697 )
   (2.066329222, 1.681617869, 0.01977342762 )
   (1.977098229, 0.2506265709, 0.7860716803 )
   (1.784163459, 1.174859766, 0.07979882922 )
   (1.875242319, 1.364344107, 0.03592329912 )
   (1.863336619, 1.341717734, 0.0392455269 )
   (1.53867254, 0000000.25, 0.9999980869 )
   (1.930133389, 1.463157885, 0.02601779022 )
   (1.941107124, 1.496659212, 0.02407564738 )
   (2.007904601, 1.591653053, 0.02082061682 )
   (1.965448329, 1.522922432, 0.02281860514 )
   (1.816983771, 1.248173565, 0.05818656272 )
   (1.615288633, 0.740933417, 0.3373976935 )
   (1.544464085, 0.3055187849, 0.7270489092 )
   (1.538672594, 0000000.25, 0.787604874 )
   (1.96115893, 0.2950954944, 0.7362468004 )
   (1.542705939, 0.28866438, 0.7433636976 )
   (1.839764162, 1.312422767, 0.04423048966 )
   (1.684989125, 0.9648215429, 0.1771810272 )
   (1.679872595, 0.9483779259, 0.1873640683 )
   (1.539054332, 0.253659398, 0.781548834 )
   (1.710555467, 0.9514884117, 0.1853022289 )
   (1.712410995, 0.9584790508, 0.1808571997 )
   (1.710311791, 1.027076923, 0.1441488425 )
   (1.818134966, 1.272052387, 0.0527170572 )
   (2.088400965, 1.726265968, 0.01959038437 )
   (1.761075712, 1.117093314, 0.1012064268 )
   (1.765898251, 1.13009543, 0.09592301069 )
   (1.541229295, 0.272244157, 0.760144707 )
   (1.767597374, 1.167703652, 0.08284286881 )
   (1.554137046, 0.3982454271, 0.6419798234 )
   (1.559384393, 0.4485473788, 0.5980633582 )
   (1.575377834, 0.5496275172, 0.5024717906 )
   (1.795300004, 1.200316908, 0.07163175446 )
   (1.584188144, 0.5918562504, 0.4631690689 )
   (1.576994866, 0.5353123456, 0.5126653441 )
   (1.864533876, 0.460436766, 0.5794182321 )
   (1.578708057, 0.5638593908, 0.4886162145 )
   (1.724908663, 1.063011608, 0.1260476281 )
   (1.70279047, 0.716956242, 0.3559487896 )
   (001.776519, 1.184952281, 0.0766202711 )
   (1.755729291, 1.139984216, 0.0924290589 )
   (1.560779294, 0.4498104667, 0.5942657775 )
   (1.786413072, 1.206770229, 0.07012094495 )
   (1.567918759, 0.4666443482, 0.5739860603 )
   (1.726196702, 1.012300613, 0.1518314738 )
   (1.565370345, 0.4709284982, 0.5723355125 )
   (1.830089435, 1.275890362, 0.05161587346 )
   (1.55803565, 0.411936731, 0.6257679886 )
   (1.605108976, 0.6921314298, 0.3763964229 )
   (1.838899697, 1.293840889, 0.04781660113 )
   (1.766502687, 1.162301413, 0.08407935233 )
   (1.947321367, 0.3246977526, 0.7066338391 )
   (1.546785043, 0.3098594495, 0.7213311788 )
   (1.564479661, 0.4973915393, 0.5560422271 )
   (1.553319872, 0.3632944243, 0.66969456 )
   (1.745177223, 1.072219788, 0.1215760401 )
   (1.74853623, 1.122245967, 0.09939965968 )
   (1.973692431, 0.260734055, 0.7728359717 )
   (1.788098423, 0.5664818793, 0.484785397 )
   (1.828704025, 1.293569728, 0.04814705232 )
   (1.568402186, 0.5050273607, 0.5434647525 )
   (1.562549097, 0.4359701366, 0.6024519705 )
   (1.574220185, 0.5020841855, 0.5419127163 )
   (1.570162431, 0.4943971621, 0.5497510677 )
   (1.548880739, 0.3478575042, 0.6874729391 )
   (1.562740911, 0.4224926295, 0.6140746161 )
   (1.656016029, 0.8716490982, 0.2413713161 )
   (1.55206561, 0.3673611237, 0.6676739894 )
   (1.701382073, 0.8146802591, 0.2826047821 )
   (1.904693332, 1.434198707, 0.02834002931 )
   (1.708350544, 0.9193047212, 0.2075088114 )
   (1.760633663, 1.15167044, 0.08811856049 )
   (1.691402822, 0.7402889402, 0.3371236536 )
   (1.593929617, 0.6385469044, 0.4218403497 )
   (1.558178292, 0.3991838889, 0.6359964495 )
   (1.557018638, 0.3813986147, 0.6522727511 )
   (1.741234143, 1.103399019, 0.1071158496 )
   (1.548069885, 0.3283391742, 0.7037527778 )
   (1.975563768, 1.553421785, 0.02178238577 )
   (2.034078277, 1.645289106, 0.02006126939 )
   (1.551316574, 0.3414454322, 0.6903192689 )
   (1.570876863, 0.5280567122, 0.5242171436 )
   (1.61432962, 0.736327557, 0.3402888787 )
   (1.796656578, 1.225756773, 0.06416096854 )
   (1.807839701, 1.250869477, 0.05778766213 )


Time for model checking: 4443.007s.

Performance statistics:
  * peak memory usage: 214MB
  * CPU time: 4441.808s
  * wallclock time: 4443.088s

real	74m3.107s
user	74m1.812s
sys	0m0.596s
