Storm 1.0.0

Command line arguments: --prism models/ma/stream/stream.ma --prop models/ma/stream/stream4.csl -const N=30 --multiobjective:precision 0.01 -stats -tm 
Current working directory: /home/storm/Desktop

Time for model construction: 0.076s.

-------------------------------------------------------------- 
Model type: 	Markov Automaton (sparse)
States: 	1426
Transitions: 	2731
Choices: 	1861
Markovian St.: 	931
Max. Rate.: 	8
Reward Models:  buffering
Labels: 	5
   * deadlock -> 0 state(s)
   * done -> 1 state(s)
   * running -> 465 state(s)
   * underrun -> 464 state(s)
   * init -> 1 state(s)
choice labels: 	no
-------------------------------------------------------------- 

Time for model preprocessing: 0.000s.


Model checking property multi(R[exp]{"buffering"}min=? [F "done"], T[exp]min=? [F "running"], Pmin=? [true U<=2 "underrun"]) ...
Preprocessing done in 0.003s seconds.
 Result: 
---------------------------------------------------------------------------------------------------------------------------------------
                                                       Multi-objective Query                                              
---------------------------------------------------------------------------------------------------------------------------------------

Original Formula: 
--------------------------------------------------------------
	multi(R[exp]{"buffering"}min=? [F "done"], T[exp]min=? [F "running"], Pmin=? [true U<=2 "underrun"])

Objectives:
--------------------------------------------------------------
R[exp]{"buffering"}min=? [F "done"] 	(toOrigVal:0-1*x +000, 	intern threshold:   none, 	intern reward model: objective1 (negative), 	time bounds: none)
00000T[exp]min=? [F "running"] 	(toOrigVal:0-1*x +000, 	intern threshold:   none, 	intern reward model: objective2 (negative), 	time bounds: none)
0Pmin=? [true U<=2 "underrun"] 	(toOrigVal:0-1*x +000, 	intern threshold:   none, 	intern reward model: objective3 (negative), 	time bounds:<=00002)
--------------------------------------------------------------

Original Model Information:
-------------------------------------------------------------- 
Model type: 	Markov Automaton (sparse)
States: 	1426
Transitions: 	2731
Choices: 	1861
Markovian St.: 	931
Max. Rate.: 	8
Reward Models:  buffering
Labels: 	5
   * deadlock -> 0 state(s)
   * done -> 1 state(s)
   * running -> 465 state(s)
   * underrun -> 464 state(s)
   * init -> 1 state(s)
choice labels: 	no
-------------------------------------------------------------- 

Preprocessed Model Information:
-------------------------------------------------------------- 
Model type: 	Markov Automaton (sparse)
States: 	1862
Transitions: 	3573
Choices: 	2297
Markovian St.: 	1367
Max. Rate.: 	8
Reward Models:  objective3, objective1, objective2
Labels: 	5
   * underrun -> 464 state(s)
   * deadlock -> 0 state(s)
   * done -> 2 state(s)
   * init -> 1 state(s)
   * running -> 900 state(s)
choice labels: 	no
-------------------------------------------------------------- 

---------------------------------------------------------------------------------------------------------------------------------------

Solving multi-objective query took 118.579s seconds (consisting of 0.003s seconds for preprocessing and 118.576s seconds for value iteration-based exploration of achievable points).
Result (initial states): 
Underapproximation of achievable values: Polytope with 53 Halfspaces:
   (-0.0180859,  -0.381387,         -1) * x <= -0.565009
   ( -0.216639,  -0.369518,         -1) * x <= -0.900329
   (  -0.11911,  -0.294358,         -1) * x <= -0.643006
   (        -1,          0,  -0.157054) * x <= -1.65556
   ( -0.281959,          0,         -1) * x <= -0.567488
   (        -1,          0,  -0.669284) * x <= -1.80935
   (         0, -0.0195597,         -1) * x <= -0.058027
   (         0,  -0.186735,         -1) * x <= -0.29451
   (-0.0158627,  -0.709633,         -1) * x <= -0.892842
   (         0,  -0.215555,         -1) * x <= -0.332542
   (        -1,          0,  -0.237996) * x <= -1.69676
   (         0,   -0.98462,         -1) * x <= -1.03365
   (-0.0236747,  -0.871679,         -1) * x <= -1.02642
   (        -1,          0,  -0.432102) * x <= -1.76333
   (-0.0304898,          0,         -1) * x <= -0.0879369
   (         0, -2.74888e-05,         -1) * x <= -0.0243104
   (         0,  -0.132943,         -1) * x <= -0.222301
   (         0,  -0.116424,         -1) * x <= -0.199418
   (         0,         -1,          0) * x <= -0.25
   (         0,         -1,  -0.887515) * x <= -0.954037
   (-2.83664e-05,          0,         -1) * x <= -0.0243222
   ( -0.432227,          0,         -1) * x <= -0.844297
   (        -1,          0,          0) * x <= -1.53867
   ( -0.147328,          0,         -1) * x <= -0.314736
   (         0,          0,         -1) * x <= -0.0241315
   (         0,  -0.388455,         -1) * x <= -0.541045
   (         0, -0.0723609,         -1) * x <= -0.137055
   (-0.000713485,  -0.984984,         -1) * x <= -1.03516
   (         0,  -0.284265,         -1) * x <= -0.418643
   (         0,         -1, -0.0204178) * x <= -0.270418
   (         0,  -0.948724,         -1) * x <= -1.02043
   (        -1,  -0.079766,  -0.214631) * x <= -1.72862
   (         0,  -0.494624,         -1) * x <= -0.657727
   (        -1, -0.0833227,  -0.219778) * x <= -1.73338
   (         0,  -0.731421,         -1) * x <= -0.88436
   (         0,  -0.847161,         -1) * x <= -0.97003
   (-0.0856285,  -0.105579,         -1) * x <= -0.345151
   (-0.0243014,  -0.711897,         -1) * x <= -0.909159
   (        -1,          0,  -0.121628) * x <= -1.63501
   (-0.00861466,         -1,  -0.976817) * x <= -1.0377
   (  -0.11553, -0.0181856,         -1) * x <= -0.280231
   ( -0.605937,          0,         -1) * x <= -1.15853
   (        -1,          0,  -0.881986) * x <= -1.84282
   (-0.0212699,   -0.88287,         -1) * x <= -1.02879
   (  -0.76817,          0,         -1) * x <= -1.44691
   (-0.0052985,  -0.659898,         -1) * x <= -0.827988
   (         0,   -0.90372,         -1) * x <= -1.00352
   (-0.0551156,  -0.548303,         -1) * x <= -0.805947
   (        -1,          0, -0.00213017) * x <= -1.5408
   (         0,   -0.53773,         -1) * x <= -0.701333
   (         0,  -0.710252,         -1) * x <= -0.866323
   (         0,  -0.661128,         -1) * x <= -0.820093
   (-0.0583526,  -0.265785,         -1) * x <= -0.50104

Overapproximation of achievable values: Polytope with 32 Halfspaces:
   (        -1,          0,          0) * x <= -1.53867
   (         0,         -1,          0) * x <= -0.25
   (         0,          0,         -1) * x <= -0.0189354
   (         0,  -0.134912,  -0.865088) * x <= -0.21448
   (         0,  -0.466748,  -0.533252) * x <= -0.52247
   ( -0.746316,          0,  -0.253684) * x <= -1.2907
   ( -0.167471,  -0.462488,  -0.370041) * x <= -0.663921
   ( -0.553712,          0,  -0.446288) * x <= -1.01084
   (         0,  -0.250352,  -0.749648) * x <= -0.353493
   (         0,  -0.407694,  -0.592306) * x <= -0.497165
   ( -0.339256,          0,  -0.660744) * x <= -0.65108
   ( -0.851467,          0,  -0.148533) * x <= -1.41442
   ( -0.294075,   -0.22958,  -0.476344) * x <= -0.800639
   ( -0.392442,   -0.25493,  -0.352628) * x <= -0.935195
   (-0.00404016,          0,   -0.99596) * x <= -0.0274271
   (         0,  -0.486458,  -0.513542) * x <= -0.520081
   (-0.0801437,          0,  -0.919856) * x <= -0.17722
   (         0,  -0.309918,  -0.690082) * x <= -0.415431
   ( -0.448212, -0.0116034,  -0.540184) * x <= -0.849663
   ( -0.014563,   -0.42464,  -0.560796) * x <= -0.526516
   ( -0.253458,          0,  -0.746542) * x <= -0.4987
   ( -0.698274,          0,  -0.301726) * x <= -1.2289
   (-0.0137076,   -0.47766,  -0.508632) * x <= -0.53489
   ( -0.781309, -0.0565901,  -0.162101) * x <= -1.34034
   (         0, -0.0890569,  -0.910943) * x <= -0.152845
   (-0.0188729,  -0.332197,   -0.64893) * x <= -0.466541
   (         0,  -0.507339,  -0.492661) * x <= -0.512034
   ( -0.401222,          0,  -0.598778) * x <= -0.758215
   ( -0.891561,          0,  -0.108439) * x <= -1.45491
   (         0,  -0.362775,  -0.637225) * x <= -0.46246
   (         0,  -0.419294,  -0.580706) * x <= -0.505191
   ( -0.180962,          0,  -0.819038) * x <= -0.366618

26 pareto optimal points found (Note that these points are safe, i.e., contained in the underapproximation, but there is no guarantee for optimality):
   (1.556136307, 0.3756479258, 0.6640428943 )
   (1.539123281, 0.2543203587, 0.788399964 )
   (1.877364692, 1.385198102, 0.038148037 )
   (1.842098384, 1.319618019, 0.04809168929 )
   (2.08836456, 1.726203401, 0.02426297946 )
   (1.713462536, 0.9624089713, 0.1838170691 )
   (1.757169252, 1.143507906, 0.09710980034 )
   (1.784126935, 1.174800665, 0.08468760243 )
   (1.679505812, 0.9472504204, 0.1940000907 )
   (1.777628025, 1.188619507, 0.08139399481 )
   (1.704025465, 1.01160212, 0.1573644545 )
   (1.615134525, 0.7401863719, 0.3429726696 )
   (1.754510289, 1.099024236, 0.1141233721 )
   (1.941142959, 1.496713321, 0.02875174298 )
   (1.86368585, 1.342395186, 0.04383840603 )
   (1.705037285, 0.8520898363, 0.2611241722 )
   (1.564479528, 0.49739034, 0.5799257046 )
   (1.808924185, 1.25309764, 0.06243048575 )
   (01.9627587, 0.2905901441, 0.7475332996 )
   (1.575615007, 0.5507641566, 0.5090236527 )
   (1.923089604, 0.3684272518, 0.6708933245 )
   (1.768399997, 0.5921900455, 0.4683494496 )
   (1.708513142, 0.9410889381, 0.197912347 )
   (6.721724128, 6.507490665, 0.02413154763 )
   (1.53867254, 0000000.25, 0.9999980869 )
   (1.902972024, 1.415312791, 0.03464196099 )


Time for model checking: 118.579s.

Performance statistics:
  * peak memory usage: 214MB
  * CPU time: 118.600s
  * wallclock time: 118.660s

real	1m58.677s
user	1m58.600s
sys	0m0.064s
