Storm 1.0.0

Command line arguments: --prism models/ma/stream/stream.ma --prop models/ma/stream/stream1.csl -const N=30 --multiobjective:precision 0.01 -stats -tm 
Current working directory: /home/storm/Desktop

Time for model construction: 0.077s.

-------------------------------------------------------------- 
Model type: 	Markov Automaton (sparse)
States: 	1426
Transitions: 	2731
Choices: 	1861
Markovian St.: 	931
Max. Rate.: 	8
Reward Models:  numrestarts, buffering
Labels: 	3
   * deadlock -> 0 state(s)
   * init -> 1 state(s)
   * done -> 1 state(s)
choice labels: 	no
-------------------------------------------------------------- 

Time for model preprocessing: 0.000s.


Model checking property multi(R[exp]{"buffering"}min=? [F "done"], R[exp]{"numrestarts"}min=? [F "done"]) ...
Preprocessing done in 0.002s seconds.
 Result: 
---------------------------------------------------------------------------------------------------------------------------------------
                                                       Multi-objective Query                                              
---------------------------------------------------------------------------------------------------------------------------------------

Original Formula: 
--------------------------------------------------------------
	multi(R[exp]{"buffering"}min=? [F "done"], R[exp]{"numrestarts"}min=? [F "done"])

Objectives:
--------------------------------------------------------------
R[exp]{"buffering"}min=? [F "done"] 	(toOrigVal:0-1*x +000, 	intern threshold:   none, 	intern reward model: objective1 (negative), 	time bounds: none)
R[exp]{"numrestarts"}min=? [F "done"] 	(toOrigVal:0-1*x +000, 	intern threshold:   none, 	intern reward model: objective2 (negative), 	time bounds: none)
--------------------------------------------------------------

Original Model Information:
-------------------------------------------------------------- 
Model type: 	Markov Automaton (sparse)
States: 	1426
Transitions: 	2731
Choices: 	1861
Markovian St.: 	931
Max. Rate.: 	8
Reward Models:  numrestarts, buffering
Labels: 	3
   * deadlock -> 0 state(s)
   * init -> 1 state(s)
   * done -> 1 state(s)
choice labels: 	no
-------------------------------------------------------------- 

Preprocessed Model Information:
-------------------------------------------------------------- 
Model type: 	Markov Automaton (sparse)
States: 	1426
Transitions: 	2731
Choices: 	1861
Markovian St.: 	931
Max. Rate.: 	8
Reward Models:  objective1, objective2
Labels: 	3
   * init -> 1 state(s)
   * done -> 1 state(s)
   * deadlock -> 0 state(s)
choice labels: 	no
-------------------------------------------------------------- 

---------------------------------------------------------------------------------------------------------------------------------------

Solving multi-objective query took 0.228s seconds (consisting of 0.002s seconds for preprocessing and 0.226s seconds for value iteration-based exploration of achievable points).
Result (initial states): 
Underapproximation of achievable values: Polytope with 21 Halfspaces:
   ( -0.676385,         -1) * x <= -1.9234
   (        -1,  -0.102778) * x <= -1.89102
   (        -1, -0.0638995) * x <= -1.79489
   (        -1, -0.0396049) * x <= -1.72779
   (         0,         -1) * x <= -0.0434117
   (        -1, -0.0299414) * x <= -1.69301
   (-0.00148587,         -1) * x <= -0.0533993
   (        -1,  -0.353225) * x <= -2.22297
   ( -0.139403,         -1) * x <= -0.54748
   ( -0.334996,         -1) * x <= -1.09144
   (        -1,          0) * x <= -1.53867
   (        -1,  -0.215962) * x <= -2.0697
   ( -0.474005,         -1) * x <= -1.44258
   (        -1,  -0.919142) * x <= -2.60703
   (-0.0254938,         -1) * x <= -0.157943
   (-0.0665097,         -1) * x <= -0.309647
   ( -0.236922,         -1) * x <= -0.828191
   (        -1,  -0.471509) * x <= -2.32042
   (        -1,  -0.626061) * x <= -2.43544
   (        -1,  -0.162415) * x <= -1.98891
   ( -0.839579,         -1) * x <= -2.28866

Overapproximation of achievable values: Polytope with 20 Halfspaces:
   (        -1,          0) * x <= -1.53867
   (         0,         -1) * x <= -0.0434117
   ( -0.496514,  -0.503486) * x <= -1.31503
   ( -0.876226,  -0.123774) * x <= -1.7123
   (-0.0802236,  -0.919776) * x <= -0.34696
   ( -0.713822,  -0.286178) * x <= -1.61485
   ( -0.245798,  -0.754202) * x <= -0.804761
   ( -0.950324,  -0.049676) * x <= -1.67521
   ( -0.338429,  -0.661571) * x <= -1.01339
   ( -0.795907,  -0.204093) * x <= -1.68325
   ( -0.585989,  -0.414011) * x <= -1.45475
   (-0.0140329,  -0.985967) * x <= -0.107377
   ( -0.146872,  -0.853128) * x <= -0.547505
   (  -0.96775, -0.0322497) * x <= -1.6502
   ( -0.915135, -0.0848646) * x <= -1.70781
   ( -0.040187,  -0.959813) * x <= -0.20973
   ( -0.414554,  -0.585446) * x <= -1.1676
   (  -0.63514,   -0.36486) * x <= -1.52245
   ( -0.831651,  -0.168349) * x <= -1.70428
   ( -0.287103,  -0.712897) * x <= -0.900053

20 pareto optimal points found (Note that these points are safe, i.e., contained in the underapproximation, but there is no guarantee for optimality):
   (1.969495368, 0.744254848 )
   (3.698661355, 0.06364997139 )
   (2.068921006, 0.585443315 )
   (1.74386241, 1.508762302 )
   (2.52605132, 0.2452211917 )
   (2.878508831, 0.1462074241 )
   (2.684184497, 0.1922472065 )
   (1.722320535, 1.641396979 )
   (3.262760193, 0.092641632 )
   (1.636905105, 2.472466784 )
   (2.238214178, 0.409500005 )
   (2.205029456, 0.4373611864 )
   (4.354545156, 0.04692899635 )
   (2.375789852, 0.3164458328 )
   (1.931958883, 0.8238640329 )
   (1.538671301, 5.154690105 )
   (1.618408614, 2.761929063 )
   (1.828549974, 1.116620751 )
   (1.585233479, 3.599580405 )
   (6.721723861, 0.04341167443 )


Time for model checking: 0.228s.

Performance statistics:
  * peak memory usage: 214MB
  * CPU time: 0.240s
  * wallclock time: 0.309s

real	0m0.324s
user	0m0.240s
sys	0m0.076s
