Storm 1.0.0

Command line arguments: --prism models/ma/stream/stream.ma --prop models/ma/stream/stream4.csl -const N=250 --multiobjective:precision 0.01 -stats -tm 
Current working directory: /home/storm/Desktop

Time for model construction: 0.356s.

-------------------------------------------------------------- 
Model type: 	Markov Automaton (sparse)
States: 	94376
Transitions: 	187751
Choices: 	125501
Markovian St.: 	62751
Max. Rate.: 	8
Reward Models:  buffering
Labels: 	5
   * deadlock -> 0 state(s)
   * done -> 1 state(s)
   * running -> 31375 state(s)
   * underrun -> 31374 state(s)
   * init -> 1 state(s)
choice labels: 	no
-------------------------------------------------------------- 

Time for model preprocessing: 0.000s.


Model checking property multi(R[exp]{"buffering"}min=? [F "done"], T[exp]min=? [F "running"], Pmin=? [true U<=2 "underrun"]) ...
Preprocessing done in 0.251s seconds.
 Result: 
---------------------------------------------------------------------------------------------------------------------------------------
                                                       Multi-objective Query                                              
---------------------------------------------------------------------------------------------------------------------------------------

Original Formula: 
--------------------------------------------------------------
	multi(R[exp]{"buffering"}min=? [F "done"], T[exp]min=? [F "running"], Pmin=? [true U<=2 "underrun"])

Objectives:
--------------------------------------------------------------
R[exp]{"buffering"}min=? [F "done"] 	(toOrigVal:0-1*x +000, 	intern threshold:   none, 	intern reward model: objective1 (negative), 	time bounds: none)
00000T[exp]min=? [F "running"] 	(toOrigVal:0-1*x +000, 	intern threshold:   none, 	intern reward model: objective2 (negative), 	time bounds: none)
0Pmin=? [true U<=2 "underrun"] 	(toOrigVal:0-1*x +000, 	intern threshold:   none, 	intern reward model: objective3 (negative), 	time bounds:<=00002)
--------------------------------------------------------------

Original Model Information:
-------------------------------------------------------------- 
Model type: 	Markov Automaton (sparse)
States: 	94376
Transitions: 	187751
Choices: 	125501
Markovian St.: 	62751
Max. Rate.: 	8
Reward Models:  buffering
Labels: 	5
   * deadlock -> 0 state(s)
   * done -> 1 state(s)
   * running -> 31375 state(s)
   * underrun -> 31374 state(s)
   * init -> 1 state(s)
choice labels: 	no
-------------------------------------------------------------- 

Preprocessed Model Information:
-------------------------------------------------------------- 
Model type: 	Markov Automaton (sparse)
States: 	125502
Transitions: 	249753
Choices: 	156627
Markovian St.: 	93877
Max. Rate.: 	8
Reward Models:  objective3, objective1, objective2
Labels: 	5
   * underrun -> 31374 state(s)
   * deadlock -> 0 state(s)
   * done -> 2 state(s)
   * init -> 1 state(s)
   * running -> 62500 state(s)
choice labels: 	no
-------------------------------------------------------------- 

---------------------------------------------------------------------------------------------------------------------------------------

Solving multi-objective query took 7028.422s seconds (consisting of 0.251s seconds for preprocessing and 7028.168s seconds for value iteration-based exploration of achievable points).
Result (initial states): 
Underapproximation of achievable values: Polytope with 49 Halfspaces:
   ( -0.401378,  -0.404711,         -1) * x <= -2.37848
   ( -0.110629,  -0.689661,         -1) * x <= -1.34702
   (         0,  -0.720531,         -1) * x <= -0.875263
   (         0,  -0.454763,         -1) * x <= -0.6143
   (        -1,          0, -0.0481311) * x <= -4.49624
   ( -0.631102, -0.0938381,         -1) * x <= -3.05384
   (-0.00860687,         -1,  -0.912212) * x <= -1.01345
   (-0.00316383,  -0.847143,         -1) * x <= -0.984314
   (        -1,          0,  -0.159681) * x <= -4.53825
   (         0,  -0.508197,         -1) * x <= -0.671578
   (         0,  -0.363809,         -1) * x <= -0.512478
   (        -1,  -0.128804,  -0.750161) * x <= -4.75801
   (         0,   -0.69274,         -1) * x <= -0.850224
   (         0,  -0.846543,         -1) * x <= -0.969602
   (-0.0146954,         -1, -0.0271223) * x <= -0.342635
   (         0,         -1,  -0.913302) * x <= -0.974596
   (        -1,          0,  -0.062767) * x <= -4.50528
   ( -0.938509, -0.00829645,         -1) * x <= -4.34465
   (        -1,          0,  -0.547798) * x <= -4.58878
   (-0.0981602,  -0.755892,         -1) * x <= -1.34518
   ( -0.568122,  -0.609142,         -1) * x <= -3.33649
   (         0,          0,         -1) * x <= -0.0241315
   (         0, -0.000169302,         -1) * x <= -0.028021
   (-0.000169253,          0,         -1) * x <= -0.028544
   (         0,         -1,          0) * x <= -0.25
   (         0,  -0.283808,         -1) * x <= -0.417586
   (        -1,          0,          0) * x <= -4.45807
   (-0.0556208,  -0.871834,         -1) * x <= -1.23701
   ( -0.255758,          0,         -1) * x <= -1.20588
   (         0,   -0.12684,         -1) * x <= -0.214716
   (         0,  -0.534556,         -1) * x <= -0.698586
   (        -1,          0, -0.00102671) * x <= -4.4591
   ( -0.982571,          0,         -1) * x <= -4.53478
   (        -1, -0.00254676,  -0.555961) * x <= -4.59253
   (        -1,          0,  -0.355004) * x <= -4.57033
   ( -0.551865,          0,         -1) * x <= -2.56445
   (         0,         -1, -0.0161933) * x <= -0.266193
   ( -0.499788,   -0.53898,         -1) * x <= -2.96055
   (         0, -0.0660901,         -1) * x <= -0.127973
   (        -1,          0,  -0.233985) * x <= -4.55207
   (-0.0420057,         -1,  -0.994722) * x <= -1.22742
   (         0,  -0.895139,         -1) * x <= -0.998483
   (        -1,          0,  -0.127342) * x <= -4.52901
   (         0,  -0.954175,         -1) * x <= -1.02358
   (         0,  -0.110779,         -1) * x <= -0.192575
   (         0,  -0.734274,         -1) * x <= -0.886505
   (         0,  -0.205202,         -1) * x <= -0.318629
   (        -1, -0.0953647,  -0.595032) * x <= -4.70425
   (        -1, -0.0296071,   -0.66969) * x <= -4.63383

Overapproximation of achievable values: Polytope with 29 Halfspaces:
   (        -1,          0,          0) * x <= -4.45807
   (         0,         -1,          0) * x <= -0.25
   (         0,          0,         -1) * x <= -0.0189354
   (         0, -0.0411768,  -0.958823) * x <= -0.0840687
   (         0,  -0.434327,  -0.565673) * x <= -0.511805
   (         0,  -0.572708,  -0.427292) * x <= -0.478826
   ( -0.765414,          0,  -0.234586) * x <= -3.49057
   ( -0.374589,  -0.341301,  -0.284109) * x <= -1.97833
   (         0,  -0.193742,  -0.806258) * x <= -0.288211
   ( -0.791784, -0.0559393,  -0.152276) * x <= -3.64316
   (         0,  -0.378007,  -0.621993) * x <= -0.474367
   (-0.00352986,  -0.477211,  -0.519259) * x <= -0.535845
   (         0,  -0.499993,  -0.500007) * x <= -0.515205
   ( -0.393269,          0,  -0.606731) * x <= -1.8195
   ( -0.848589,          0,  -0.151411) * x <= -3.85234
   (         0,  -0.292998,  -0.707002) * x <= -0.398406
   (  -0.31528,  -0.295962,  -0.388757) * x <= -1.76354
   (         0,  -0.466635,  -0.533365) * x <= -0.522455
   (  -0.94094,          0,   -0.05906) * x <= -4.23579
   ( -0.678434,          0,  -0.321566) * x <= -3.10449
   (-0.0768837,  -0.384267,  -0.538849) * x <= -0.810317
   ( -0.576135,    -0.1001,  -0.323765) * x <= -2.75108
   ( -0.223846,  -0.243588,  -0.532566) * x <= -1.33774
   (         0,  -0.145893,  -0.854107) * x <= -0.228692
   ( -0.276089,          0,  -0.723911) * x <= -1.28618
   (         0,  -0.243596,  -0.756404) * x <= -0.346041
   (         0,  -0.414908,  -0.585092) * x <= -0.502374
   (         0,  -0.324967,  -0.675033) * x <= -0.430062
   ( -0.537654,          0,  -0.462346) * x <= -2.47294

24 pareto optimal points found (Note that these points are safe, i.e., contained in the underapproximation, but there is no guarantee for optimality):
   (4.58811267, 1.445592768, 0.03243389485 )
   (4.606370481, 1.516247611, 0.02776431043 )
   (4.568025306, 1.326053541, 0.04651978691 )
   (4.51676877, 1.024632637, 0.1508631971 )
   (4.534896669, 1.119498448, 0.1051938398 )
   (4.508563189, 0.9671764965, 0.185931982 )
   (4.466498346, 0.4251160503, 0.61794531 )
   (4.606757839, 0.30927674, 0.7284763088 )
   (4.458285708, 0.2557310597, 0.7885758716 )
   (4.536341041, 1.163398854, 0.09573062275 )
   (4.517353242, 0.9586153183, 0.1861531289 )
   (4.515748255, 0.9009441305, 0.226104278 )
   (26.06983179, 22.9735371, 0.02413154763 )
   (4.528966317, 1.071941626, 0.1268209104 )
   (4.557959058, 1.289878934, 0.0562671698 )
   (4.574658525, 1.378568705, 0.03985876294 )
   (4.556175957, 1.258903186, 0.06029919251 )
   (4.614504318, 0.2534062207, 0.7896504955 )
   (4.509750072, 0.7401651036, 0.3430204169 )
   (4.49260653, 0.8180105197, 0.2858605257 )
   (4.537389826, 0.5943140687, 0.4664896318 )
   (4.458068639, 0000000.25, 0.9999980869 )
   (4.482225478, 0.711510836, 0.3673817583 )
   (4.544498747, 1.186128195, 0.08095333392 )


Time for model checking: 7028.423s.

Performance statistics:
  * peak memory usage: 225MB
  * CPU time: 7025.156s
  * wallclock time: 7028.784s

real	117m8.801s
user	117m5.156s
sys	0m1.912s
