Storm 1.0.0

Command line arguments: --prism models/ma/jobs/jobs17_2.ma --prop models/ma/jobs/jobs3.csl --multiobjective:precision 0.001 -stats -tm 
Current working directory: /home/storm/Desktop

Time for model construction: 269.035s.

-------------------------------------------------------------- 
Model type: 	Markov Automaton (sparse)
States: 	4587537
Transitions: 	13369379
Choices: 	8912931
Markovian St.: 	4456466
Max. Rate.: 	5.9
Reward Models:  avg_waiting_time
Labels: 	5
   * deadlock -> 1 state(s)
   * all_jobs_finished -> 1 state(s)
   * half_of_jobs_finished -> 704990 state(s)
   * slowest_before_fastest -> 1138689 state(s)
   * init -> 1 state(s)
choice labels: 	no
-------------------------------------------------------------- 

Time for model preprocessing: 0.000s.


Model checking property multi(T[exp]min=? [F "all_jobs_finished"], T[exp]min=? [F "half_of_jobs_finished"], R[exp]{"avg_waiting_time"}min=? [F "all_jobs_finished"], Pmin=? [F "slowest_before_fastest"]) ...
Preprocessing done in 24.336s seconds.
 Result: 
---------------------------------------------------------------------------------------------------------------------------------------
                                                       Multi-objective Query                                              
---------------------------------------------------------------------------------------------------------------------------------------

Original Formula: 
--------------------------------------------------------------
	multi(T[exp]min=? [F "all_jobs_finished"], T[exp]min=? [F "half_of_jobs_finished"], R[exp]{"avg_waiting_time"}min=? [F "all_jobs_finished"], Pmin=? [F "slowest_before_fastest"])

Objectives:
--------------------------------------------------------------
T[exp]min=? [F "all_jobs_finished"] 	(toOrigVal:0-1*x +000, 	intern threshold:   none, 	intern reward model: objective1 (negative), 	time bounds: none)
T[exp]min=? [F "half_of_jobs_finished"] 	(toOrigVal:0-1*x +000, 	intern threshold:   none, 	intern reward model: objective2 (negative), 	time bounds: none)
R[exp]{"avg_waiting_time"}min=? [F "all_jobs_finished"] 	(toOrigVal:0-1*x +000, 	intern threshold:   none, 	intern reward model: objective3 (negative), 	time bounds: none)
Pmin=? [F "slowest_before_fastest"] 	(toOrigVal:0-1*x +000, 	intern threshold:   none, 	intern reward model: objective4 (negative), 	time bounds: none)
--------------------------------------------------------------

Original Model Information:
-------------------------------------------------------------- 
Model type: 	Markov Automaton (sparse)
States: 	4587537
Transitions: 	13369379
Choices: 	8912931
Markovian St.: 	4456466
Max. Rate.: 	5.9
Reward Models:  avg_waiting_time
Labels: 	5
   * deadlock -> 1 state(s)
   * all_jobs_finished -> 1 state(s)
   * half_of_jobs_finished -> 704990 state(s)
   * slowest_before_fastest -> 1138689 state(s)
   * init -> 1 state(s)
choice labels: 	no
-------------------------------------------------------------- 

Preprocessed Model Information:
-------------------------------------------------------------- 
Model type: 	Markov Automaton (sparse)
States: 	5480480
Transitions: 	15949890
Choices: 	10633282
Markovian St.: 	5316642
Max. Rate.: 	5.9
Reward Models:  objective4, objective3, objective1, objective2
Labels: 	5
   * slowest_before_fastest -> 1138689 state(s)
   * all_jobs_finished -> 2 state(s)
   * deadlock -> 2 state(s)
   * half_of_jobs_finished -> 891605 state(s)
   * init -> 1 state(s)
choice labels: 	no
-------------------------------------------------------------- 

---------------------------------------------------------------------------------------------------------------------------------------


real	120m0.109s
user	115m20.048s
sys	4m39.068s
