 ------------------------------------------------------------------- 
|                  Interactive Markov Chain Analyzer                |
|                        IMCA Version 1.6 beta                      |
|             Binary build date: Nov  9 2020 @ 12:11:17             |
|                using SoPlex "http://soplex.zib.de/"               |
|                                                                   |
|                  Copyright (C) RWTH Aachen, 2012.                 |
|          Copyright (C) University of Twente, 2013-2014.           |
|                         Author: Dennis Guck                       |
|           IMCA is distributed under the GPL conditions            |
|            (GPL stands for GNU General Public License)            |
|          This program comes with ABSOLUTELY NO WARRANTY.          |
|   This is free software, and you are welcome to redistribute it   |
 ------------------------------------------------------------------- 

Loading the '/home/tq429871/git/multiobjective-ma/slurm/../models/ma/stream/imca/stream250-1.ma' file, please wait.
Maximum State Reward: 1
#States: 94376    #MS: 62751    #PS: 31625    #ND: 31125
#Initials: 1    #Goals: 1    #Transitions: 187751
The occupied space is 21423616 Bytes (~20.431152 MB).


Compute minimal expected reward, please wait.
start value iteration
Minimal expected reward: 4.458080694
Computation Time: 0.829998 seconds
	Command being timed: "timeout 7200 /home/tq429871/imca/bin/imca /home/tq429871/git/multiobjective-ma/slurm/../models/ma/stream/imca/stream250-1.ma -min -er"
	User time (seconds): 1.48
	System time (seconds): 0.03
	Percent of CPU this job got: 86%
	Elapsed (wall clock) time (h:mm:ss or m:ss): 0:01.76
	Average shared text size (kbytes): 0
	Average unshared data size (kbytes): 0
	Average stack size (kbytes): 0
	Average total size (kbytes): 0
	Maximum resident set size (kbytes): 55768
	Average resident set size (kbytes): 0
	Major (requiring I/O) page faults: 0
	Minor (reclaiming a frame) page faults: 13796
	Voluntary context switches: 27
	Involuntary context switches: 3
	Swaps: 0
	File system inputs: 7264
	File system outputs: 0
	Socket messages sent: 0
	Socket messages received: 0
	Signals delivered: 0
	Page size (bytes): 4096
	Exit status: 0
