 ------------------------------------------------------------------- 
|                  Interactive Markov Chain Analyzer                |
|                        IMCA Version 1.6 beta                      |
|             Binary build date: Nov  9 2020 @ 12:11:17             |
|                using SoPlex "http://soplex.zib.de/"               |
|                                                                   |
|                  Copyright (C) RWTH Aachen, 2012.                 |
|          Copyright (C) University of Twente, 2013-2014.           |
|                         Author: Dennis Guck                       |
|           IMCA is distributed under the GPL conditions            |
|            (GPL stands for GNU General Public License)            |
|          This program comes with ABSOLUTELY NO WARRANTY.          |
|   This is free software, and you are welcome to redistribute it   |
 ------------------------------------------------------------------- 

Loading the '/home/tq429871/git/multiobjective-ma/slurm/../models/ma/jobs/imca/jobs10_2-1.ma' file, please wait.
Maximum State Reward: 0
#States: 12554    #MS: 11531    #PS: 1023    #ND: 968
#Initials: 1    #Goals: 1    #Transitions: 34581
The occupied space is 3143216 Bytes (~2.997604 MB).


Compute minimal expected time, please wait.
LP solved to optimality.

Minimal expected time: 3.052025694

Computation Time: 11.526240 seconds
	Command being timed: "timeout 7200 /home/tq429871/imca/bin/imca /home/tq429871/git/multiobjective-ma/slurm/../models/ma/jobs/imca/jobs10_2-1.ma -min -et"
	User time (seconds): 11.48
	System time (seconds): 0.11
	Percent of CPU this job got: 97%
	Elapsed (wall clock) time (h:mm:ss or m:ss): 0:11.89
	Average shared text size (kbytes): 0
	Average unshared data size (kbytes): 0
	Average stack size (kbytes): 0
	Average total size (kbytes): 0
	Maximum resident set size (kbytes): 49948
	Average resident set size (kbytes): 0
	Major (requiring I/O) page faults: 1
	Minor (reclaiming a frame) page faults: 28815
	Voluntary context switches: 29
	Involuntary context switches: 216
	Swaps: 0
	File system inputs: 2968
	File system outputs: 0
	Socket messages sent: 0
	Socket messages received: 0
	Signals delivered: 0
	Page size (bytes): 4096
	Exit status: 0
