 ------------------------------------------------------------------- 
|                  Interactive Markov Chain Analyzer                |
|                        IMCA Version 1.6 beta                      |
|             Binary build date: Nov  9 2020 @ 12:11:17             |
|                using SoPlex "http://soplex.zib.de/"               |
|                                                                   |
|                  Copyright (C) RWTH Aachen, 2012.                 |
|          Copyright (C) University of Twente, 2013-2014.           |
|                         Author: Dennis Guck                       |
|           IMCA is distributed under the GPL conditions            |
|            (GPL stands for GNU General Public License)            |
|          This program comes with ABSOLUTELY NO WARRANTY.          |
|   This is free software, and you are welcome to redistribute it   |
 ------------------------------------------------------------------- 

Loading the '/home/tq429871/git/multiobjective-ma/slurm/../models/ma/polling/imca/polling4_4-1.ma' file, please wait.
Maximum State Reward: 0
#States: 827735    #MS: 465125    #PS: 362610    #ND: 361930
#Initials: 1    #Goals: 523520    #Transitions: 2146086
The occupied space is 185412880 Bytes (~176.823502 MB).


Compute maximal expected reward, please wait.
start value iteration
Maximal expected reward: 4.159575351
Computation Time: 991.396894 seconds
	Command being timed: "timeout 7200 /home/tq429871/imca/bin/imca /home/tq429871/git/multiobjective-ma/slurm/../models/ma/polling/imca/polling4_4-1.ma -max -er"
	User time (seconds): 998.48
	System time (seconds): 0.42
	Percent of CPU this job got: 99%
	Elapsed (wall clock) time (h:mm:ss or m:ss): 16:41.44
	Average shared text size (kbytes): 0
	Average unshared data size (kbytes): 0
	Average stack size (kbytes): 0
	Average total size (kbytes): 0
	Maximum resident set size (kbytes): 488304
	Average resident set size (kbytes): 0
	Major (requiring I/O) page faults: 0
	Minor (reclaiming a frame) page faults: 478140
	Voluntary context switches: 35
	Involuntary context switches: 978
	Swaps: 0
	File system inputs: 103744
	File system outputs: 0
	Socket messages sent: 0
	Socket messages received: 0
	Signals delivered: 0
	Page size (bytes): 4096
	Exit status: 0
