Storm 1.6.3

Date: Thu Nov 26 12:50:10 2020
Command line arguments: --prism /home/tq429871/git/multiobjective-ma/slurm/../models/ma/stream/stream.ma -const N=30 --prop /home/tq429871/git/multiobjective-ma/slurm/../models/ma/stream/singleobjective/stream2.csl '--multiobjective:precision' 0.001 -tm -stats
Current working directory: /rwthfs/rz/cluster/home/tq429871/git/multiobjective-ma/slurm

Time for model input parsing: 0.004s.

Time for model construction: 0.021s.

-------------------------------------------------------------- 
Model type: 	Markov Automaton (sparse)
States: 	1426
Transitions: 	2731
Choices: 	1861
Markovian St.: 	931
Max. Rate: 	8
Reward Models:  none
State Labels: 	3 labels
   * deadlock -> 0 item(s)
   * init -> 1 item(s)
   * underrun -> 464 item(s)
Choice Labels: 	none
-------------------------------------------------------------- 

Time for model preprocessing: 0.000s.

-------------------------------------------------------------- 
Model type: 	Markov Automaton (sparse)
States: 	1426
Transitions: 	2731
Choices: 	1861
Markovian St.: 	931
Max. Rate: 	8
Reward Models:  none
State Labels: 	3 labels
   * deadlock -> 0 item(s)
   * init -> 1 item(s)
   * underrun -> 464 item(s)
Choice Labels: 	none
-------------------------------------------------------------- 

Model checking property "1": multi(Pmin=? [true U<=2 "underrun"]) ...
Preprocessing done in 0.001s seconds.
 Result: 
---------------------------------------------------------------------------------------------------------------------------------------
                                                       Multi-objective Query                                              
---------------------------------------------------------------------------------------------------------------------------------------

Original Formula: 
--------------------------------------------------------------
	multi(Pmin=? [true U<=2 "underrun"])

The query considers 1 objectives:
--------------------------------------------------------------
Original: Pmin=? [true U<=2 "underrun"] 	Preprocessed: R[exp]{"obj1"}min=? [C<=2] 	result bounds: [0, 1]
Number of Long-Run-Average Reward Objectives (after preprocessing): 0.
Number of Total Reward Objectives (after preprocessing): 0.
--------------------------------------------------------------

Original Model Information:
-------------------------------------------------------------- 
Model type: 	Markov Automaton (sparse)
States: 	1426
Transitions: 	2731
Choices: 	1861
Markovian St.: 	931
Max. Rate: 	8
Reward Models:  none
State Labels: 	3 labels
   * deadlock -> 0 item(s)
   * init -> 1 item(s)
   * underrun -> 464 item(s)
Choice Labels: 	none
-------------------------------------------------------------- 

Preprocessed Model Information:
-------------------------------------------------------------- 
Model type: 	Markov Automaton (sparse)
States: 	553
Transitions: 	1046
Choices: 	582
Markovian St.: 	494
Max. Rate: 	8
Reward Models:  obj1
State Labels: 	4 labels
   * deadl -> 59 item(s)
   * deadlock -> 0 item(s)
   * underrun -> 29 item(s)
   * init -> 1 item(s)
Choice Labels: 	none
-------------------------------------------------------------- 

---------------------------------------------------------------------------------------------------------------------------------------

Final preprocessed model has 465 Markovian states.
Weight Vector Checker Statistics:
Final preprocessed model has 495 states.
Final preprocessed model has 524 actions.

Pareto Curve Approximation Algorithm terminated after 1 refinement steps.
Solving multi-objective query took 1.424s seconds (consisting of 0.001s seconds for preprocessing and 1.422s seconds for analyzing the preprocessed model).
Result (for initial states): 0.01993833269
Time for model checking: 1.424s.

Performance statistics:
  * peak memory usage: 32MB
  * CPU time: 1.474s
  * wallclock time: 1.467s
	Command being timed: "timeout 7200 /home/tq429871/storm/build/bin/storm --prism /home/tq429871/git/multiobjective-ma/slurm/../models/ma/stream/stream.ma -const N=30 --prop /home/tq429871/git/multiobjective-ma/slurm/../models/ma/stream/singleobjective/stream2.csl --multiobjective:precision 0.001 -tm -stats"
	User time (seconds): 1.47
	System time (seconds): 0.01
	Percent of CPU this job got: 90%
	Elapsed (wall clock) time (h:mm:ss or m:ss): 0:01.65
	Average shared text size (kbytes): 0
	Average unshared data size (kbytes): 0
	Average stack size (kbytes): 0
	Average total size (kbytes): 0
	Maximum resident set size (kbytes): 32788
	Average resident set size (kbytes): 0
	Major (requiring I/O) page faults: 0
	Minor (reclaiming a frame) page faults: 9227
	Voluntary context switches: 33
	Involuntary context switches: 3
	Swaps: 0
	File system inputs: 0
	File system outputs: 8
	Socket messages sent: 0
	Socket messages received: 0
	Signals delivered: 0
	Page size (bytes): 4096
	Exit status: 0
