Storm 1.6.3

Date: Thu Nov 26 12:50:16 2020
Command line arguments: --prism /home/tq429871/git/multiobjective-ma/slurm/../models/ma/jobs/jobs12_3.ma --prop /home/tq429871/git/multiobjective-ma/slurm/../models/ma/jobs/singleobjective/jobs2_single.csl --precision 0.001 --absolute -tm -stats
Current working directory: /rwthfs/rz/cluster/home/tq429871/git/multiobjective-ma/slurm

Time for model input parsing: 0.048s.

Time for model construction: 2.557s.

-------------------------------------------------------------- 
Model type: 	Markov Automaton (sparse)
States: 	86550
Transitions: 	337084
Choices: 	169004
Markovian St.: 	84964
Max. Rate: 	8.5
Reward Models:  none
State Labels: 	3 labels
   * deadlock -> 0 item(s)
   * init -> 1 item(s)
   * half_of_jobs_finished -> 924 item(s)
Choice Labels: 	none
-------------------------------------------------------------- 

Time for model preprocessing: 0.000s.

-------------------------------------------------------------- 
Model type: 	Markov Automaton (sparse)
States: 	86550
Transitions: 	337084
Choices: 	169004
Markovian St.: 	84964
Max. Rate: 	8.5
Reward Models:  none
State Labels: 	3 labels
   * deadlock -> 0 item(s)
   * init -> 1 item(s)
   * half_of_jobs_finished -> 924 item(s)
Choice Labels: 	none
-------------------------------------------------------------- 

Model checking property "1": Pmax=? [true U<=(12 / (4 * 3)) "half_of_jobs_finished"] ...
Result (for initial states): 0.7196232845
Time for model checking: 0.291s.

Performance statistics:
  * peak memory usage: 57MB
  * CPU time: 2.913s
  * wallclock time: 2.936s
	Command being timed: "timeout 7200 /home/tq429871/storm/build/bin/storm --prism /home/tq429871/git/multiobjective-ma/slurm/../models/ma/jobs/jobs12_3.ma --prop /home/tq429871/git/multiobjective-ma/slurm/../models/ma/jobs/singleobjective/jobs2_single.csl --precision 0.001 --absolute -tm -stats"
	User time (seconds): 2.91
	System time (seconds): 0.02
	Percent of CPU this job got: 94%
	Elapsed (wall clock) time (h:mm:ss or m:ss): 0:03.12
	Average shared text size (kbytes): 0
	Average unshared data size (kbytes): 0
	Average stack size (kbytes): 0
	Average total size (kbytes): 0
	Maximum resident set size (kbytes): 58600
	Average resident set size (kbytes): 0
	Major (requiring I/O) page faults: 0
	Minor (reclaiming a frame) page faults: 18526
	Voluntary context switches: 32
	Involuntary context switches: 6
	Swaps: 0
	File system inputs: 0
	File system outputs: 0
	Socket messages sent: 0
	Socket messages received: 0
	Signals delivered: 0
	Page size (bytes): 4096
	Exit status: 0
