Storm 1.6.3

Date: Thu Nov 26 12:50:21 2020
Command line arguments: --prism /home/tq429871/git/multiobjective-ma/slurm/../models/ma/polling/polling.ma -const 'N=3,Q=3' --prop /home/tq429871/git/multiobjective-ma/slurm/../models/ma/polling/singleobjective/polling1_single.csl -tm -stats
Current working directory: /rwthfs/rz/cluster/home/tq429871/git/multiobjective-ma/slurm

Time for model input parsing: 0.003s.

Time for model construction: 0.035s.

-------------------------------------------------------------- 
Model type: 	Markov Automaton (sparse)
States: 	7389
Transitions: 	15050
Choices: 	11995
Markovian St.: 	4801
Max. Rate: 	14
Reward Models:  processedjobs1
State Labels: 	3 labels
   * deadlock -> 0 item(s)
   * init -> 1 item(s)
   * q1full -> 3240 item(s)
Choice Labels: 	none
-------------------------------------------------------------- 

Time for model preprocessing: 0.000s.

-------------------------------------------------------------- 
Model type: 	Markov Automaton (sparse)
States: 	7389
Transitions: 	15050
Choices: 	11995
Markovian St.: 	4801
Max. Rate: 	14
Reward Models:  processedjobs1
State Labels: 	3 labels
   * deadlock -> 0 item(s)
   * init -> 1 item(s)
   * q1full -> 3240 item(s)
Choice Labels: 	none
-------------------------------------------------------------- 

Model checking property "1": R[exp]{"processedjobs1"}max=? [F "q1full"] ...
Result (for initial states): 0.9028435818
Time for model checking: 0.012s.

Performance statistics:
  * peak memory usage: 32MB
  * CPU time: 0.080s
  * wallclock time: 0.075s
	Command being timed: "timeout 7200 /home/tq429871/storm/build/bin/storm --prism /home/tq429871/git/multiobjective-ma/slurm/../models/ma/polling/polling.ma -const N=3,Q=3 --prop /home/tq429871/git/multiobjective-ma/slurm/../models/ma/polling/singleobjective/polling1_single.csl -tm -stats"
	User time (seconds): 0.08
	System time (seconds): 0.01
	Percent of CPU this job got: 77%
	Elapsed (wall clock) time (h:mm:ss or m:ss): 0:00.12
	Average shared text size (kbytes): 0
	Average unshared data size (kbytes): 0
	Average stack size (kbytes): 0
	Average total size (kbytes): 0
	Maximum resident set size (kbytes): 33028
	Average resident set size (kbytes): 0
	Major (requiring I/O) page faults: 0
	Minor (reclaiming a frame) page faults: 8955
	Voluntary context switches: 38
	Involuntary context switches: 3
	Swaps: 0
	File system inputs: 8
	File system outputs: 0
	Socket messages sent: 0
	Socket messages received: 0
	Signals delivered: 0
	Page size (bytes): 4096
	Exit status: 0
