Storm 1.6.3

Date: Thu Nov 26 10:59:58 2020
Command line arguments: --prism /home/tq429871/git/multiobjective-ma/slurm/../models/ma/polling/polling.ma -const 'N=4,Q=4' --prop /home/tq429871/git/multiobjective-ma/slurm/../models/ma/polling/singleobjective/polling2.csl '--multiobjective:precision' 0.001 -tm -stats
Current working directory: /rwthfs/rz/cluster/home/tq429871/git/multiobjective-ma/slurm

Time for model input parsing: 0.003s.

Time for model construction: 2.863s.

-------------------------------------------------------------- 
Model type: 	Markov Automaton (sparse)
States: 	813287
Transitions: 	2088294
Choices: 	1624533
Markovian St.: 	465125
Max. Rate: 	16
Reward Models:  none
State Labels: 	3 labels
   * deadlock -> 0 item(s)
   * init -> 1 item(s)
   * q1full -> 523520 item(s)
Choice Labels: 	none
-------------------------------------------------------------- 

Time for model preprocessing: 0.000s.

-------------------------------------------------------------- 
Model type: 	Markov Automaton (sparse)
States: 	813287
Transitions: 	2088294
Choices: 	1624533
Markovian St.: 	465125
Max. Rate: 	16
Reward Models:  none
State Labels: 	3 labels
   * deadlock -> 0 item(s)
   * init -> 1 item(s)
   * q1full -> 523520 item(s)
Choice Labels: 	none
-------------------------------------------------------------- 

Model checking property "1": multi(Pmin=? [true U<=2 "q1full"]) ...
Preprocessing done in 2.084s seconds.
 Result: 
---------------------------------------------------------------------------------------------------------------------------------------
                                                       Multi-objective Query                                              
---------------------------------------------------------------------------------------------------------------------------------------

Original Formula: 
--------------------------------------------------------------
	multi(Pmin=? [true U<=2 "q1full"])

The query considers 1 objectives:
--------------------------------------------------------------
Original: Pmin=? [true U<=2 "q1full"] 	Preprocessed: R[exp]{"obj1"}min=? [C<=2] 	result bounds: [0, 1]
Number of Long-Run-Average Reward Objectives (after preprocessing): 0.
Number of Total Reward Objectives (after preprocessing): 0.
--------------------------------------------------------------

Original Model Information:
-------------------------------------------------------------- 
Model type: 	Markov Automaton (sparse)
States: 	813287
Transitions: 	2088294
Choices: 	1624533
Markovian St.: 	465125
Max. Rate: 	16
Reward Models:  none
State Labels: 	3 labels
   * deadlock -> 0 item(s)
   * init -> 1 item(s)
   * q1full -> 523520 item(s)
Choice Labels: 	none
-------------------------------------------------------------- 

Preprocessed Model Information:
-------------------------------------------------------------- 
Model type: 	Markov Automaton (sparse)
States: 	638951
Transitions: 	1304422
Choices: 	1102037
Markovian St.: 	465125
Max. Rate: 	16
Reward Models:  obj1
State Labels: 	4 labels
   * deadl -> 349184 item(s)
   * deadlock -> 0 item(s)
   * q1full -> 349184 item(s)
   * init -> 1 item(s)
Choice Labels: 	none
-------------------------------------------------------------- 

---------------------------------------------------------------------------------------------------------------------------------------

Final preprocessed model has 115942 Markovian states.
Weight Vector Checker Statistics:
Final preprocessed model has 289768 states.
Final preprocessed model has 752854 actions.

Pareto Curve Approximation Algorithm terminated after 1 refinement steps.
Solving multi-objective query took 6513.377s seconds (consisting of 2.084s seconds for preprocessing and 6511.281s seconds for analyzing the preprocessed model).
Result (for initial states): 0.102896494
Time for model checking: 6513.377s.

Performance statistics:
  * peak memory usage: 402MB
  * CPU time: 6500.531s
  * wallclock time: 6516.256s
	Command being timed: "timeout 7200 /home/tq429871/storm/build/bin/storm --prism /home/tq429871/git/multiobjective-ma/slurm/../models/ma/polling/polling.ma -const N=4,Q=4 --prop /home/tq429871/git/multiobjective-ma/slurm/../models/ma/polling/singleobjective/polling2.csl --multiobjective:precision 0.001 -tm -stats"
	User time (seconds): 6500.53
	System time (seconds): 0.27
	Percent of CPU this job got: 99%
	Elapsed (wall clock) time (h:mm:ss or m:ss): 1:48:36
	Average shared text size (kbytes): 0
	Average unshared data size (kbytes): 0
	Average stack size (kbytes): 0
	Average total size (kbytes): 0
	Maximum resident set size (kbytes): 411836
	Average resident set size (kbytes): 0
	Major (requiring I/O) page faults: 0
	Minor (reclaiming a frame) page faults: 223243
	Voluntary context switches: 48
	Involuntary context switches: 7843
	Swaps: 0
	File system inputs: 0
	File system outputs: 8
	Socket messages sent: 0
	Socket messages received: 0
	Signals delivered: 0
	Page size (bytes): 4096
	Exit status: 0
