Storm 1.6.3

Date: Thu Nov 26 12:50:20 2020
Command line arguments: --prism /home/tq429871/git/multiobjective-ma/slurm/../models/ma/mutex/mutex.ma -const N=2 --prop /home/tq429871/git/multiobjective-ma/slurm/../models/ma/mutex/singleobjective/mutex2_single.csl --precision 0.001 --absolute -tm -stats
Current working directory: /rwthfs/rz/cluster/home/tq429871/git/multiobjective-ma/slurm

Time for model input parsing: 0.005s.

Time for model construction: 0.064s.

-------------------------------------------------------------- 
Model type: 	Markov Automaton (sparse)
States: 	9864
Transitions: 	24592
Choices: 	22144
Markovian St.: 	872
Max. Rate: 	2
Reward Models:  none
State Labels: 	3 labels
   * deadlock -> 0 item(s)
   * init -> 1 item(s)
   * crit1 -> 728 item(s)
Choice Labels: 	none
-------------------------------------------------------------- 

Time for model preprocessing: 0.000s.

-------------------------------------------------------------- 
Model type: 	Markov Automaton (sparse)
States: 	9864
Transitions: 	24592
Choices: 	22144
Markovian St.: 	872
Max. Rate: 	2
Reward Models:  none
State Labels: 	3 labels
   * deadlock -> 0 item(s)
   * init -> 1 item(s)
   * crit1 -> 728 item(s)
Choice Labels: 	none
-------------------------------------------------------------- 

Model checking property "1": Pmax=? [true U<=1 "crit1"] ...
Result (for initial states): 1
Time for model checking: 0.706s.

Performance statistics:
  * peak memory usage: 32MB
  * CPU time: 0.802s
  * wallclock time: 0.792s
	Command being timed: "timeout 7200 /home/tq429871/storm/build/bin/storm --prism /home/tq429871/git/multiobjective-ma/slurm/../models/ma/mutex/mutex.ma -const N=2 --prop /home/tq429871/git/multiobjective-ma/slurm/../models/ma/mutex/singleobjective/mutex2_single.csl --precision 0.001 --absolute -tm -stats"
	User time (seconds): 0.80
	System time (seconds): 0.01
	Percent of CPU this job got: 97%
	Elapsed (wall clock) time (h:mm:ss or m:ss): 0:00.84
	Average shared text size (kbytes): 0
	Average unshared data size (kbytes): 0
	Average stack size (kbytes): 0
	Average total size (kbytes): 0
	Maximum resident set size (kbytes): 33012
	Average resident set size (kbytes): 0
	Major (requiring I/O) page faults: 0
	Minor (reclaiming a frame) page faults: 9025
	Voluntary context switches: 34
	Involuntary context switches: 7
	Swaps: 0
	File system inputs: 8
	File system outputs: 0
	Socket messages sent: 0
	Socket messages received: 0
	Signals delivered: 0
	Page size (bytes): 4096
	Exit status: 0
