Storm 1.6.3

Date: Thu Nov 26 10:59:49 2020
Command line arguments: --prism /home/tq429871/git/multiobjective-ma/slurm/../models/ma/polling/polling.ma -const 'N=4,Q=4' --prop /home/tq429871/git/multiobjective-ma/slurm/../models/ma/polling/singleobjective/polling1.csl -tm -stats
Current working directory: /rwthfs/rz/cluster/home/tq429871/git/multiobjective-ma/slurm

Time for model input parsing: 0.003s.

Time for model construction: 3.076s.

-------------------------------------------------------------- 
Model type: 	Markov Automaton (sparse)
States: 	813287
Transitions: 	2088294
Choices: 	1624533
Markovian St.: 	465125
Max. Rate: 	16
Reward Models:  processedjobs1
State Labels: 	3 labels
   * deadlock -> 0 item(s)
   * init -> 1 item(s)
   * q1full -> 523520 item(s)
Choice Labels: 	none
-------------------------------------------------------------- 

Time for model preprocessing: 0.000s.

-------------------------------------------------------------- 
Model type: 	Markov Automaton (sparse)
States: 	813287
Transitions: 	2088294
Choices: 	1624533
Markovian St.: 	465125
Max. Rate: 	16
Reward Models:  processedjobs1
State Labels: 	3 labels
   * deadlock -> 0 item(s)
   * init -> 1 item(s)
   * q1full -> 523520 item(s)
Choice Labels: 	none
-------------------------------------------------------------- 

Model checking property "1": multi(R[exp]{"processedjobs1"}max=? [F "q1full"]) ...
Preprocessing done in 2.116s seconds.
 Result: 
---------------------------------------------------------------------------------------------------------------------------------------
                                                       Multi-objective Query                                              
---------------------------------------------------------------------------------------------------------------------------------------

Original Formula: 
--------------------------------------------------------------
	multi(R[exp]{"processedjobs1"}max=? [F "q1full"])

The query considers 1 objectives:
--------------------------------------------------------------
Original: R[exp]{"processedjobs1"}max=? [F "q1full"] 	Preprocessed: R[exp]{"obj1"}max=? [C] 	result bounds: >=0
Number of Long-Run-Average Reward Objectives (after preprocessing): 0.
Number of Total Reward Objectives (after preprocessing): 1.
--------------------------------------------------------------

Original Model Information:
-------------------------------------------------------------- 
Model type: 	Markov Automaton (sparse)
States: 	813287
Transitions: 	2088294
Choices: 	1624533
Markovian St.: 	465125
Max. Rate: 	16
Reward Models:  processedjobs1
State Labels: 	3 labels
   * deadlock -> 0 item(s)
   * init -> 1 item(s)
   * q1full -> 523520 item(s)
Choice Labels: 	none
-------------------------------------------------------------- 

Preprocessed Model Information:
-------------------------------------------------------------- 
Model type: 	Markov Automaton (sparse)
States: 	289767
Transitions: 	693350
Choices: 	490965
Markovian St.: 	115941
Max. Rate: 	16
Reward Models:  obj1
State Labels: 	4 labels
   * deadl -> 87296 item(s)
   * deadlock -> 0 item(s)
   * q1full -> 0 item(s)
   * init -> 1 item(s)
Choice Labels: 	none
-------------------------------------------------------------- 

---------------------------------------------------------------------------------------------------------------------------------------

Final preprocessed model has 115942 Markovian states.
Weight Vector Checker Statistics:
Final preprocessed model has 202472 states.
Final preprocessed model has 403670 actions.

Pareto Curve Approximation Algorithm terminated after 1 refinement steps.
Solving multi-objective query took 5.847s seconds (consisting of 2.116s seconds for preprocessing and 3.721s seconds for analyzing the preprocessed model).
Result (for initial states): 4.159183599
Time for model checking: 5.848s.

Performance statistics:
  * peak memory usage: 407MB
  * CPU time: 8.838s
  * wallclock time: 8.948s
	Command being timed: "timeout 7200 /home/tq429871/storm/build/bin/storm --prism /home/tq429871/git/multiobjective-ma/slurm/../models/ma/polling/polling.ma -const N=4,Q=4 --prop /home/tq429871/git/multiobjective-ma/slurm/../models/ma/polling/singleobjective/polling1.csl -tm -stats"
	User time (seconds): 8.84
	System time (seconds): 0.12
	Percent of CPU this job got: 99%
	Elapsed (wall clock) time (h:mm:ss or m:ss): 0:09.00
	Average shared text size (kbytes): 0
	Average unshared data size (kbytes): 0
	Average stack size (kbytes): 0
	Average total size (kbytes): 0
	Maximum resident set size (kbytes): 417356
	Average resident set size (kbytes): 0
	Major (requiring I/O) page faults: 0
	Minor (reclaiming a frame) page faults: 39235
	Voluntary context switches: 79
	Involuntary context switches: 14
	Swaps: 0
	File system inputs: 0
	File system outputs: 8
	Socket messages sent: 0
	Socket messages received: 0
	Signals delivered: 0
	Page size (bytes): 4096
	Exit status: 0
