Storm 1.6.3

Date: Thu Nov 26 12:50:21 2020
Command line arguments: --prism /home/tq429871/git/multiobjective-ma/slurm/../models/ma/polling/polling.ma -const 'N=4,Q=4' --prop /home/tq429871/git/multiobjective-ma/slurm/../models/ma/polling/singleobjective/polling1_single.csl -tm -stats
Current working directory: /rwthfs/rz/cluster/home/tq429871/git/multiobjective-ma/slurm

Time for model input parsing: 0.003s.

Time for model construction: 1.525s.

-------------------------------------------------------------- 
Model type: 	Markov Automaton (sparse)
States: 	638951
Transitions: 	1304422
Choices: 	1102037
Markovian St.: 	465125
Max. Rate: 	16
Reward Models:  processedjobs1
State Labels: 	3 labels
   * deadlock -> 0 item(s)
   * init -> 1 item(s)
   * q1full -> 349184 item(s)
Choice Labels: 	none
-------------------------------------------------------------- 

Time for model preprocessing: 0.000s.

-------------------------------------------------------------- 
Model type: 	Markov Automaton (sparse)
States: 	638951
Transitions: 	1304422
Choices: 	1102037
Markovian St.: 	465125
Max. Rate: 	16
Reward Models:  processedjobs1
State Labels: 	3 labels
   * deadlock -> 0 item(s)
   * init -> 1 item(s)
   * q1full -> 349184 item(s)
Choice Labels: 	none
-------------------------------------------------------------- 

Model checking property "1": R[exp]{"processedjobs1"}max=? [F "q1full"] ...
Result (for initial states): 4.159183599
Time for model checking: 3.204s.

Performance statistics:
  * peak memory usage: 191MB
  * CPU time: 4.715s
  * wallclock time: 4.749s
	Command being timed: "timeout 7200 /home/tq429871/storm/build/bin/storm --prism /home/tq429871/git/multiobjective-ma/slurm/../models/ma/polling/polling.ma -const N=4,Q=4 --prop /home/tq429871/git/multiobjective-ma/slurm/../models/ma/polling/singleobjective/polling1_single.csl -tm -stats"
	User time (seconds): 4.71
	System time (seconds): 0.06
	Percent of CPU this job got: 99%
	Elapsed (wall clock) time (h:mm:ss or m:ss): 0:04.80
	Average shared text size (kbytes): 0
	Average unshared data size (kbytes): 0
	Average stack size (kbytes): 0
	Average total size (kbytes): 0
	Maximum resident set size (kbytes): 195596
	Average resident set size (kbytes): 0
	Major (requiring I/O) page faults: 0
	Minor (reclaiming a frame) page faults: 31378
	Voluntary context switches: 32
	Involuntary context switches: 5
	Swaps: 0
	File system inputs: 0
	File system outputs: 8
	Socket messages sent: 0
	Socket messages received: 0
	Signals delivered: 0
	Page size (bytes): 4096
	Exit status: 0
