Storm 1.6.3

Date: Thu Nov 26 12:50:33 2020
Command line arguments: --prism /home/tq429871/git/multiobjective-ma/slurm/../models/ma/stream/stream.ma -const N=250 --prop /home/tq429871/git/multiobjective-ma/slurm/../models/ma/stream/singleobjective/stream2_single.csl --precision 0.001 --absolute -tm -stats
Current working directory: /rwthfs/rz/cluster/home/tq429871/git/multiobjective-ma/slurm

Time for model input parsing: 0.002s.

Time for model construction: 0.083s.

-------------------------------------------------------------- 
Model type: 	Markov Automaton (sparse)
States: 	32126
Transitions: 	63749
Choices: 	32375
Markovian St.: 	31875
Max. Rate: 	8
Reward Models:  none
State Labels: 	3 labels
   * deadlock -> 0 item(s)
   * init -> 1 item(s)
   * underrun -> 249 item(s)
Choice Labels: 	none
-------------------------------------------------------------- 

Time for model preprocessing: 0.000s.

-------------------------------------------------------------- 
Model type: 	Markov Automaton (sparse)
States: 	32126
Transitions: 	63749
Choices: 	32375
Markovian St.: 	31875
Max. Rate: 	8
Reward Models:  none
State Labels: 	3 labels
   * deadlock -> 0 item(s)
   * init -> 1 item(s)
   * underrun -> 249 item(s)
Choice Labels: 	none
-------------------------------------------------------------- 

Model checking property "1": Pmin=? [true U<=2 "underrun"] ...
Result (for initial states): 0.01893903172
Time for model checking: 0.126s.

Performance statistics:
  * peak memory usage: 34MB
  * CPU time: 0.239s
  * wallclock time: 0.296s
	Command being timed: "timeout 7200 /home/tq429871/storm/build/bin/storm --prism /home/tq429871/git/multiobjective-ma/slurm/../models/ma/stream/stream.ma -const N=250 --prop /home/tq429871/git/multiobjective-ma/slurm/../models/ma/stream/singleobjective/stream2_single.csl --precision 0.001 --absolute -tm -stats"
	User time (seconds): 0.24
	System time (seconds): 0.01
	Percent of CPU this job got: 74%
	Elapsed (wall clock) time (h:mm:ss or m:ss): 0:00.34
	Average shared text size (kbytes): 0
	Average unshared data size (kbytes): 0
	Average stack size (kbytes): 0
	Average total size (kbytes): 0
	Maximum resident set size (kbytes): 34828
	Average resident set size (kbytes): 0
	Major (requiring I/O) page faults: 0
	Minor (reclaiming a frame) page faults: 10190
	Voluntary context switches: 34
	Involuntary context switches: 5
	Swaps: 0
	File system inputs: 8
	File system outputs: 0
	Socket messages sent: 0
	Socket messages received: 0
	Signals delivered: 0
	Page size (bytes): 4096
	Exit status: 0
