Storm 1.6.3

Date: Thu Nov 26 10:58:56 2020
Command line arguments: --prism /home/tq429871/git/multiobjective-ma/slurm/../models/ma/polling/polling.ma -const 'N=3,Q=3' --prop /home/tq429871/git/multiobjective-ma/slurm/../models/ma/polling/singleobjective/polling1.csl -tm -stats
Current working directory: /rwthfs/rz/cluster/home/tq429871/git/multiobjective-ma/slurm

Time for model input parsing: 0.019s.

Time for model construction: 0.050s.

-------------------------------------------------------------- 
Model type: 	Markov Automaton (sparse)
States: 	9522
Transitions: 	23528
Choices: 	17287
Markovian St.: 	4801
Max. Rate: 	14
Reward Models:  processedjobs1
State Labels: 	3 labels
   * deadlock -> 0 item(s)
   * init -> 1 item(s)
   * q1full -> 5373 item(s)
Choice Labels: 	none
-------------------------------------------------------------- 

Time for model preprocessing: 0.000s.

-------------------------------------------------------------- 
Model type: 	Markov Automaton (sparse)
States: 	9522
Transitions: 	23528
Choices: 	17287
Markovian St.: 	4801
Max. Rate: 	14
Reward Models:  processedjobs1
State Labels: 	3 labels
   * deadlock -> 0 item(s)
   * init -> 1 item(s)
   * q1full -> 5373 item(s)
Choice Labels: 	none
-------------------------------------------------------------- 

Model checking property "1": multi(R[exp]{"processedjobs1"}max=? [F "q1full"]) ...
Preprocessing done in 0.016s seconds.
 Result: 
---------------------------------------------------------------------------------------------------------------------------------------
                                                       Multi-objective Query                                              
---------------------------------------------------------------------------------------------------------------------------------------

Original Formula: 
--------------------------------------------------------------
	multi(R[exp]{"processedjobs1"}max=? [F "q1full"])

The query considers 1 objectives:
--------------------------------------------------------------
Original: R[exp]{"processedjobs1"}max=? [F "q1full"] 	Preprocessed: R[exp]{"obj1"}max=? [C] 	result bounds: >=0
Number of Long-Run-Average Reward Objectives (after preprocessing): 0.
Number of Total Reward Objectives (after preprocessing): 1.
--------------------------------------------------------------

Original Model Information:
-------------------------------------------------------------- 
Model type: 	Markov Automaton (sparse)
States: 	9522
Transitions: 	23528
Choices: 	17287
Markovian St.: 	4801
Max. Rate: 	14
Reward Models:  processedjobs1
State Labels: 	3 labels
   * deadlock -> 0 item(s)
   * init -> 1 item(s)
   * q1full -> 5373 item(s)
Choice Labels: 	none
-------------------------------------------------------------- 

Preprocessed Model Information:
-------------------------------------------------------------- 
Model type: 	Markov Automaton (sparse)
States: 	4149
Transitions: 	9650
Choices: 	6595
Markovian St.: 	1561
Max. Rate: 	14
Reward Models:  obj1
State Labels: 	4 labels
   * deadl -> 1080 item(s)
   * deadlock -> 0 item(s)
   * q1full -> 0 item(s)
   * init -> 1 item(s)
Choice Labels: 	none
-------------------------------------------------------------- 

---------------------------------------------------------------------------------------------------------------------------------------

Final preprocessed model has 1562 Markovian states.
Weight Vector Checker Statistics:
Final preprocessed model has 3070 states.
Final preprocessed model has 5516 actions.

Pareto Curve Approximation Algorithm terminated after 1 refinement steps.
Solving multi-objective query took 0.034s seconds (consisting of 0.016s seconds for preprocessing and 0.017s seconds for analyzing the preprocessed model).
Result (for initial states): 0.9028435818
Time for model checking: 0.034s.

Performance statistics:
  * peak memory usage: 33MB
  * CPU time: 0.119s
  * wallclock time: 0.129s
	Command being timed: "timeout 7200 /home/tq429871/storm/build/bin/storm --prism /home/tq429871/git/multiobjective-ma/slurm/../models/ma/polling/polling.ma -const N=3,Q=3 --prop /home/tq429871/git/multiobjective-ma/slurm/../models/ma/polling/singleobjective/polling1.csl -tm -stats"
	User time (seconds): 0.12
	System time (seconds): 0.01
	Percent of CPU this job got: 73%
	Elapsed (wall clock) time (h:mm:ss or m:ss): 0:00.18
	Average shared text size (kbytes): 0
	Average unshared data size (kbytes): 0
	Average stack size (kbytes): 0
	Average total size (kbytes): 0
	Maximum resident set size (kbytes): 34140
	Average resident set size (kbytes): 0
	Major (requiring I/O) page faults: 0
	Minor (reclaiming a frame) page faults: 9740
	Voluntary context switches: 53
	Involuntary context switches: 4
	Swaps: 0
	File system inputs: 24
	File system outputs: 0
	Socket messages sent: 0
	Socket messages received: 0
	Signals delivered: 0
	Page size (bytes): 4096
	Exit status: 0
