Storm 1.6.3

Date: Thu Nov 26 12:50:33 2020
Command line arguments: --prism /home/tq429871/git/multiobjective-ma/slurm/../models/ma/stream/stream.ma -const N=30 --prop /home/tq429871/git/multiobjective-ma/slurm/../models/ma/stream/singleobjective/stream1_single.csl -tm -stats
Current working directory: /rwthfs/rz/cluster/home/tq429871/git/multiobjective-ma/slurm

Time for model input parsing: 0.002s.

Time for model construction: 0.021s.

-------------------------------------------------------------- 
Model type: 	Markov Automaton (sparse)
States: 	1426
Transitions: 	2731
Choices: 	1861
Markovian St.: 	931
Max. Rate: 	8
Reward Models:  buffering
State Labels: 	3 labels
   * deadlock -> 0 item(s)
   * init -> 1 item(s)
   * done -> 1 item(s)
Choice Labels: 	none
-------------------------------------------------------------- 

Time for model preprocessing: 0.000s.

-------------------------------------------------------------- 
Model type: 	Markov Automaton (sparse)
States: 	1426
Transitions: 	2731
Choices: 	1861
Markovian St.: 	931
Max. Rate: 	8
Reward Models:  buffering
State Labels: 	3 labels
   * deadlock -> 0 item(s)
   * init -> 1 item(s)
   * done -> 1 item(s)
Choice Labels: 	none
-------------------------------------------------------------- 

Model checking property "1": R[exp]{"buffering"}min=? [F "done"] ...
Result (for initial states): 1.538672595
Time for model checking: 0.001s.

Performance statistics:
  * peak memory usage: 31MB
  * CPU time: 0.054s
  * wallclock time: 0.027s
	Command being timed: "timeout 7200 /home/tq429871/storm/build/bin/storm --prism /home/tq429871/git/multiobjective-ma/slurm/../models/ma/stream/stream.ma -const N=30 --prop /home/tq429871/git/multiobjective-ma/slurm/../models/ma/stream/singleobjective/stream1_single.csl -tm -stats"
	User time (seconds): 0.05
	System time (seconds): 0.01
	Percent of CPU this job got: 89%
	Elapsed (wall clock) time (h:mm:ss or m:ss): 0:00.07
	Average shared text size (kbytes): 0
	Average unshared data size (kbytes): 0
	Average stack size (kbytes): 0
	Average total size (kbytes): 0
	Maximum resident set size (kbytes): 32728
	Average resident set size (kbytes): 0
	Major (requiring I/O) page faults: 0
	Minor (reclaiming a frame) page faults: 8872
	Voluntary context switches: 32
	Involuntary context switches: 4
	Swaps: 0
	File system inputs: 0
	File system outputs: 0
	Socket messages sent: 0
	Socket messages received: 0
	Signals delivered: 0
	Page size (bytes): 4096
	Exit status: 0
