Storm 1.6.3

Date: Thu Nov 26 12:50:33 2020
Command line arguments: --prism /home/tq429871/git/multiobjective-ma/slurm/../models/ma/stream/stream.ma -const N=30 --prop /home/tq429871/git/multiobjective-ma/slurm/../models/ma/stream/singleobjective/stream2_single.csl --precision 0.001 --absolute -tm -stats
Current working directory: /rwthfs/rz/cluster/home/tq429871/git/multiobjective-ma/slurm

Time for model input parsing: 0.002s.

Time for model construction: 0.019s.

-------------------------------------------------------------- 
Model type: 	Markov Automaton (sparse)
States: 	556
Transitions: 	1049
Choices: 	585
Markovian St.: 	525
Max. Rate: 	8
Reward Models:  none
State Labels: 	3 labels
   * deadlock -> 0 item(s)
   * init -> 1 item(s)
   * underrun -> 29 item(s)
Choice Labels: 	none
-------------------------------------------------------------- 

Time for model preprocessing: 0.000s.

-------------------------------------------------------------- 
Model type: 	Markov Automaton (sparse)
States: 	556
Transitions: 	1049
Choices: 	585
Markovian St.: 	525
Max. Rate: 	8
Reward Models:  none
State Labels: 	3 labels
   * deadlock -> 0 item(s)
   * init -> 1 item(s)
   * underrun -> 29 item(s)
Choice Labels: 	none
-------------------------------------------------------------- 

Model checking property "1": Pmin=? [true U<=2 "underrun"] ...
Result (for initial states): 0.01893903172
Time for model checking: 0.002s.

Performance statistics:
  * peak memory usage: 31MB
  * CPU time: 0.051s
  * wallclock time: 0.026s
	Command being timed: "timeout 7200 /home/tq429871/storm/build/bin/storm --prism /home/tq429871/git/multiobjective-ma/slurm/../models/ma/stream/stream.ma -const N=30 --prop /home/tq429871/git/multiobjective-ma/slurm/../models/ma/stream/singleobjective/stream2_single.csl --precision 0.001 --absolute -tm -stats"
	User time (seconds): 0.05
	System time (seconds): 0.01
	Percent of CPU this job got: 92%
	Elapsed (wall clock) time (h:mm:ss or m:ss): 0:00.07
	Average shared text size (kbytes): 0
	Average unshared data size (kbytes): 0
	Average stack size (kbytes): 0
	Average total size (kbytes): 0
	Maximum resident set size (kbytes): 32760
	Average resident set size (kbytes): 0
	Major (requiring I/O) page faults: 0
	Minor (reclaiming a frame) page faults: 8871
	Voluntary context switches: 32
	Involuntary context switches: 4
	Swaps: 0
	File system inputs: 0
	File system outputs: 0
	Socket messages sent: 0
	Socket messages received: 0
	Signals delivered: 0
	Page size (bytes): 4096
	Exit status: 0
