Storm 1.6.3

Date: Thu Nov 26 12:50:12 2020
Command line arguments: --prism /home/tq429871/git/multiobjective-ma/slurm/../models/ma/jobs/jobs12_3.ma --prop /home/tq429871/git/multiobjective-ma/slurm/../models/ma/jobs/singleobjective/jobs1_single.csl -tm -stats
Current working directory: /rwthfs/rz/cluster/home/tq429871/git/multiobjective-ma/slurm

Time for model input parsing: 0.046s.

Time for model construction: 3.354s.

-------------------------------------------------------------- 
Model type: 	Markov Automaton (sparse)
States: 	116814
Transitions: 	450783
Choices: 	225437
Markovian St.: 	112719
Max. Rate: 	8.5
Reward Models:  none
State Labels: 	3 labels
   * deadlock -> 0 item(s)
   * init -> 1 item(s)
   * all_jobs_finished -> 1 item(s)
Choice Labels: 	none
-------------------------------------------------------------- 

Time for model preprocessing: 0.000s.

-------------------------------------------------------------- 
Model type: 	Markov Automaton (sparse)
States: 	116814
Transitions: 	450783
Choices: 	225437
Markovian St.: 	112719
Max. Rate: 	8.5
Reward Models:  none
State Labels: 	3 labels
   * deadlock -> 0 item(s)
   * init -> 1 item(s)
   * all_jobs_finished -> 1 item(s)
Choice Labels: 	none
-------------------------------------------------------------- 

Model checking property "1": T[exp]min=? [F "all_jobs_finished"] ...
Result (for initial states): 2.712648718
Time for model checking: 0.239s.

Performance statistics:
  * peak memory usage: 84MB
  * CPU time: 3.647s
  * wallclock time: 3.680s
	Command being timed: "timeout 7200 /home/tq429871/storm/build/bin/storm --prism /home/tq429871/git/multiobjective-ma/slurm/../models/ma/jobs/jobs12_3.ma --prop /home/tq429871/git/multiobjective-ma/slurm/../models/ma/jobs/singleobjective/jobs1_single.csl -tm -stats"
	User time (seconds): 3.65
	System time (seconds): 0.03
	Percent of CPU this job got: 95%
	Elapsed (wall clock) time (h:mm:ss or m:ss): 0:03.87
	Average shared text size (kbytes): 0
	Average unshared data size (kbytes): 0
	Average stack size (kbytes): 0
	Average total size (kbytes): 0
	Maximum resident set size (kbytes): 86180
	Average resident set size (kbytes): 0
	Major (requiring I/O) page faults: 0
	Minor (reclaiming a frame) page faults: 22857
	Voluntary context switches: 34
	Involuntary context switches: 4
	Swaps: 0
	File system inputs: 0
	File system outputs: 0
	Socket messages sent: 0
	Socket messages received: 0
	Signals delivered: 0
	Page size (bytes): 4096
	Exit status: 0
