Storm 1.6.3

Date: Thu Nov 26 12:48:35 2020
Command line arguments: --prism /home/tq429871/git/multiobjective-ma/slurm/../models/ma/stream/stream.ma -const N=250 --prop /home/tq429871/git/multiobjective-ma/slurm/../models/ma/stream/singleobjective/stream1.csl -tm -stats
Current working directory: /rwthfs/rz/cluster/home/tq429871/git/multiobjective-ma/slurm

Time for model input parsing: 0.002s.

Time for model construction: 0.257s.

-------------------------------------------------------------- 
Model type: 	Markov Automaton (sparse)
States: 	94376
Transitions: 	187751
Choices: 	125501
Markovian St.: 	62751
Max. Rate: 	8
Reward Models:  buffering
State Labels: 	3 labels
   * deadlock -> 0 item(s)
   * init -> 1 item(s)
   * done -> 1 item(s)
Choice Labels: 	none
-------------------------------------------------------------- 

Time for model preprocessing: 0.000s.

-------------------------------------------------------------- 
Model type: 	Markov Automaton (sparse)
States: 	94376
Transitions: 	187751
Choices: 	125501
Markovian St.: 	62751
Max. Rate: 	8
Reward Models:  buffering
State Labels: 	3 labels
   * deadlock -> 0 item(s)
   * init -> 1 item(s)
   * done -> 1 item(s)
Choice Labels: 	none
-------------------------------------------------------------- 

Model checking property "1": multi(R[exp]{"buffering"}min=? [F "done"]) ...
Preprocessing done in 0.808s seconds.
 Result: 
---------------------------------------------------------------------------------------------------------------------------------------
                                                       Multi-objective Query                                              
---------------------------------------------------------------------------------------------------------------------------------------

Original Formula: 
--------------------------------------------------------------
	multi(R[exp]{"buffering"}min=? [F "done"])

The query considers 1 objectives:
--------------------------------------------------------------
Original: R[exp]{"buffering"}min=? [F "done"] 	Preprocessed: R[exp]{"obj1"}min=? [C] 	result bounds: >=0
Number of Long-Run-Average Reward Objectives (after preprocessing): 0.
Number of Total Reward Objectives (after preprocessing): 1.
--------------------------------------------------------------

Original Model Information:
-------------------------------------------------------------- 
Model type: 	Markov Automaton (sparse)
States: 	94376
Transitions: 	187751
Choices: 	125501
Markovian St.: 	62751
Max. Rate: 	8
Reward Models:  buffering
State Labels: 	3 labels
   * deadlock -> 0 item(s)
   * init -> 1 item(s)
   * done -> 1 item(s)
Choice Labels: 	none
-------------------------------------------------------------- 

Preprocessed Model Information:
-------------------------------------------------------------- 
Model type: 	Markov Automaton (sparse)
States: 	94374
Transitions: 	187749
Choices: 	125499
Markovian St.: 	62749
Max. Rate: 	8
Reward Models:  obj1
State Labels: 	4 labels
   * deadl -> 499 item(s)
   * deadlock -> 0 item(s)
   * done -> 0 item(s)
   * init -> 1 item(s)
Choice Labels: 	none
-------------------------------------------------------------- 

---------------------------------------------------------------------------------------------------------------------------------------

Final preprocessed model has 62501 Markovian states.
Weight Vector Checker Statistics:
Final preprocessed model has 93876 states.
Final preprocessed model has 125001 actions.

Pareto Curve Approximation Algorithm terminated after 1 refinement steps.
Solving multi-objective query took 2.138s seconds (consisting of 0.808s seconds for preprocessing and 1.328s seconds for analyzing the preprocessed model).
Result (for initial states): 4.458080694
Time for model checking: 2.138s.

Performance statistics:
  * peak memory usage: 68MB
  * CPU time: 2.399s
  * wallclock time: 2.433s
	Command being timed: "timeout 7200 /home/tq429871/storm/build/bin/storm --prism /home/tq429871/git/multiobjective-ma/slurm/../models/ma/stream/stream.ma -const N=250 --prop /home/tq429871/git/multiobjective-ma/slurm/../models/ma/stream/singleobjective/stream1.csl -tm -stats"
	User time (seconds): 2.40
	System time (seconds): 0.04
	Percent of CPU this job got: 97%
	Elapsed (wall clock) time (h:mm:ss or m:ss): 0:02.50
	Average shared text size (kbytes): 0
	Average unshared data size (kbytes): 0
	Average stack size (kbytes): 0
	Average total size (kbytes): 0
	Maximum resident set size (kbytes): 69836
	Average resident set size (kbytes): 0
	Major (requiring I/O) page faults: 0
	Minor (reclaiming a frame) page faults: 26792
	Voluntary context switches: 112
	Involuntary context switches: 4
	Swaps: 0
	File system inputs: 8
	File system outputs: 0
	Socket messages sent: 0
	Socket messages received: 0
	Signals delivered: 0
	Page size (bytes): 4096
	Exit status: 0
