Storm 1.6.3

Date: Thu Nov 26 10:58:40 2020
Command line arguments: --prism /home/tq429871/git/multiobjective-ma/slurm/../models/ma/mutex/mutex.ma -const N=2 --prop /home/tq429871/git/multiobjective-ma/slurm/../models/ma/mutex/singleobjective/mutex2.csl '--multiobjective:precision' 0.001 -tm -stats
Current working directory: /rwthfs/rz/cluster/home/tq429871/git/multiobjective-ma/slurm

Time for model input parsing: 0.005s.

Time for model construction: 0.068s.

-------------------------------------------------------------- 
Model type: 	Markov Automaton (sparse)
States: 	10560
Transitions: 	26820
Choices: 	23964
Markovian St.: 	216
Max. Rate: 	2
Reward Models:  none
State Labels: 	3 labels
   * deadlock -> 0 item(s)
   * init -> 1 item(s)
   * crit1 -> 896 item(s)
Choice Labels: 	none
-------------------------------------------------------------- 

Time for model preprocessing: 0.000s.

-------------------------------------------------------------- 
Model type: 	Markov Automaton (sparse)
States: 	10560
Transitions: 	26820
Choices: 	23964
Markovian St.: 	216
Max. Rate: 	2
Reward Models:  none
State Labels: 	3 labels
   * deadlock -> 0 item(s)
   * init -> 1 item(s)
   * crit1 -> 896 item(s)
Choice Labels: 	none
-------------------------------------------------------------- 

Model checking property "1": multi(Pmax=? [true U<=1 "crit1"]) ...
Preprocessing done in 0.022s seconds.
 Result: 
---------------------------------------------------------------------------------------------------------------------------------------
                                                       Multi-objective Query                                              
---------------------------------------------------------------------------------------------------------------------------------------

Original Formula: 
--------------------------------------------------------------
	multi(Pmax=? [true U<=1 "crit1"])

The query considers 1 objectives:
--------------------------------------------------------------
Original: Pmax=? [true U<=1 "crit1"] 	Preprocessed: R[exp]{"obj1"}max=? [C<=1] 	result bounds: [0, 1]
Number of Long-Run-Average Reward Objectives (after preprocessing): 0.
Number of Total Reward Objectives (after preprocessing): 0.
--------------------------------------------------------------

Original Model Information:
-------------------------------------------------------------- 
Model type: 	Markov Automaton (sparse)
States: 	10560
Transitions: 	26820
Choices: 	23964
Markovian St.: 	216
Max. Rate: 	2
Reward Models:  none
State Labels: 	3 labels
   * deadlock -> 0 item(s)
   * init -> 1 item(s)
   * crit1 -> 896 item(s)
Choice Labels: 	none
-------------------------------------------------------------- 

Preprocessed Model Information:
-------------------------------------------------------------- 
Model type: 	Markov Automaton (sparse)
States: 	9864
Transitions: 	24592
Choices: 	22144
Markovian St.: 	216
Max. Rate: 	2
Reward Models:  obj1
State Labels: 	4 labels
   * deadl -> 728 item(s)
   * crit1 -> 728 item(s)
   * deadlock -> 0 item(s)
   * init -> 1 item(s)
Choice Labels: 	none
-------------------------------------------------------------- 

---------------------------------------------------------------------------------------------------------------------------------------

Final preprocessed model has 145 Markovian states.
Weight Vector Checker Statistics:
Final preprocessed model has 9137 states.
Final preprocessed model has 21417 actions.

Pareto Curve Approximation Algorithm terminated after 1 refinement steps.
Solving multi-objective query took 15.615s seconds (consisting of 0.022s seconds for preprocessing and 15.592s seconds for analyzing the preprocessed model).
Result (for initial states): 1
Time for model checking: 15.615s.

Performance statistics:
  * peak memory usage: 34MB
  * CPU time: 15.681s
  * wallclock time: 15.705s
	Command being timed: "timeout 7200 /home/tq429871/storm/build/bin/storm --prism /home/tq429871/git/multiobjective-ma/slurm/../models/ma/mutex/mutex.ma -const N=2 --prop /home/tq429871/git/multiobjective-ma/slurm/../models/ma/mutex/singleobjective/mutex2.csl --multiobjective:precision 0.001 -tm -stats"
	User time (seconds): 15.68
	System time (seconds): 0.01
	Percent of CPU this job got: 99%
	Elapsed (wall clock) time (h:mm:ss or m:ss): 0:15.75
	Average shared text size (kbytes): 0
	Average unshared data size (kbytes): 0
	Average stack size (kbytes): 0
	Average total size (kbytes): 0
	Maximum resident set size (kbytes): 35264
	Average resident set size (kbytes): 0
	Major (requiring I/O) page faults: 0
	Minor (reclaiming a frame) page faults: 13181
	Voluntary context switches: 35
	Involuntary context switches: 34
	Swaps: 0
	File system inputs: 8
	File system outputs: 0
	Socket messages sent: 0
	Socket messages received: 0
	Signals delivered: 0
	Page size (bytes): 4096
	Exit status: 0
